#
# A fatal error has been detected by the Java Runtime Environment:
#
#  SIGSEGV (0xb) at pc=0x00000000409eaf56, pid=58944, tid=58946
#
# JRE version: OpenJDK Runtime Environment (15.0.2+7) (build 15.0.2+7-27)
# Java VM: OpenJDK 64-Bit Server VM (15.0.2+7-27, mixed mode, sharing, tiered, compressed oops, g1 gc, linux-amd64)
# Problematic frame:
# C  0x00000000409eaf56
#
# Core dump will be written. Default location: Core dumps may be processed with "/usr/lib/systemd/systemd-coredump %P %u %g %s %t %c %h" (or dumping to /volume/dev/OpenGL/Java/EngineTest/core.58944)
#
# If you would like to submit a bug report, please visit:
#   https://bugreport.java.com/bugreport/crash.jsp
# The crash happened outside the Java Virtual Machine in native code.
# See problematic frame for where to report the bug.
#

---------------  S U M M A R Y ------------

Command Line: -Dfile.encoding=US-ASCII -Duser.country=US -Duser.language=en -Duser.variant Main

Host: Intel(R) Core(TM) i5-8400 CPU @ 2.80GHz, 6 cores, 15G, Arch Linux
Time: Tue Apr  6 00:25:36 2021 IDT elapsed time: 0.353001 seconds (0d 0h 0m 0s)

---------------  T H R E A D  ---------------

Current thread (0x00007ffab8028dc0):  JavaThread "main" [_thread_in_native, id=58946, stack(0x00007ffabd3d6000,0x00007ffabd4d7000)]

Stack: [0x00007ffabd3d6000,0x00007ffabd4d7000],  sp=0x00007ffabd4d5108,  free space=1020k
Native frames: (J=compiled Java code, A=aot compiled Java code, j=interpreted, Vv=VM code, C=native code)
C  0x00000000409eaf56

Java frames: (J=compiled Java code, j=interpreted, Vv=VM code)
j  org.lwjgl.opengl.GL11C.nglDrawElements(IIIJ)V+0
j  org.lwjgl.opengl.GL11C.glDrawElements(IIIJ)V+4
j  org.lwjgl.opengl.GL11.glDrawElements(IIIJ)V+4
j  graphics.Renderer.draw()Z+58
j  Scenes.Scene.update(F)V+70
j  utils.Window.loop()V+82
j  Main.main([Ljava/lang/String;)V+54
v  ~StubRoutines::call_stub

siginfo: si_signo: 11 (SIGSEGV), si_code: 1 (SEGV_MAPERR), si_addr: 0x0000000000000000

Register to memory mapping:

RAX=0x00007ffa5109bc80 points into unknown readable memory: 0x0000000000000000 | 00 00 00 00 00 00 00 00
RBX=0x000000004003f000 points into unknown readable memory: 0x00007ffab849f060 | 60 f0 49 b8 fa 7f 00 00
RCX=0x0 is NULL
RDX=0x00007ffab8a4f544 points into unknown readable memory: 02 00 00 00
RSP=0x00007ffabd4d5108 is pointing into the stack for thread: 0x00007ffab8028dc0
RBP=0x00007ffab8a4f570 points into unknown readable memory: 0x75622d332e322e33 | 33 2e 32 2e 33 2d 62 75
RSI=0x0 is NULL
RDI=0x0 is NULL
R8 =0x0000000000000002 is an unknown value
R9 =0x0 is NULL
R10=0x00000000400bcec0 points into unknown readable memory: 0x0000000000000000 | 00 00 00 00 00 00 00 00
R11=0x00007ffab8a4f570 points into unknown readable memory: 0x75622d332e322e33 | 33 2e 32 2e 33 2d 62 75
R12=0x00007ffab8771c00 points into unknown readable memory: 0x0100100400000009 | 09 00 00 00 04 10 00 01
R13=0x0 is NULL
R14=0x000000000000000c is an unknown value
R15=0x0 is NULL


Registers:
RAX=0x00007ffa5109bc80, RBX=0x000000004003f000, RCX=0x0000000000000000, RDX=0x00007ffab8a4f544
RSP=0x00007ffabd4d5108, RBP=0x00007ffab8a4f570, RSI=0x0000000000000000, RDI=0x0000000000000000
R8 =0x0000000000000002, R9 =0x0000000000000000, R10=0x00000000400bcec0, R11=0x00007ffab8a4f570
R12=0x00007ffab8771c00, R13=0x0000000000000000, R14=0x000000000000000c, R15=0x0000000000000000
RIP=0x00000000409eaf56, EFLAGS=0x0000000000010206, CSGSFS=0x002b000000000033, ERR=0x0000000000000004
  TRAPNO=0x000000000000000e

Top of Stack: (sp=0x00007ffabd4d5108)
0x00007ffabd4d5108:   00007ffa52449339 0000000c00000000
0x00007ffabd4d5118:   00007ffab8a4f540 0000000000000000
0x00007ffabd4d5128:   000000004003f000 000000000000000c
0x00007ffabd4d5138:   00000000409eaf00 00007ffab8778ac8 

Instructions: (pc=0x00000000409eaf56)
0x00000000409eae56:   00 00 00 00 00 00 00 00 00 00 00 00 00 00 00 00
0x00000000409eae66:   00 00 00 00 00 00 00 00 00 00 00 00 00 00 00 00
0x00000000409eae76:   00 00 00 00 00 00 00 00 00 00 00 00 00 00 00 00
0x00000000409eae86:   00 00 00 00 00 00 00 00 00 00 00 00 00 00 00 00
0x00000000409eae96:   00 00 00 00 00 00 00 00 00 00 00 00 00 00 00 00
0x00000000409eaea6:   00 00 00 00 00 00 00 00 00 00 00 00 00 00 00 00
0x00000000409eaeb6:   00 00 00 00 00 00 00 00 00 00 00 00 00 00 00 00
0x00000000409eaec6:   00 00 00 00 00 00 00 00 00 00 00 00 00 00 00 00
0x00000000409eaed6:   00 00 00 00 00 00 00 00 00 00 00 00 00 00 00 00
0x00000000409eaee6:   00 00 00 00 00 00 00 00 00 00 00 00 00 00 00 00
0x00000000409eaef6:   00 00 40 ff ff ff c0 1e 00 00 48 89 6c 24 f8 48
0x00000000409eaf06:   89 5c 24 f0 48 89 74 24 e8 48 89 7c 24 e0 48 8b
0x00000000409eaf16:   df 48 8b c6 48 8b e9 48 8b d2 48 8d 2c aa 4c 8b
0x00000000409eaf26:   dd 8b 0a 49 ba c0 ce 0b 40 00 00 00 00 41 03 0a
0x00000000409eaf36:   48 83 c2 04 48 be 38 6c 09 40 00 00 00 00 48 8b
0x00000000409eaf46:   36 48 8b b6 08 03 00 00 48 8d 3c 49 48 8d 34 fe
0x00000000409eaf56:   8b 3e 8b 6e 04 89 38 89 68 04 48 be 38 6c 09 40
0x00000000409eaf66:   00 00 00 00 48 8b 36 48 8b b6 38 03 00 00 48 8d
0x00000000409eaf76:   3c 49 48 8d 34 fe 8b 3e 8b 6e 04 89 78 08 89 68
0x00000000409eaf86:   0c 8b 7e 08 8b 6e 0c 89 78 10 89 68 14 48 83 c0
0x00000000409eaf96:   18 49 3b d3 75 8b 48 8b 7c 24 e0 48 8b 74 24 e8
0x00000000409eafa6:   48 8b 5c 24 f0 48 8b 6c 24 f8 c3 00 00 00 00 00
0x00000000409eafb6:   00 00 c0 ff ff ff c0 00 00 00 48 b8 50 75 0d 40
0x00000000409eafc6:   00 00 00 00 48 8b 00 49 ba 10 b7 08 40 00 00 00
0x00000000409eafd6:   00 48 83 ec 28 48 83 c4 28 c3 00 00 00 00 00 00
0x00000000409eafe6:   00 00 00 00 00 00 00 00 00 00 00 00 00 00 00 00
0x00000000409eaff6:   00 00 00 00 00 00 40 00 00 00 ?? ?? ?? ?? ?? ??
0x00000000409eb006:   ?? ?? ?? ?? ?? ?? ?? ?? ?? ?? ?? ?? ?? ?? ?? ??
0x00000000409eb016:   ?? ?? ?? ?? ?? ?? ?? ?? ?? ?? ?? ?? ?? ?? ?? ??
0x00000000409eb026:   ?? ?? ?? ?? ?? ?? ?? ?? ?? ?? ?? ?? ?? ?? ?? ??
0x00000000409eb036:   ?? ?? ?? ?? ?? ?? ?? ?? ?? ?? ?? ?? ?? ?? ?? ??
0x00000000409eb046:   ?? ?? ?? ?? ?? ?? ?? ?? ?? ?? ?? ?? ?? ?? ?? ?? 


Stack slot to memory mapping:
stack at sp + 0 slots: 0x00007ffa52449339: <offset 0x0000000000f1d339> in /usr/lib/libnvidia-glcore.so.460.67 at 0x00007ffa5152c000
stack at sp + 1 slots: 0x0000000c00000000 is an unknown value
stack at sp + 2 slots: 0x00007ffab8a4f540 points into unknown readable memory: 0x0000000200000000 | 00 00 00 00 02 00 00 00
stack at sp + 3 slots: 0x0 is NULL
stack at sp + 4 slots: 0x000000004003f000 points into unknown readable memory: 0x00007ffab849f060 | 60 f0 49 b8 fa 7f 00 00
stack at sp + 5 slots: 0x000000000000000c is an unknown value
stack at sp + 6 slots: 0x00000000409eaf00 points into unknown readable memory: 0x5c8948f8246c8948 | 48 89 6c 24 f8 48 89 5c
stack at sp + 7 slots: 0x00007ffab8778ac8 points into unknown readable memory: 0x00007ffab8863160 | 60 31 86 b8 fa 7f 00 00


---------------  P R O C E S S  ---------------

Threads class SMR info:
_java_thread_list=0x00007ffa6813bdf0, length=11, elements={
0x00007ffab8028dc0, 0x00007ffab81704c0, 0x00007ffab8171c00, 0x00007ffab8177720,
0x00007ffab8178e30, 0x00007ffab817aa50, 0x00007ffab817c280, 0x00007ffab817d980,
0x00007ffab81dadd0, 0x00007ffab81de280, 0x00007ffa6813ab10
}

Java Threads: ( => current thread )
=>0x00007ffab8028dc0 JavaThread "main" [_thread_in_native, id=58946, stack(0x00007ffabd3d6000,0x00007ffabd4d7000)]
  0x00007ffab81704c0 JavaThread "Reference Handler" daemon [_thread_blocked, id=58953, stack(0x00007ffa88dd4000,0x00007ffa88ed5000)]
  0x00007ffab8171c00 JavaThread "Finalizer" daemon [_thread_blocked, id=58954, stack(0x00007ffa88cd3000,0x00007ffa88dd4000)]
  0x00007ffab8177720 JavaThread "Signal Dispatcher" daemon [_thread_blocked, id=58955, stack(0x00007ffa888e9000,0x00007ffa889ea000)]
  0x00007ffab8178e30 JavaThread "Service Thread" daemon [_thread_blocked, id=58956, stack(0x00007ffa887e8000,0x00007ffa888e9000)]
  0x00007ffab817aa50 JavaThread "C2 CompilerThread0" daemon [_thread_blocked, id=58957, stack(0x00007ffa886e7000,0x00007ffa887e8000)]
  0x00007ffab817c280 JavaThread "C1 CompilerThread0" daemon [_thread_blocked, id=58958, stack(0x00007ffa885e6000,0x00007ffa886e7000)]
  0x00007ffab817d980 JavaThread "Sweeper thread" daemon [_thread_blocked, id=58959, stack(0x00007ffa884e5000,0x00007ffa885e6000)]
  0x00007ffab81dadd0 JavaThread "Notification Thread" daemon [_thread_blocked, id=58960, stack(0x00007ffa883e4000,0x00007ffa884e5000)]
  0x00007ffab81de280 JavaThread "Common-Cleaner" daemon [_thread_blocked, id=58962, stack(0x00007ffa881e1000,0x00007ffa882e2000)]
  0x00007ffa6813ab10 JavaThread "C2 CompilerThread1" daemon [_thread_blocked, id=58966, stack(0x00007ffa50a97000,0x00007ffa50b98000)]

Other Threads:
  0x00007ffab816d770 VMThread "VM Thread" [stack: 0x00007ffa88ed7000,0x00007ffa88fd7000] [id=58952]
  0x00007ffab81dc990 WatcherThread [stack: 0x00007ffa882e4000,0x00007ffa883e4000] [id=58961]
  0x00007ffab80786e0 GCTaskThread "GC Thread#0" [stack: 0x00007ffabc24c000,0x00007ffabc34c000] [id=58947]
  0x00007ffab8089920 ConcurrentGCThread "G1 Main Marker" [stack: 0x00007ffabc14a000,0x00007ffabc24a000] [id=58948]
  0x00007ffab808abb0 ConcurrentGCThread "G1 Conc#0" [stack: 0x00007ffabc048000,0x00007ffabc148000] [id=58949]
  0x00007ffab8138150 ConcurrentGCThread "G1 Refine#0" [stack: 0x00007ffa899fb000,0x00007ffa89afb000] [id=58950]
  0x00007ffab8139360 ConcurrentGCThread "G1 Young RemSet Sampling" [stack: 0x00007ffa898f9000,0x00007ffa899f9000] [id=58951]

Threads with active compile tasks:

VM state: not at safepoint (normal execution)

VM Mutex/Monitor currently owned by a thread: None

Heap address: 0x0000000707200000, size: 3982 MB, Compressed Oops mode: Zero based, Oop shift amount: 3
CDS archive(s) mapped at: [0x0000000800000000-0x0000000800b33000-0x0000000800b33000), size 11743232, SharedBaseAddress: 0x0000000800000000, ArchiveRelocationMode: 0.
Compressed class space mapped at: 0x0000000800b34000-0x0000000840b34000, size: 1073741824
Narrow klass base: 0x0000000800000000, Narrow klass shift: 3, Narrow klass range: 0x100000000

GC Precious Log:
 CPUs: 6 total, 6 available
 Memory: 15920M
 Large Page Support: Disabled
 NUMA Support: Disabled
 Compressed Oops: Enabled (Zero based)
 Heap Region Size: 2M
 Heap Min Capacity: 8M
 Heap Initial Capacity: 250M
 Heap Max Capacity: 3982M
 Pre-touch: Disabled
 Parallel Workers: 6
 Concurrent Workers: 2
 Concurrent Refinement Workers: 6
 Periodic GC: Disabled

Heap:
 garbage-first heap   total 260096K, used 18232K [0x0000000707200000, 0x0000000800000000)
  region size 2048K, 9 young (18432K), 0 survivors (0K)
 Metaspace       used 6536K, capacity 9249K, committed 9600K, reserved 1058816K
  class space    used 361K, capacity 633K, committed 640K, reserved 1048576K

Heap Regions: E=young(eden), S=young(survivor), O=old, HS=humongous(starts), HC=humongous(continues), CS=collection set, F=free, OA=open archive, CA=closed archive, TAMS=top-at-mark-start (previous, next)
|   0|0x0000000707200000, 0x0000000707200000, 0x0000000707400000|  0%| F|  |TAMS 0x0000000707200000, 0x0000000707200000| Untracked 
|   1|0x0000000707400000, 0x0000000707400000, 0x0000000707600000|  0%| F|  |TAMS 0x0000000707400000, 0x0000000707400000| Untracked 
|   2|0x0000000707600000, 0x0000000707600000, 0x0000000707800000|  0%| F|  |TAMS 0x0000000707600000, 0x0000000707600000| Untracked 
|   3|0x0000000707800000, 0x0000000707800000, 0x0000000707a00000|  0%| F|  |TAMS 0x0000000707800000, 0x0000000707800000| Untracked 
|   4|0x0000000707a00000, 0x0000000707a00000, 0x0000000707c00000|  0%| F|  |TAMS 0x0000000707a00000, 0x0000000707a00000| Untracked 
|   5|0x0000000707c00000, 0x0000000707c00000, 0x0000000707e00000|  0%| F|  |TAMS 0x0000000707c00000, 0x0000000707c00000| Untracked 
|   6|0x0000000707e00000, 0x0000000707e00000, 0x0000000708000000|  0%| F|  |TAMS 0x0000000707e00000, 0x0000000707e00000| Untracked 
|   7|0x0000000708000000, 0x0000000708000000, 0x0000000708200000|  0%| F|  |TAMS 0x0000000708000000, 0x0000000708000000| Untracked 
|   8|0x0000000708200000, 0x0000000708200000, 0x0000000708400000|  0%| F|  |TAMS 0x0000000708200000, 0x0000000708200000| Untracked 
|   9|0x0000000708400000, 0x0000000708400000, 0x0000000708600000|  0%| F|  |TAMS 0x0000000708400000, 0x0000000708400000| Untracked 
|  10|0x0000000708600000, 0x0000000708600000, 0x0000000708800000|  0%| F|  |TAMS 0x0000000708600000, 0x0000000708600000| Untracked 
|  11|0x0000000708800000, 0x0000000708800000, 0x0000000708a00000|  0%| F|  |TAMS 0x0000000708800000, 0x0000000708800000| Untracked 
|  12|0x0000000708a00000, 0x0000000708a00000, 0x0000000708c00000|  0%| F|  |TAMS 0x0000000708a00000, 0x0000000708a00000| Untracked 
|  13|0x0000000708c00000, 0x0000000708c00000, 0x0000000708e00000|  0%| F|  |TAMS 0x0000000708c00000, 0x0000000708c00000| Untracked 
|  14|0x0000000708e00000, 0x0000000708e00000, 0x0000000709000000|  0%| F|  |TAMS 0x0000000708e00000, 0x0000000708e00000| Untracked 
|  15|0x0000000709000000, 0x0000000709000000, 0x0000000709200000|  0%| F|  |TAMS 0x0000000709000000, 0x0000000709000000| Untracked 
|  16|0x0000000709200000, 0x0000000709200000, 0x0000000709400000|  0%| F|  |TAMS 0x0000000709200000, 0x0000000709200000| Untracked 
|  17|0x0000000709400000, 0x0000000709400000, 0x0000000709600000|  0%| F|  |TAMS 0x0000000709400000, 0x0000000709400000| Untracked 
|  18|0x0000000709600000, 0x0000000709600000, 0x0000000709800000|  0%| F|  |TAMS 0x0000000709600000, 0x0000000709600000| Untracked 
|  19|0x0000000709800000, 0x0000000709800000, 0x0000000709a00000|  0%| F|  |TAMS 0x0000000709800000, 0x0000000709800000| Untracked 
|  20|0x0000000709a00000, 0x0000000709a00000, 0x0000000709c00000|  0%| F|  |TAMS 0x0000000709a00000, 0x0000000709a00000| Untracked 
|  21|0x0000000709c00000, 0x0000000709c00000, 0x0000000709e00000|  0%| F|  |TAMS 0x0000000709c00000, 0x0000000709c00000| Untracked 
|  22|0x0000000709e00000, 0x0000000709e00000, 0x000000070a000000|  0%| F|  |TAMS 0x0000000709e00000, 0x0000000709e00000| Untracked 
|  23|0x000000070a000000, 0x000000070a000000, 0x000000070a200000|  0%| F|  |TAMS 0x000000070a000000, 0x000000070a000000| Untracked 
|  24|0x000000070a200000, 0x000000070a200000, 0x000000070a400000|  0%| F|  |TAMS 0x000000070a200000, 0x000000070a200000| Untracked 
|  25|0x000000070a400000, 0x000000070a400000, 0x000000070a600000|  0%| F|  |TAMS 0x000000070a400000, 0x000000070a400000| Untracked 
|  26|0x000000070a600000, 0x000000070a600000, 0x000000070a800000|  0%| F|  |TAMS 0x000000070a600000, 0x000000070a600000| Untracked 
|  27|0x000000070a800000, 0x000000070a800000, 0x000000070aa00000|  0%| F|  |TAMS 0x000000070a800000, 0x000000070a800000| Untracked 
|  28|0x000000070aa00000, 0x000000070aa00000, 0x000000070ac00000|  0%| F|  |TAMS 0x000000070aa00000, 0x000000070aa00000| Untracked 
|  29|0x000000070ac00000, 0x000000070ac00000, 0x000000070ae00000|  0%| F|  |TAMS 0x000000070ac00000, 0x000000070ac00000| Untracked 
|  30|0x000000070ae00000, 0x000000070ae00000, 0x000000070b000000|  0%| F|  |TAMS 0x000000070ae00000, 0x000000070ae00000| Untracked 
|  31|0x000000070b000000, 0x000000070b000000, 0x000000070b200000|  0%| F|  |TAMS 0x000000070b000000, 0x000000070b000000| Untracked 
|  32|0x000000070b200000, 0x000000070b200000, 0x000000070b400000|  0%| F|  |TAMS 0x000000070b200000, 0x000000070b200000| Untracked 
|  33|0x000000070b400000, 0x000000070b400000, 0x000000070b600000|  0%| F|  |TAMS 0x000000070b400000, 0x000000070b400000| Untracked 
|  34|0x000000070b600000, 0x000000070b600000, 0x000000070b800000|  0%| F|  |TAMS 0x000000070b600000, 0x000000070b600000| Untracked 
|  35|0x000000070b800000, 0x000000070b800000, 0x000000070ba00000|  0%| F|  |TAMS 0x000000070b800000, 0x000000070b800000| Untracked 
|  36|0x000000070ba00000, 0x000000070ba00000, 0x000000070bc00000|  0%| F|  |TAMS 0x000000070ba00000, 0x000000070ba00000| Untracked 
|  37|0x000000070bc00000, 0x000000070bc00000, 0x000000070be00000|  0%| F|  |TAMS 0x000000070bc00000, 0x000000070bc00000| Untracked 
|  38|0x000000070be00000, 0x000000070be00000, 0x000000070c000000|  0%| F|  |TAMS 0x000000070be00000, 0x000000070be00000| Untracked 
|  39|0x000000070c000000, 0x000000070c000000, 0x000000070c200000|  0%| F|  |TAMS 0x000000070c000000, 0x000000070c000000| Untracked 
|  40|0x000000070c200000, 0x000000070c200000, 0x000000070c400000|  0%| F|  |TAMS 0x000000070c200000, 0x000000070c200000| Untracked 
|  41|0x000000070c400000, 0x000000070c400000, 0x000000070c600000|  0%| F|  |TAMS 0x000000070c400000, 0x000000070c400000| Untracked 
|  42|0x000000070c600000, 0x000000070c600000, 0x000000070c800000|  0%| F|  |TAMS 0x000000070c600000, 0x000000070c600000| Untracked 
|  43|0x000000070c800000, 0x000000070c800000, 0x000000070ca00000|  0%| F|  |TAMS 0x000000070c800000, 0x000000070c800000| Untracked 
|  44|0x000000070ca00000, 0x000000070ca00000, 0x000000070cc00000|  0%| F|  |TAMS 0x000000070ca00000, 0x000000070ca00000| Untracked 
|  45|0x000000070cc00000, 0x000000070cc00000, 0x000000070ce00000|  0%| F|  |TAMS 0x000000070cc00000, 0x000000070cc00000| Untracked 
|  46|0x000000070ce00000, 0x000000070ce00000, 0x000000070d000000|  0%| F|  |TAMS 0x000000070ce00000, 0x000000070ce00000| Untracked 
|  47|0x000000070d000000, 0x000000070d000000, 0x000000070d200000|  0%| F|  |TAMS 0x000000070d000000, 0x000000070d000000| Untracked 
|  48|0x000000070d200000, 0x000000070d200000, 0x000000070d400000|  0%| F|  |TAMS 0x000000070d200000, 0x000000070d200000| Untracked 
|  49|0x000000070d400000, 0x000000070d400000, 0x000000070d600000|  0%| F|  |TAMS 0x000000070d400000, 0x000000070d400000| Untracked 
|  50|0x000000070d600000, 0x000000070d600000, 0x000000070d800000|  0%| F|  |TAMS 0x000000070d600000, 0x000000070d600000| Untracked 
|  51|0x000000070d800000, 0x000000070d800000, 0x000000070da00000|  0%| F|  |TAMS 0x000000070d800000, 0x000000070d800000| Untracked 
|  52|0x000000070da00000, 0x000000070da00000, 0x000000070dc00000|  0%| F|  |TAMS 0x000000070da00000, 0x000000070da00000| Untracked 
|  53|0x000000070dc00000, 0x000000070dc00000, 0x000000070de00000|  0%| F|  |TAMS 0x000000070dc00000, 0x000000070dc00000| Untracked 
|  54|0x000000070de00000, 0x000000070de00000, 0x000000070e000000|  0%| F|  |TAMS 0x000000070de00000, 0x000000070de00000| Untracked 
|  55|0x000000070e000000, 0x000000070e000000, 0x000000070e200000|  0%| F|  |TAMS 0x000000070e000000, 0x000000070e000000| Untracked 
|  56|0x000000070e200000, 0x000000070e200000, 0x000000070e400000|  0%| F|  |TAMS 0x000000070e200000, 0x000000070e200000| Untracked 
|  57|0x000000070e400000, 0x000000070e400000, 0x000000070e600000|  0%| F|  |TAMS 0x000000070e400000, 0x000000070e400000| Untracked 
|  58|0x000000070e600000, 0x000000070e600000, 0x000000070e800000|  0%| F|  |TAMS 0x000000070e600000, 0x000000070e600000| Untracked 
|  59|0x000000070e800000, 0x000000070e800000, 0x000000070ea00000|  0%| F|  |TAMS 0x000000070e800000, 0x000000070e800000| Untracked 
|  60|0x000000070ea00000, 0x000000070ea00000, 0x000000070ec00000|  0%| F|  |TAMS 0x000000070ea00000, 0x000000070ea00000| Untracked 
|  61|0x000000070ec00000, 0x000000070ec00000, 0x000000070ee00000|  0%| F|  |TAMS 0x000000070ec00000, 0x000000070ec00000| Untracked 
|  62|0x000000070ee00000, 0x000000070ee00000, 0x000000070f000000|  0%| F|  |TAMS 0x000000070ee00000, 0x000000070ee00000| Untracked 
|  63|0x000000070f000000, 0x000000070f000000, 0x000000070f200000|  0%| F|  |TAMS 0x000000070f000000, 0x000000070f000000| Untracked 
|  64|0x000000070f200000, 0x000000070f200000, 0x000000070f400000|  0%| F|  |TAMS 0x000000070f200000, 0x000000070f200000| Untracked 
|  65|0x000000070f400000, 0x000000070f400000, 0x000000070f600000|  0%| F|  |TAMS 0x000000070f400000, 0x000000070f400000| Untracked 
|  66|0x000000070f600000, 0x000000070f600000, 0x000000070f800000|  0%| F|  |TAMS 0x000000070f600000, 0x000000070f600000| Untracked 
|  67|0x000000070f800000, 0x000000070f800000, 0x000000070fa00000|  0%| F|  |TAMS 0x000000070f800000, 0x000000070f800000| Untracked 
|  68|0x000000070fa00000, 0x000000070fa00000, 0x000000070fc00000|  0%| F|  |TAMS 0x000000070fa00000, 0x000000070fa00000| Untracked 
|  69|0x000000070fc00000, 0x000000070fc00000, 0x000000070fe00000|  0%| F|  |TAMS 0x000000070fc00000, 0x000000070fc00000| Untracked 
|  70|0x000000070fe00000, 0x000000070fe00000, 0x0000000710000000|  0%| F|  |TAMS 0x000000070fe00000, 0x000000070fe00000| Untracked 
|  71|0x0000000710000000, 0x0000000710000000, 0x0000000710200000|  0%| F|  |TAMS 0x0000000710000000, 0x0000000710000000| Untracked 
|  72|0x0000000710200000, 0x0000000710200000, 0x0000000710400000|  0%| F|  |TAMS 0x0000000710200000, 0x0000000710200000| Untracked 
|  73|0x0000000710400000, 0x0000000710400000, 0x0000000710600000|  0%| F|  |TAMS 0x0000000710400000, 0x0000000710400000| Untracked 
|  74|0x0000000710600000, 0x0000000710600000, 0x0000000710800000|  0%| F|  |TAMS 0x0000000710600000, 0x0000000710600000| Untracked 
|  75|0x0000000710800000, 0x0000000710800000, 0x0000000710a00000|  0%| F|  |TAMS 0x0000000710800000, 0x0000000710800000| Untracked 
|  76|0x0000000710a00000, 0x0000000710a00000, 0x0000000710c00000|  0%| F|  |TAMS 0x0000000710a00000, 0x0000000710a00000| Untracked 
|  77|0x0000000710c00000, 0x0000000710c00000, 0x0000000710e00000|  0%| F|  |TAMS 0x0000000710c00000, 0x0000000710c00000| Untracked 
|  78|0x0000000710e00000, 0x0000000710e00000, 0x0000000711000000|  0%| F|  |TAMS 0x0000000710e00000, 0x0000000710e00000| Untracked 
|  79|0x0000000711000000, 0x0000000711000000, 0x0000000711200000|  0%| F|  |TAMS 0x0000000711000000, 0x0000000711000000| Untracked 
|  80|0x0000000711200000, 0x0000000711200000, 0x0000000711400000|  0%| F|  |TAMS 0x0000000711200000, 0x0000000711200000| Untracked 
|  81|0x0000000711400000, 0x0000000711400000, 0x0000000711600000|  0%| F|  |TAMS 0x0000000711400000, 0x0000000711400000| Untracked 
|  82|0x0000000711600000, 0x0000000711600000, 0x0000000711800000|  0%| F|  |TAMS 0x0000000711600000, 0x0000000711600000| Untracked 
|  83|0x0000000711800000, 0x0000000711800000, 0x0000000711a00000|  0%| F|  |TAMS 0x0000000711800000, 0x0000000711800000| Untracked 
|  84|0x0000000711a00000, 0x0000000711a00000, 0x0000000711c00000|  0%| F|  |TAMS 0x0000000711a00000, 0x0000000711a00000| Untracked 
|  85|0x0000000711c00000, 0x0000000711c00000, 0x0000000711e00000|  0%| F|  |TAMS 0x0000000711c00000, 0x0000000711c00000| Untracked 
|  86|0x0000000711e00000, 0x0000000711e00000, 0x0000000712000000|  0%| F|  |TAMS 0x0000000711e00000, 0x0000000711e00000| Untracked 
|  87|0x0000000712000000, 0x0000000712000000, 0x0000000712200000|  0%| F|  |TAMS 0x0000000712000000, 0x0000000712000000| Untracked 
|  88|0x0000000712200000, 0x0000000712200000, 0x0000000712400000|  0%| F|  |TAMS 0x0000000712200000, 0x0000000712200000| Untracked 
|  89|0x0000000712400000, 0x0000000712400000, 0x0000000712600000|  0%| F|  |TAMS 0x0000000712400000, 0x0000000712400000| Untracked 
|  90|0x0000000712600000, 0x0000000712600000, 0x0000000712800000|  0%| F|  |TAMS 0x0000000712600000, 0x0000000712600000| Untracked 
|  91|0x0000000712800000, 0x0000000712800000, 0x0000000712a00000|  0%| F|  |TAMS 0x0000000712800000, 0x0000000712800000| Untracked 
|  92|0x0000000712a00000, 0x0000000712a00000, 0x0000000712c00000|  0%| F|  |TAMS 0x0000000712a00000, 0x0000000712a00000| Untracked 
|  93|0x0000000712c00000, 0x0000000712c00000, 0x0000000712e00000|  0%| F|  |TAMS 0x0000000712c00000, 0x0000000712c00000| Untracked 
|  94|0x0000000712e00000, 0x0000000712e00000, 0x0000000713000000|  0%| F|  |TAMS 0x0000000712e00000, 0x0000000712e00000| Untracked 
|  95|0x0000000713000000, 0x0000000713000000, 0x0000000713200000|  0%| F|  |TAMS 0x0000000713000000, 0x0000000713000000| Untracked 
|  96|0x0000000713200000, 0x0000000713200000, 0x0000000713400000|  0%| F|  |TAMS 0x0000000713200000, 0x0000000713200000| Untracked 
|  97|0x0000000713400000, 0x0000000713400000, 0x0000000713600000|  0%| F|  |TAMS 0x0000000713400000, 0x0000000713400000| Untracked 
|  98|0x0000000713600000, 0x0000000713600000, 0x0000000713800000|  0%| F|  |TAMS 0x0000000713600000, 0x0000000713600000| Untracked 
|  99|0x0000000713800000, 0x0000000713800000, 0x0000000713a00000|  0%| F|  |TAMS 0x0000000713800000, 0x0000000713800000| Untracked 
| 100|0x0000000713a00000, 0x0000000713a00000, 0x0000000713c00000|  0%| F|  |TAMS 0x0000000713a00000, 0x0000000713a00000| Untracked 
| 101|0x0000000713c00000, 0x0000000713c00000, 0x0000000713e00000|  0%| F|  |TAMS 0x0000000713c00000, 0x0000000713c00000| Untracked 
| 102|0x0000000713e00000, 0x0000000713e00000, 0x0000000714000000|  0%| F|  |TAMS 0x0000000713e00000, 0x0000000713e00000| Untracked 
| 103|0x0000000714000000, 0x0000000714000000, 0x0000000714200000|  0%| F|  |TAMS 0x0000000714000000, 0x0000000714000000| Untracked 
| 104|0x0000000714200000, 0x0000000714200000, 0x0000000714400000|  0%| F|  |TAMS 0x0000000714200000, 0x0000000714200000| Untracked 
| 105|0x0000000714400000, 0x0000000714400000, 0x0000000714600000|  0%| F|  |TAMS 0x0000000714400000, 0x0000000714400000| Untracked 
| 106|0x0000000714600000, 0x0000000714600000, 0x0000000714800000|  0%| F|  |TAMS 0x0000000714600000, 0x0000000714600000| Untracked 
| 107|0x0000000714800000, 0x0000000714800000, 0x0000000714a00000|  0%| F|  |TAMS 0x0000000714800000, 0x0000000714800000| Untracked 
| 108|0x0000000714a00000, 0x0000000714a00000, 0x0000000714c00000|  0%| F|  |TAMS 0x0000000714a00000, 0x0000000714a00000| Untracked 
| 109|0x0000000714c00000, 0x0000000714c00000, 0x0000000714e00000|  0%| F|  |TAMS 0x0000000714c00000, 0x0000000714c00000| Untracked 
| 110|0x0000000714e00000, 0x0000000714e00000, 0x0000000715000000|  0%| F|  |TAMS 0x0000000714e00000, 0x0000000714e00000| Untracked 
| 111|0x0000000715000000, 0x0000000715000000, 0x0000000715200000|  0%| F|  |TAMS 0x0000000715000000, 0x0000000715000000| Untracked 
| 112|0x0000000715200000, 0x0000000715200000, 0x0000000715400000|  0%| F|  |TAMS 0x0000000715200000, 0x0000000715200000| Untracked 
| 113|0x0000000715400000, 0x0000000715400000, 0x0000000715600000|  0%| F|  |TAMS 0x0000000715400000, 0x0000000715400000| Untracked 
| 114|0x0000000715600000, 0x0000000715600000, 0x0000000715800000|  0%| F|  |TAMS 0x0000000715600000, 0x0000000715600000| Untracked 
| 115|0x0000000715800000, 0x0000000715800000, 0x0000000715a00000|  0%| F|  |TAMS 0x0000000715800000, 0x0000000715800000| Untracked 
| 116|0x0000000715a00000, 0x0000000715a6b120, 0x0000000715c00000| 20%| E|  |TAMS 0x0000000715a00000, 0x0000000715a00000| Complete 
| 117|0x0000000715c00000, 0x0000000715e00000, 0x0000000715e00000|100%| E|CS|TAMS 0x0000000715c00000, 0x0000000715c00000| Complete 
| 118|0x0000000715e00000, 0x0000000716000000, 0x0000000716000000|100%| E|CS|TAMS 0x0000000715e00000, 0x0000000715e00000| Complete 
| 119|0x0000000716000000, 0x0000000716200000, 0x0000000716200000|100%| E|CS|TAMS 0x0000000716000000, 0x0000000716000000| Complete 
| 120|0x0000000716200000, 0x0000000716400000, 0x0000000716400000|100%| E|CS|TAMS 0x0000000716200000, 0x0000000716200000| Complete 
| 121|0x0000000716400000, 0x0000000716600000, 0x0000000716600000|100%| E|CS|TAMS 0x0000000716400000, 0x0000000716400000| Complete 
| 122|0x0000000716600000, 0x0000000716800000, 0x0000000716800000|100%| E|CS|TAMS 0x0000000716600000, 0x0000000716600000| Complete 
| 123|0x0000000716800000, 0x0000000716a00000, 0x0000000716a00000|100%| E|CS|TAMS 0x0000000716800000, 0x0000000716800000| Complete 
| 124|0x0000000716a00000, 0x0000000716c00000, 0x0000000716c00000|100%| E|CS|TAMS 0x0000000716a00000, 0x0000000716a00000| Complete 
|1989|0x00000007ffc00000, 0x00000007ffd52000, 0x00000007ffe00000| 66%|OA|  |TAMS 0x00000007ffc00000, 0x00000007ffc00000| Untracked 
|1990|0x00000007ffe00000, 0x00000007ffe7c000, 0x0000000800000000| 24%|CA|  |TAMS 0x00000007ffe00000, 0x00000007ffe00000| Untracked 

Card table byte_map: [0x00007ffaa0550000,0x00007ffaa0d17000] _byte_map_base: 0x00007ffa9cd17000

Marking Bits (Prev, Next): (CMBitMap*) 0x00007ffab8079480, (CMBitMap*) 0x00007ffab80794c0
 Prev Bits: [0x00007ffa9bf51000, 0x00007ffa9fd89000)
 Next Bits: [0x00007ffa98119000, 0x00007ffa9bf51000)

Polling page: 0x00007ffabe9fb000

Metaspace:

Usage:
  Non-class:      8.41 MB capacity,     6.03 MB ( 72%) used,     2.37 MB ( 28%) free+waste,    10.69 KB ( <1%) overhead. 
      Class:    633.00 KB capacity,   361.51 KB ( 57%) used,   267.80 KB ( 42%) free+waste,     3.69 KB ( <1%) overhead. 
       Both:      9.03 MB capacity,     6.38 MB ( 71%) used,     2.63 MB ( 29%) free+waste,    14.38 KB ( <1%) overhead. 

Virtual space:
  Non-class space:       10.00 MB reserved,       8.75 MB ( 88%) committed 
      Class space:        1.00 GB reserved,     640.00 KB ( <1%) committed 
             Both:        1.01 GB reserved,       9.38 MB ( <1%) committed 

Chunk freelists:
   Non-Class:  120.00 KB
       Class:  0 bytes
        Both:  120.00 KB

MaxMetaspaceSize: 17179869184.00 GB
CompressedClassSpaceSize: 1.00 GB

CodeHeap 'non-profiled nmethods': size=120032Kb used=260Kb max_used=260Kb free=119771Kb
 bounds [0x00007ffaa87df000, 0x00007ffaa8a4f000, 0x00007ffaafd17000]
CodeHeap 'profiled nmethods': size=120028Kb used=1334Kb max_used=1334Kb free=118693Kb
 bounds [0x00007ffaa12a8000, 0x00007ffaa1518000, 0x00007ffaa87df000]
CodeHeap 'non-nmethods': size=5700Kb used=1598Kb max_used=1621Kb free=4101Kb
 bounds [0x00007ffaa0d17000, 0x00007ffaa0f87000, 0x00007ffaa12a8000]
 total_blobs=1821 nmethods=830 adapters=905
 compilation: enabled
              stopped_count=0, restarted_count=0
 full_count=0

Compilation events (20 events):
Event: 0.330 Thread 0x00007ffab817c280  821       3       java.nio.CharBuffer::charAt (16 bytes)
Event: 0.330 Thread 0x00007ffab817c280 nmethod 821 0x00007ffaa13f1990 code [0x00007ffaa13f1b60, 0x00007ffaa13f1ef0]
Event: 0.330 Thread 0x00007ffab817c280  822       3       java.nio.Buffer::checkIndex (24 bytes)
Event: 0.330 Thread 0x00007ffab817c280 nmethod 822 0x00007ffaa13f2010 code [0x00007ffaa13f21c0, 0x00007ffaa13f2400]
Event: 0.330 Thread 0x00007ffab817c280  823       3       java.nio.HeapCharBuffer::get (19 bytes)
Event: 0.330 Thread 0x00007ffab817c280 nmethod 823 0x00007ffaa13f2510 code [0x00007ffaa13f26c0, 0x00007ffaa13f2960]
Event: 0.330 Thread 0x00007ffab817c280  824       3       java.lang.Character::isHighSurrogate (18 bytes)
Event: 0.330 Thread 0x00007ffab817c280 nmethod 824 0x00007ffaa13f2b10 code [0x00007ffaa13f2ca0, 0x00007ffaa13f2e10]
Event: 0.331 Thread 0x00007ffab817c280  825       3       java.net.URLStreamHandler::toExternalForm (156 bytes)
Event: 0.331 Thread 0x00007ffab817aa50  826 %     4       java.lang.StringCoding::encodeASCII @ 11 (158 bytes)
Event: 0.331 Thread 0x00007ffa6813ab10 nmethod 799 0x00007ffaa881da10 code [0x00007ffaa881dba0, 0x00007ffaa881e0d8]
Event: 0.332 Thread 0x00007ffa6813ab10  827   !   4       java.util.zip.ZipFile$Source::getEntryPos (174 bytes)
Event: 0.332 Thread 0x00007ffab817c280 nmethod 825 0x00007ffaa13f2e90 code [0x00007ffaa13f32a0, 0x00007ffaa13f4a10]
Event: 0.333 Thread 0x00007ffab817c280  828       3       java.lang.invoke.MethodHandleNatives::refKindIsField (32 bytes)
Event: 0.333 Thread 0x00007ffab817c280 nmethod 828 0x00007ffaa13f5190 code [0x00007ffaa13f5320, 0x00007ffaa13f5470]
Event: 0.334 Thread 0x00007ffab817aa50 nmethod 826% 0x00007ffaa881e410 code [0x00007ffaa881e5a0, 0x00007ffaa881e878]
Event: 0.334 Thread 0x00007ffab817aa50  829       4       sun.misc.Unsafe::putByte (9 bytes)
Event: 0.334 Thread 0x00007ffab817aa50 nmethod 829 0x00007ffaa881ea10 code [0x00007ffaa881eb80, 0x00007ffaa881ebf8]
Event: 0.335 Thread 0x00007ffab817c280  830       3       java.lang.StringBuilder::toString (35 bytes)
Event: 0.335 Thread 0x00007ffab817c280 nmethod 830 0x00007ffaa13f5510 code [0x00007ffaa13f56c0, 0x00007ffaa13f5950]

GC Heap History (0 events):
No events

Deoptimization events (20 events):
Event: 0.317 Thread 0x00007ffab8028dc0 Uncommon trap: trap_request=0xffffff45 fr.pc=0x00007ffaa87e37d8 relative=0x0000000000000058
Event: 0.317 Thread 0x00007ffab8028dc0 Uncommon trap: reason=unstable_if action=reinterpret pc=0x00007ffaa87e37d8 method=java.lang.String.isLatin1()Z @ 10 c2
Event: 0.317 Thread 0x00007ffab8028dc0 DEOPT PACKING pc=0x00007ffaa87e37d8 sp=0x00007ffabd4d49f0
Event: 0.317 Thread 0x00007ffab8028dc0 DEOPT UNPACKING pc=0x00007ffaa0d65125 sp=0x00007ffabd4d49a0 mode 2
Event: 0.326 Thread 0x00007ffab8028dc0 Uncommon trap: trap_request=0xffffff45 fr.pc=0x00007ffaa87fd43c relative=0x000000000000049c
Event: 0.326 Thread 0x00007ffab8028dc0 Uncommon trap: reason=unstable_if action=reinterpret pc=0x00007ffaa87fd43c method=java.lang.AbstractStringBuilder.putStringAt(ILjava/lang/String;)V @ 8 c2
Event: 0.326 Thread 0x00007ffab8028dc0 DEOPT PACKING pc=0x00007ffaa87fd43c sp=0x00007ffabd4d5440
Event: 0.326 Thread 0x00007ffab8028dc0 DEOPT UNPACKING pc=0x00007ffaa0d65125 sp=0x00007ffabd4d5358 mode 2
Event: 0.326 Thread 0x00007ffab8028dc0 Uncommon trap: trap_request=0xffffff45 fr.pc=0x00007ffaa87fb92c relative=0x000000000000048c
Event: 0.326 Thread 0x00007ffab8028dc0 Uncommon trap: reason=unstable_if action=reinterpret pc=0x00007ffaa87fb92c method=java.lang.AbstractStringBuilder.putStringAt(ILjava/lang/String;)V @ 8 c2
Event: 0.326 Thread 0x00007ffab8028dc0 DEOPT PACKING pc=0x00007ffaa87fb92c sp=0x00007ffabd4d53f0
Event: 0.326 Thread 0x00007ffab8028dc0 DEOPT UNPACKING pc=0x00007ffaa0d65125 sp=0x00007ffabd4d5360 mode 2
Event: 0.326 Thread 0x00007ffab8028dc0 Uncommon trap: trap_request=0xffffff45 fr.pc=0x00007ffaa87f8ce4 relative=0x00000000000000e4
Event: 0.326 Thread 0x00007ffab8028dc0 Uncommon trap: reason=unstable_if action=reinterpret pc=0x00007ffaa87f8ce4 method=java.lang.String.getBytes([BIB)V @ 5 c2
Event: 0.326 Thread 0x00007ffab8028dc0 DEOPT PACKING pc=0x00007ffaa87f8ce4 sp=0x00007ffabd4d5310
Event: 0.326 Thread 0x00007ffab8028dc0 DEOPT UNPACKING pc=0x00007ffaa0d65125 sp=0x00007ffabd4d52d8 mode 2
Event: 0.326 Thread 0x00007ffab8028dc0 Uncommon trap: trap_request=0xffffff45 fr.pc=0x00007ffaa880de9c relative=0x000000000000037c
Event: 0.326 Thread 0x00007ffab8028dc0 Uncommon trap: reason=unstable_if action=reinterpret pc=0x00007ffaa880de9c method=java.lang.AbstractStringBuilder.isLatin1()Z @ 10 c2
Event: 0.326 Thread 0x00007ffab8028dc0 DEOPT PACKING pc=0x00007ffaa880de9c sp=0x00007ffabd4d5470
Event: 0.326 Thread 0x00007ffab8028dc0 DEOPT UNPACKING pc=0x00007ffaa0d65125 sp=0x00007ffabd4d53f0 mode 2

Classes unloaded (0 events):
No events

Classes redefined (0 events):
No events

Internal exceptions (14 events):
Event: 0.065 Thread 0x00007ffab8028dc0 Exception <a 'java/lang/NoSuchMethodError'{0x00000007168b29f0}: 'java.lang.Object java.lang.invoke.DirectMethodHandle$Holder.invokeStatic(java.lang.Object)'> (0x00000007168b29f0) 
thrown [open/src/hotspot/share/interpreter/linkResolver.cpp, line 781]
Event: 0.065 Thread 0x00007ffab8028dc0 Exception <a 'java/lang/NoSuchMethodError'{0x00000007168b6140}: 'java.lang.Object java.lang.invoke.DirectMethodHandle$Holder.invokeStaticInit(java.lang.Object)'> (0x00000007168b6140) 
thrown [open/src/hotspot/share/interpreter/linkResolver.cpp, line 781]
Event: 0.072 Thread 0x00007ffab8028dc0 Exception <a 'java/lang/NoSuchMethodError'{0x000000071690e770}: 'void java.lang.invoke.DirectMethodHandle$Holder.invokeStatic(java.lang.Object, java.lang.Object)'> (0x000000071690e770) 
thrown [open/src/hotspot/share/interpreter/linkResolver.cpp, line 781]
Event: 0.073 Thread 0x00007ffab8028dc0 Exception <a 'java/lang/NoSuchMethodError'{0x0000000716913e38}: 'void java.lang.invoke.DirectMethodHandle$Holder.invokeSpecial(java.lang.Object, java.lang.Object, java.lang.Object)'> (0x0000000716913e38) 
thrown [open/src/hotspot/share/interpreter/linkResolver.cpp, line 781]
Event: 0.075 Thread 0x00007ffab8028dc0 Exception <a 'java/lang/NoSuchMethodError'{0x0000000716928680}: 'java.lang.Object java.lang.invoke.DirectMethodHandle$Holder.invokeStatic(java.lang.Object, java.lang.Object, int)'> (0x0000000716928680) 
thrown [open/src/hotspot/share/interpreter/linkResolver.cpp, line 781]
Event: 0.076 Thread 0x00007ffab8028dc0 Exception <a 'java/lang/NoSuchMethodError'{0x00000007169347c8}: 'void java.lang.invoke.DelegatingMethodHandle$Holder.delegate(java.lang.Object, java.lang.Object, int, java.lang.Object)'> (0x00000007169347c8) 
thrown [open/src/hotspot/share/interpreter/linkResolver.cpp, line 781]
Event: 0.076 Thread 0x00007ffab8028dc0 Exception <a 'java/lang/NoSuchMethodError'{0x0000000716938d58}: 'int java.lang.invoke.DirectMethodHandle$Holder.invokeSpecial(java.lang.Object, java.lang.Object, java.lang.Object)'> (0x0000000716938d58) 
thrown [open/src/hotspot/share/interpreter/linkResolver.cpp, line 781]
Event: 0.091 Thread 0x00007ffab8028dc0 Exception <a 'sun/nio/fs/UnixException'{0x00000007169d6f58}> (0x00000007169d6f58) 
thrown [open/src/hotspot/share/prims/jni.cpp, line 578]
Event: 0.107 Thread 0x00007ffab8028dc0 Exception <a 'sun/nio/fs/UnixException'{0x00000007166bb7b0}> (0x00000007166bb7b0) 
thrown [open/src/hotspot/share/prims/jni.cpp, line 578]
Event: 0.171 Thread 0x00007ffab8028dc0 Exception <a 'java/lang/NoSuchMethodError'{0x0000000716720bb8}: 'void java.lang.invoke.DirectMethodHandle$Holder.invokeStaticInit(java.lang.Object, long, double, double)'> (0x0000000716720bb8) 
thrown [open/src/hotspot/share/interpreter/linkResolver.cpp, line 781]
Event: 0.172 Thread 0x00007ffab8028dc0 Exception <a 'java/lang/NoSuchMethodError'{0x0000000716731db8}: 'void java.lang.invoke.DirectMethodHandle$Holder.invokeStaticInit(java.lang.Object, long, int, int, int)'> (0x0000000716731db8) 
thrown [open/src/hotspot/share/interpreter/linkResolver.cpp, line 781]
Event: 0.175 Thread 0x00007ffab8028dc0 Exception <a 'java/lang/NoSuchMethodError'{0x000000071674e430}: 'void java.lang.invoke.DirectMethodHandle$Holder.invokeStaticInit(java.lang.Object, long, int, int, int, int)'> (0x000000071674e430) 
thrown [open/src/hotspot/share/interpreter/linkResolver.cpp, line 781]
Event: 0.188 Thread 0x00007ffab8028dc0 Exception <a 'sun/nio/fs/UnixException'{0x00000007167a5e80}> (0x00000007167a5e80) 
thrown [open/src/hotspot/share/prims/jni.cpp, line 578]
Event: 0.190 Thread 0x00007ffab8028dc0 Exception <a 'sun/nio/fs/UnixException'{0x00000007167b3e68}> (0x00000007167b3e68) 
thrown [open/src/hotspot/share/prims/jni.cpp, line 578]

Events (20 events):
Event: 0.318 loading class java/lang/NumberFormatException
Event: 0.318 loading class java/lang/NumberFormatException done
Event: 0.318 Executing VM operation: HandshakeAllThreads
Event: 0.318 Executing VM operation: HandshakeAllThreads done
Event: 0.319 loading class java/text/DigitList$1
Event: 0.319 loading class java/text/DigitList$1 done
Event: 0.321 Thread 0x00007ffa6813ab10 Thread added: 0x00007ffa6813ab10
Event: 0.321 Protecting memory [0x00007ffa50a97000,0x00007ffa50a9b000] with protection modes 0
Event: 0.322 loading class java/util/Scanner
Event: 0.322 loading class java/util/Scanner done
Event: 0.324 loading class sun/nio/cs/US_ASCII$Decoder
Event: 0.324 loading class sun/nio/cs/US_ASCII$Decoder done
Event: 0.324 loading class java/util/Scanner$PatternLRUCache
Event: 0.324 loading class java/util/Scanner$PatternLRUCache done
Event: 0.326 loading class java/nio/channels/spi/AbstractInterruptibleChannel$1
Event: 0.326 loading class sun/nio/ch/Interruptible
Event: 0.326 loading class sun/nio/ch/Interruptible done
Event: 0.326 loading class java/nio/channels/spi/AbstractInterruptibleChannel$1 done
Event: 0.327 loading class java/util/regex/Matcher$ImmutableMatchResult
Event: 0.327 loading class java/util/regex/Matcher$ImmutableMatchResult done


Dynamic libraries:
4003f000-400ee000 rw-p 00000000 00:00 0 
409e9000-409eb000 r-xs 00000000 00:01 167                                /memfd:/.glXXXXXX (deleted)
707200000-716c00000 rw-p 00000000 00:00 0 
716c00000-7ffc00000 ---p 00000000 00:00 0 
7ffc00000-7ffd00000 rw-p 00000000 00:00 0 
7ffd00000-7ffd52000 rw-p 00be4000 103:05 4101281                         /home/peershaul/.jdks/openjdk-15.0.2/lib/server/classes.jsa
7ffd52000-7ffe00000 rw-p 00000000 00:00 0 
7ffe00000-7ffe7c000 rw-p 00b68000 103:05 4101281                         /home/peershaul/.jdks/openjdk-15.0.2/lib/server/classes.jsa
7ffe7c000-800000000 rw-p 00000000 00:00 0 
800000000-800003000 rwxp 00001000 103:05 4101281                         /home/peershaul/.jdks/openjdk-15.0.2/lib/server/classes.jsa
800003000-8003e6000 rw-p 00004000 103:05 4101281                         /home/peershaul/.jdks/openjdk-15.0.2/lib/server/classes.jsa
8003e6000-800b33000 r--p 003e7000 103:05 4101281                         /home/peershaul/.jdks/openjdk-15.0.2/lib/server/classes.jsa
800b33000-800b34000 ---p 00000000 00:00 0 
800b34000-800bd4000 rw-p 00000000 00:00 0 
800bd4000-840b34000 ---p 00000000 00:00 0 
55d1ec462000-55d1ec463000 r-xp 00000000 103:05 3805711                   /home/peershaul/.jdks/openjdk-15.0.2/bin/java
55d1ec464000-55d1ec465000 r--p 00001000 103:05 3805711                   /home/peershaul/.jdks/openjdk-15.0.2/bin/java
55d1ec465000-55d1ec466000 rw-p 00002000 103:05 3805711                   /home/peershaul/.jdks/openjdk-15.0.2/bin/java
55d1ee279000-55d1ee29a000 rw-p 00000000 00:00 0                          [heap]
7ffa4c000000-7ffa4c06d000 rw-p 00000000 00:00 0 
7ffa4c06d000-7ffa50000000 ---p 00000000 00:00 0 
7ffa50a97000-7ffa50a9b000 ---p 00000000 00:00 0 
7ffa50a9b000-7ffa50c58000 rw-p 00000000 00:00 0 
7ffa50c58000-7ffa50d98000 ---p 00000000 00:00 0 
7ffa50d9b000-7ffa50df3000 r-xp 00000000 00:21 81                         /tmp/lwjglpeershaul/3.2.3-build-13/liblwjgl_opengl.so
7ffa50df3000-7ffa50ff2000 ---p 00058000 00:21 81                         /tmp/lwjglpeershaul/3.2.3-build-13/liblwjgl_opengl.so
7ffa50ff2000-7ffa50ff3000 r--p 00057000 00:21 81                         /tmp/lwjglpeershaul/3.2.3-build-13/liblwjgl_opengl.so
7ffa50ff3000-7ffa50ff4000 rw-p 00058000 00:21 81                         /tmp/lwjglpeershaul/3.2.3-build-13/liblwjgl_opengl.so
7ffa50ff4000-7ffa50ff7000 r--p 00000000 103:05 4087315                   /usr/lib/libxcb-sync.so.1.0.0
7ffa50ff7000-7ffa50ffa000 r-xp 00003000 103:05 4087315                   /usr/lib/libxcb-sync.so.1.0.0
7ffa50ffa000-7ffa50ffb000 r--p 00006000 103:05 4087315                   /usr/lib/libxcb-sync.so.1.0.0
7ffa50ffb000-7ffa50ffc000 ---p 00007000 103:05 4087315                   /usr/lib/libxcb-sync.so.1.0.0
7ffa50ffc000-7ffa50ffd000 r--p 00007000 103:05 4087315                   /usr/lib/libxcb-sync.so.1.0.0
7ffa50ffd000-7ffa50ffe000 rw-p 00008000 103:05 4087315                   /usr/lib/libxcb-sync.so.1.0.0
7ffa51009000-7ffa51016000 r-xp 00000000 103:05 3937528                   /home/peershaul/.jdks/openjdk-15.0.2/lib/libverify.so
7ffa51016000-7ffa51018000 r--p 0000c000 103:05 3937528                   /home/peershaul/.jdks/openjdk-15.0.2/lib/libverify.so
7ffa51018000-7ffa51019000 rw-p 0000e000 103:05 3937528                   /home/peershaul/.jdks/openjdk-15.0.2/lib/libverify.so
7ffa51019000-7ffa51099000 rw-s 00000000 00:05 1723                       /dev/nvidiactl
7ffa51099000-7ffa51199000 rw-s 00000000 00:05 1723                       /dev/nvidiactl
7ffa51199000-7ffa511d9000 rw-s 00000000 00:05 1723                       /dev/nvidiactl
7ffa511d9000-7ffa511f9000 rw-s 00000000 00:05 1723                       /dev/nvidiactl
7ffa511f9000-7ffa51239000 rw-s 00000000 00:05 1723                       /dev/nvidiactl
7ffa51239000-7ffa51259000 rw-s 00000000 00:05 1723                       /dev/nvidiactl
7ffa51259000-7ffa512d9000 rw-s 00000000 00:05 1724                       /dev/nvidia0
7ffa512d9000-7ffa51319000 rw-s 00000000 00:05 1723                       /dev/nvidiactl
7ffa51319000-7ffa51339000 rw-s 00000000 00:05 1723                       /dev/nvidiactl
7ffa51339000-7ffa514de000 rw-s 00000000 00:01 1027                       /memfd:/.nvidia_drv.XXXXXX (deleted)
7ffa514de000-7ffa514e3000 r--p 00000000 103:05 4091423                   /usr/lib/libdrm.so.2.4.0
7ffa514e3000-7ffa514ed000 r-xp 00005000 103:05 4091423                   /usr/lib/libdrm.so.2.4.0
7ffa514ed000-7ffa514f1000 r--p 0000f000 103:05 4091423                   /usr/lib/libdrm.so.2.4.0
7ffa514f1000-7ffa514f2000 r--p 00012000 103:05 4091423                   /usr/lib/libdrm.so.2.4.0
7ffa514f2000-7ffa514f3000 rw-p 00013000 103:05 4091423                   /usr/lib/libdrm.so.2.4.0
7ffa514f6000-7ffa514f7000 r--p 00000000 103:05 4087291                   /usr/lib/libxcb-present.so.0.0.0
7ffa514f7000-7ffa514f8000 r-xp 00001000 103:05 4087291                   /usr/lib/libxcb-present.so.0.0.0
7ffa514f8000-7ffa514f9000 r--p 00002000 103:05 4087291                   /usr/lib/libxcb-present.so.0.0.0
7ffa514f9000-7ffa514fa000 r--p 00002000 103:05 4087291                   /usr/lib/libxcb-present.so.0.0.0
7ffa514fa000-7ffa514fb000 rw-p 00003000 103:05 4087291                   /usr/lib/libxcb-present.so.0.0.0
7ffa514fb000-7ffa5150e000 rw-s 00000000 00:05 1723                       /dev/nvidiactl
7ffa5150e000-7ffa5151a000 r--p 00000000 103:05 4087288                   /usr/lib/libxcb-glx.so.0.0.0
7ffa5151a000-7ffa51523000 r-xp 0000c000 103:05 4087288                   /usr/lib/libxcb-glx.so.0.0.0
7ffa51523000-7ffa51528000 r--p 00015000 103:05 4087288                   /usr/lib/libxcb-glx.so.0.0.0
7ffa51528000-7ffa51529000 ---p 0001a000 103:05 4087288                   /usr/lib/libxcb-glx.so.0.0.0
7ffa51529000-7ffa5152b000 r--p 0001a000 103:05 4087288                   /usr/lib/libxcb-glx.so.0.0.0
7ffa5152b000-7ffa5152c000 rw-p 0001c000 103:05 4087288                   /usr/lib/libxcb-glx.so.0.0.0
7ffa5152c000-7ffa526be000 r-xp 00000000 103:05 4093883                   /usr/lib/libnvidia-glcore.so.460.67
7ffa526be000-7ffa526df000 rwxp 01192000 103:05 4093883                   /usr/lib/libnvidia-glcore.so.460.67
7ffa526df000-7ffa52bef000 r-xp 011b3000 103:05 4093883                   /usr/lib/libnvidia-glcore.so.460.67
7ffa52bef000-7ffa52dee000 ---p 016c3000 103:05 4093883                   /usr/lib/libnvidia-glcore.so.460.67
7ffa52dee000-7ffa5332b000 r--p 016c2000 103:05 4093883                   /usr/lib/libnvidia-glcore.so.460.67
7ffa5332b000-7ffa5341a000 rw-p 01bff000 103:05 4093883                   /usr/lib/libnvidia-glcore.so.460.67
7ffa5341a000-7ffa53439000 rw-p 00000000 00:00 0 
7ffa53439000-7ffa5343c000 r-xp 00000000 103:05 4093907                   /usr/lib/libnvidia-tls.so.460.67
7ffa5343c000-7ffa5363c000 ---p 00003000 103:05 4093907                   /usr/lib/libnvidia-tls.so.460.67
7ffa5363c000-7ffa5363d000 r--p 00003000 103:05 4093907                   /usr/lib/libnvidia-tls.so.460.67
7ffa5363d000-7ffa5363e000 rw-p 00004000 103:05 4093907                   /usr/lib/libnvidia-tls.so.460.67
7ffa5363e000-7ffa536de000 r-xp 00000000 103:05 4093861                   /usr/lib/libGLX_nvidia.so.460.67
7ffa536de000-7ffa53713000 rwxp 000a0000 103:05 4093861                   /usr/lib/libGLX_nvidia.so.460.67
7ffa53713000-7ffa5371a000 r-xp 000d5000 103:05 4093861                   /usr/lib/libGLX_nvidia.so.460.67
7ffa5371a000-7ffa53919000 ---p 000dc000 103:05 4093861                   /usr/lib/libGLX_nvidia.so.460.67
7ffa53919000-7ffa53961000 r--p 000db000 103:05 4093861                   /usr/lib/libGLX_nvidia.so.460.67
7ffa53961000-7ffa53966000 rw-p 00123000 103:05 4093861                   /usr/lib/libGLX_nvidia.so.460.67
7ffa53966000-7ffa53968000 rw-p 00000000 00:00 0 
7ffa53968000-7ffa5396b000 r--p 00000000 103:05 4091694                   /usr/lib/libGLX.so.0.0.0
7ffa5396b000-7ffa53985000 r-xp 00003000 103:05 4091694                   /usr/lib/libGLX.so.0.0.0
7ffa53985000-7ffa53988000 r--p 0001d000 103:05 4091694                   /usr/lib/libGLX.so.0.0.0
7ffa53988000-7ffa53989000 ---p 00020000 103:05 4091694                   /usr/lib/libGLX.so.0.0.0
7ffa53989000-7ffa5398a000 r--p 00020000 103:05 4091694                   /usr/lib/libGLX.so.0.0.0
7ffa5398a000-7ffa5398b000 rw-p 00021000 103:05 4091694                   /usr/lib/libGLX.so.0.0.0
7ffa5398b000-7ffa5399b000 rw-p 00000000 00:00 0 
7ffa5399b000-7ffa539db000 r--p 00000000 103:05 4091698                   /usr/lib/libGLdispatch.so.0.0.0
7ffa539db000-7ffa539dd000 r-xp 00040000 103:05 4091698                   /usr/lib/libGLdispatch.so.0.0.0
7ffa539dd000-7ffa53a18000 r-xp 00042000 103:05 4091698                   /usr/lib/libGLdispatch.so.0.0.0
7ffa53a18000-7ffa53a19000 r-xp 0007d000 103:05 4091698                   /usr/lib/libGLdispatch.so.0.0.0
7ffa53a19000-7ffa53a2c000 r--p 0007e000 103:05 4091698                   /usr/lib/libGLdispatch.so.0.0.0
7ffa53a2c000-7ffa53a2d000 ---p 00091000 103:05 4091698                   /usr/lib/libGLdispatch.so.0.0.0
7ffa53a2d000-7ffa53a49000 r--p 00091000 103:05 4091698                   /usr/lib/libGLdispatch.so.0.0.0
7ffa53a49000-7ffa53a4a000 rw-p 000ad000 103:05 4091698                   /usr/lib/libGLdispatch.so.0.0.0
7ffa53a4a000-7ffa53a52000 rw-p 00000000 00:00 0 
7ffa53a52000-7ffa53a94000 r--p 00000000 103:05 4091687                   /usr/lib/libGL.so.1.7.0
7ffa53a94000-7ffa53a97000 r-xp 00042000 103:05 4091687                   /usr/lib/libGL.so.1.7.0
7ffa53a97000-7ffa53ab2000 r-xp 00045000 103:05 4091687                   /usr/lib/libGL.so.1.7.0
7ffa53ab2000-7ffa53ab3000 r-xp 00060000 103:05 4091687                   /usr/lib/libGL.so.1.7.0
7ffa53ab3000-7ffa53ac8000 r--p 00061000 103:05 4091687                   /usr/lib/libGL.so.1.7.0
7ffa53ac8000-7ffa53ad6000 r--p 00075000 103:05 4091687                   /usr/lib/libGL.so.1.7.0
7ffa53ad6000-7ffa53ad7000 rw-p 00083000 103:05 4091687                   /usr/lib/libGL.so.1.7.0
7ffa53ad7000-7ffa53ad8000 rw-p 00000000 00:00 0 
7ffa53ad8000-7ffa53ad9000 r--p 00000000 103:05 4089642                   /usr/lib/libX11-xcb.so.1.0.0
7ffa53ad9000-7ffa53ada000 r-xp 00001000 103:05 4089642                   /usr/lib/libX11-xcb.so.1.0.0
7ffa53ada000-7ffa53adb000 r--p 00002000 103:05 4089642                   /usr/lib/libX11-xcb.so.1.0.0
7ffa53adb000-7ffa53adc000 r--p 00002000 103:05 4089642                   /usr/lib/libX11-xcb.so.1.0.0
7ffa53adc000-7ffa53add000 rw-p 00003000 103:05 4089642                   /usr/lib/libX11-xcb.so.1.0.0
7ffa53add000-7ffa53ade000 r--p 00000000 103:05 4090614                   /usr/lib/libXinerama.so.1.0.0
7ffa53ade000-7ffa53adf000 r-xp 00001000 103:05 4090614                   /usr/lib/libXinerama.so.1.0.0
7ffa53adf000-7ffa53ae0000 r--p 00002000 103:05 4090614                   /usr/lib/libXinerama.so.1.0.0
7ffa53ae0000-7ffa53ae1000 r--p 00002000 103:05 4090614                   /usr/lib/libXinerama.so.1.0.0
7ffa53ae1000-7ffa53ae2000 rw-p 00003000 103:05 4090614                   /usr/lib/libXinerama.so.1.0.0
7ffa53ae2000-7ffa53ae4000 r--p 00000000 103:05 4090573                   /usr/lib/libXfixes.so.3.1.0
7ffa53ae4000-7ffa53ae7000 r-xp 00002000 103:05 4090573                   /usr/lib/libXfixes.so.3.1.0
7ffa53ae7000-7ffa53ae8000 r--p 00005000 103:05 4090573                   /usr/lib/libXfixes.so.3.1.0
7ffa53ae8000-7ffa53ae9000 ---p 00006000 103:05 4090573                   /usr/lib/libXfixes.so.3.1.0
7ffa53ae9000-7ffa53aea000 r--p 00006000 103:05 4090573                   /usr/lib/libXfixes.so.3.1.0
7ffa53aea000-7ffa53aeb000 rw-p 00007000 103:05 4090573                   /usr/lib/libXfixes.so.3.1.0
7ffa53aeb000-7ffa53aee000 r--p 00000000 103:05 4090578                   /usr/lib/libXcursor.so.1.0.2
7ffa53aee000-7ffa53af3000 r-xp 00003000 103:05 4090578                   /usr/lib/libXcursor.so.1.0.2
7ffa53af3000-7ffa53af5000 r--p 00008000 103:05 4090578                   /usr/lib/libXcursor.so.1.0.2
7ffa53af5000-7ffa53af6000 r--p 00009000 103:05 4090578                   /usr/lib/libXcursor.so.1.0.2
7ffa53af6000-7ffa53af7000 rw-p 0000a000 103:05 4090578                   /usr/lib/libXcursor.so.1.0.2
7ffa53af7000-7ffa53af9000 r--p 00000000 103:05 4090535                   /usr/lib/libXrender.so.1.3.0
7ffa53af9000-7ffa53b00000 r-xp 00002000 103:05 4090535                   /usr/lib/libXrender.so.1.3.0
7ffa53b00000-7ffa53b02000 r--p 00009000 103:05 4090535                   /usr/lib/libXrender.so.1.3.0
7ffa53b02000-7ffa53b03000 r--p 0000a000 103:05 4090535                   /usr/lib/libXrender.so.1.3.0
7ffa53b03000-7ffa53b04000 rw-p 0000b000 103:05 4090535                   /usr/lib/libXrender.so.1.3.0
7ffa53b04000-7ffa53b06000 r--p 00000000 103:05 4090623                   /usr/lib/libXrandr.so.2.2.0
7ffa53b06000-7ffa53b0d000 r-xp 00002000 103:05 4090623                   /usr/lib/libXrandr.so.2.2.0
7ffa53b0d000-7ffa53b0f000 r--p 00009000 103:05 4090623                   /usr/lib/libXrandr.so.2.2.0
7ffa53b0f000-7ffa53b10000 r--p 0000a000 103:05 4090623                   /usr/lib/libXrandr.so.2.2.0
7ffa53b10000-7ffa53b11000 rw-p 0000b000 103:05 4090623                   /usr/lib/libXrandr.so.2.2.0
7ffa53b11000-7ffa53b14000 r--p 00000000 103:05 4090642                   /usr/lib/libXi.so.6.1.0
7ffa53b14000-7ffa53b1f000 r-xp 00003000 103:05 4090642                   /usr/lib/libXi.so.6.1.0
7ffa53b1f000-7ffa53b22000 r--p 0000e000 103:05 4090642                   /usr/lib/libXi.so.6.1.0
7ffa53b22000-7ffa53b23000 r--p 00010000 103:05 4090642                   /usr/lib/libXi.so.6.1.0
7ffa53b23000-7ffa53b24000 rw-p 00011000 103:05 4090642                   /usr/lib/libXi.so.6.1.0
7ffa53b24000-7ffa53b28000 r--p 00000000 103:05 4090470                   /usr/lib/libXext.so.6.4.0
7ffa53b28000-7ffa53b33000 r-xp 00004000 103:05 4090470                   /usr/lib/libXext.so.6.4.0
7ffa53b33000-7ffa53b37000 r--p 0000f000 103:05 4090470                   /usr/lib/libXext.so.6.4.0
7ffa53b37000-7ffa53b38000 r--p 00012000 103:05 4090470                   /usr/lib/libXext.so.6.4.0
7ffa53b38000-7ffa53b39000 rw-p 00013000 103:05 4090470                   /usr/lib/libXext.so.6.4.0
7ffa53b39000-7ffa53b3a000 r--p 00000000 103:05 4091453                   /usr/lib/libXxf86vm.so.1.0.0
7ffa53b3a000-7ffa53b3d000 r-xp 00001000 103:05 4091453                   /usr/lib/libXxf86vm.so.1.0.0
7ffa53b3d000-7ffa53b3e000 r--p 00004000 103:05 4091453                   /usr/lib/libXxf86vm.so.1.0.0
7ffa53b3e000-7ffa53b3f000 r--p 00004000 103:05 4091453                   /usr/lib/libXxf86vm.so.1.0.0
7ffa53b3f000-7ffa53b40000 rw-p 00005000 103:05 4091453                   /usr/lib/libXxf86vm.so.1.0.0
7ffa53b40000-7ffa53b42000 r--p 00000000 103:05 4087256                   /usr/lib/libXdmcp.so.6.0.0
7ffa53b42000-7ffa53b44000 r-xp 00002000 103:05 4087256                   /usr/lib/libXdmcp.so.6.0.0
7ffa53b44000-7ffa53b46000 r--p 00004000 103:05 4087256                   /usr/lib/libXdmcp.so.6.0.0
7ffa53b46000-7ffa53b47000 r--p 00005000 103:05 4087256                   /usr/lib/libXdmcp.so.6.0.0
7ffa53b47000-7ffa53b48000 rw-p 00006000 103:05 4087256                   /usr/lib/libXdmcp.so.6.0.0
7ffa53b48000-7ffa53b8b000 r-xp 00000000 00:21 80                         /tmp/lwjglpeershaul/3.2.3-build-13/libglfw.so
7ffa53b8b000-7ffa53d8a000 ---p 00043000 00:21 80                         /tmp/lwjglpeershaul/3.2.3-build-13/libglfw.so
7ffa53d8a000-7ffa53d8b000 r--p 00042000 00:21 80                         /tmp/lwjglpeershaul/3.2.3-build-13/libglfw.so
7ffa53d8b000-7ffa53d8d000 rw-p 00043000 00:21 80                         /tmp/lwjglpeershaul/3.2.3-build-13/libglfw.so
7ffa53d8d000-7ffa53dae000 rw-p 00000000 00:00 0 
7ffa53dae000-7ffa53dff000 r-xp 00000000 00:21 79                         /tmp/lwjglpeershaul/3.2.3-build-13/liblwjgl.so
7ffa53dff000-7ffa53ffe000 ---p 00051000 00:21 79                         /tmp/lwjglpeershaul/3.2.3-build-13/liblwjgl.so
7ffa53ffe000-7ffa53fff000 r--p 00050000 00:21 79                         /tmp/lwjglpeershaul/3.2.3-build-13/liblwjgl.so
7ffa53fff000-7ffa54000000 rw-p 00051000 00:21 79                         /tmp/lwjglpeershaul/3.2.3-build-13/liblwjgl.so
7ffa54000000-7ffa54021000 rw-p 00000000 00:00 0 
7ffa54021000-7ffa58000000 ---p 00000000 00:00 0 
7ffa58000000-7ffa58021000 rw-p 00000000 00:00 0 
7ffa58021000-7ffa5c000000 ---p 00000000 00:00 0 
7ffa5c000000-7ffa5c021000 rw-p 00000000 00:00 0 
7ffa5c021000-7ffa60000000 ---p 00000000 00:00 0 
7ffa60000000-7ffa60021000 rw-p 00000000 00:00 0 
7ffa60021000-7ffa64000000 ---p 00000000 00:00 0 
7ffa64000000-7ffa64457000 rw-p 00000000 00:00 0 
7ffa64457000-7ffa68000000 ---p 00000000 00:00 0 
7ffa68000000-7ffa6829d000 rw-p 00000000 00:00 0 
7ffa6829d000-7ffa6c000000 ---p 00000000 00:00 0 
7ffa6c000000-7ffa6c021000 rw-p 00000000 00:00 0 
7ffa6c021000-7ffa70000000 ---p 00000000 00:00 0 
7ffa70000000-7ffa70021000 rw-p 00000000 00:00 0 
7ffa70021000-7ffa74000000 ---p 00000000 00:00 0 
7ffa74000000-7ffa74021000 rw-p 00000000 00:00 0 
7ffa74021000-7ffa78000000 ---p 00000000 00:00 0 
7ffa78000000-7ffa78021000 rw-p 00000000 00:00 0 
7ffa78021000-7ffa7c000000 ---p 00000000 00:00 0 
7ffa7c000000-7ffa7c021000 rw-p 00000000 00:00 0 
7ffa7c021000-7ffa80000000 ---p 00000000 00:00 0 
7ffa80000000-7ffa80021000 rw-p 00000000 00:00 0 
7ffa80021000-7ffa84000000 ---p 00000000 00:00 0 
7ffa84000000-7ffa84021000 rw-p 00000000 00:00 0 
7ffa84021000-7ffa88000000 ---p 00000000 00:00 0 
7ffa88001000-7ffa88004000 r-xp 00000000 00:00 0 
7ffa88004000-7ffa88005000 r--p 00000000 103:05 4087260                   /usr/lib/libXau.so.6.0.0
7ffa88005000-7ffa88006000 r-xp 00001000 103:05 4087260                   /usr/lib/libXau.so.6.0.0
7ffa88006000-7ffa88007000 r--p 00002000 103:05 4087260                   /usr/lib/libXau.so.6.0.0
7ffa88007000-7ffa88008000 r--p 00002000 103:05 4087260                   /usr/lib/libXau.so.6.0.0
7ffa88008000-7ffa88009000 rw-p 00003000 103:05 4087260                   /usr/lib/libXau.so.6.0.0
7ffa88009000-7ffa88015000 r--p 00000000 103:05 4087342                   /usr/lib/libxcb.so.1.1.0
7ffa88015000-7ffa88028000 r-xp 0000c000 103:05 4087342                   /usr/lib/libxcb.so.1.1.0
7ffa88028000-7ffa88031000 r--p 0001f000 103:05 4087342                   /usr/lib/libxcb.so.1.1.0
7ffa88031000-7ffa88032000 r--p 00027000 103:05 4087342                   /usr/lib/libxcb.so.1.1.0
7ffa88032000-7ffa88033000 rw-p 00028000 103:05 4087342                   /usr/lib/libxcb.so.1.1.0
7ffa88033000-7ffa8804f000 r--p 00000000 103:05 4089646                   /usr/lib/libX11.so.6.4.0
7ffa8804f000-7ffa880d9000 r-xp 0001c000 103:05 4089646                   /usr/lib/libX11.so.6.4.0
7ffa880d9000-7ffa8816d000 r--p 000a6000 103:05 4089646                   /usr/lib/libX11.so.6.4.0
7ffa8816d000-7ffa88170000 r--p 00139000 103:05 4089646                   /usr/lib/libX11.so.6.4.0
7ffa88170000-7ffa88174000 rw-p 0013c000 103:05 4089646                   /usr/lib/libX11.so.6.4.0
7ffa88174000-7ffa88175000 r-xp 00000000 00:00 0 
7ffa88175000-7ffa88177000 r--p 00000000 103:05 4087285                   /usr/lib/libxcb-dri3.so.0.0.0
7ffa88177000-7ffa88178000 r-xp 00002000 103:05 4087285                   /usr/lib/libxcb-dri3.so.0.0.0
7ffa88178000-7ffa88179000 r--p 00003000 103:05 4087285                   /usr/lib/libxcb-dri3.so.0.0.0
7ffa88179000-7ffa8817a000 r--p 00003000 103:05 4087285                   /usr/lib/libxcb-dri3.so.0.0.0
7ffa8817a000-7ffa8817b000 rw-p 00004000 103:05 4087285                   /usr/lib/libxcb-dri3.so.0.0.0
7ffa8817b000-7ffa8817f000 rw-s 00000000 00:05 1723                       /dev/nvidiactl
7ffa8817f000-7ffa8818f000 rw-s 00000000 00:05 1724                       /dev/nvidia0
7ffa8818f000-7ffa88196000 r-xp 00000000 103:05 3937529                   /home/peershaul/.jdks/openjdk-15.0.2/lib/libzip.so
7ffa88196000-7ffa88197000 ---p 00007000 103:05 3937529                   /home/peershaul/.jdks/openjdk-15.0.2/lib/libzip.so
7ffa88197000-7ffa88198000 r--p 00007000 103:05 3937529                   /home/peershaul/.jdks/openjdk-15.0.2/lib/libzip.so
7ffa88198000-7ffa88199000 rw-p 00008000 103:05 3937529                   /home/peershaul/.jdks/openjdk-15.0.2/lib/libzip.so
7ffa88199000-7ffa881ca000 rw-p 00000000 00:00 0 
7ffa881ca000-7ffa881df000 r-xp 00000000 103:05 3937520                   /home/peershaul/.jdks/openjdk-15.0.2/lib/libnet.so
7ffa881df000-7ffa881e0000 r--p 00014000 103:05 3937520                   /home/peershaul/.jdks/openjdk-15.0.2/lib/libnet.so
7ffa881e0000-7ffa881e1000 rw-p 00015000 103:05 3937520                   /home/peershaul/.jdks/openjdk-15.0.2/lib/libnet.so
7ffa881e1000-7ffa881e5000 ---p 00000000 00:00 0 
7ffa881e5000-7ffa882e2000 rw-p 00000000 00:00 0 
7ffa882e2000-7ffa882e3000 ---p 00000000 00:00 0 
7ffa882e3000-7ffa883e4000 rw-p 00000000 00:00 0 
7ffa883e4000-7ffa883e8000 ---p 00000000 00:00 0 
7ffa883e8000-7ffa884e5000 rw-p 00000000 00:00 0 
7ffa884e5000-7ffa884e9000 ---p 00000000 00:00 0 
7ffa884e9000-7ffa885e6000 rw-p 00000000 00:00 0 
7ffa885e6000-7ffa885ea000 ---p 00000000 00:00 0 
7ffa885ea000-7ffa886e7000 rw-p 00000000 00:00 0 
7ffa886e7000-7ffa886eb000 ---p 00000000 00:00 0 
7ffa886eb000-7ffa887e8000 rw-p 00000000 00:00 0 
7ffa887e8000-7ffa887ec000 ---p 00000000 00:00 0 
7ffa887ec000-7ffa888e9000 rw-p 00000000 00:00 0 
7ffa888e9000-7ffa888ed000 ---p 00000000 00:00 0 
7ffa888ed000-7ffa889ea000 rw-p 00000000 00:00 0 
7ffa889ea000-7ffa88cd3000 r--p 00000000 103:05 4093562                   /usr/lib/locale/locale-archive
7ffa88cd3000-7ffa88cd7000 ---p 00000000 00:00 0 
7ffa88cd7000-7ffa88dd4000 rw-p 00000000 00:00 0 
7ffa88dd4000-7ffa88dd8000 ---p 00000000 00:00 0 
7ffa88dd8000-7ffa88ed5000 rw-p 00000000 00:00 0 
7ffa88ed5000-7ffa88ed6000 ---p 00000000 00:00 0 
7ffa88ed6000-7ffa898f4000 rw-p 00000000 00:00 0 
7ffa898f4000-7ffa898f7000 rw-s 00000000 00:05 1723                       /dev/nvidiactl
7ffa898f7000-7ffa898f8000 ---p 00000000 00:00 0 
7ffa898f8000-7ffa899f9000 rw-p 00000000 00:00 0 
7ffa899f9000-7ffa899fa000 ---p 00000000 00:00 0 
7ffa899fa000-7ffa8c000000 rw-p 00000000 00:00 0 
7ffa8c000000-7ffa8c021000 rw-p 00000000 00:00 0 
7ffa8c021000-7ffa90000000 ---p 00000000 00:00 0 
7ffa90000000-7ffa90021000 rw-p 00000000 00:00 0 
7ffa90021000-7ffa94000000 ---p 00000000 00:00 0 
7ffa94000000-7ffa94021000 rw-p 00000000 00:00 0 
7ffa94021000-7ffa98000000 ---p 00000000 00:00 0 
7ffa98000000-7ffa98002000 rw-s 00000000 00:01 167                        /memfd:/.glXXXXXX (deleted)
7ffa98002000-7ffa98004000 rw-s 00000000 00:05 1723                       /dev/nvidiactl
7ffa98004000-7ffa98016000 r-xp 00000000 103:05 3937521                   /home/peershaul/.jdks/openjdk-15.0.2/lib/libnio.so
7ffa98016000-7ffa98017000 r--p 00011000 103:05 3937521                   /home/peershaul/.jdks/openjdk-15.0.2/lib/libnio.so
7ffa98017000-7ffa98018000 rw-p 00012000 103:05 3937521                   /home/peershaul/.jdks/openjdk-15.0.2/lib/libnio.so
7ffa98018000-7ffa98501000 rw-p 00000000 00:00 0 
7ffa98501000-7ffa9bf41000 ---p 00000000 00:00 0 
7ffa9bf41000-7ffa9c339000 rw-p 00000000 00:00 0 
7ffa9c339000-7ffa9fd79000 ---p 00000000 00:00 0 
7ffa9fd79000-7ffa9fe06000 rw-p 00000000 00:00 0 
7ffa9fe06000-7ffaa054e000 ---p 00000000 00:00 0 
7ffaa054e000-7ffaa05cd000 rw-p 00000000 00:00 0 
7ffaa05cd000-7ffaa0d15000 ---p 00000000 00:00 0 
7ffaa0d15000-7ffaa0d17000 rw-p 00000000 00:00 0 
7ffaa0d17000-7ffaa0f87000 rwxp 00000000 00:00 0 
7ffaa0f87000-7ffaa12a8000 ---p 00000000 00:00 0 
7ffaa12a8000-7ffaa1518000 rwxp 00000000 00:00 0 
7ffaa1518000-7ffaa87df000 ---p 00000000 00:00 0 
7ffaa87df000-7ffaa8a4f000 rwxp 00000000 00:00 0 
7ffaa8a4f000-7ffaafd17000 ---p 00000000 00:00 0 
7ffaafd17000-7ffab8000000 r--s 00000000 103:05 3937530                   /home/peershaul/.jdks/openjdk-15.0.2/lib/modules
7ffab8000000-7ffab8a9b000 rw-p 00000000 00:00 0 
7ffab8a9b000-7ffabc000000 ---p 00000000 00:00 0 
7ffabc000000-7ffabc004000 rw-s 00000000 00:05 1723                       /dev/nvidiactl
7ffabc004000-7ffabc046000 rw-p 00000000 00:00 0 
7ffabc046000-7ffabc047000 ---p 00000000 00:00 0 
7ffabc047000-7ffabc148000 rw-p 00000000 00:00 0 
7ffabc148000-7ffabc149000 ---p 00000000 00:00 0 
7ffabc149000-7ffabc24a000 rw-p 00000000 00:00 0 
7ffabc24a000-7ffabc24b000 ---p 00000000 00:00 0 
7ffabc24b000-7ffabc44a000 rw-p 00000000 00:00 0 
7ffabc44a000-7ffabcb92000 ---p 00000000 00:00 0 
7ffabcb92000-7ffabd19f000 rw-p 00000000 00:00 0 
7ffabd19f000-7ffabd285000 ---p 00000000 00:00 0 
7ffabd285000-7ffabd28a000 rw-p 00000000 00:00 0 
7ffabd28a000-7ffabd370000 ---p 00000000 00:00 0 
7ffabd370000-7ffabd375000 rw-p 00000000 00:00 0 
7ffabd375000-7ffabd37c000 ---p 00000000 00:00 0 
7ffabd37c000-7ffabd3a0000 r-xp 00000000 103:05 3937507                   /home/peershaul/.jdks/openjdk-15.0.2/lib/libjava.so
7ffabd3a0000-7ffabd3a1000 ---p 00024000 103:05 3937507                   /home/peershaul/.jdks/openjdk-15.0.2/lib/libjava.so
7ffabd3a1000-7ffabd3a2000 r--p 00024000 103:05 3937507                   /home/peershaul/.jdks/openjdk-15.0.2/lib/libjava.so
7ffabd3a2000-7ffabd3a3000 rw-p 00025000 103:05 3937507                   /home/peershaul/.jdks/openjdk-15.0.2/lib/libjava.so
7ffabd3a3000-7ffabd3a4000 rw-p 00000000 00:00 0 
7ffabd3a4000-7ffabd3ac000 rw-s 00000000 00:21 223                        /tmp/hsperfdata_peershaul/58944
7ffabd3ac000-7ffabd3c8000 r-xp 00000000 103:05 3937511                   /home/peershaul/.jdks/openjdk-15.0.2/lib/libjimage.so
7ffabd3c8000-7ffabd3ca000 r--p 0001b000 103:05 3937511                   /home/peershaul/.jdks/openjdk-15.0.2/lib/libjimage.so
7ffabd3ca000-7ffabd3cb000 rw-p 0001d000 103:05 3937511                   /home/peershaul/.jdks/openjdk-15.0.2/lib/libjimage.so
7ffabd3cb000-7ffabd3ce000 r--p 00000000 103:05 4066717                   /usr/lib/librt-2.33.so
7ffabd3ce000-7ffabd3d2000 r-xp 00003000 103:05 4066717                   /usr/lib/librt-2.33.so
7ffabd3d2000-7ffabd3d4000 r--p 00007000 103:05 4066717                   /usr/lib/librt-2.33.so
7ffabd3d4000-7ffabd3d5000 r--p 00008000 103:05 4066717                   /usr/lib/librt-2.33.so
7ffabd3d5000-7ffabd3d6000 rw-p 00009000 103:05 4066717                   /usr/lib/librt-2.33.so
7ffabd3d6000-7ffabd3da000 ---p 00000000 00:00 0 
7ffabd3da000-7ffabd4d7000 rw-p 00000000 00:00 0 
7ffabd4d7000-7ffabd4e6000 r--p 00000000 103:05 4066681                   /usr/lib/libm-2.33.so
7ffabd4e6000-7ffabd581000 r-xp 0000f000 103:05 4066681                   /usr/lib/libm-2.33.so
7ffabd581000-7ffabd619000 r--p 000aa000 103:05 4066681                   /usr/lib/libm-2.33.so
7ffabd619000-7ffabd61a000 ---p 00142000 103:05 4066681                   /usr/lib/libm-2.33.so
7ffabd61a000-7ffabd61b000 r--p 00142000 103:05 4066681                   /usr/lib/libm-2.33.so
7ffabd61b000-7ffabd61c000 rw-p 00143000 103:05 4066681                   /usr/lib/libm-2.33.so
7ffabd61c000-7ffabe663000 r-xp 00000000 103:05 4101284                   /home/peershaul/.jdks/openjdk-15.0.2/lib/server/libjvm.so
7ffabe663000-7ffabe664000 ---p 01047000 103:05 4101284                   /home/peershaul/.jdks/openjdk-15.0.2/lib/server/libjvm.so
7ffabe664000-7ffabe6fe000 r--p 01047000 103:05 4101284                   /home/peershaul/.jdks/openjdk-15.0.2/lib/server/libjvm.so
7ffabe6fe000-7ffabe735000 rw-p 010e1000 103:05 4101284                   /home/peershaul/.jdks/openjdk-15.0.2/lib/server/libjvm.so
7ffabe735000-7ffabe7c0000 rw-p 00000000 00:00 0 
7ffabe7c0000-7ffabe7e6000 r--p 00000000 103:05 4066668                   /usr/lib/libc-2.33.so
7ffabe7e6000-7ffabe932000 r-xp 00026000 103:05 4066668                   /usr/lib/libc-2.33.so
7ffabe932000-7ffabe97e000 r--p 00172000 103:05 4066668                   /usr/lib/libc-2.33.so
7ffabe97e000-7ffabe981000 r--p 001bd000 103:05 4066668                   /usr/lib/libc-2.33.so
7ffabe981000-7ffabe984000 rw-p 001c0000 103:05 4066668                   /usr/lib/libc-2.33.so
7ffabe984000-7ffabe98d000 rw-p 00000000 00:00 0 
7ffabe98d000-7ffabe98f000 r--p 00000000 103:05 4066675                   /usr/lib/libdl-2.33.so
7ffabe98f000-7ffabe991000 r-xp 00002000 103:05 4066675                   /usr/lib/libdl-2.33.so
7ffabe991000-7ffabe992000 r--p 00004000 103:05 4066675                   /usr/lib/libdl-2.33.so
7ffabe992000-7ffabe993000 r--p 00004000 103:05 4066675                   /usr/lib/libdl-2.33.so
7ffabe993000-7ffabe994000 rw-p 00005000 103:05 4066675                   /usr/lib/libdl-2.33.so
7ffabe994000-7ffabe99b000 r--p 00000000 103:05 4066709                   /usr/lib/libpthread-2.33.so
7ffabe99b000-7ffabe9aa000 r-xp 00007000 103:05 4066709                   /usr/lib/libpthread-2.33.so
7ffabe9aa000-7ffabe9af000 r--p 00016000 103:05 4066709                   /usr/lib/libpthread-2.33.so
7ffabe9af000-7ffabe9b0000 r--p 0001a000 103:05 4066709                   /usr/lib/libpthread-2.33.so
7ffabe9b0000-7ffabe9b1000 rw-p 0001b000 103:05 4066709                   /usr/lib/libpthread-2.33.so
7ffabe9b1000-7ffabe9b5000 rw-p 00000000 00:00 0 
7ffabe9b5000-7ffabe9c4000 r-xp 00000000 103:05 3937512                   /home/peershaul/.jdks/openjdk-15.0.2/lib/libjli.so
7ffabe9c4000-7ffabe9c5000 r--p 0000e000 103:05 3937512                   /home/peershaul/.jdks/openjdk-15.0.2/lib/libjli.so
7ffabe9c5000-7ffabe9c6000 rw-p 0000f000 103:05 3937512                   /home/peershaul/.jdks/openjdk-15.0.2/lib/libjli.so
7ffabe9c6000-7ffabe9c9000 r--p 00000000 103:05 4076472                   /usr/lib/libz.so.1.2.11
7ffabe9c9000-7ffabe9d7000 r-xp 00003000 103:05 4076472                   /usr/lib/libz.so.1.2.11
7ffabe9d7000-7ffabe9dd000 r--p 00011000 103:05 4076472                   /usr/lib/libz.so.1.2.11
7ffabe9dd000-7ffabe9de000 ---p 00017000 103:05 4076472                   /usr/lib/libz.so.1.2.11
7ffabe9de000-7ffabe9df000 r--p 00017000 103:05 4076472                   /usr/lib/libz.so.1.2.11
7ffabe9df000-7ffabe9e0000 rw-p 00018000 103:05 4076472                   /usr/lib/libz.so.1.2.11
7ffabe9e0000-7ffabe9e2000 rw-p 00000000 00:00 0 
7ffabe9e2000-7ffabe9e3000 rw-s 00000000 00:05 1724                       /dev/nvidia0
7ffabe9e3000-7ffabe9e4000 rw-s 00000000 00:05 1723                       /dev/nvidiactl
7ffabe9e4000-7ffabe9e5000 rw-s 00000000 00:05 1723                       /dev/nvidiactl
7ffabe9e5000-7ffabe9e6000 rw-s 00000000 00:05 1723                       /dev/nvidiactl
7ffabe9e6000-7ffabe9e7000 r-xp 00000000 00:00 0 
7ffabe9e7000-7ffabe9ea000 r--p 00000000 103:05 4066702                   /usr/lib/libnss_files-2.33.so
7ffabe9ea000-7ffabe9f1000 r-xp 00003000 103:05 4066702                   /usr/lib/libnss_files-2.33.so
7ffabe9f1000-7ffabe9f3000 r--p 0000a000 103:05 4066702                   /usr/lib/libnss_files-2.33.so
7ffabe9f3000-7ffabe9f4000 r--p 0000b000 103:05 4066702                   /usr/lib/libnss_files-2.33.so
7ffabe9f4000-7ffabe9f5000 rw-p 0000c000 103:05 4066702                   /usr/lib/libnss_files-2.33.so
7ffabe9f5000-7ffabe9fb000 rw-p 00000000 00:00 0 
7ffabe9fb000-7ffabe9fc000 ---p 00000000 00:00 0 
7ffabe9fc000-7ffabe9fd000 r--p 00000000 00:00 0 
7ffabe9fd000-7ffabe9fe000 r--p 00000000 103:05 4066657                   /usr/lib/ld-2.33.so
7ffabe9fe000-7ffabea22000 r-xp 00001000 103:05 4066657                   /usr/lib/ld-2.33.so
7ffabea22000-7ffabea2b000 r--p 00025000 103:05 4066657                   /usr/lib/ld-2.33.so
7ffabea2b000-7ffabea2c000 ---p 00000000 00:00 0 
7ffabea2c000-7ffabea2e000 r--p 0002e000 103:05 4066657                   /usr/lib/ld-2.33.so
7ffabea2e000-7ffabea30000 rw-p 00030000 103:05 4066657                   /usr/lib/ld-2.33.so
7ffe2c6fe000-7ffe2c720000 rw-p 00000000 00:00 0                          [stack]
7ffe2c782000-7ffe2c786000 r--p 00000000 00:00 0                          [vvar]
7ffe2c786000-7ffe2c788000 r-xp 00000000 00:00 0                          [vdso]
ffffffffff600000-ffffffffff601000 --xp 00000000 00:00 0                  [vsyscall]


VM Arguments:
jvm_args: -Dfile.encoding=US-ASCII -Duser.country=US -Duser.language=en -Duser.variant 
java_command: Main
java_class_path (initial): /volume/dev/OpenGL/Java/EngineTest/build/classes/java/main:/volume/dev/OpenGL/Java/EngineTest/build/resources/main:/home/peershaul/.gradle/caches/modules-2/files-2.1/org.lwjgl/lwjgl-assimp/3.2.3/f62aa07a20afbdd3097efc296c4841e0d29700eb/lwjgl-assimp-3.2.3.jar:/home/peershaul/.gradle/caches/modules-2/files-2.1/org.lwjgl/lwjgl-assimp/3.2.3/9ecc218db17c49f2819a5a80dee7efea65a9ac4f/lwjgl-assimp-3.2.3-natives-linux.jar:/home/peershaul/.gradle/caches/modules-2/files-2.1/org.lwjgl/lwjgl-bgfx/3.2.3/433883c4040fa8df47244dffa1d42c96ce2143de/lwjgl-bgfx-3.2.3.jar:/home/peershaul/.gradle/caches/modules-2/files-2.1/org.lwjgl/lwjgl-bgfx/3.2.3/b30a656e8833ab98cc9434686c17390dbfa12531/lwjgl-bgfx-3.2.3-natives-linux.jar:/home/peershaul/.gradle/caches/modules-2/files-2.1/org.lwjgl/lwjgl-glfw/3.2.3/5e520d5c290c8b012545a8d34fa5db5ab051ea53/lwjgl-glfw-3.2.3.jar:/home/peershaul/.gradle/caches/modules-2/files-2.1/org.lwjgl/lwjgl-glfw/3.2.3/62b044d9b0a057444bef2ab70b9afc288ec09dba/lwjgl-glfw-3.2.3-natives-linux.jar:/home/peershaul/.gradle/caches/modules-2/files-2.1/org.lwjgl/lwjgl-nanovg/3.2.3/718be4a13691d1cd276fa852326e9e837d65204e/lwjgl-nanovg-3.2.3.jar:/home/peershaul/.gradle/caches/modules-2/files-2.1/org.lwjgl/lwjgl-nanovg/3.2.3/73a623c979331cac61050c36ebeabee5a5b8eae6/lwjgl-nanovg-3.2.3-natives-linux.jar:/home/peershaul/.gradle/caches/modules-2/files-2.1/org.lwjgl/lwjgl-nuklear/3.2.3/45bfab23e975201bf3cb81287be6034adec64a86/lwjgl-nuklear-3.2.3.jar:/home/peershaul/.gradle/caches/modules-2/files-2.1/org.lwjgl/lwjgl-nuklear/3.2.3/cbc2898b60a5f85368dc2f6999df7fc33926d83e/lwjgl-nuklear-3.2.3-natives-linux.jar:/home/peershaul/.gradle/caches/modules-2/files-2.1/org.lwjgl/lwjgl-openal/3.2.3/106742e805803ab9eab8e343f0fb31a3d263903c/lwjgl-openal-3.2.3.jar:/home/peershaul/.gradle/caches/modules-2/files-2.1/org.lwjgl/lwjgl-openal/3.2.3/869ddd9dbbf92a7d1be7f5942ca0adbde068d999/lwjgl-openal-3.2.3-natives-linux.jar:/home/peershaul/.gradle/caches/modules-2/files-2.1/org.l
Launcher Type: SUN_STANDARD

[Global flags]
     intx CICompilerCount                          = 3                                         {product} {ergonomic}
     uint ConcGCThreads                            = 2                                         {product} {ergonomic}
     uint G1ConcRefinementThreads                  = 6                                         {product} {ergonomic}
   size_t G1HeapRegionSize                         = 2097152                                   {product} {ergonomic}
    uintx GCDrainStackTargetSize                   = 64                                        {product} {ergonomic}
   size_t InitialHeapSize                          = 262144000                                 {product} {ergonomic}
   size_t MarkStackSize                            = 4194304                                   {product} {ergonomic}
   size_t MaxHeapSize                              = 4175429632                                {product} {ergonomic}
   size_t MaxNewSize                               = 2503999488                                {product} {ergonomic}
   size_t MinHeapDeltaBytes                        = 2097152                                   {product} {ergonomic}
   size_t MinHeapSize                              = 8388608                                   {product} {ergonomic}
    uintx NonNMethodCodeHeapSize                   = 5832780                                {pd product} {ergonomic}
    uintx NonProfiledCodeHeapSize                  = 122912730                              {pd product} {ergonomic}
    uintx ProfiledCodeHeapSize                     = 122912730                              {pd product} {ergonomic}
    uintx ReservedCodeCacheSize                    = 251658240                              {pd product} {ergonomic}
     bool SegmentedCodeCache                       = true                                      {product} {ergonomic}
   size_t SoftMaxHeapSize                          = 4175429632                             {manageable} {ergonomic}
     bool UseCompressedClassPointers               = true                                 {lp64_product} {ergonomic}
     bool UseCompressedOops                        = true                                 {lp64_product} {ergonomic}
     bool UseG1GC                                  = true                                      {product} {ergonomic}

Logging:
Log output configuration:
 #0: stdout all=warning uptime,level,tags
 #1: stderr all=off uptime,level,tags

Environment Variables:
PATH=/usr/sbin:/sbin:/usr/games:/usr/local/bin:/usr/bin:/bin:/usr/local/sbin:/usr/lib/jvm/default/bin:/usr/bin/site_perl:/usr/bin/vendor_perl:/usr/bin/core_perl:/var/lib/snapd/snap/bin
SHELL=/usr/bin/zsh
DISPLAY=:0
LANG=en_US

Signal Handlers:
SIGSEGV: [libjvm.so+0xd64200], sa_mask[0]=11111111011111111101111111111110, sa_flags=SA_RESTART|SA_SIGINFO
SIGBUS: [libjvm.so+0xd64200], sa_mask[0]=11111111011111111101111111111110, sa_flags=SA_RESTART|SA_SIGINFO
SIGFPE: [libjvm.so+0xd64200], sa_mask[0]=11111111011111111101111111111110, sa_flags=SA_RESTART|SA_SIGINFO
SIGPIPE: [libjvm.so+0xb419c0], sa_mask[0]=11111111011111111101111111111110, sa_flags=SA_RESTART|SA_SIGINFO
SIGXFSZ: [libjvm.so+0xb419c0], sa_mask[0]=11111111011111111101111111111110, sa_flags=SA_RESTART|SA_SIGINFO
SIGILL: [libjvm.so+0xd64200], sa_mask[0]=11111111011111111101111111111110, sa_flags=SA_RESTART|SA_SIGINFO
SIGUSR2: [libjvm.so+0xb41860], sa_mask[0]=00100000000000000000000000000000, sa_flags=SA_RESTART|SA_SIGINFO
SIGHUP: [libjvm.so+0xb420d0], sa_mask[0]=11111111011111111101111111111110, sa_flags=SA_RESTART|SA_SIGINFO
SIGINT: [libjvm.so+0xb420d0], sa_mask[0]=11111111011111111101111111111110, sa_flags=SA_RESTART|SA_SIGINFO
SIGTERM: [libjvm.so+0xb420d0], sa_mask[0]=11111111011111111101111111111110, sa_flags=SA_RESTART|SA_SIGINFO
SIGQUIT: [libjvm.so+0xb420d0], sa_mask[0]=11111111011111111101111111111110, sa_flags=SA_RESTART|SA_SIGINFO


---------------  S Y S T E M  ---------------

OS:
LSB_VERSION=1.4
DISTRIB_ID=Arch
DISTRIB_RELEASE=rolling
DISTRIB_DESCRIPTION="Arch Linux"
uname: Linux 5.11.11-arch1-1 #1 SMP PREEMPT Tue, 30 Mar 2021 14:10:17 +0000 x86_64
OS uptime: 0 days 3:27 hours
libc: glibc 2.33 NPTL 2.33 
rlimit (soft/hard): STACK 8192k/infinity , CORE infinity/infinity , NPROC 63622/63622 , NOFILE 524288/524288 , AS infinity/infinity , CPU infinity/infinity , DATA infinity/infinity , FSIZE infinity/infinity , MEMLOCK 64k/64k
load average: 1.72 1.04 0.82

/proc/meminfo:
MemTotal:       16302448 kB
MemFree:         9446068 kB
MemAvailable:   11581600 kB
Buffers:          145068 kB
Cached:          2715244 kB
SwapCached:            0 kB
Active:           968064 kB
Inactive:        5484224 kB
Active(anon):       9604 kB
Inactive(anon):  4113304 kB
Active(file):     958460 kB
Inactive(file):  1370920 kB
Unevictable:          32 kB
Mlocked:              32 kB
SwapTotal:             0 kB
SwapFree:              0 kB
Dirty:               576 kB
Writeback:             0 kB
AnonPages:       3592056 kB
Mapped:           919344 kB
Shmem:            530928 kB
KReclaimable:     125376 kB
Slab:             208548 kB
SReclaimable:     125376 kB
SUnreclaim:        83172 kB
KernelStack:        9504 kB
PageTables:        32236 kB
NFS_Unstable:          0 kB
Bounce:                0 kB
WritebackTmp:          0 kB
CommitLimit:     8151224 kB
Committed_AS:    8060752 kB
VmallocTotal:   34359738367 kB
VmallocUsed:       69828 kB
VmallocChunk:          0 kB
Percpu:             4480 kB
HardwareCorrupted:     0 kB
AnonHugePages:         0 kB
ShmemHugePages:        0 kB
ShmemPmdMapped:        0 kB
FileHugePages:         0 kB
FilePmdMapped:         0 kB
CmaTotal:              0 kB
CmaFree:               0 kB
HugePages_Total:       0
HugePages_Free:        0
HugePages_Rsvd:        0
HugePages_Surp:        0
Hugepagesize:       2048 kB
Hugetlb:               0 kB
DirectMap4k:      356280 kB
DirectMap2M:     7944192 kB
DirectMap1G:     8388608 kB

/sys/kernel/mm/transparent_hugepage/enabled: always [madvise] never
/sys/kernel/mm/transparent_hugepage/defrag (defrag/compaction efforts parameter): always defer defer+madvise [madvise] never

/proc/sys/kernel/threads-max (system-wide limit on the number of threads): 127245
/proc/sys/vm/max_map_count (maximum number of memory map areas a process may have): 65530
/proc/sys/kernel/pid_max (system-wide limit on number of process identifiers): 4194304

container (cgroup) information:
container_type: cgroupv2
cpu_cpuset_cpus: not supported
cpu_memory_nodes: not supported
active_processor_count: 6
cpu_quota: not supported
cpu_period: not supported
cpu_shares: not supported
memory_limit_in_bytes: unlimited
memory_and_swap_limit_in_bytes: unlimited
memory_soft_limit_in_bytes: unlimited
memory_usage_in_bytes: 3437404160
memory_max_usage_in_bytes: not supported

Steal ticks since vm start: 0
Steal ticks percentage since vm start:  0.000

CPU: total 6 (initial active 6) (6 cores per cpu, 1 threads per core) family 6 model 158 stepping 10 microcode 0x84, cmov, cx8, fxsr, mmx, sse, sse2, sse3, ssse3, sse4.1, sse4.2, popcnt, vzeroupper, avx, avx2, aes, clmul, erms, 3dnowpref, lzcnt, tsc, tscinvbit, bmi1, bmi2, adx, fma, clflush, clflushopt
CPU Model and flags from /proc/cpuinfo:
model name	: Intel(R) Core(TM) i5-8400 CPU @ 2.80GHz
flags		: fpu vme de pse tsc msr pae mce cx8 apic sep mtrr pge mca cmov pat pse36 clflush dts acpi mmx fxsr sse sse2 ss ht tm pbe syscall nx pdpe1gb rdtscp lm constant_tsc art arch_perfmon pebs bts rep_good nopl xtopology nonstop_tsc cpuid aperfmperf pni pclmulqdq dtes64 monitor ds_cpl vmx est tm2 ssse3 sdbg fma cx16 xtpr pdcm pcid sse4_1 sse4_2 x2apic movbe popcnt tsc_deadline_timer aes xsave avx f16c rdrand lahf_lm abm 3dnowprefetch cpuid_fault epb invpcid_single pti ibrs ibpb stibp tpr_shadow vnmi flexpriority ept vpid ept_ad fsgsbase tsc_adjust bmi1 avx2 smep bmi2 erms invpcid mpx rdseed adx smap clflushopt intel_pt xsaveopt xsavec xgetbv1 xsaves dtherm ida arat pln pts hwp hwp_notify hwp_act_window hwp_epp

Online cpus: 0-5
Offline cpus: 
BIOS frequency limitation: <Not Available>
Frequency switch latency (ns): 0
Available cpu frequencies: <Not Available>
Current governor: powersave
Core performance/turbo boost: <Not Available>

Memory: 4k page, physical 16302448k(9446068k free), swap 0k(0k free)

vm_info: OpenJDK 64-Bit Server VM (15.0.2+7-27) for linux-amd64 JRE (15.0.2+7-27), built on Dec  7 2020 19:54:59 by "mach5one" with gcc 9.2.0

END.
