#
# A fatal error has been detected by the Java Runtime Environment:
#
#  SIGSEGV (0xb) at pc=0x00007fdae700d460, pid=15014, tid=15020
#
# JRE version: OpenJDK Runtime Environment (15.0.2+7) (build 15.0.2+7-27)
# Java VM: OpenJDK 64-Bit Server VM (15.0.2+7-27, mixed mode, sharing, tiered, compressed oops, g1 gc, linux-amd64)
# Problematic frame:
# C  [libnvidia-glcore.so.460.67+0xf1a460]
#
# Core dump will be written. Default location: Core dumps may be processed with "/usr/lib/systemd/systemd-coredump %P %u %g %s %t %c %h" (or dumping to /volume/dev/OpenGL/Java/EngineTest/core.15014)
#
# If you would like to submit a bug report, please visit:
#   https://bugreport.java.com/bugreport/crash.jsp
# The crash happened outside the Java Virtual Machine in native code.
# See problematic frame for where to report the bug.
#

---------------  S U M M A R Y ------------

Command Line: -Dfile.encoding=US-ASCII -Duser.country=US -Duser.language=en -Duser.variant Main

Host: Intel(R) Core(TM) i5-8400 CPU @ 2.80GHz, 6 cores, 15G, Arch Linux
Time: Thu Mar 25 00:43:54 2021 IST elapsed time: 4.565703 seconds (0d 0h 0m 4s)

---------------  T H R E A D  ---------------

Current thread (0x00007fdb4c028e90):  JavaThread "main" [_thread_in_native, id=15020, stack(0x00007fdb52ca9000,0x00007fdb52daa000)]

Stack: [0x00007fdb52ca9000,0x00007fdb52daa000],  sp=0x00007fdb52da8450,  free space=1021k
Native frames: (J=compiled Java code, A=aot compiled Java code, j=interpreted, Vv=VM code, C=native code)
C  [libnvidia-glcore.so.460.67+0xf1a460]

Java frames: (J=compiled Java code, j=interpreted, Vv=VM code)
j  org.lwjgl.opengl.GL11C.nglDrawElements(IIIJ)V+0
j  org.lwjgl.opengl.GL11C.glDrawElements(IIIJ)V+4
j  graphics.Renderer.draw()V+29
j  Test.TestScene.update(F)V+67
j  utils.Window.loop()V+83
j  Main.main([Ljava/lang/String;)V+13
v  ~StubRoutines::call_stub

siginfo: si_signo: 11 (SIGSEGV), si_code: 1 (SEGV_MAPERR), si_addr: 0x0000000000000000

Register to memory mapping:

RAX=0x00007fdb1c89cda0 points into unknown readable memory: 0x0000000000000000 | 00 00 00 00 00 00 00 00
RBX=0x0000000040db2000 points into unknown readable memory: 0x00007fdb4c488bf0 | f0 8b 48 4c db 7f 00 00
RCX=0x0000000102671da0 is an unknown value
RDX=0x00007fdb1c89cda0 points into unknown readable memory: 0x0000000000000000 | 00 00 00 00 00 00 00 00
RSP=0x00007fdb52da8450 is pointing into the stack for thread: 0x00007fdb4c028e90
RBP=0x0000000000000628 is an unknown value
RSI=0x0 is NULL
RDI=0xffff0049c6ec64c0 is an unknown value
R8 =0x0 is NULL
R9 =0x00007fdb1c89d3b8 points into unknown readable memory: 0x0000000000000000 | 00 00 00 00 00 00 00 00
R10=0x0 is NULL
R11=0x000000000000030b is an unknown value
R12=0x00007fdb4c762948 points into unknown readable memory: 0x00007fdb4c84d000 | 00 d0 84 4c db 7f 00 00
R13=0x000000000000030c is an unknown value
R14=0x00007fdb4c75ba80 points into unknown readable memory: 0x0100100400000009 | 09 00 00 00 04 10 00 01
R15=0x000000000000030c is an unknown value


Registers:
RAX=0x00007fdb1c89cda0, RBX=0x0000000040db2000, RCX=0x0000000102671da0, RDX=0x00007fdb1c89cda0
RSP=0x00007fdb52da8450, RBP=0x0000000000000628, RSI=0x0000000000000000, RDI=0xffff0049c6ec64c0
R8 =0x0000000000000000, R9 =0x00007fdb1c89d3b8, R10=0x0000000000000000, R11=0x000000000000030b
R12=0x00007fdb4c762948, R13=0x000000000000030c, R14=0x00007fdb4c75ba80, R15=0x000000000000030c
RIP=0x00007fdae700d460, EFLAGS=0x0000000000010287, CSGSFS=0x002b000000000033, ERR=0x0000000000000004
  TRAPNO=0x000000000000000e

Top of Stack: (sp=0x00007fdb52da8450)
0x00007fdb52da8450:   000000044c75ba80 00007fdb1c1857c4
0x00007fdb52da8460:   0000000000000000 0000000040db2000
0x00007fdb52da8470:   00007fdb52da84f4 0000000102671da0
0x00007fdb52da8480:   0000000040e09160 0000000040e09160 

Instructions: (pc=0x00007fdae700d460)
0x00007fdae700d360:   b6 81 29 06 00 00 0f 85 05 02 00 00 84 c0 0f 85
0x00007fdae700d370:   9c 01 00 00 8b b1 00 06 00 00 48 8b 81 70 0a 00
0x00007fdae700d380:   00 85 f6 0f 85 27 02 00 00 31 f6 80 bb 78 85 05
0x00007fdae700d390:   00 00 74 5c f6 81 bc 0a 00 00 01 0f 84 1f 02 00
0x00007fdae700d3a0:   00 48 85 c0 0f 84 16 02 00 00 48 8b 88 b0 00 00
0x00007fdae700d3b0:   00 48 85 c9 74 3a 48 03 48 10 31 c0 49 39 c8 73
0x00007fdae700d3c0:   21 4d 01 c7 4c 39 f9 0f 83 27 02 00 00 4c 29 c1
0x00007fdae700d3d0:   48 89 c8 48 c1 e8 3f 48 01 c1 48 d1 f9 89 c8 41
0x00007fdae700d3e0:   29 cd 44 89 ee 41 89 c5 0f 1f 84 00 00 00 00 00
0x00007fdae700d3f0:   41 8d 48 0f 8d 42 0f 83 e1 f0 83 e0 f0 44 29 c1
0x00007fdae700d400:   29 d0 d1 f9 29 c8 49 63 8e f0 6e 00 00 83 e0 0f
0x00007fdae700d410:   48 01 d0 49 89 c1 48 89 c2 49 8b bc ce c8 6e 00
0x00007fdae700d420:   00 48 b9 ff ff ff ff ff ff ff 3f 4c 2b 4f 58 48
0x00007fdae700d430:   23 4f 60 4c 01 c9 45 85 ed 48 89 4c 24 28 74 35
0x00007fdae700d440:   41 8d 55 ff 49 89 d3 4c 8d 4c 50 02 48 89 c2 48
0x00007fdae700d450:   f7 da 49 8d 3c 50 48 89 c2 0f 1f 80 00 00 00 00
0x00007fdae700d460:   8b 0c 57 48 83 c2 02 66 89 4a fe 4c 39 ca 75 f0
0x00007fdae700d470:   4a 8d 54 58 02 85 f6 74 1e 8d 46 ff 48 8d 44 42
0x00007fdae700d480:   02 0f 1f 80 00 00 00 00 31 c9 48 83 c2 02 66 89
0x00007fdae700d490:   4a fe 48 39 c2 75 f1 48 8b bb b0 af 04 00 48 8b
0x00007fdae700d4a0:   77 68 48 8d 46 18 48 39 47 70 0f 86 e0 00 00 00
0x00007fdae700d4b0:   48 8b 4c 24 28 48 8d 54 24 28 48 83 ec 08 6a 00
0x00007fdae700d4c0:   41 55 48 89 df 68 03 14 00 00 44 8b 44 24 24 45
0x00007fdae700d4d0:   31 c9 48 01 e9 e8 e6 fb ff ff 48 8b 93 b0 af 04
0x00007fdae700d4e0:   00 48 83 c4 20 4c 89 e6 4c 89 f7 48 89 42 68 e8
0x00007fdae700d4f0:   dc 9b f6 ff 48 8b 83 b0 af 04 00 48 8b 40 68 48
0x00007fdae700d500:   83 c4 38 5b 5d 41 5c 41 5d 41 5e 41 5f c3 66 90
0x00007fdae700d510:   48 8b b1 38 07 00 00 48 89 df 4c 89 44 24 18 48
0x00007fdae700d520:   89 54 24 10 e8 c7 2f b1 ff 48 89 df 48 89 c6 48
0x00007fdae700d530:   89 44 24 08 e8 27 74 e7 ff 48 8b 44 24 08 48 8b
0x00007fdae700d540:   8b 38 7c 05 00 4c 8b 44 24 18 48 8b 54 24 10 48
0x00007fdae700d550:   8b b0 b0 00 00 00 48 2b b0 28 01 00 00 48 8b 81 


Stack slot to memory mapping:
stack at sp + 0 slots: 0x000000044c75ba80 is an unknown value
stack at sp + 1 slots: 0x00007fdb1c1857c4 points into unknown readable memory: 00 00 00 00
stack at sp + 2 slots: 0x0 is NULL
stack at sp + 3 slots: 0x0000000040db2000 points into unknown readable memory: 0x00007fdb4c488bf0 | f0 8b 48 4c db 7f 00 00
stack at sp + 4 slots: 0x00007fdb52da84f4 is pointing into the stack for thread: 0x00007fdb4c028e90
stack at sp + 5 slots: 0x0000000102671da0 is an unknown value
stack at sp + 6 slots: 0x0000000040e09160 points into unknown readable memory: 0x0000000000000000 | 00 00 00 00 00 00 00 00
stack at sp + 7 slots: 0x0000000040e09160 points into unknown readable memory: 0x0000000000000000 | 00 00 00 00 00 00 00 00


---------------  P R O C E S S  ---------------

Threads class SMR info:
_java_thread_list=0x00007fdae0067a30, length=10, elements={
0x00007fdb4c028e90, 0x00007fdb4c170650, 0x00007fdb4c171d90, 0x00007fdb4c1778b0,
0x00007fdb4c178fc0, 0x00007fdb4c17abe0, 0x00007fdb4c17c410, 0x00007fdb4c17db10,
0x00007fdb4c1d30f0, 0x00007fdb4c1d65a0
}

Java Threads: ( => current thread )
=>0x00007fdb4c028e90 JavaThread "main" [_thread_in_native, id=15020, stack(0x00007fdb52ca9000,0x00007fdb52daa000)]
  0x00007fdb4c170650 JavaThread "Reference Handler" daemon [_thread_blocked, id=15027, stack(0x00007fdb2c6a1000,0x00007fdb2c7a2000)]
  0x00007fdb4c171d90 JavaThread "Finalizer" daemon [_thread_blocked, id=15028, stack(0x00007fdb2c5a0000,0x00007fdb2c6a1000)]
  0x00007fdb4c1778b0 JavaThread "Signal Dispatcher" daemon [_thread_blocked, id=15029, stack(0x00007fdb2c1b6000,0x00007fdb2c2b7000)]
  0x00007fdb4c178fc0 JavaThread "Service Thread" daemon [_thread_blocked, id=15030, stack(0x00007fdb2c0b5000,0x00007fdb2c1b6000)]
  0x00007fdb4c17abe0 JavaThread "C2 CompilerThread0" daemon [_thread_blocked, id=15031, stack(0x00007fdb1deff000,0x00007fdb1e000000)]
  0x00007fdb4c17c410 JavaThread "C1 CompilerThread0" daemon [_thread_blocked, id=15032, stack(0x00007fdb1ddfe000,0x00007fdb1deff000)]
  0x00007fdb4c17db10 JavaThread "Sweeper thread" daemon [_thread_blocked, id=15033, stack(0x00007fdb1dcfd000,0x00007fdb1ddfe000)]
  0x00007fdb4c1d30f0 JavaThread "Notification Thread" daemon [_thread_blocked, id=15034, stack(0x00007fdb1dbfc000,0x00007fdb1dcfd000)]
  0x00007fdb4c1d65a0 JavaThread "Common-Cleaner" daemon [_thread_blocked, id=15036, stack(0x00007fdb1d9f9000,0x00007fdb1dafa000)]

Other Threads:
  0x00007fdb4c16d900 VMThread "VM Thread" [stack: 0x00007fdb2c7a4000,0x00007fdb2c8a4000] [id=15026]
  0x00007fdb4c1d4cb0 WatcherThread [stack: 0x00007fdb1dafc000,0x00007fdb1dbfc000] [id=15035]
  0x00007fdb4c078870 GCTaskThread "GC Thread#0" [stack: 0x00007fdb50b7c000,0x00007fdb50c7c000] [id=15021]
  0x00007fdb4c089ab0 ConcurrentGCThread "G1 Main Marker" [stack: 0x00007fdb50a7a000,0x00007fdb50b7a000] [id=15022]
  0x00007fdb4c08ad40 ConcurrentGCThread "G1 Conc#0" [stack: 0x00007fdb50978000,0x00007fdb50a78000] [id=15023]
  0x00007fdb4c1382e0 ConcurrentGCThread "G1 Refine#0" [stack: 0x00007fdb50270000,0x00007fdb50370000] [id=15024]
  0x00007fdb4c1394f0 ConcurrentGCThread "G1 Young RemSet Sampling" [stack: 0x00007fdb5016e000,0x00007fdb5026e000] [id=15025]

Threads with active compile tasks:

VM state: not at safepoint (normal execution)

VM Mutex/Monitor currently owned by a thread: None

Heap address: 0x0000000707200000, size: 3982 MB, Compressed Oops mode: Zero based, Oop shift amount: 3
CDS archive(s) mapped at: [0x0000000800000000-0x0000000800b33000-0x0000000800b33000), size 11743232, SharedBaseAddress: 0x0000000800000000, ArchiveRelocationMode: 0.
Compressed class space mapped at: 0x0000000800b34000-0x0000000840b34000, size: 1073741824
Narrow klass base: 0x0000000800000000, Narrow klass shift: 3, Narrow klass range: 0x100000000

GC Precious Log:
 CPUs: 6 total, 6 available
 Memory: 15920M
 Large Page Support: Disabled
 NUMA Support: Disabled
 Compressed Oops: Enabled (Zero based)
 Heap Region Size: 2M
 Heap Min Capacity: 8M
 Heap Initial Capacity: 250M
 Heap Max Capacity: 3982M
 Pre-touch: Disabled
 Parallel Workers: 6
 Concurrent Workers: 2
 Concurrent Refinement Workers: 6
 Periodic GC: Disabled

Heap:
 garbage-first heap   total 260096K, used 14136K [0x0000000707200000, 0x0000000800000000)
  region size 2048K, 8 young (16384K), 0 survivors (0K)
 Metaspace       used 6269K, capacity 9015K, committed 9344K, reserved 1058816K
  class space    used 343K, capacity 620K, committed 640K, reserved 1048576K

Heap Regions: E=young(eden), S=young(survivor), O=old, HS=humongous(starts), HC=humongous(continues), CS=collection set, F=free, OA=open archive, CA=closed archive, TAMS=top-at-mark-start (previous, next)
|   0|0x0000000707200000, 0x0000000707200000, 0x0000000707400000|  0%| F|  |TAMS 0x0000000707200000, 0x0000000707200000| Untracked 
|   1|0x0000000707400000, 0x0000000707400000, 0x0000000707600000|  0%| F|  |TAMS 0x0000000707400000, 0x0000000707400000| Untracked 
|   2|0x0000000707600000, 0x0000000707600000, 0x0000000707800000|  0%| F|  |TAMS 0x0000000707600000, 0x0000000707600000| Untracked 
|   3|0x0000000707800000, 0x0000000707800000, 0x0000000707a00000|  0%| F|  |TAMS 0x0000000707800000, 0x0000000707800000| Untracked 
|   4|0x0000000707a00000, 0x0000000707a00000, 0x0000000707c00000|  0%| F|  |TAMS 0x0000000707a00000, 0x0000000707a00000| Untracked 
|   5|0x0000000707c00000, 0x0000000707c00000, 0x0000000707e00000|  0%| F|  |TAMS 0x0000000707c00000, 0x0000000707c00000| Untracked 
|   6|0x0000000707e00000, 0x0000000707e00000, 0x0000000708000000|  0%| F|  |TAMS 0x0000000707e00000, 0x0000000707e00000| Untracked 
|   7|0x0000000708000000, 0x0000000708000000, 0x0000000708200000|  0%| F|  |TAMS 0x0000000708000000, 0x0000000708000000| Untracked 
|   8|0x0000000708200000, 0x0000000708200000, 0x0000000708400000|  0%| F|  |TAMS 0x0000000708200000, 0x0000000708200000| Untracked 
|   9|0x0000000708400000, 0x0000000708400000, 0x0000000708600000|  0%| F|  |TAMS 0x0000000708400000, 0x0000000708400000| Untracked 
|  10|0x0000000708600000, 0x0000000708600000, 0x0000000708800000|  0%| F|  |TAMS 0x0000000708600000, 0x0000000708600000| Untracked 
|  11|0x0000000708800000, 0x0000000708800000, 0x0000000708a00000|  0%| F|  |TAMS 0x0000000708800000, 0x0000000708800000| Untracked 
|  12|0x0000000708a00000, 0x0000000708a00000, 0x0000000708c00000|  0%| F|  |TAMS 0x0000000708a00000, 0x0000000708a00000| Untracked 
|  13|0x0000000708c00000, 0x0000000708c00000, 0x0000000708e00000|  0%| F|  |TAMS 0x0000000708c00000, 0x0000000708c00000| Untracked 
|  14|0x0000000708e00000, 0x0000000708e00000, 0x0000000709000000|  0%| F|  |TAMS 0x0000000708e00000, 0x0000000708e00000| Untracked 
|  15|0x0000000709000000, 0x0000000709000000, 0x0000000709200000|  0%| F|  |TAMS 0x0000000709000000, 0x0000000709000000| Untracked 
|  16|0x0000000709200000, 0x0000000709200000, 0x0000000709400000|  0%| F|  |TAMS 0x0000000709200000, 0x0000000709200000| Untracked 
|  17|0x0000000709400000, 0x0000000709400000, 0x0000000709600000|  0%| F|  |TAMS 0x0000000709400000, 0x0000000709400000| Untracked 
|  18|0x0000000709600000, 0x0000000709600000, 0x0000000709800000|  0%| F|  |TAMS 0x0000000709600000, 0x0000000709600000| Untracked 
|  19|0x0000000709800000, 0x0000000709800000, 0x0000000709a00000|  0%| F|  |TAMS 0x0000000709800000, 0x0000000709800000| Untracked 
|  20|0x0000000709a00000, 0x0000000709a00000, 0x0000000709c00000|  0%| F|  |TAMS 0x0000000709a00000, 0x0000000709a00000| Untracked 
|  21|0x0000000709c00000, 0x0000000709c00000, 0x0000000709e00000|  0%| F|  |TAMS 0x0000000709c00000, 0x0000000709c00000| Untracked 
|  22|0x0000000709e00000, 0x0000000709e00000, 0x000000070a000000|  0%| F|  |TAMS 0x0000000709e00000, 0x0000000709e00000| Untracked 
|  23|0x000000070a000000, 0x000000070a000000, 0x000000070a200000|  0%| F|  |TAMS 0x000000070a000000, 0x000000070a000000| Untracked 
|  24|0x000000070a200000, 0x000000070a200000, 0x000000070a400000|  0%| F|  |TAMS 0x000000070a200000, 0x000000070a200000| Untracked 
|  25|0x000000070a400000, 0x000000070a400000, 0x000000070a600000|  0%| F|  |TAMS 0x000000070a400000, 0x000000070a400000| Untracked 
|  26|0x000000070a600000, 0x000000070a600000, 0x000000070a800000|  0%| F|  |TAMS 0x000000070a600000, 0x000000070a600000| Untracked 
|  27|0x000000070a800000, 0x000000070a800000, 0x000000070aa00000|  0%| F|  |TAMS 0x000000070a800000, 0x000000070a800000| Untracked 
|  28|0x000000070aa00000, 0x000000070aa00000, 0x000000070ac00000|  0%| F|  |TAMS 0x000000070aa00000, 0x000000070aa00000| Untracked 
|  29|0x000000070ac00000, 0x000000070ac00000, 0x000000070ae00000|  0%| F|  |TAMS 0x000000070ac00000, 0x000000070ac00000| Untracked 
|  30|0x000000070ae00000, 0x000000070ae00000, 0x000000070b000000|  0%| F|  |TAMS 0x000000070ae00000, 0x000000070ae00000| Untracked 
|  31|0x000000070b000000, 0x000000070b000000, 0x000000070b200000|  0%| F|  |TAMS 0x000000070b000000, 0x000000070b000000| Untracked 
|  32|0x000000070b200000, 0x000000070b200000, 0x000000070b400000|  0%| F|  |TAMS 0x000000070b200000, 0x000000070b200000| Untracked 
|  33|0x000000070b400000, 0x000000070b400000, 0x000000070b600000|  0%| F|  |TAMS 0x000000070b400000, 0x000000070b400000| Untracked 
|  34|0x000000070b600000, 0x000000070b600000, 0x000000070b800000|  0%| F|  |TAMS 0x000000070b600000, 0x000000070b600000| Untracked 
|  35|0x000000070b800000, 0x000000070b800000, 0x000000070ba00000|  0%| F|  |TAMS 0x000000070b800000, 0x000000070b800000| Untracked 
|  36|0x000000070ba00000, 0x000000070ba00000, 0x000000070bc00000|  0%| F|  |TAMS 0x000000070ba00000, 0x000000070ba00000| Untracked 
|  37|0x000000070bc00000, 0x000000070bc00000, 0x000000070be00000|  0%| F|  |TAMS 0x000000070bc00000, 0x000000070bc00000| Untracked 
|  38|0x000000070be00000, 0x000000070be00000, 0x000000070c000000|  0%| F|  |TAMS 0x000000070be00000, 0x000000070be00000| Untracked 
|  39|0x000000070c000000, 0x000000070c000000, 0x000000070c200000|  0%| F|  |TAMS 0x000000070c000000, 0x000000070c000000| Untracked 
|  40|0x000000070c200000, 0x000000070c200000, 0x000000070c400000|  0%| F|  |TAMS 0x000000070c200000, 0x000000070c200000| Untracked 
|  41|0x000000070c400000, 0x000000070c400000, 0x000000070c600000|  0%| F|  |TAMS 0x000000070c400000, 0x000000070c400000| Untracked 
|  42|0x000000070c600000, 0x000000070c600000, 0x000000070c800000|  0%| F|  |TAMS 0x000000070c600000, 0x000000070c600000| Untracked 
|  43|0x000000070c800000, 0x000000070c800000, 0x000000070ca00000|  0%| F|  |TAMS 0x000000070c800000, 0x000000070c800000| Untracked 
|  44|0x000000070ca00000, 0x000000070ca00000, 0x000000070cc00000|  0%| F|  |TAMS 0x000000070ca00000, 0x000000070ca00000| Untracked 
|  45|0x000000070cc00000, 0x000000070cc00000, 0x000000070ce00000|  0%| F|  |TAMS 0x000000070cc00000, 0x000000070cc00000| Untracked 
|  46|0x000000070ce00000, 0x000000070ce00000, 0x000000070d000000|  0%| F|  |TAMS 0x000000070ce00000, 0x000000070ce00000| Untracked 
|  47|0x000000070d000000, 0x000000070d000000, 0x000000070d200000|  0%| F|  |TAMS 0x000000070d000000, 0x000000070d000000| Untracked 
|  48|0x000000070d200000, 0x000000070d200000, 0x000000070d400000|  0%| F|  |TAMS 0x000000070d200000, 0x000000070d200000| Untracked 
|  49|0x000000070d400000, 0x000000070d400000, 0x000000070d600000|  0%| F|  |TAMS 0x000000070d400000, 0x000000070d400000| Untracked 
|  50|0x000000070d600000, 0x000000070d600000, 0x000000070d800000|  0%| F|  |TAMS 0x000000070d600000, 0x000000070d600000| Untracked 
|  51|0x000000070d800000, 0x000000070d800000, 0x000000070da00000|  0%| F|  |TAMS 0x000000070d800000, 0x000000070d800000| Untracked 
|  52|0x000000070da00000, 0x000000070da00000, 0x000000070dc00000|  0%| F|  |TAMS 0x000000070da00000, 0x000000070da00000| Untracked 
|  53|0x000000070dc00000, 0x000000070dc00000, 0x000000070de00000|  0%| F|  |TAMS 0x000000070dc00000, 0x000000070dc00000| Untracked 
|  54|0x000000070de00000, 0x000000070de00000, 0x000000070e000000|  0%| F|  |TAMS 0x000000070de00000, 0x000000070de00000| Untracked 
|  55|0x000000070e000000, 0x000000070e000000, 0x000000070e200000|  0%| F|  |TAMS 0x000000070e000000, 0x000000070e000000| Untracked 
|  56|0x000000070e200000, 0x000000070e200000, 0x000000070e400000|  0%| F|  |TAMS 0x000000070e200000, 0x000000070e200000| Untracked 
|  57|0x000000070e400000, 0x000000070e400000, 0x000000070e600000|  0%| F|  |TAMS 0x000000070e400000, 0x000000070e400000| Untracked 
|  58|0x000000070e600000, 0x000000070e600000, 0x000000070e800000|  0%| F|  |TAMS 0x000000070e600000, 0x000000070e600000| Untracked 
|  59|0x000000070e800000, 0x000000070e800000, 0x000000070ea00000|  0%| F|  |TAMS 0x000000070e800000, 0x000000070e800000| Untracked 
|  60|0x000000070ea00000, 0x000000070ea00000, 0x000000070ec00000|  0%| F|  |TAMS 0x000000070ea00000, 0x000000070ea00000| Untracked 
|  61|0x000000070ec00000, 0x000000070ec00000, 0x000000070ee00000|  0%| F|  |TAMS 0x000000070ec00000, 0x000000070ec00000| Untracked 
|  62|0x000000070ee00000, 0x000000070ee00000, 0x000000070f000000|  0%| F|  |TAMS 0x000000070ee00000, 0x000000070ee00000| Untracked 
|  63|0x000000070f000000, 0x000000070f000000, 0x000000070f200000|  0%| F|  |TAMS 0x000000070f000000, 0x000000070f000000| Untracked 
|  64|0x000000070f200000, 0x000000070f200000, 0x000000070f400000|  0%| F|  |TAMS 0x000000070f200000, 0x000000070f200000| Untracked 
|  65|0x000000070f400000, 0x000000070f400000, 0x000000070f600000|  0%| F|  |TAMS 0x000000070f400000, 0x000000070f400000| Untracked 
|  66|0x000000070f600000, 0x000000070f600000, 0x000000070f800000|  0%| F|  |TAMS 0x000000070f600000, 0x000000070f600000| Untracked 
|  67|0x000000070f800000, 0x000000070f800000, 0x000000070fa00000|  0%| F|  |TAMS 0x000000070f800000, 0x000000070f800000| Untracked 
|  68|0x000000070fa00000, 0x000000070fa00000, 0x000000070fc00000|  0%| F|  |TAMS 0x000000070fa00000, 0x000000070fa00000| Untracked 
|  69|0x000000070fc00000, 0x000000070fc00000, 0x000000070fe00000|  0%| F|  |TAMS 0x000000070fc00000, 0x000000070fc00000| Untracked 
|  70|0x000000070fe00000, 0x000000070fe00000, 0x0000000710000000|  0%| F|  |TAMS 0x000000070fe00000, 0x000000070fe00000| Untracked 
|  71|0x0000000710000000, 0x0000000710000000, 0x0000000710200000|  0%| F|  |TAMS 0x0000000710000000, 0x0000000710000000| Untracked 
|  72|0x0000000710200000, 0x0000000710200000, 0x0000000710400000|  0%| F|  |TAMS 0x0000000710200000, 0x0000000710200000| Untracked 
|  73|0x0000000710400000, 0x0000000710400000, 0x0000000710600000|  0%| F|  |TAMS 0x0000000710400000, 0x0000000710400000| Untracked 
|  74|0x0000000710600000, 0x0000000710600000, 0x0000000710800000|  0%| F|  |TAMS 0x0000000710600000, 0x0000000710600000| Untracked 
|  75|0x0000000710800000, 0x0000000710800000, 0x0000000710a00000|  0%| F|  |TAMS 0x0000000710800000, 0x0000000710800000| Untracked 
|  76|0x0000000710a00000, 0x0000000710a00000, 0x0000000710c00000|  0%| F|  |TAMS 0x0000000710a00000, 0x0000000710a00000| Untracked 
|  77|0x0000000710c00000, 0x0000000710c00000, 0x0000000710e00000|  0%| F|  |TAMS 0x0000000710c00000, 0x0000000710c00000| Untracked 
|  78|0x0000000710e00000, 0x0000000710e00000, 0x0000000711000000|  0%| F|  |TAMS 0x0000000710e00000, 0x0000000710e00000| Untracked 
|  79|0x0000000711000000, 0x0000000711000000, 0x0000000711200000|  0%| F|  |TAMS 0x0000000711000000, 0x0000000711000000| Untracked 
|  80|0x0000000711200000, 0x0000000711200000, 0x0000000711400000|  0%| F|  |TAMS 0x0000000711200000, 0x0000000711200000| Untracked 
|  81|0x0000000711400000, 0x0000000711400000, 0x0000000711600000|  0%| F|  |TAMS 0x0000000711400000, 0x0000000711400000| Untracked 
|  82|0x0000000711600000, 0x0000000711600000, 0x0000000711800000|  0%| F|  |TAMS 0x0000000711600000, 0x0000000711600000| Untracked 
|  83|0x0000000711800000, 0x0000000711800000, 0x0000000711a00000|  0%| F|  |TAMS 0x0000000711800000, 0x0000000711800000| Untracked 
|  84|0x0000000711a00000, 0x0000000711a00000, 0x0000000711c00000|  0%| F|  |TAMS 0x0000000711a00000, 0x0000000711a00000| Untracked 
|  85|0x0000000711c00000, 0x0000000711c00000, 0x0000000711e00000|  0%| F|  |TAMS 0x0000000711c00000, 0x0000000711c00000| Untracked 
|  86|0x0000000711e00000, 0x0000000711e00000, 0x0000000712000000|  0%| F|  |TAMS 0x0000000711e00000, 0x0000000711e00000| Untracked 
|  87|0x0000000712000000, 0x0000000712000000, 0x0000000712200000|  0%| F|  |TAMS 0x0000000712000000, 0x0000000712000000| Untracked 
|  88|0x0000000712200000, 0x0000000712200000, 0x0000000712400000|  0%| F|  |TAMS 0x0000000712200000, 0x0000000712200000| Untracked 
|  89|0x0000000712400000, 0x0000000712400000, 0x0000000712600000|  0%| F|  |TAMS 0x0000000712400000, 0x0000000712400000| Untracked 
|  90|0x0000000712600000, 0x0000000712600000, 0x0000000712800000|  0%| F|  |TAMS 0x0000000712600000, 0x0000000712600000| Untracked 
|  91|0x0000000712800000, 0x0000000712800000, 0x0000000712a00000|  0%| F|  |TAMS 0x0000000712800000, 0x0000000712800000| Untracked 
|  92|0x0000000712a00000, 0x0000000712a00000, 0x0000000712c00000|  0%| F|  |TAMS 0x0000000712a00000, 0x0000000712a00000| Untracked 
|  93|0x0000000712c00000, 0x0000000712c00000, 0x0000000712e00000|  0%| F|  |TAMS 0x0000000712c00000, 0x0000000712c00000| Untracked 
|  94|0x0000000712e00000, 0x0000000712e00000, 0x0000000713000000|  0%| F|  |TAMS 0x0000000712e00000, 0x0000000712e00000| Untracked 
|  95|0x0000000713000000, 0x0000000713000000, 0x0000000713200000|  0%| F|  |TAMS 0x0000000713000000, 0x0000000713000000| Untracked 
|  96|0x0000000713200000, 0x0000000713200000, 0x0000000713400000|  0%| F|  |TAMS 0x0000000713200000, 0x0000000713200000| Untracked 
|  97|0x0000000713400000, 0x0000000713400000, 0x0000000713600000|  0%| F|  |TAMS 0x0000000713400000, 0x0000000713400000| Untracked 
|  98|0x0000000713600000, 0x0000000713600000, 0x0000000713800000|  0%| F|  |TAMS 0x0000000713600000, 0x0000000713600000| Untracked 
|  99|0x0000000713800000, 0x0000000713800000, 0x0000000713a00000|  0%| F|  |TAMS 0x0000000713800000, 0x0000000713800000| Untracked 
| 100|0x0000000713a00000, 0x0000000713a00000, 0x0000000713c00000|  0%| F|  |TAMS 0x0000000713a00000, 0x0000000713a00000| Untracked 
| 101|0x0000000713c00000, 0x0000000713c00000, 0x0000000713e00000|  0%| F|  |TAMS 0x0000000713c00000, 0x0000000713c00000| Untracked 
| 102|0x0000000713e00000, 0x0000000713e00000, 0x0000000714000000|  0%| F|  |TAMS 0x0000000713e00000, 0x0000000713e00000| Untracked 
| 103|0x0000000714000000, 0x0000000714000000, 0x0000000714200000|  0%| F|  |TAMS 0x0000000714000000, 0x0000000714000000| Untracked 
| 104|0x0000000714200000, 0x0000000714200000, 0x0000000714400000|  0%| F|  |TAMS 0x0000000714200000, 0x0000000714200000| Untracked 
| 105|0x0000000714400000, 0x0000000714400000, 0x0000000714600000|  0%| F|  |TAMS 0x0000000714400000, 0x0000000714400000| Untracked 
| 106|0x0000000714600000, 0x0000000714600000, 0x0000000714800000|  0%| F|  |TAMS 0x0000000714600000, 0x0000000714600000| Untracked 
| 107|0x0000000714800000, 0x0000000714800000, 0x0000000714a00000|  0%| F|  |TAMS 0x0000000714800000, 0x0000000714800000| Untracked 
| 108|0x0000000714a00000, 0x0000000714a00000, 0x0000000714c00000|  0%| F|  |TAMS 0x0000000714a00000, 0x0000000714a00000| Untracked 
| 109|0x0000000714c00000, 0x0000000714c00000, 0x0000000714e00000|  0%| F|  |TAMS 0x0000000714c00000, 0x0000000714c00000| Untracked 
| 110|0x0000000714e00000, 0x0000000714e00000, 0x0000000715000000|  0%| F|  |TAMS 0x0000000714e00000, 0x0000000714e00000| Untracked 
| 111|0x0000000715000000, 0x0000000715000000, 0x0000000715200000|  0%| F|  |TAMS 0x0000000715000000, 0x0000000715000000| Untracked 
| 112|0x0000000715200000, 0x0000000715200000, 0x0000000715400000|  0%| F|  |TAMS 0x0000000715200000, 0x0000000715200000| Untracked 
| 113|0x0000000715400000, 0x0000000715400000, 0x0000000715600000|  0%| F|  |TAMS 0x0000000715400000, 0x0000000715400000| Untracked 
| 114|0x0000000715600000, 0x0000000715600000, 0x0000000715800000|  0%| F|  |TAMS 0x0000000715600000, 0x0000000715600000| Untracked 
| 115|0x0000000715800000, 0x0000000715800000, 0x0000000715a00000|  0%| F|  |TAMS 0x0000000715800000, 0x0000000715800000| Untracked 
| 116|0x0000000715a00000, 0x0000000715a00000, 0x0000000715c00000|  0%| F|  |TAMS 0x0000000715a00000, 0x0000000715a00000| Untracked 
| 117|0x0000000715c00000, 0x0000000715e00000, 0x0000000715e00000|100%| E|  |TAMS 0x0000000715c00000, 0x0000000715c00000| Complete 
| 118|0x0000000715e00000, 0x0000000716000000, 0x0000000716000000|100%| E|CS|TAMS 0x0000000715e00000, 0x0000000715e00000| Complete 
| 119|0x0000000716000000, 0x0000000716200000, 0x0000000716200000|100%| E|CS|TAMS 0x0000000716000000, 0x0000000716000000| Complete 
| 120|0x0000000716200000, 0x0000000716400000, 0x0000000716400000|100%| E|CS|TAMS 0x0000000716200000, 0x0000000716200000| Complete 
| 121|0x0000000716400000, 0x0000000716600000, 0x0000000716600000|100%| E|CS|TAMS 0x0000000716400000, 0x0000000716400000| Complete 
| 122|0x0000000716600000, 0x0000000716800000, 0x0000000716800000|100%| E|  |TAMS 0x0000000716600000, 0x0000000716600000| Complete 
| 123|0x0000000716800000, 0x0000000716a00000, 0x0000000716a00000|100%| E|CS|TAMS 0x0000000716800000, 0x0000000716800000| Complete 
| 124|0x0000000716a00000, 0x0000000716c00000, 0x0000000716c00000|100%| E|CS|TAMS 0x0000000716a00000, 0x0000000716a00000| Complete 
|1989|0x00000007ffc00000, 0x00000007ffd52000, 0x00000007ffe00000| 66%|OA|  |TAMS 0x00000007ffc00000, 0x00000007ffc00000| Untracked 
|1990|0x00000007ffe00000, 0x00000007ffe7c000, 0x0000000800000000| 24%|CA|  |TAMS 0x00000007ffe00000, 0x00000007ffe00000| Untracked 

Card table byte_map: [0x00007fdb514c4000,0x00007fdb51c8b000] _byte_map_base: 0x00007fdb4dc8b000

Marking Bits (Prev, Next): (CMBitMap*) 0x00007fdb4c079610, (CMBitMap*) 0x00007fdb4c079650
 Prev Bits: [0x00007fdb30edf000, 0x00007fdb34d17000)
 Next Bits: [0x00007fdb2d0a7000, 0x00007fdb30edf000)

Polling page: 0x00007fdb542c8000

Metaspace:

Usage:
  Non-class:      8.20 MB capacity,     5.79 MB ( 71%) used,     2.40 MB ( 29%) free+waste,     8.69 KB ( <1%) overhead. 
      Class:    620.00 KB capacity,   343.25 KB ( 55%) used,   273.88 KB ( 44%) free+waste,     2.88 KB ( <1%) overhead. 
       Both:      8.80 MB capacity,     6.12 MB ( 70%) used,     2.67 MB ( 30%) free+waste,    11.56 KB ( <1%) overhead. 

Virtual space:
  Non-class space:       10.00 MB reserved,       8.50 MB ( 85%) committed 
      Class space:        1.00 GB reserved,     640.00 KB ( <1%) committed 
             Both:        1.01 GB reserved,       9.12 MB ( <1%) committed 

Chunk freelists:
   Non-Class:  117.00 KB
       Class:  4.00 KB
        Both:  121.00 KB

MaxMetaspaceSize: 17179869184.00 GB
CompressedClassSpaceSize: 1.00 GB

CodeHeap 'non-profiled nmethods': size=120032Kb used=248Kb max_used=248Kb free=119784Kb
 bounds [0x00007fdb3c7df000, 0x00007fdb3ca4f000, 0x00007fdb43d17000]
CodeHeap 'profiled nmethods': size=120028Kb used=1317Kb max_used=1317Kb free=118710Kb
 bounds [0x00007fdb352a8000, 0x00007fdb35518000, 0x00007fdb3c7df000]
CodeHeap 'non-nmethods': size=5700Kb used=1582Kb max_used=1604Kb free=4117Kb
 bounds [0x00007fdb34d17000, 0x00007fdb34f87000, 0x00007fdb352a8000]
 total_blobs=1785 nmethods=812 adapters=887
 compilation: enabled
              stopped_count=0, restarted_count=0
 full_count=0

Compilation events (20 events):
Event: 3.110 Thread 0x00007fdb4c17c410 nmethod 799 0x00007fdb353edc90 code [0x00007fdb353ede80, 0x00007fdb353ee480]
Event: 3.110 Thread 0x00007fdb4c17c410  800       3       java.lang.invoke.DirectMethodHandle::internalMemberName (8 bytes)
Event: 3.110 Thread 0x00007fdb4c17abe0  803       4       sun.misc.Unsafe::putByte (9 bytes)
Event: 3.110 Thread 0x00007fdb4c17c410 nmethod 800 0x00007fdb353ee710 code [0x00007fdb353ee8a0, 0x00007fdb353eea90]
Event: 3.110 Thread 0x00007fdb4c17c410  801       3       java.lang.String::rangeCheck (9 bytes)
Event: 3.110 Thread 0x00007fdb4c17c410 nmethod 801 0x00007fdb353eeb90 code [0x00007fdb353eed20, 0x00007fdb353eee40]
Event: 3.110 Thread 0x00007fdb4c17c410  802       3       java.lang.String::<init> (14 bytes)
Event: 3.111 Thread 0x00007fdb4c17abe0 nmethod 803 0x00007fdb3c81c310 code [0x00007fdb3c81c480, 0x00007fdb3c81c4f8]
Event: 3.111 Thread 0x00007fdb4c17c410 nmethod 802 0x00007fdb353eef10 code [0x00007fdb353ef0c0, 0x00007fdb353ef2b0]
Event: 3.521 Thread 0x00007fdb4c17c410  804       3       org.lwjgl.opengl.GL30::glBindVertexArray (5 bytes)
Event: 3.521 Thread 0x00007fdb4c17c410 nmethod 804 0x00007fdb353ef410 code [0x00007fdb353ef5a0, 0x00007fdb353ef6a0]
Event: 3.521 Thread 0x00007fdb4c17c410  806       3       org.lwjgl.opengl.GL20::glDisableVertexAttribArray (5 bytes)
Event: 3.521 Thread 0x00007fdb4c17c410 nmethod 806 0x00007fdb353ef790 code [0x00007fdb353ef920, 0x00007fdb353efa20]
Event: 4.488 Thread 0x00007fdb4c17c410  808       3       graphics.Buffer::unbind (21 bytes)
Event: 4.489 Thread 0x00007fdb4c17c410 nmethod 808 0x00007fdb353efb10 code [0x00007fdb353efcc0, 0x00007fdb353efea0]
Event: 4.523 Thread 0x00007fdb4c17c410  809       3       graphics.ArrayBuffer::bind (38 bytes)
Event: 4.523 Thread 0x00007fdb4c17abe0  810       4       java.lang.Float::valueOf (9 bytes)
Event: 4.524 Thread 0x00007fdb4c17c410 nmethod 809 0x00007fdb353eff90 code [0x00007fdb353f01a0, 0x00007fdb353f08d0]
Event: 4.525 Thread 0x00007fdb4c17abe0 nmethod 810 0x00007fdb3c81cd10 code [0x00007fdb3c81ce80, 0x00007fdb3c81cf18]
Event: 4.538 Thread 0x00007fdb4c17c410  811       3       graphics.Shader::bind (20 bytes)

GC Heap History (0 events):
No events

Deoptimization events (20 events):
Event: 0.210 Thread 0x00007fdb4c028e90 Uncommon trap: trap_request=0xffffff54 fr.pc=0x00007fdb3c8029d8 relative=0x0000000000000058
Event: 0.210 Thread 0x00007fdb4c028e90 Uncommon trap: reason=speculate_null_assert action=make_not_entrant pc=0x00007fdb3c8029d8 method=sun.misc.Unsafe.getLong(Ljava/lang/Object;J)J @ 5 c2
Event: 0.210 Thread 0x00007fdb4c028e90 DEOPT PACKING pc=0x00007fdb3c8029d8 sp=0x00007fdb52da8390
Event: 0.210 Thread 0x00007fdb4c028e90 DEOPT UNPACKING pc=0x00007fdb34d65125 sp=0x00007fdb52da8338 mode 2
Event: 0.319 Thread 0x00007fdb4c028e90 Uncommon trap: trap_request=0xffffff45 fr.pc=0x00007fdb3c7eb3d8 relative=0x0000000000000058
Event: 0.319 Thread 0x00007fdb4c028e90 Uncommon trap: reason=unstable_if action=reinterpret pc=0x00007fdb3c7eb3d8 method=java.lang.String.isLatin1()Z @ 10 c2
Event: 0.319 Thread 0x00007fdb4c028e90 DEOPT PACKING pc=0x00007fdb3c7eb3d8 sp=0x00007fdb52da7f50
Event: 0.319 Thread 0x00007fdb4c028e90 DEOPT UNPACKING pc=0x00007fdb34d65125 sp=0x00007fdb52da7f00 mode 2
Event: 0.320 Thread 0x00007fdb4c028e90 Uncommon trap: trap_request=0xffffff45 fr.pc=0x00007fdb3c804ebc relative=0x000000000000049c
Event: 0.320 Thread 0x00007fdb4c028e90 Uncommon trap: reason=unstable_if action=reinterpret pc=0x00007fdb3c804ebc method=java.lang.AbstractStringBuilder.putStringAt(ILjava/lang/String;)V @ 8 c2
Event: 0.320 Thread 0x00007fdb4c028e90 DEOPT PACKING pc=0x00007fdb3c804ebc sp=0x00007fdb52da8390
Event: 0.320 Thread 0x00007fdb4c028e90 DEOPT UNPACKING pc=0x00007fdb34d65125 sp=0x00007fdb52da82a8 mode 2
Event: 0.320 Thread 0x00007fdb4c028e90 Uncommon trap: trap_request=0xffffff45 fr.pc=0x00007fdb3c7fc32c relative=0x000000000000048c
Event: 0.320 Thread 0x00007fdb4c028e90 Uncommon trap: reason=unstable_if action=reinterpret pc=0x00007fdb3c7fc32c method=java.lang.AbstractStringBuilder.putStringAt(ILjava/lang/String;)V @ 8 c2
Event: 0.320 Thread 0x00007fdb4c028e90 DEOPT PACKING pc=0x00007fdb3c7fc32c sp=0x00007fdb52da8340
Event: 0.320 Thread 0x00007fdb4c028e90 DEOPT UNPACKING pc=0x00007fdb34d65125 sp=0x00007fdb52da82b0 mode 2
Event: 0.320 Thread 0x00007fdb4c028e90 Uncommon trap: trap_request=0xffffff45 fr.pc=0x00007fdb3c7f8264 relative=0x00000000000000e4
Event: 0.320 Thread 0x00007fdb4c028e90 Uncommon trap: reason=unstable_if action=reinterpret pc=0x00007fdb3c7f8264 method=java.lang.String.getBytes([BIB)V @ 5 c2
Event: 0.320 Thread 0x00007fdb4c028e90 DEOPT PACKING pc=0x00007fdb3c7f8264 sp=0x00007fdb52da8260
Event: 0.320 Thread 0x00007fdb4c028e90 DEOPT UNPACKING pc=0x00007fdb34d65125 sp=0x00007fdb52da8228 mode 2

Classes unloaded (0 events):
No events

Classes redefined (0 events):
No events

Internal exceptions (14 events):
Event: 0.066 Thread 0x00007fdb4c028e90 Exception <a 'java/lang/NoSuchMethodError'{0x00000007168b1d08}: 'java.lang.Object java.lang.invoke.DirectMethodHandle$Holder.invokeStatic(java.lang.Object)'> (0x00000007168b1d08) 
thrown [open/src/hotspot/share/interpreter/linkResolver.cpp, line 781]
Event: 0.066 Thread 0x00007fdb4c028e90 Exception <a 'java/lang/NoSuchMethodError'{0x00000007168b5458}: 'java.lang.Object java.lang.invoke.DirectMethodHandle$Holder.invokeStaticInit(java.lang.Object)'> (0x00000007168b5458) 
thrown [open/src/hotspot/share/interpreter/linkResolver.cpp, line 781]
Event: 0.073 Thread 0x00007fdb4c028e90 Exception <a 'java/lang/NoSuchMethodError'{0x000000071690c5d8}: 'void java.lang.invoke.DirectMethodHandle$Holder.invokeStatic(java.lang.Object, java.lang.Object)'> (0x000000071690c5d8) 
thrown [open/src/hotspot/share/interpreter/linkResolver.cpp, line 781]
Event: 0.074 Thread 0x00007fdb4c028e90 Exception <a 'java/lang/NoSuchMethodError'{0x0000000716911ca0}: 'void java.lang.invoke.DirectMethodHandle$Holder.invokeSpecial(java.lang.Object, java.lang.Object, java.lang.Object)'> (0x0000000716911ca0) 
thrown [open/src/hotspot/share/interpreter/linkResolver.cpp, line 781]
Event: 0.076 Thread 0x00007fdb4c028e90 Exception <a 'java/lang/NoSuchMethodError'{0x00000007169264e8}: 'java.lang.Object java.lang.invoke.DirectMethodHandle$Holder.invokeStatic(java.lang.Object, java.lang.Object, int)'> (0x00000007169264e8) 
thrown [open/src/hotspot/share/interpreter/linkResolver.cpp, line 781]
Event: 0.077 Thread 0x00007fdb4c028e90 Exception <a 'java/lang/NoSuchMethodError'{0x0000000716932630}: 'void java.lang.invoke.DelegatingMethodHandle$Holder.delegate(java.lang.Object, java.lang.Object, int, java.lang.Object)'> (0x0000000716932630) 
thrown [open/src/hotspot/share/interpreter/linkResolver.cpp, line 781]
Event: 0.077 Thread 0x00007fdb4c028e90 Exception <a 'java/lang/NoSuchMethodError'{0x0000000716936978}: 'int java.lang.invoke.DirectMethodHandle$Holder.invokeSpecial(java.lang.Object, java.lang.Object, java.lang.Object)'> (0x0000000716936978) 
thrown [open/src/hotspot/share/interpreter/linkResolver.cpp, line 781]
Event: 0.092 Thread 0x00007fdb4c028e90 Exception <a 'sun/nio/fs/UnixException'{0x00000007169d4d88}> (0x00000007169d4d88) 
thrown [open/src/hotspot/share/prims/jni.cpp, line 578]
Event: 0.108 Thread 0x00007fdb4c028e90 Exception <a 'sun/nio/fs/UnixException'{0x00000007166b3220}> (0x00000007166b3220) 
thrown [open/src/hotspot/share/prims/jni.cpp, line 578]
Event: 0.167 Thread 0x00007fdb4c028e90 Exception <a 'java/lang/NoSuchMethodError'{0x000000071670f078}: 'void java.lang.invoke.DirectMethodHandle$Holder.invokeStaticInit(java.lang.Object, long, double, double)'> (0x000000071670f078) 
thrown [open/src/hotspot/share/interpreter/linkResolver.cpp, line 781]
Event: 0.168 Thread 0x00007fdb4c028e90 Exception <a 'java/lang/NoSuchMethodError'{0x0000000716720278}: 'void java.lang.invoke.DirectMethodHandle$Holder.invokeStaticInit(java.lang.Object, long, int, int, int)'> (0x0000000716720278) 
thrown [open/src/hotspot/share/interpreter/linkResolver.cpp, line 781]
Event: 0.171 Thread 0x00007fdb4c028e90 Exception <a 'java/lang/NoSuchMethodError'{0x000000071673c6a8}: 'void java.lang.invoke.DirectMethodHandle$Holder.invokeStaticInit(java.lang.Object, long, int, int, int, int)'> (0x000000071673c6a8) 
thrown [open/src/hotspot/share/interpreter/linkResolver.cpp, line 781]
Event: 0.181 Thread 0x00007fdb4c028e90 Exception <a 'sun/nio/fs/UnixException'{0x0000000716794680}> (0x0000000716794680) 
thrown [open/src/hotspot/share/prims/jni.cpp, line 578]
Event: 0.183 Thread 0x00007fdb4c028e90 Exception <a 'sun/nio/fs/UnixException'{0x00000007167a2428}> (0x00000007167a2428) 
thrown [open/src/hotspot/share/prims/jni.cpp, line 578]

Events (20 events):
Event: 0.323 loading class java/lang/invoke/BoundMethodHandle$Species_LLL
Event: 0.323 loading class java/lang/invoke/BoundMethodHandle$Species_LLL done
Event: 0.323 loading class java/lang/invoke/BoundMethodHandle$Species_LLLL
Event: 0.323 loading class java/lang/invoke/BoundMethodHandle$Species_LLLL done
Event: 0.324 loading class java/lang/invoke/BoundMethodHandle$Species_LLLLL
Event: 0.324 loading class java/lang/invoke/BoundMethodHandle$Species_LLLLL done
Event: 0.325 loading class java/lang/invoke/BoundMethodHandle$Species_LJ
Event: 0.325 loading class java/lang/invoke/BoundMethodHandle$Species_LJ done
Event: 0.325 loading class java/lang/invoke/BoundMethodHandle$Species_LLLLLL
Event: 0.325 loading class java/lang/invoke/BoundMethodHandle$Species_LLLLLL done
Event: 0.326 loading class java/lang/invoke/BoundMethodHandle$Species_LLLLLLL
Event: 0.326 loading class java/lang/invoke/BoundMethodHandle$Species_LLLLLLL done
Event: 0.454 Thread 0x00007fdafc1109b0 Thread exited: 0x00007fdafc1109b0
Event: 1.189 Executing VM operation: HandshakeAllThreads
Event: 1.189 Executing VM operation: HandshakeAllThreads done
Event: 2.371 Loaded shared library /tmp/lwjglpeershaul/3.2.3-build-13/liblwjgl_opengl.so
Event: 2.437 Loaded shared library /tmp/lwjglpeershaul/3.2.3-build-13/liblwjgl_opengl.so
Event: 2.437 Loaded shared library /tmp/lwjglpeershaul/3.2.3-build-13/liblwjgl_opengl.so
Event: 3.521 Loaded shared library /tmp/lwjglpeershaul/3.2.3-build-13/liblwjgl_opengl.so
Event: 3.521 Loaded shared library /tmp/lwjglpeershaul/3.2.3-build-13/liblwjgl_opengl.so


Dynamic libraries:
40db2000-40e61000 rw-p 00000000 00:00 0 
41637000-41639000 r-xs 00000000 00:01 118899                             /memfd:/.glXXXXXX (deleted)
707200000-716c00000 rw-p 00000000 00:00 0 
716c00000-7ffc00000 ---p 00000000 00:00 0 
7ffc00000-7ffd00000 rw-p 00000000 00:00 0 
7ffd00000-7ffd52000 rw-p 00be4000 103:05 4101281                         /home/peershaul/.jdks/openjdk-15.0.2/lib/server/classes.jsa
7ffd52000-7ffe00000 rw-p 00000000 00:00 0 
7ffe00000-7ffe7c000 rw-p 00b68000 103:05 4101281                         /home/peershaul/.jdks/openjdk-15.0.2/lib/server/classes.jsa
7ffe7c000-800000000 rw-p 00000000 00:00 0 
800000000-800003000 rwxp 00001000 103:05 4101281                         /home/peershaul/.jdks/openjdk-15.0.2/lib/server/classes.jsa
800003000-8003e6000 rw-p 00004000 103:05 4101281                         /home/peershaul/.jdks/openjdk-15.0.2/lib/server/classes.jsa
8003e6000-800b33000 r--p 003e7000 103:05 4101281                         /home/peershaul/.jdks/openjdk-15.0.2/lib/server/classes.jsa
800b33000-800b34000 ---p 00000000 00:00 0 
800b34000-800bd4000 rw-p 00000000 00:00 0 
800bd4000-840b34000 ---p 00000000 00:00 0 
561bfef8f000-561bfef90000 r-xp 00000000 103:05 3805711                   /home/peershaul/.jdks/openjdk-15.0.2/bin/java
561bfef91000-561bfef92000 r--p 00001000 103:05 3805711                   /home/peershaul/.jdks/openjdk-15.0.2/bin/java
561bfef92000-561bfef93000 rw-p 00002000 103:05 3805711                   /home/peershaul/.jdks/openjdk-15.0.2/bin/java
561c00ab2000-561c00ad3000 rw-p 00000000 00:00 0                          [heap]
7fdae0000000-7fdae01fa000 rw-p 00000000 00:00 0 
7fdae01fa000-7fdae4000000 ---p 00000000 00:00 0 
7fdae60f3000-7fdae7285000 r-xp 00000000 103:05 4093883                   /usr/lib/libnvidia-glcore.so.460.67
7fdae7285000-7fdae72a6000 rwxp 01192000 103:05 4093883                   /usr/lib/libnvidia-glcore.so.460.67
7fdae72a6000-7fdae77b6000 r-xp 011b3000 103:05 4093883                   /usr/lib/libnvidia-glcore.so.460.67
7fdae77b6000-7fdae79b5000 ---p 016c3000 103:05 4093883                   /usr/lib/libnvidia-glcore.so.460.67
7fdae79b5000-7fdae7ef2000 r--p 016c2000 103:05 4093883                   /usr/lib/libnvidia-glcore.so.460.67
7fdae7ef2000-7fdae7fe1000 rw-p 01bff000 103:05 4093883                   /usr/lib/libnvidia-glcore.so.460.67
7fdae7fe1000-7fdae8000000 rw-p 00000000 00:00 0 
7fdae8000000-7fdae8021000 rw-p 00000000 00:00 0 
7fdae8021000-7fdaec000000 ---p 00000000 00:00 0 
7fdaec000000-7fdaec021000 rw-p 00000000 00:00 0 
7fdaec021000-7fdaf0000000 ---p 00000000 00:00 0 
7fdaf0000000-7fdaf0021000 rw-p 00000000 00:00 0 
7fdaf0021000-7fdaf4000000 ---p 00000000 00:00 0 
7fdaf4000000-7fdaf4021000 rw-p 00000000 00:00 0 
7fdaf4021000-7fdaf8000000 ---p 00000000 00:00 0 
7fdaf8000000-7fdaf82e9000 rw-p 00000000 00:00 0 
7fdaf82e9000-7fdafc000000 ---p 00000000 00:00 0 
7fdafc000000-7fdafc255000 rw-p 00000000 00:00 0 
7fdafc255000-7fdb00000000 ---p 00000000 00:00 0 
7fdb00000000-7fdb00021000 rw-p 00000000 00:00 0 
7fdb00021000-7fdb04000000 ---p 00000000 00:00 0 
7fdb04000000-7fdb04021000 rw-p 00000000 00:00 0 
7fdb04021000-7fdb08000000 ---p 00000000 00:00 0 
7fdb08000000-7fdb08021000 rw-p 00000000 00:00 0 
7fdb08021000-7fdb0c000000 ---p 00000000 00:00 0 
7fdb0c000000-7fdb0c021000 rw-p 00000000 00:00 0 
7fdb0c021000-7fdb10000000 ---p 00000000 00:00 0 
7fdb10000000-7fdb10021000 rw-p 00000000 00:00 0 
7fdb10021000-7fdb14000000 ---p 00000000 00:00 0 
7fdb14000000-7fdb14021000 rw-p 00000000 00:00 0 
7fdb14021000-7fdb18000000 ---p 00000000 00:00 0 
7fdb18000000-7fdb18021000 rw-p 00000000 00:00 0 
7fdb18021000-7fdb1c000000 ---p 00000000 00:00 0 
7fdb1c180000-7fdb1c200000 rw-s 00000000 00:05 1667                       /dev/nvidiactl
7fdb1c200000-7fdb1c280000 rw-s 00000000 00:05 1667                       /dev/nvidiactl
7fdb1c280000-7fdb1c300000 rw-p 00000000 00:00 0 
7fdb1c300000-7fdb1c480000 ---p 00000000 00:00 0 
7fdb1c483000-7fdb1c487000 ---p 00000000 00:00 0 
7fdb1c487000-7fdb1c584000 rw-p 00000000 00:00 0 
7fdb1c584000-7fdb1c5dc000 r-xp 00000000 00:2e 205                        /tmp/lwjglpeershaul/3.2.3-build-13/liblwjgl_opengl.so
7fdb1c5dc000-7fdb1c7db000 ---p 00058000 00:2e 205                        /tmp/lwjglpeershaul/3.2.3-build-13/liblwjgl_opengl.so
7fdb1c7db000-7fdb1c7dc000 r--p 00057000 00:2e 205                        /tmp/lwjglpeershaul/3.2.3-build-13/liblwjgl_opengl.so
7fdb1c7dc000-7fdb1c7dd000 rw-p 00058000 00:2e 205                        /tmp/lwjglpeershaul/3.2.3-build-13/liblwjgl_opengl.so
7fdb1c7dd000-7fdb1c7e0000 r--p 00000000 103:05 4087315                   /usr/lib/libxcb-sync.so.1.0.0
7fdb1c7e0000-7fdb1c7e3000 r-xp 00003000 103:05 4087315                   /usr/lib/libxcb-sync.so.1.0.0
7fdb1c7e3000-7fdb1c7e4000 r--p 00006000 103:05 4087315                   /usr/lib/libxcb-sync.so.1.0.0
7fdb1c7e4000-7fdb1c7e5000 ---p 00007000 103:05 4087315                   /usr/lib/libxcb-sync.so.1.0.0
7fdb1c7e5000-7fdb1c7e6000 r--p 00007000 103:05 4087315                   /usr/lib/libxcb-sync.so.1.0.0
7fdb1c7e6000-7fdb1c7e7000 rw-p 00008000 103:05 4087315                   /usr/lib/libxcb-sync.so.1.0.0
7fdb1c7e7000-7fdb1c7e8000 r--p 00000000 103:05 4087291                   /usr/lib/libxcb-present.so.0.0.0
7fdb1c7e8000-7fdb1c7e9000 r-xp 00001000 103:05 4087291                   /usr/lib/libxcb-present.so.0.0.0
7fdb1c7e9000-7fdb1c7ea000 r--p 00002000 103:05 4087291                   /usr/lib/libxcb-present.so.0.0.0
7fdb1c7ea000-7fdb1c7eb000 r--p 00002000 103:05 4087291                   /usr/lib/libxcb-present.so.0.0.0
7fdb1c7eb000-7fdb1c7ec000 rw-p 00003000 103:05 4087291                   /usr/lib/libxcb-present.so.0.0.0
7fdb1c7ec000-7fdb1c7ee000 r--p 00000000 103:05 4087285                   /usr/lib/libxcb-dri3.so.0.0.0
7fdb1c7ee000-7fdb1c7ef000 r-xp 00002000 103:05 4087285                   /usr/lib/libxcb-dri3.so.0.0.0
7fdb1c7ef000-7fdb1c7f0000 r--p 00003000 103:05 4087285                   /usr/lib/libxcb-dri3.so.0.0.0
7fdb1c7f0000-7fdb1c7f1000 r--p 00003000 103:05 4087285                   /usr/lib/libxcb-dri3.so.0.0.0
7fdb1c7f1000-7fdb1c7f2000 rw-p 00004000 103:05 4087285                   /usr/lib/libxcb-dri3.so.0.0.0
7fdb1c802000-7fdb1c804000 r-xp 00000000 00:00 0 
7fdb1c804000-7fdb1c807000 rw-s 00000000 00:05 1667                       /dev/nvidiactl
7fdb1c807000-7fdb1c887000 rw-s 00000000 00:05 1667                       /dev/nvidiactl
7fdb1c887000-7fdb1c88b000 rw-s 00000000 00:05 1667                       /dev/nvidiactl
7fdb1c88b000-7fdb1c98b000 rw-s 00000000 00:05 1667                       /dev/nvidiactl
7fdb1c98b000-7fdb1c9cb000 rw-s 00000000 00:05 1667                       /dev/nvidiactl
7fdb1c9cb000-7fdb1c9eb000 rw-s 00000000 00:05 1667                       /dev/nvidiactl
7fdb1c9eb000-7fdb1ca2b000 rw-s 00000000 00:05 1667                       /dev/nvidiactl
7fdb1ca2b000-7fdb1ca4b000 rw-s 00000000 00:05 1667                       /dev/nvidiactl
7fdb1ca4b000-7fdb1cacb000 rw-s 00000000 00:05 1668                       /dev/nvidia0
7fdb1cacb000-7fdb1cb0b000 rw-s 00000000 00:05 1667                       /dev/nvidiactl
7fdb1cb2b000-7fdb1ccd0000 rw-s 00000000 00:01 3074                       /memfd:/.nvidia_drv.XXXXXX (deleted)
7fdb1ccd0000-7fdb1ccd5000 r--p 00000000 103:05 4091423                   /usr/lib/libdrm.so.2.4.0
7fdb1ccd5000-7fdb1ccdf000 r-xp 00005000 103:05 4091423                   /usr/lib/libdrm.so.2.4.0
7fdb1ccdf000-7fdb1cce3000 r--p 0000f000 103:05 4091423                   /usr/lib/libdrm.so.2.4.0
7fdb1cce3000-7fdb1cce4000 r--p 00012000 103:05 4091423                   /usr/lib/libdrm.so.2.4.0
7fdb1cce4000-7fdb1cce5000 rw-p 00013000 103:05 4091423                   /usr/lib/libdrm.so.2.4.0
7fdb1cce5000-7fdb1cce7000 rw-s 00000000 00:01 118899                     /memfd:/.glXXXXXX (deleted)
7fdb1cce7000-7fdb1ccfa000 rw-s 00000000 00:05 1667                       /dev/nvidiactl
7fdb1ccfa000-7fdb1cd06000 r--p 00000000 103:05 4087288                   /usr/lib/libxcb-glx.so.0.0.0
7fdb1cd06000-7fdb1cd0f000 r-xp 0000c000 103:05 4087288                   /usr/lib/libxcb-glx.so.0.0.0
7fdb1cd0f000-7fdb1cd14000 r--p 00015000 103:05 4087288                   /usr/lib/libxcb-glx.so.0.0.0
7fdb1cd14000-7fdb1cd15000 ---p 0001a000 103:05 4087288                   /usr/lib/libxcb-glx.so.0.0.0
7fdb1cd15000-7fdb1cd17000 r--p 0001a000 103:05 4087288                   /usr/lib/libxcb-glx.so.0.0.0
7fdb1cd17000-7fdb1cd18000 rw-p 0001c000 103:05 4087288                   /usr/lib/libxcb-glx.so.0.0.0
7fdb1cd18000-7fdb1cd1b000 r-xp 00000000 103:05 4093907                   /usr/lib/libnvidia-tls.so.460.67
7fdb1cd1b000-7fdb1cf1b000 ---p 00003000 103:05 4093907                   /usr/lib/libnvidia-tls.so.460.67
7fdb1cf1b000-7fdb1cf1c000 r--p 00003000 103:05 4093907                   /usr/lib/libnvidia-tls.so.460.67
7fdb1cf1c000-7fdb1cf1d000 rw-p 00004000 103:05 4093907                   /usr/lib/libnvidia-tls.so.460.67
7fdb1cf1d000-7fdb1cfbd000 r-xp 00000000 103:05 4093861                   /usr/lib/libGLX_nvidia.so.460.67
7fdb1cfbd000-7fdb1cff2000 rwxp 000a0000 103:05 4093861                   /usr/lib/libGLX_nvidia.so.460.67
7fdb1cff2000-7fdb1cff9000 r-xp 000d5000 103:05 4093861                   /usr/lib/libGLX_nvidia.so.460.67
7fdb1cff9000-7fdb1d1f8000 ---p 000dc000 103:05 4093861                   /usr/lib/libGLX_nvidia.so.460.67
7fdb1d1f8000-7fdb1d240000 r--p 000db000 103:05 4093861                   /usr/lib/libGLX_nvidia.so.460.67
7fdb1d240000-7fdb1d245000 rw-p 00123000 103:05 4093861                   /usr/lib/libGLX_nvidia.so.460.67
7fdb1d245000-7fdb1d247000 rw-p 00000000 00:00 0 
7fdb1d247000-7fdb1d24a000 r--p 00000000 103:05 4091694                   /usr/lib/libGLX.so.0.0.0
7fdb1d24a000-7fdb1d264000 r-xp 00003000 103:05 4091694                   /usr/lib/libGLX.so.0.0.0
7fdb1d264000-7fdb1d267000 r--p 0001d000 103:05 4091694                   /usr/lib/libGLX.so.0.0.0
7fdb1d267000-7fdb1d268000 ---p 00020000 103:05 4091694                   /usr/lib/libGLX.so.0.0.0
7fdb1d268000-7fdb1d269000 r--p 00020000 103:05 4091694                   /usr/lib/libGLX.so.0.0.0
7fdb1d269000-7fdb1d26a000 rw-p 00021000 103:05 4091694                   /usr/lib/libGLX.so.0.0.0
7fdb1d26a000-7fdb1d27a000 rw-p 00000000 00:00 0 
7fdb1d27a000-7fdb1d2ba000 r--p 00000000 103:05 4091698                   /usr/lib/libGLdispatch.so.0.0.0
7fdb1d2ba000-7fdb1d2bc000 r-xp 00040000 103:05 4091698                   /usr/lib/libGLdispatch.so.0.0.0
7fdb1d2bc000-7fdb1d2f7000 r-xp 00042000 103:05 4091698                   /usr/lib/libGLdispatch.so.0.0.0
7fdb1d2f7000-7fdb1d2f8000 r-xp 0007d000 103:05 4091698                   /usr/lib/libGLdispatch.so.0.0.0
7fdb1d2f8000-7fdb1d30b000 r--p 0007e000 103:05 4091698                   /usr/lib/libGLdispatch.so.0.0.0
7fdb1d30b000-7fdb1d30c000 ---p 00091000 103:05 4091698                   /usr/lib/libGLdispatch.so.0.0.0
7fdb1d30c000-7fdb1d328000 r--p 00091000 103:05 4091698                   /usr/lib/libGLdispatch.so.0.0.0
7fdb1d328000-7fdb1d329000 rw-p 000ad000 103:05 4091698                   /usr/lib/libGLdispatch.so.0.0.0
7fdb1d329000-7fdb1d331000 rw-p 00000000 00:00 0 
7fdb1d331000-7fdb1d373000 r--p 00000000 103:05 4091687                   /usr/lib/libGL.so.1.7.0
7fdb1d373000-7fdb1d376000 r-xp 00042000 103:05 4091687                   /usr/lib/libGL.so.1.7.0
7fdb1d376000-7fdb1d391000 r-xp 00045000 103:05 4091687                   /usr/lib/libGL.so.1.7.0
7fdb1d391000-7fdb1d392000 r-xp 00060000 103:05 4091687                   /usr/lib/libGL.so.1.7.0
7fdb1d392000-7fdb1d3a7000 r--p 00061000 103:05 4091687                   /usr/lib/libGL.so.1.7.0
7fdb1d3a7000-7fdb1d3b5000 r--p 00075000 103:05 4091687                   /usr/lib/libGL.so.1.7.0
7fdb1d3b5000-7fdb1d3b6000 rw-p 00083000 103:05 4091687                   /usr/lib/libGL.so.1.7.0
7fdb1d3b6000-7fdb1d3b7000 rw-p 00000000 00:00 0 
7fdb1d3b7000-7fdb1d3b8000 r--p 00000000 103:05 4089642                   /usr/lib/libX11-xcb.so.1.0.0
7fdb1d3b8000-7fdb1d3b9000 r-xp 00001000 103:05 4089642                   /usr/lib/libX11-xcb.so.1.0.0
7fdb1d3b9000-7fdb1d3ba000 r--p 00002000 103:05 4089642                   /usr/lib/libX11-xcb.so.1.0.0
7fdb1d3ba000-7fdb1d3bb000 r--p 00002000 103:05 4089642                   /usr/lib/libX11-xcb.so.1.0.0
7fdb1d3bb000-7fdb1d3bc000 rw-p 00003000 103:05 4089642                   /usr/lib/libX11-xcb.so.1.0.0
7fdb1d3bc000-7fdb1d3be000 r--p 00000000 103:05 4090573                   /usr/lib/libXfixes.so.3.1.0
7fdb1d3be000-7fdb1d3c1000 r-xp 00002000 103:05 4090573                   /usr/lib/libXfixes.so.3.1.0
7fdb1d3c1000-7fdb1d3c2000 r--p 00005000 103:05 4090573                   /usr/lib/libXfixes.so.3.1.0
7fdb1d3c2000-7fdb1d3c3000 ---p 00006000 103:05 4090573                   /usr/lib/libXfixes.so.3.1.0
7fdb1d3c3000-7fdb1d3c4000 r--p 00006000 103:05 4090573                   /usr/lib/libXfixes.so.3.1.0
7fdb1d3c4000-7fdb1d3c5000 rw-p 00007000 103:05 4090573                   /usr/lib/libXfixes.so.3.1.0
7fdb1d3c5000-7fdb1d3c8000 r--p 00000000 103:05 4090578                   /usr/lib/libXcursor.so.1.0.2
7fdb1d3c8000-7fdb1d3cd000 r-xp 00003000 103:05 4090578                   /usr/lib/libXcursor.so.1.0.2
7fdb1d3cd000-7fdb1d3cf000 r--p 00008000 103:05 4090578                   /usr/lib/libXcursor.so.1.0.2
7fdb1d3cf000-7fdb1d3d0000 r--p 00009000 103:05 4090578                   /usr/lib/libXcursor.so.1.0.2
7fdb1d3d0000-7fdb1d3d1000 rw-p 0000a000 103:05 4090578                   /usr/lib/libXcursor.so.1.0.2
7fdb1d3d1000-7fdb1d3d3000 r--p 00000000 103:05 4090535                   /usr/lib/libXrender.so.1.3.0
7fdb1d3d3000-7fdb1d3da000 r-xp 00002000 103:05 4090535                   /usr/lib/libXrender.so.1.3.0
7fdb1d3da000-7fdb1d3dc000 r--p 00009000 103:05 4090535                   /usr/lib/libXrender.so.1.3.0
7fdb1d3dc000-7fdb1d3dd000 r--p 0000a000 103:05 4090535                   /usr/lib/libXrender.so.1.3.0
7fdb1d3dd000-7fdb1d3de000 rw-p 0000b000 103:05 4090535                   /usr/lib/libXrender.so.1.3.0
7fdb1d3de000-7fdb1d3e0000 r--p 00000000 103:05 4090623                   /usr/lib/libXrandr.so.2.2.0
7fdb1d3e0000-7fdb1d3e7000 r-xp 00002000 103:05 4090623                   /usr/lib/libXrandr.so.2.2.0
7fdb1d3e7000-7fdb1d3e9000 r--p 00009000 103:05 4090623                   /usr/lib/libXrandr.so.2.2.0
7fdb1d3e9000-7fdb1d3ea000 r--p 0000a000 103:05 4090623                   /usr/lib/libXrandr.so.2.2.0
7fdb1d3ea000-7fdb1d3eb000 rw-p 0000b000 103:05 4090623                   /usr/lib/libXrandr.so.2.2.0
7fdb1d3eb000-7fdb1d3ef000 r--p 00000000 103:05 4090470                   /usr/lib/libXext.so.6.4.0
7fdb1d3ef000-7fdb1d3fa000 r-xp 00004000 103:05 4090470                   /usr/lib/libXext.so.6.4.0
7fdb1d3fa000-7fdb1d3fe000 r--p 0000f000 103:05 4090470                   /usr/lib/libXext.so.6.4.0
7fdb1d3fe000-7fdb1d3ff000 r--p 00012000 103:05 4090470                   /usr/lib/libXext.so.6.4.0
7fdb1d3ff000-7fdb1d400000 rw-p 00013000 103:05 4090470                   /usr/lib/libXext.so.6.4.0
7fdb1d400000-7fdb1d41c000 r--p 00000000 103:05 4089646                   /usr/lib/libX11.so.6.4.0
7fdb1d41c000-7fdb1d4a6000 r-xp 0001c000 103:05 4089646                   /usr/lib/libX11.so.6.4.0
7fdb1d4a6000-7fdb1d53a000 r--p 000a6000 103:05 4089646                   /usr/lib/libX11.so.6.4.0
7fdb1d53a000-7fdb1d53d000 r--p 00139000 103:05 4089646                   /usr/lib/libX11.so.6.4.0
7fdb1d53d000-7fdb1d541000 rw-p 0013c000 103:05 4089646                   /usr/lib/libX11.so.6.4.0
7fdb1d541000-7fdb1d584000 r-xp 00000000 00:2e 204                        /tmp/lwjglpeershaul/3.2.3-build-13/libglfw.so
7fdb1d584000-7fdb1d783000 ---p 00043000 00:2e 204                        /tmp/lwjglpeershaul/3.2.3-build-13/libglfw.so
7fdb1d783000-7fdb1d784000 r--p 00042000 00:2e 204                        /tmp/lwjglpeershaul/3.2.3-build-13/libglfw.so
7fdb1d784000-7fdb1d786000 rw-p 00043000 00:2e 204                        /tmp/lwjglpeershaul/3.2.3-build-13/libglfw.so
7fdb1d786000-7fdb1d7a7000 rw-p 00000000 00:00 0 
7fdb1d7a7000-7fdb1d7f8000 r-xp 00000000 00:2e 203                        /tmp/lwjglpeershaul/3.2.3-build-13/liblwjgl.so
7fdb1d7f8000-7fdb1d9f7000 ---p 00051000 00:2e 203                        /tmp/lwjglpeershaul/3.2.3-build-13/liblwjgl.so
7fdb1d9f7000-7fdb1d9f8000 r--p 00050000 00:2e 203                        /tmp/lwjglpeershaul/3.2.3-build-13/liblwjgl.so
7fdb1d9f8000-7fdb1d9f9000 rw-p 00051000 00:2e 203                        /tmp/lwjglpeershaul/3.2.3-build-13/liblwjgl.so
7fdb1d9f9000-7fdb1d9fd000 ---p 00000000 00:00 0 
7fdb1d9fd000-7fdb1dafa000 rw-p 00000000 00:00 0 
7fdb1dafa000-7fdb1dafb000 ---p 00000000 00:00 0 
7fdb1dafb000-7fdb1dbfc000 rw-p 00000000 00:00 0 
7fdb1dbfc000-7fdb1dc00000 ---p 00000000 00:00 0 
7fdb1dc00000-7fdb1dcfd000 rw-p 00000000 00:00 0 
7fdb1dcfd000-7fdb1dd01000 ---p 00000000 00:00 0 
7fdb1dd01000-7fdb1ddfe000 rw-p 00000000 00:00 0 
7fdb1ddfe000-7fdb1de02000 ---p 00000000 00:00 0 
7fdb1de02000-7fdb1deff000 rw-p 00000000 00:00 0 
7fdb1deff000-7fdb1df03000 ---p 00000000 00:00 0 
7fdb1df03000-7fdb20000000 rw-p 00000000 00:00 0 
7fdb20000000-7fdb20021000 rw-p 00000000 00:00 0 
7fdb20021000-7fdb24000000 ---p 00000000 00:00 0 
7fdb24000000-7fdb24021000 rw-p 00000000 00:00 0 
7fdb24021000-7fdb28000000 ---p 00000000 00:00 0 
7fdb28000000-7fdb28021000 rw-p 00000000 00:00 0 
7fdb28021000-7fdb2c000000 ---p 00000000 00:00 0 
7fdb2c000000-7fdb2c003000 r--p 00000000 103:05 4090642                   /usr/lib/libXi.so.6.1.0
7fdb2c003000-7fdb2c00e000 r-xp 00003000 103:05 4090642                   /usr/lib/libXi.so.6.1.0
7fdb2c00e000-7fdb2c011000 r--p 0000e000 103:05 4090642                   /usr/lib/libXi.so.6.1.0
7fdb2c011000-7fdb2c012000 r--p 00010000 103:05 4090642                   /usr/lib/libXi.so.6.1.0
7fdb2c012000-7fdb2c013000 rw-p 00011000 103:05 4090642                   /usr/lib/libXi.so.6.1.0
7fdb2c013000-7fdb2c014000 r--p 00000000 103:05 4091453                   /usr/lib/libXxf86vm.so.1.0.0
7fdb2c014000-7fdb2c017000 r-xp 00001000 103:05 4091453                   /usr/lib/libXxf86vm.so.1.0.0
7fdb2c017000-7fdb2c018000 r--p 00004000 103:05 4091453                   /usr/lib/libXxf86vm.so.1.0.0
7fdb2c018000-7fdb2c019000 r--p 00004000 103:05 4091453                   /usr/lib/libXxf86vm.so.1.0.0
7fdb2c019000-7fdb2c01a000 rw-p 00005000 103:05 4091453                   /usr/lib/libXxf86vm.so.1.0.0
7fdb2c01a000-7fdb2c026000 r--p 00000000 103:05 4087342                   /usr/lib/libxcb.so.1.1.0
7fdb2c026000-7fdb2c039000 r-xp 0000c000 103:05 4087342                   /usr/lib/libxcb.so.1.1.0
7fdb2c039000-7fdb2c042000 r--p 0001f000 103:05 4087342                   /usr/lib/libxcb.so.1.1.0
7fdb2c042000-7fdb2c043000 r--p 00027000 103:05 4087342                   /usr/lib/libxcb.so.1.1.0
7fdb2c043000-7fdb2c044000 rw-p 00028000 103:05 4087342                   /usr/lib/libxcb.so.1.1.0
7fdb2c044000-7fdb2c045000 r-xp 00000000 00:00 0 
7fdb2c045000-7fdb2c049000 rw-s 00000000 00:05 1667                       /dev/nvidiactl
7fdb2c049000-7fdb2c059000 rw-s 00000000 00:05 1668                       /dev/nvidia0
7fdb2c059000-7fdb2c08a000 rw-p 00000000 00:00 0 
7fdb2c08a000-7fdb2c09f000 r-xp 00000000 103:05 3937520                   /home/peershaul/.jdks/openjdk-15.0.2/lib/libnet.so
7fdb2c09f000-7fdb2c0a0000 r--p 00014000 103:05 3937520                   /home/peershaul/.jdks/openjdk-15.0.2/lib/libnet.so
7fdb2c0a0000-7fdb2c0a1000 rw-p 00015000 103:05 3937520                   /home/peershaul/.jdks/openjdk-15.0.2/lib/libnet.so
7fdb2c0a1000-7fdb2c0b3000 r-xp 00000000 103:05 3937521                   /home/peershaul/.jdks/openjdk-15.0.2/lib/libnio.so
7fdb2c0b3000-7fdb2c0b4000 r--p 00011000 103:05 3937521                   /home/peershaul/.jdks/openjdk-15.0.2/lib/libnio.so
7fdb2c0b4000-7fdb2c0b5000 rw-p 00012000 103:05 3937521                   /home/peershaul/.jdks/openjdk-15.0.2/lib/libnio.so
7fdb2c0b5000-7fdb2c0b9000 ---p 00000000 00:00 0 
7fdb2c0b9000-7fdb2c1b6000 rw-p 00000000 00:00 0 
7fdb2c1b6000-7fdb2c1ba000 ---p 00000000 00:00 0 
7fdb2c1ba000-7fdb2c2b7000 rw-p 00000000 00:00 0 
7fdb2c2b7000-7fdb2c5a0000 r--p 00000000 103:05 4093562                   /usr/lib/locale/locale-archive
7fdb2c5a0000-7fdb2c5a4000 ---p 00000000 00:00 0 
7fdb2c5a4000-7fdb2c6a1000 rw-p 00000000 00:00 0 
7fdb2c6a1000-7fdb2c6a5000 ---p 00000000 00:00 0 
7fdb2c6a5000-7fdb2c7a2000 rw-p 00000000 00:00 0 
7fdb2c7a2000-7fdb2c7a3000 ---p 00000000 00:00 0 
7fdb2c7a3000-7fdb2d0a4000 rw-p 00000000 00:00 0 
7fdb2d0a4000-7fdb2d0a5000 r-xp 00000000 00:00 0 
7fdb2d0a5000-7fdb2d0a7000 rw-s 00000000 00:05 1667                       /dev/nvidiactl
7fdb2d0a7000-7fdb2d48f000 rw-p 00000000 00:00 0 
7fdb2d48f000-7fdb30ecf000 ---p 00000000 00:00 0 
7fdb30ecf000-7fdb312c7000 rw-p 00000000 00:00 0 
7fdb312c7000-7fdb34d07000 ---p 00000000 00:00 0 
7fdb34d07000-7fdb34d17000 rw-p 00000000 00:00 0 
7fdb34d17000-7fdb34f87000 rwxp 00000000 00:00 0 
7fdb34f87000-7fdb352a8000 ---p 00000000 00:00 0 
7fdb352a8000-7fdb35518000 rwxp 00000000 00:00 0 
7fdb35518000-7fdb3c7df000 ---p 00000000 00:00 0 
7fdb3c7df000-7fdb3ca4f000 rwxp 00000000 00:00 0 
7fdb3ca4f000-7fdb43d17000 ---p 00000000 00:00 0 
7fdb43d17000-7fdb4c000000 r--s 00000000 103:05 3937530                   /home/peershaul/.jdks/openjdk-15.0.2/lib/modules
7fdb4c000000-7fdb4ca56000 rw-p 00000000 00:00 0 
7fdb4ca56000-7fdb50000000 ---p 00000000 00:00 0 
7fdb50000000-7fdb50001000 r--p 00000000 103:05 4090614                   /usr/lib/libXinerama.so.1.0.0
7fdb50001000-7fdb50002000 r-xp 00001000 103:05 4090614                   /usr/lib/libXinerama.so.1.0.0
7fdb50002000-7fdb50003000 r--p 00002000 103:05 4090614                   /usr/lib/libXinerama.so.1.0.0
7fdb50003000-7fdb50004000 r--p 00002000 103:05 4090614                   /usr/lib/libXinerama.so.1.0.0
7fdb50004000-7fdb50005000 rw-p 00003000 103:05 4090614                   /usr/lib/libXinerama.so.1.0.0
7fdb50005000-7fdb50007000 r--p 00000000 103:05 4087256                   /usr/lib/libXdmcp.so.6.0.0
7fdb50007000-7fdb50009000 r-xp 00002000 103:05 4087256                   /usr/lib/libXdmcp.so.6.0.0
7fdb50009000-7fdb5000b000 r--p 00004000 103:05 4087256                   /usr/lib/libXdmcp.so.6.0.0
7fdb5000b000-7fdb5000c000 r--p 00005000 103:05 4087256                   /usr/lib/libXdmcp.so.6.0.0
7fdb5000c000-7fdb5000d000 rw-p 00006000 103:05 4087256                   /usr/lib/libXdmcp.so.6.0.0
7fdb5000d000-7fdb5016c000 rw-p 00000000 00:00 0 
7fdb5016c000-7fdb5016d000 ---p 00000000 00:00 0 
7fdb5016d000-7fdb5026e000 rw-p 00000000 00:00 0 
7fdb5026e000-7fdb5026f000 ---p 00000000 00:00 0 
7fdb5026f000-7fdb50976000 rw-p 00000000 00:00 0 
7fdb50976000-7fdb50977000 ---p 00000000 00:00 0 
7fdb50977000-7fdb50a78000 rw-p 00000000 00:00 0 
7fdb50a78000-7fdb50a79000 ---p 00000000 00:00 0 
7fdb50a79000-7fdb50b7a000 rw-p 00000000 00:00 0 
7fdb50b7a000-7fdb50b7b000 ---p 00000000 00:00 0 
7fdb50b7b000-7fdb50d7a000 rw-p 00000000 00:00 0 
7fdb50d7a000-7fdb514c2000 ---p 00000000 00:00 0 
7fdb514c2000-7fdb51541000 rw-p 00000000 00:00 0 
7fdb51541000-7fdb51c89000 ---p 00000000 00:00 0 
7fdb51c89000-7fdb51d08000 rw-p 00000000 00:00 0 
7fdb51d08000-7fdb52450000 ---p 00000000 00:00 0 
7fdb52450000-7fdb52a5d000 rw-p 00000000 00:00 0 
7fdb52a5d000-7fdb52b43000 ---p 00000000 00:00 0 
7fdb52b43000-7fdb52b48000 rw-p 00000000 00:00 0 
7fdb52b48000-7fdb52c2e000 ---p 00000000 00:00 0 
7fdb52c2e000-7fdb52c52000 r-xp 00000000 103:05 3937507                   /home/peershaul/.jdks/openjdk-15.0.2/lib/libjava.so
7fdb52c52000-7fdb52c53000 ---p 00024000 103:05 3937507                   /home/peershaul/.jdks/openjdk-15.0.2/lib/libjava.so
7fdb52c53000-7fdb52c54000 r--p 00024000 103:05 3937507                   /home/peershaul/.jdks/openjdk-15.0.2/lib/libjava.so
7fdb52c54000-7fdb52c55000 rw-p 00025000 103:05 3937507                   /home/peershaul/.jdks/openjdk-15.0.2/lib/libjava.so
7fdb52c55000-7fdb52c56000 rw-p 00000000 00:00 0 
7fdb52c56000-7fdb52c59000 r--p 00000000 103:05 4066702                   /usr/lib/libnss_files-2.33.so
7fdb52c59000-7fdb52c60000 r-xp 00003000 103:05 4066702                   /usr/lib/libnss_files-2.33.so
7fdb52c60000-7fdb52c62000 r--p 0000a000 103:05 4066702                   /usr/lib/libnss_files-2.33.so
7fdb52c62000-7fdb52c63000 r--p 0000b000 103:05 4066702                   /usr/lib/libnss_files-2.33.so
7fdb52c63000-7fdb52c64000 rw-p 0000c000 103:05 4066702                   /usr/lib/libnss_files-2.33.so
7fdb52c64000-7fdb52c6a000 rw-p 00000000 00:00 0 
7fdb52c6a000-7fdb52c6b000 rw-s 00000000 00:05 1668                       /dev/nvidia0
7fdb52c6b000-7fdb52c6c000 rw-s 00000000 00:05 1667                       /dev/nvidiactl
7fdb52c6c000-7fdb52c6d000 rw-s 00000000 00:05 1667                       /dev/nvidiactl
7fdb52c6d000-7fdb52c6e000 rw-s 00000000 00:05 1667                       /dev/nvidiactl
7fdb52c6e000-7fdb52c6f000 r--p 00000000 103:05 4087260                   /usr/lib/libXau.so.6.0.0
7fdb52c6f000-7fdb52c70000 r-xp 00001000 103:05 4087260                   /usr/lib/libXau.so.6.0.0
7fdb52c70000-7fdb52c71000 r--p 00002000 103:05 4087260                   /usr/lib/libXau.so.6.0.0
7fdb52c71000-7fdb52c72000 r--p 00002000 103:05 4087260                   /usr/lib/libXau.so.6.0.0
7fdb52c72000-7fdb52c73000 rw-p 00003000 103:05 4087260                   /usr/lib/libXau.so.6.0.0
7fdb52c73000-7fdb52c78000 rw-p 00000000 00:00 0 
7fdb52c78000-7fdb52c7f000 ---p 00000000 00:00 0 
7fdb52c7f000-7fdb52c9b000 r-xp 00000000 103:05 3937511                   /home/peershaul/.jdks/openjdk-15.0.2/lib/libjimage.so
7fdb52c9b000-7fdb52c9d000 r--p 0001b000 103:05 3937511                   /home/peershaul/.jdks/openjdk-15.0.2/lib/libjimage.so
7fdb52c9d000-7fdb52c9e000 rw-p 0001d000 103:05 3937511                   /home/peershaul/.jdks/openjdk-15.0.2/lib/libjimage.so
7fdb52c9e000-7fdb52ca1000 r--p 00000000 103:05 4066717                   /usr/lib/librt-2.33.so
7fdb52ca1000-7fdb52ca5000 r-xp 00003000 103:05 4066717                   /usr/lib/librt-2.33.so
7fdb52ca5000-7fdb52ca7000 r--p 00007000 103:05 4066717                   /usr/lib/librt-2.33.so
7fdb52ca7000-7fdb52ca8000 r--p 00008000 103:05 4066717                   /usr/lib/librt-2.33.so
7fdb52ca8000-7fdb52ca9000 rw-p 00009000 103:05 4066717                   /usr/lib/librt-2.33.so
7fdb52ca9000-7fdb52cad000 ---p 00000000 00:00 0 
7fdb52cad000-7fdb52daa000 rw-p 00000000 00:00 0 
7fdb52daa000-7fdb52db9000 r--p 00000000 103:05 4066681                   /usr/lib/libm-2.33.so
7fdb52db9000-7fdb52e54000 r-xp 0000f000 103:05 4066681                   /usr/lib/libm-2.33.so
7fdb52e54000-7fdb52eec000 r--p 000aa000 103:05 4066681                   /usr/lib/libm-2.33.so
7fdb52eec000-7fdb52eed000 ---p 00142000 103:05 4066681                   /usr/lib/libm-2.33.so
7fdb52eed000-7fdb52eee000 r--p 00142000 103:05 4066681                   /usr/lib/libm-2.33.so
7fdb52eee000-7fdb52eef000 rw-p 00143000 103:05 4066681                   /usr/lib/libm-2.33.so
7fdb52eef000-7fdb53f36000 r-xp 00000000 103:05 4101284                   /home/peershaul/.jdks/openjdk-15.0.2/lib/server/libjvm.so
7fdb53f36000-7fdb53f37000 ---p 01047000 103:05 4101284                   /home/peershaul/.jdks/openjdk-15.0.2/lib/server/libjvm.so
7fdb53f37000-7fdb53fd1000 r--p 01047000 103:05 4101284                   /home/peershaul/.jdks/openjdk-15.0.2/lib/server/libjvm.so
7fdb53fd1000-7fdb54008000 rw-p 010e1000 103:05 4101284                   /home/peershaul/.jdks/openjdk-15.0.2/lib/server/libjvm.so
7fdb54008000-7fdb54093000 rw-p 00000000 00:00 0 
7fdb54093000-7fdb540b9000 r--p 00000000 103:05 4066668                   /usr/lib/libc-2.33.so
7fdb540b9000-7fdb54205000 r-xp 00026000 103:05 4066668                   /usr/lib/libc-2.33.so
7fdb54205000-7fdb54251000 r--p 00172000 103:05 4066668                   /usr/lib/libc-2.33.so
7fdb54251000-7fdb54254000 r--p 001bd000 103:05 4066668                   /usr/lib/libc-2.33.so
7fdb54254000-7fdb54257000 rw-p 001c0000 103:05 4066668                   /usr/lib/libc-2.33.so
7fdb54257000-7fdb54260000 rw-p 00000000 00:00 0 
7fdb54260000-7fdb54262000 r--p 00000000 103:05 4066675                   /usr/lib/libdl-2.33.so
7fdb54262000-7fdb54264000 r-xp 00002000 103:05 4066675                   /usr/lib/libdl-2.33.so
7fdb54264000-7fdb54265000 r--p 00004000 103:05 4066675                   /usr/lib/libdl-2.33.so
7fdb54265000-7fdb54266000 r--p 00004000 103:05 4066675                   /usr/lib/libdl-2.33.so
7fdb54266000-7fdb54267000 rw-p 00005000 103:05 4066675                   /usr/lib/libdl-2.33.so
7fdb54267000-7fdb5426e000 r--p 00000000 103:05 4066709                   /usr/lib/libpthread-2.33.so
7fdb5426e000-7fdb5427d000 r-xp 00007000 103:05 4066709                   /usr/lib/libpthread-2.33.so
7fdb5427d000-7fdb54282000 r--p 00016000 103:05 4066709                   /usr/lib/libpthread-2.33.so
7fdb54282000-7fdb54283000 r--p 0001a000 103:05 4066709                   /usr/lib/libpthread-2.33.so
7fdb54283000-7fdb54284000 rw-p 0001b000 103:05 4066709                   /usr/lib/libpthread-2.33.so
7fdb54284000-7fdb54288000 rw-p 00000000 00:00 0 
7fdb54288000-7fdb54297000 r-xp 00000000 103:05 3937512                   /home/peershaul/.jdks/openjdk-15.0.2/lib/libjli.so
7fdb54297000-7fdb54298000 r--p 0000e000 103:05 3937512                   /home/peershaul/.jdks/openjdk-15.0.2/lib/libjli.so
7fdb54298000-7fdb54299000 rw-p 0000f000 103:05 3937512                   /home/peershaul/.jdks/openjdk-15.0.2/lib/libjli.so
7fdb54299000-7fdb5429c000 r--p 00000000 103:05 4076472                   /usr/lib/libz.so.1.2.11
7fdb5429c000-7fdb542aa000 r-xp 00003000 103:05 4076472                   /usr/lib/libz.so.1.2.11
7fdb542aa000-7fdb542b0000 r--p 00011000 103:05 4076472                   /usr/lib/libz.so.1.2.11
7fdb542b0000-7fdb542b1000 ---p 00017000 103:05 4076472                   /usr/lib/libz.so.1.2.11
7fdb542b1000-7fdb542b2000 r--p 00017000 103:05 4076472                   /usr/lib/libz.so.1.2.11
7fdb542b2000-7fdb542b3000 rw-p 00018000 103:05 4076472                   /usr/lib/libz.so.1.2.11
7fdb542b3000-7fdb542b5000 rw-p 00000000 00:00 0 
7fdb542b5000-7fdb542b6000 r-xp 00000000 00:00 0 
7fdb542b6000-7fdb542bd000 r-xp 00000000 103:05 3937529                   /home/peershaul/.jdks/openjdk-15.0.2/lib/libzip.so
7fdb542bd000-7fdb542be000 ---p 00007000 103:05 3937529                   /home/peershaul/.jdks/openjdk-15.0.2/lib/libzip.so
7fdb542be000-7fdb542bf000 r--p 00007000 103:05 3937529                   /home/peershaul/.jdks/openjdk-15.0.2/lib/libzip.so
7fdb542bf000-7fdb542c0000 rw-p 00008000 103:05 3937529                   /home/peershaul/.jdks/openjdk-15.0.2/lib/libzip.so
7fdb542c0000-7fdb542c8000 rw-s 00000000 00:2e 564                        /tmp/hsperfdata_peershaul/15014
7fdb542c8000-7fdb542c9000 ---p 00000000 00:00 0 
7fdb542c9000-7fdb542ca000 r--p 00000000 00:00 0 
7fdb542ca000-7fdb542cb000 r--p 00000000 103:05 4066657                   /usr/lib/ld-2.33.so
7fdb542cb000-7fdb542ef000 r-xp 00001000 103:05 4066657                   /usr/lib/ld-2.33.so
7fdb542ef000-7fdb542f8000 r--p 00025000 103:05 4066657                   /usr/lib/ld-2.33.so
7fdb542f8000-7fdb542f9000 ---p 00000000 00:00 0 
7fdb542f9000-7fdb542fb000 r--p 0002e000 103:05 4066657                   /usr/lib/ld-2.33.so
7fdb542fb000-7fdb542fd000 rw-p 00030000 103:05 4066657                   /usr/lib/ld-2.33.so
7ffd44674000-7ffd44696000 rw-p 00000000 00:00 0                          [stack]
7ffd446fc000-7ffd44700000 r--p 00000000 00:00 0                          [vvar]
7ffd44700000-7ffd44702000 r-xp 00000000 00:00 0                          [vdso]
ffffffffff600000-ffffffffff601000 --xp 00000000 00:00 0                  [vsyscall]


VM Arguments:
jvm_args: -Dfile.encoding=US-ASCII -Duser.country=US -Duser.language=en -Duser.variant 
java_command: Main
java_class_path (initial): /volume/dev/OpenGL/Java/EngineTest/build/classes/java/main:/volume/dev/OpenGL/Java/EngineTest/build/resources/main:/home/peershaul/.gradle/caches/modules-2/files-2.1/org.lwjgl/lwjgl-assimp/3.2.3/f62aa07a20afbdd3097efc296c4841e0d29700eb/lwjgl-assimp-3.2.3.jar:/home/peershaul/.gradle/caches/modules-2/files-2.1/org.lwjgl/lwjgl-assimp/3.2.3/9ecc218db17c49f2819a5a80dee7efea65a9ac4f/lwjgl-assimp-3.2.3-natives-linux.jar:/home/peershaul/.gradle/caches/modules-2/files-2.1/org.lwjgl/lwjgl-bgfx/3.2.3/433883c4040fa8df47244dffa1d42c96ce2143de/lwjgl-bgfx-3.2.3.jar:/home/peershaul/.gradle/caches/modules-2/files-2.1/org.lwjgl/lwjgl-bgfx/3.2.3/b30a656e8833ab98cc9434686c17390dbfa12531/lwjgl-bgfx-3.2.3-natives-linux.jar:/home/peershaul/.gradle/caches/modules-2/files-2.1/org.lwjgl/lwjgl-glfw/3.2.3/5e520d5c290c8b012545a8d34fa5db5ab051ea53/lwjgl-glfw-3.2.3.jar:/home/peershaul/.gradle/caches/modules-2/files-2.1/org.lwjgl/lwjgl-glfw/3.2.3/62b044d9b0a057444bef2ab70b9afc288ec09dba/lwjgl-glfw-3.2.3-natives-linux.jar:/home/peershaul/.gradle/caches/modules-2/files-2.1/org.lwjgl/lwjgl-nanovg/3.2.3/718be4a13691d1cd276fa852326e9e837d65204e/lwjgl-nanovg-3.2.3.jar:/home/peershaul/.gradle/caches/modules-2/files-2.1/org.lwjgl/lwjgl-nanovg/3.2.3/73a623c979331cac61050c36ebeabee5a5b8eae6/lwjgl-nanovg-3.2.3-natives-linux.jar:/home/peershaul/.gradle/caches/modules-2/files-2.1/org.lwjgl/lwjgl-nuklear/3.2.3/45bfab23e975201bf3cb81287be6034adec64a86/lwjgl-nuklear-3.2.3.jar:/home/peershaul/.gradle/caches/modules-2/files-2.1/org.lwjgl/lwjgl-nuklear/3.2.3/cbc2898b60a5f85368dc2f6999df7fc33926d83e/lwjgl-nuklear-3.2.3-natives-linux.jar:/home/peershaul/.gradle/caches/modules-2/files-2.1/org.lwjgl/lwjgl-openal/3.2.3/106742e805803ab9eab8e343f0fb31a3d263903c/lwjgl-openal-3.2.3.jar:/home/peershaul/.gradle/caches/modules-2/files-2.1/org.lwjgl/lwjgl-openal/3.2.3/869ddd9dbbf92a7d1be7f5942ca0adbde068d999/lwjgl-openal-3.2.3-natives-linux.jar:/home/peershaul/.gradle/caches/modules-2/files-2.1/org.l
Launcher Type: SUN_STANDARD

[Global flags]
     intx CICompilerCount                          = 3                                         {product} {ergonomic}
     uint ConcGCThreads                            = 2                                         {product} {ergonomic}
     uint G1ConcRefinementThreads                  = 6                                         {product} {ergonomic}
   size_t G1HeapRegionSize                         = 2097152                                   {product} {ergonomic}
    uintx GCDrainStackTargetSize                   = 64                                        {product} {ergonomic}
   size_t InitialHeapSize                          = 262144000                                 {product} {ergonomic}
   size_t MarkStackSize                            = 4194304                                   {product} {ergonomic}
   size_t MaxHeapSize                              = 4175429632                                {product} {ergonomic}
   size_t MaxNewSize                               = 2503999488                                {product} {ergonomic}
   size_t MinHeapDeltaBytes                        = 2097152                                   {product} {ergonomic}
   size_t MinHeapSize                              = 8388608                                   {product} {ergonomic}
    uintx NonNMethodCodeHeapSize                   = 5832780                                {pd product} {ergonomic}
    uintx NonProfiledCodeHeapSize                  = 122912730                              {pd product} {ergonomic}
    uintx ProfiledCodeHeapSize                     = 122912730                              {pd product} {ergonomic}
    uintx ReservedCodeCacheSize                    = 251658240                              {pd product} {ergonomic}
     bool SegmentedCodeCache                       = true                                      {product} {ergonomic}
   size_t SoftMaxHeapSize                          = 4175429632                             {manageable} {ergonomic}
     bool UseCompressedClassPointers               = true                                 {lp64_product} {ergonomic}
     bool UseCompressedOops                        = true                                 {lp64_product} {ergonomic}
     bool UseG1GC                                  = true                                      {product} {ergonomic}

Logging:
Log output configuration:
 #0: stdout all=warning uptime,level,tags
 #1: stderr all=off uptime,level,tags

Environment Variables:
PATH=/usr/local/bin:/usr/bin:/bin:/usr/local/sbin:/usr/lib/jvm/default/bin:/usr/bin/site_perl:/usr/bin/vendor_perl:/usr/bin/core_perl:/var/lib/snapd/snap/bin
SHELL=/usr/bin/zsh
DISPLAY=:0
LANG=en_US

Signal Handlers:
SIGSEGV: [libjvm.so+0xd64200], sa_mask[0]=11111111011111111101111111111110, sa_flags=SA_RESTART|SA_SIGINFO
SIGBUS: [libjvm.so+0xd64200], sa_mask[0]=11111111011111111101111111111110, sa_flags=SA_RESTART|SA_SIGINFO
SIGFPE: [libjvm.so+0xd64200], sa_mask[0]=11111111011111111101111111111110, sa_flags=SA_RESTART|SA_SIGINFO
SIGPIPE: [libjvm.so+0xb419c0], sa_mask[0]=11111111011111111101111111111110, sa_flags=SA_RESTART|SA_SIGINFO
SIGXFSZ: [libjvm.so+0xb419c0], sa_mask[0]=11111111011111111101111111111110, sa_flags=SA_RESTART|SA_SIGINFO
SIGILL: [libjvm.so+0xd64200], sa_mask[0]=11111111011111111101111111111110, sa_flags=SA_RESTART|SA_SIGINFO
SIGUSR2: [libjvm.so+0xb41860], sa_mask[0]=00100000000000000000000000000000, sa_flags=SA_RESTART|SA_SIGINFO
SIGHUP: [libjvm.so+0xb420d0], sa_mask[0]=11111111011111111101111111111110, sa_flags=SA_RESTART|SA_SIGINFO
SIGINT: [libjvm.so+0xb420d0], sa_mask[0]=11111111011111111101111111111110, sa_flags=SA_RESTART|SA_SIGINFO
SIGTERM: [libjvm.so+0xb420d0], sa_mask[0]=11111111011111111101111111111110, sa_flags=SA_RESTART|SA_SIGINFO
SIGQUIT: [libjvm.so+0xb420d0], sa_mask[0]=11111111011111111101111111111110, sa_flags=SA_RESTART|SA_SIGINFO


---------------  S Y S T E M  ---------------

OS:
NAME="Arch Linux"
PRETTY_NAME="Arch Linux"
ID=arch
BUILD_ID=rolling
ANSI_COLOR="38;2;23;147;209"
HOME_URL="https://www.archlinux.org/"
DOCUMENTATION_URL="https://wiki.archlinux.org/"
SUPPORT_URL="https://bbs.archlinux.org/"
BUG_REPORT_URL="https://bugs.archlinux.org/"
LOGO=archlinux
uname: Linux 5.11.8-arch1-1 #1 SMP PREEMPT Sun, 21 Mar 2021 01:55:51 +0000 x86_64
OS uptime: 0 days 4:46 hours
libc: glibc 2.33 NPTL 2.33 
rlimit (soft/hard): STACK 8192k/infinity , CORE infinity/infinity , NPROC 63623/63623 , NOFILE 524288/524288 , AS infinity/infinity , CPU infinity/infinity , DATA infinity/infinity , FSIZE infinity/infinity , MEMLOCK 64k/64k
load average: 1.38 0.60 0.45

/proc/meminfo:
MemTotal:       16302452 kB
MemFree:         7729024 kB
MemAvailable:   10842460 kB
Buffers:          130716 kB
Cached:          3458756 kB
SwapCached:            0 kB
Active:           951616 kB
Inactive:        7174384 kB
Active(anon):       8904 kB
Inactive(anon):  4823616 kB
Active(file):     942712 kB
Inactive(file):  2350768 kB
Unevictable:          32 kB
Mlocked:              32 kB
SwapTotal:             0 kB
SwapFree:              0 kB
Dirty:              3448 kB
Writeback:             0 kB
AnonPages:       4536636 kB
Mapped:           876436 kB
Shmem:            295984 kB
KReclaimable:     152984 kB
Slab:             245632 kB
SReclaimable:     152984 kB
SUnreclaim:        92648 kB
KernelStack:       13200 kB
PageTables:        40076 kB
NFS_Unstable:          0 kB
Bounce:                0 kB
WritebackTmp:          0 kB
CommitLimit:     8151224 kB
Committed_AS:    8974108 kB
VmallocTotal:   34359738367 kB
VmallocUsed:       74284 kB
VmallocChunk:          0 kB
Percpu:             5280 kB
HardwareCorrupted:     0 kB
AnonHugePages:         0 kB
ShmemHugePages:        0 kB
ShmemPmdMapped:        0 kB
FileHugePages:         0 kB
FilePmdMapped:         0 kB
CmaTotal:              0 kB
CmaFree:               0 kB
HugePages_Total:       0
HugePages_Free:        0
HugePages_Rsvd:        0
HugePages_Surp:        0
Hugepagesize:       2048 kB
Hugetlb:               0 kB
DirectMap4k:      364472 kB
DirectMap2M:    10033152 kB
DirectMap1G:     6291456 kB

/sys/kernel/mm/transparent_hugepage/enabled: always [madvise] never
/sys/kernel/mm/transparent_hugepage/defrag (defrag/compaction efforts parameter): always defer defer+madvise [madvise] never

/proc/sys/kernel/threads-max (system-wide limit on the number of threads): 127246
/proc/sys/vm/max_map_count (maximum number of memory map areas a process may have): 65530
/proc/sys/kernel/pid_max (system-wide limit on number of process identifiers): 4194304

container (cgroup) information:
container_type: cgroupv1
cpu_cpuset_cpus: 0-5
cpu_memory_nodes: 0
active_processor_count: 6
cpu_quota: no quota
cpu_period: 100000
cpu_shares: no shares
memory_limit_in_bytes: unlimited
memory_and_swap_limit_in_bytes: unlimited
memory_soft_limit_in_bytes: unlimited
memory_usage_in_bytes: 5730963456
memory_max_usage_in_bytes: 6052962304

Steal ticks since vm start: 0
Steal ticks percentage since vm start:  0.000

CPU: total 6 (initial active 6) (6 cores per cpu, 1 threads per core) family 6 model 158 stepping 10 microcode 0x84, cmov, cx8, fxsr, mmx, sse, sse2, sse3, ssse3, sse4.1, sse4.2, popcnt, vzeroupper, avx, avx2, aes, clmul, erms, 3dnowpref, lzcnt, tsc, tscinvbit, bmi1, bmi2, adx, fma, clflush, clflushopt
CPU Model and flags from /proc/cpuinfo:
model name	: Intel(R) Core(TM) i5-8400 CPU @ 2.80GHz
flags		: fpu vme de pse tsc msr pae mce cx8 apic sep mtrr pge mca cmov pat pse36 clflush dts acpi mmx fxsr sse sse2 ss ht tm pbe syscall nx pdpe1gb rdtscp lm constant_tsc art arch_perfmon pebs bts rep_good nopl xtopology nonstop_tsc cpuid aperfmperf pni pclmulqdq dtes64 monitor ds_cpl vmx est tm2 ssse3 sdbg fma cx16 xtpr pdcm pcid sse4_1 sse4_2 x2apic movbe popcnt tsc_deadline_timer aes xsave avx f16c rdrand lahf_lm abm 3dnowprefetch cpuid_fault epb invpcid_single pti ibrs ibpb stibp tpr_shadow vnmi flexpriority ept vpid ept_ad fsgsbase tsc_adjust bmi1 avx2 smep bmi2 erms invpcid mpx rdseed adx smap clflushopt intel_pt xsaveopt xsavec xgetbv1 xsaves dtherm ida arat pln pts hwp hwp_notify hwp_act_window hwp_epp

Online cpus: 0-5
Offline cpus: 
BIOS frequency limitation: <Not Available>
Frequency switch latency (ns): 0
Available cpu frequencies: <Not Available>
Current governor: powersave
Core performance/turbo boost: <Not Available>

Memory: 4k page, physical 16302452k(7729024k free), swap 0k(0k free)

vm_info: OpenJDK 64-Bit Server VM (15.0.2+7-27) for linux-amd64 JRE (15.0.2+7-27), built on Dec  7 2020 19:54:59 by "mach5one" with gcc 9.2.0

END.
