#
# A fatal error has been detected by the Java Runtime Environment:
#
#  SIGSEGV (0xb) at pc=0x0000000041709f56, pid=33545, tid=33547
#
# JRE version: OpenJDK Runtime Environment (15.0.2+7) (build 15.0.2+7-27)
# Java VM: OpenJDK 64-Bit Server VM (15.0.2+7-27, mixed mode, sharing, tiered, compressed oops, g1 gc, linux-amd64)
# Problematic frame:
# C  0x0000000041709f56
#
# Core dump will be written. Default location: Core dumps may be processed with "/usr/lib/systemd/systemd-coredump %P %u %g %s %t %c %h" (or dumping to /volume/dev/OpenGL/Java/EngineTest/core.33545)
#
# If you would like to submit a bug report, please visit:
#   https://bugreport.java.com/bugreport/crash.jsp
# The crash happened outside the Java Virtual Machine in native code.
# See problematic frame for where to report the bug.
#

---------------  S U M M A R Y ------------

Command Line: -Dfile.encoding=US-ASCII -Duser.country=US -Duser.language=en -Duser.variant Main

Host: Intel(R) Core(TM) i5-8400 CPU @ 2.80GHz, 6 cores, 15G, Arch Linux
Time: Fri Apr  2 01:08:52 2021 IDT elapsed time: 0.325482 seconds (0d 0h 0m 0s)

---------------  T H R E A D  ---------------

Current thread (0x00007fa820028f10):  JavaThread "main" [_thread_in_native, id=33547, stack(0x00007fa8260a8000,0x00007fa8261a9000)]

Stack: [0x00007fa8260a8000,0x00007fa8261a9000],  sp=0x00007fa8261a7108,  free space=1020k
Native frames: (J=compiled Java code, A=aot compiled Java code, j=interpreted, Vv=VM code, C=native code)
C  0x0000000041709f56

Java frames: (J=compiled Java code, j=interpreted, Vv=VM code)
j  org.lwjgl.opengl.GL11C.nglDrawElements(IIIJ)V+0
j  org.lwjgl.opengl.GL11C.glDrawElements(IIIJ)V+4
j  org.lwjgl.opengl.GL11.glDrawElements(IIIJ)V+4
j  graphics.Renderer.draw()V+44
j  example_platformer.PlatformerScene.update(F)V+67
j  utils.Window.loop()V+82
j  Main.main([Ljava/lang/String;)V+44
v  ~StubRoutines::call_stub

siginfo: si_signo: 11 (SIGSEGV), si_code: 1 (SEGV_MAPERR), si_addr: 0x0000000000000028

Register to memory mapping:

RAX=0x00007fa7b9d70c80 points into unknown readable memory: 0x0000000000000000 | 00 00 00 00 00 00 00 00
RBX=0x00000000414a2000 points into unknown readable memory: 0x00007fa8204972e0 | e0 72 49 20 a8 7f 00 00
RCX=0x0000000000000002 is an unknown value
RDX=0x00007fa820a63644 points into unknown readable memory: 01 00 00 00
RSP=0x00007fa8261a7108 is pointing into the stack for thread: 0x00007fa820028f10
RBP=0x00007fa820a63670 points into unknown readable memory: 0x00006f006f73006f | 6f 00 73 6f 00 6f 00 00
RSI=0x0000000000000028 is an unknown value
RDI=0x000000000000000a is an unknown value
R8 =0x0000000000000002 is an unknown value
R9 =0x0 is NULL
R10=0x000000004151fec0 points into unknown readable memory: 0x0000000000000000 | 00 00 00 00 00 00 00 00
R11=0x00007fa820a63670 points into unknown readable memory: 0x00006f006f73006f | 6f 00 73 6f 00 6f 00 00
R12=0x00007fa82076a170 points into unknown readable memory: 0x0100100400000009 | 09 00 00 00 04 10 00 01
R13=0x0 is NULL
R14=0x000000000000000c is an unknown value
R15=0x0 is NULL


Registers:
RAX=0x00007fa7b9d70c80, RBX=0x00000000414a2000, RCX=0x0000000000000002, RDX=0x00007fa820a63644
RSP=0x00007fa8261a7108, RBP=0x00007fa820a63670, RSI=0x0000000000000028, RDI=0x000000000000000a
R8 =0x0000000000000002, R9 =0x0000000000000000, R10=0x000000004151fec0, R11=0x00007fa820a63670
R12=0x00007fa82076a170, R13=0x0000000000000000, R14=0x000000000000000c, R15=0x0000000000000000
RIP=0x0000000041709f56, EFLAGS=0x0000000000010206, CSGSFS=0x002b000000000033, ERR=0x0000000000000004
  TRAPNO=0x000000000000000e

Top of Stack: (sp=0x00007fa8261a7108)
0x00007fa8261a7108:   00007fa7bb010339 0000000c00000000
0x00007fa8261a7118:   00007fa820a63640 0000000000000000
0x00007fa8261a7128:   00000000414a2000 000000000000000c
0x00007fa8261a7138:   0000000041709f00 00007fa820771038 

Instructions: (pc=0x0000000041709f56)
0x0000000041709e56:   00 00 00 00 00 00 00 00 00 00 00 00 00 00 00 00
0x0000000041709e66:   00 00 00 00 00 00 00 00 00 00 00 00 00 00 00 00
0x0000000041709e76:   00 00 00 00 00 00 00 00 00 00 00 00 00 00 00 00
0x0000000041709e86:   00 00 00 00 00 00 00 00 00 00 00 00 00 00 00 00
0x0000000041709e96:   00 00 00 00 00 00 00 00 00 00 00 00 00 00 00 00
0x0000000041709ea6:   00 00 00 00 00 00 00 00 00 00 00 00 00 00 00 00
0x0000000041709eb6:   00 00 00 00 00 00 00 00 00 00 00 00 00 00 00 00
0x0000000041709ec6:   00 00 00 00 00 00 00 00 00 00 00 00 00 00 00 00
0x0000000041709ed6:   00 00 00 00 00 00 00 00 00 00 00 00 00 00 00 00
0x0000000041709ee6:   00 00 00 00 00 00 00 00 00 00 00 00 00 00 00 00
0x0000000041709ef6:   00 00 40 ff ff ff c0 1e 00 00 48 89 6c 24 f8 48
0x0000000041709f06:   89 5c 24 f0 48 89 74 24 e8 48 89 7c 24 e0 48 8b
0x0000000041709f16:   df 48 8b c6 48 8b e9 48 8b d2 48 8d 2c aa 4c 8b
0x0000000041709f26:   dd 8b 0a 49 ba c0 fe 51 41 00 00 00 00 41 03 0a
0x0000000041709f36:   48 83 c2 04 48 be 38 9c 4f 41 00 00 00 00 48 8b
0x0000000041709f46:   36 48 8b b6 08 03 00 00 48 8d 3c 89 48 8d 34 be
0x0000000041709f56:   8b 3e 8b 6e 04 89 38 89 68 04 48 be 38 9c 4f 41
0x0000000041709f66:   00 00 00 00 48 8b 36 48 8b b6 38 03 00 00 48 8d
0x0000000041709f76:   3c 89 48 8d 34 be 8b 3e 8b 6e 04 89 78 08 89 68
0x0000000041709f86:   0c 8b 7e 08 89 78 10 48 83 c0 14 49 3b d3 75 91
0x0000000041709f96:   48 8b 7c 24 e0 48 8b 74 24 e8 48 8b 5c 24 f0 48
0x0000000041709fa6:   8b 6c 24 f8 c3 00 00 00 00 00 00 00 00 00 00 00
0x0000000041709fb6:   00 00 c0 ff ff ff c0 00 00 00 48 b8 50 a5 53 41
0x0000000041709fc6:   00 00 00 00 48 8b 00 49 ba 10 e7 4e 41 00 00 00
0x0000000041709fd6:   00 48 83 ec 28 48 83 c4 28 c3 00 00 00 00 00 00
0x0000000041709fe6:   00 00 00 00 00 00 00 00 00 00 00 00 00 00 00 00
0x0000000041709ff6:   00 00 00 00 00 00 40 00 00 00 ?? ?? ?? ?? ?? ??
0x000000004170a006:   ?? ?? ?? ?? ?? ?? ?? ?? ?? ?? ?? ?? ?? ?? ?? ??
0x000000004170a016:   ?? ?? ?? ?? ?? ?? ?? ?? ?? ?? ?? ?? ?? ?? ?? ??
0x000000004170a026:   ?? ?? ?? ?? ?? ?? ?? ?? ?? ?? ?? ?? ?? ?? ?? ??
0x000000004170a036:   ?? ?? ?? ?? ?? ?? ?? ?? ?? ?? ?? ?? ?? ?? ?? ??
0x000000004170a046:   ?? ?? ?? ?? ?? ?? ?? ?? ?? ?? ?? ?? ?? ?? ?? ?? 


Stack slot to memory mapping:
stack at sp + 0 slots: 0x00007fa7bb010339: <offset 0x0000000000f1d339> in /usr/lib/libnvidia-glcore.so.460.67 at 0x00007fa7ba0f3000
stack at sp + 1 slots: 0x0000000c00000000 is an unknown value
stack at sp + 2 slots: 0x00007fa820a63640 points into unknown readable memory: 0x0000000100000002 | 02 00 00 00 01 00 00 00
stack at sp + 3 slots: 0x0 is NULL
stack at sp + 4 slots: 0x00000000414a2000 points into unknown readable memory: 0x00007fa8204972e0 | e0 72 49 20 a8 7f 00 00
stack at sp + 5 slots: 0x000000000000000c is an unknown value
stack at sp + 6 slots: 0x0000000041709f00 points into unknown readable memory: 0x5c8948f8246c8948 | 48 89 6c 24 f8 48 89 5c
stack at sp + 7 slots: 0x00007fa820771038 points into unknown readable memory: 0x00007fa82085b6f0 | f0 b6 85 20 a8 7f 00 00


---------------  P R O C E S S  ---------------

Threads class SMR info:
_java_thread_list=0x00007fa7d02b1bc0, length=11, elements={
0x00007fa820028f10, 0x00007fa8201706d0, 0x00007fa820171e10, 0x00007fa820177930,
0x00007fa820179040, 0x00007fa82017ac60, 0x00007fa82017c490, 0x00007fa82017db90,
0x00007fa8201db3e0, 0x00007fa8201de890, 0x00007fa7d02b0910
}

Java Threads: ( => current thread )
=>0x00007fa820028f10 JavaThread "main" [_thread_in_native, id=33547, stack(0x00007fa8260a8000,0x00007fa8261a9000)]
  0x00007fa8201706d0 JavaThread "Reference Handler" daemon [_thread_blocked, id=33554, stack(0x00007fa8002b8000,0x00007fa8003b9000)]
  0x00007fa820171e10 JavaThread "Finalizer" daemon [_thread_blocked, id=33555, stack(0x00007fa8001b7000,0x00007fa8002b8000)]
  0x00007fa820177930 JavaThread "Signal Dispatcher" daemon [_thread_blocked, id=33556, stack(0x00007fa8000b6000,0x00007fa8001b7000)]
  0x00007fa820179040 JavaThread "Service Thread" daemon [_thread_blocked, id=33557, stack(0x00007fa7f1416000,0x00007fa7f1517000)]
  0x00007fa82017ac60 JavaThread "C2 CompilerThread0" daemon [_thread_blocked, id=33558, stack(0x00007fa7f1315000,0x00007fa7f1416000)]
  0x00007fa82017c490 JavaThread "C1 CompilerThread0" daemon [_thread_blocked, id=33559, stack(0x00007fa7f1214000,0x00007fa7f1315000)]
  0x00007fa82017db90 JavaThread "Sweeper thread" daemon [_thread_blocked, id=33560, stack(0x00007fa7f1113000,0x00007fa7f1214000)]
  0x00007fa8201db3e0 JavaThread "Notification Thread" daemon [_thread_blocked, id=33561, stack(0x00007fa7f1012000,0x00007fa7f1113000)]
  0x00007fa8201de890 JavaThread "Common-Cleaner" daemon [_thread_blocked, id=33563, stack(0x00007fa7f0e0f000,0x00007fa7f0f10000)]
  0x00007fa7d02b0910 JavaThread "C2 CompilerThread1" daemon [_thread_blocked, id=33565, stack(0x00007fa7b976f000,0x00007fa7b9870000)]

Other Threads:
  0x00007fa82016d980 VMThread "VM Thread" [stack: 0x00007fa8003bb000,0x00007fa8004bb000] [id=33553]
  0x00007fa8201dcfa0 WatcherThread [stack: 0x00007fa7f0f12000,0x00007fa7f1012000] [id=33562]
  0x00007fa8200788f0 GCTaskThread "GC Thread#0" [stack: 0x00007fa800fa7000,0x00007fa8010a7000] [id=33548]
  0x00007fa820089b30 ConcurrentGCThread "G1 Main Marker" [stack: 0x00007fa800ea5000,0x00007fa800fa5000] [id=33549]
  0x00007fa82008adc0 ConcurrentGCThread "G1 Conc#0" [stack: 0x00007fa800da3000,0x00007fa800ea3000] [id=33550]
  0x00007fa820138360 ConcurrentGCThread "G1 Refine#0" [stack: 0x00007fa80069b000,0x00007fa80079b000] [id=33551]
  0x00007fa820139570 ConcurrentGCThread "G1 Young RemSet Sampling" [stack: 0x00007fa800599000,0x00007fa800699000] [id=33552]

Threads with active compile tasks:

VM state: not at safepoint (normal execution)

VM Mutex/Monitor currently owned by a thread: None

Heap address: 0x0000000707200000, size: 3982 MB, Compressed Oops mode: Zero based, Oop shift amount: 3
CDS archive(s) mapped at: [0x0000000800000000-0x0000000800b33000-0x0000000800b33000), size 11743232, SharedBaseAddress: 0x0000000800000000, ArchiveRelocationMode: 0.
Compressed class space mapped at: 0x0000000800b34000-0x0000000840b34000, size: 1073741824
Narrow klass base: 0x0000000800000000, Narrow klass shift: 3, Narrow klass range: 0x100000000

GC Precious Log:
 CPUs: 6 total, 6 available
 Memory: 15920M
 Large Page Support: Disabled
 NUMA Support: Disabled
 Compressed Oops: Enabled (Zero based)
 Heap Region Size: 2M
 Heap Min Capacity: 8M
 Heap Initial Capacity: 250M
 Heap Max Capacity: 3982M
 Pre-touch: Disabled
 Parallel Workers: 6
 Concurrent Workers: 2
 Concurrent Refinement Workers: 6
 Periodic GC: Disabled

Heap:
 garbage-first heap   total 260096K, used 16184K [0x0000000707200000, 0x0000000800000000)
  region size 2048K, 8 young (16384K), 0 survivors (0K)
 Metaspace       used 6441K, capacity 9143K, committed 9344K, reserved 1058816K
  class space    used 352K, capacity 620K, committed 640K, reserved 1048576K

Heap Regions: E=young(eden), S=young(survivor), O=old, HS=humongous(starts), HC=humongous(continues), CS=collection set, F=free, OA=open archive, CA=closed archive, TAMS=top-at-mark-start (previous, next)
|   0|0x0000000707200000, 0x0000000707200000, 0x0000000707400000|  0%| F|  |TAMS 0x0000000707200000, 0x0000000707200000| Untracked 
|   1|0x0000000707400000, 0x0000000707400000, 0x0000000707600000|  0%| F|  |TAMS 0x0000000707400000, 0x0000000707400000| Untracked 
|   2|0x0000000707600000, 0x0000000707600000, 0x0000000707800000|  0%| F|  |TAMS 0x0000000707600000, 0x0000000707600000| Untracked 
|   3|0x0000000707800000, 0x0000000707800000, 0x0000000707a00000|  0%| F|  |TAMS 0x0000000707800000, 0x0000000707800000| Untracked 
|   4|0x0000000707a00000, 0x0000000707a00000, 0x0000000707c00000|  0%| F|  |TAMS 0x0000000707a00000, 0x0000000707a00000| Untracked 
|   5|0x0000000707c00000, 0x0000000707c00000, 0x0000000707e00000|  0%| F|  |TAMS 0x0000000707c00000, 0x0000000707c00000| Untracked 
|   6|0x0000000707e00000, 0x0000000707e00000, 0x0000000708000000|  0%| F|  |TAMS 0x0000000707e00000, 0x0000000707e00000| Untracked 
|   7|0x0000000708000000, 0x0000000708000000, 0x0000000708200000|  0%| F|  |TAMS 0x0000000708000000, 0x0000000708000000| Untracked 
|   8|0x0000000708200000, 0x0000000708200000, 0x0000000708400000|  0%| F|  |TAMS 0x0000000708200000, 0x0000000708200000| Untracked 
|   9|0x0000000708400000, 0x0000000708400000, 0x0000000708600000|  0%| F|  |TAMS 0x0000000708400000, 0x0000000708400000| Untracked 
|  10|0x0000000708600000, 0x0000000708600000, 0x0000000708800000|  0%| F|  |TAMS 0x0000000708600000, 0x0000000708600000| Untracked 
|  11|0x0000000708800000, 0x0000000708800000, 0x0000000708a00000|  0%| F|  |TAMS 0x0000000708800000, 0x0000000708800000| Untracked 
|  12|0x0000000708a00000, 0x0000000708a00000, 0x0000000708c00000|  0%| F|  |TAMS 0x0000000708a00000, 0x0000000708a00000| Untracked 
|  13|0x0000000708c00000, 0x0000000708c00000, 0x0000000708e00000|  0%| F|  |TAMS 0x0000000708c00000, 0x0000000708c00000| Untracked 
|  14|0x0000000708e00000, 0x0000000708e00000, 0x0000000709000000|  0%| F|  |TAMS 0x0000000708e00000, 0x0000000708e00000| Untracked 
|  15|0x0000000709000000, 0x0000000709000000, 0x0000000709200000|  0%| F|  |TAMS 0x0000000709000000, 0x0000000709000000| Untracked 
|  16|0x0000000709200000, 0x0000000709200000, 0x0000000709400000|  0%| F|  |TAMS 0x0000000709200000, 0x0000000709200000| Untracked 
|  17|0x0000000709400000, 0x0000000709400000, 0x0000000709600000|  0%| F|  |TAMS 0x0000000709400000, 0x0000000709400000| Untracked 
|  18|0x0000000709600000, 0x0000000709600000, 0x0000000709800000|  0%| F|  |TAMS 0x0000000709600000, 0x0000000709600000| Untracked 
|  19|0x0000000709800000, 0x0000000709800000, 0x0000000709a00000|  0%| F|  |TAMS 0x0000000709800000, 0x0000000709800000| Untracked 
|  20|0x0000000709a00000, 0x0000000709a00000, 0x0000000709c00000|  0%| F|  |TAMS 0x0000000709a00000, 0x0000000709a00000| Untracked 
|  21|0x0000000709c00000, 0x0000000709c00000, 0x0000000709e00000|  0%| F|  |TAMS 0x0000000709c00000, 0x0000000709c00000| Untracked 
|  22|0x0000000709e00000, 0x0000000709e00000, 0x000000070a000000|  0%| F|  |TAMS 0x0000000709e00000, 0x0000000709e00000| Untracked 
|  23|0x000000070a000000, 0x000000070a000000, 0x000000070a200000|  0%| F|  |TAMS 0x000000070a000000, 0x000000070a000000| Untracked 
|  24|0x000000070a200000, 0x000000070a200000, 0x000000070a400000|  0%| F|  |TAMS 0x000000070a200000, 0x000000070a200000| Untracked 
|  25|0x000000070a400000, 0x000000070a400000, 0x000000070a600000|  0%| F|  |TAMS 0x000000070a400000, 0x000000070a400000| Untracked 
|  26|0x000000070a600000, 0x000000070a600000, 0x000000070a800000|  0%| F|  |TAMS 0x000000070a600000, 0x000000070a600000| Untracked 
|  27|0x000000070a800000, 0x000000070a800000, 0x000000070aa00000|  0%| F|  |TAMS 0x000000070a800000, 0x000000070a800000| Untracked 
|  28|0x000000070aa00000, 0x000000070aa00000, 0x000000070ac00000|  0%| F|  |TAMS 0x000000070aa00000, 0x000000070aa00000| Untracked 
|  29|0x000000070ac00000, 0x000000070ac00000, 0x000000070ae00000|  0%| F|  |TAMS 0x000000070ac00000, 0x000000070ac00000| Untracked 
|  30|0x000000070ae00000, 0x000000070ae00000, 0x000000070b000000|  0%| F|  |TAMS 0x000000070ae00000, 0x000000070ae00000| Untracked 
|  31|0x000000070b000000, 0x000000070b000000, 0x000000070b200000|  0%| F|  |TAMS 0x000000070b000000, 0x000000070b000000| Untracked 
|  32|0x000000070b200000, 0x000000070b200000, 0x000000070b400000|  0%| F|  |TAMS 0x000000070b200000, 0x000000070b200000| Untracked 
|  33|0x000000070b400000, 0x000000070b400000, 0x000000070b600000|  0%| F|  |TAMS 0x000000070b400000, 0x000000070b400000| Untracked 
|  34|0x000000070b600000, 0x000000070b600000, 0x000000070b800000|  0%| F|  |TAMS 0x000000070b600000, 0x000000070b600000| Untracked 
|  35|0x000000070b800000, 0x000000070b800000, 0x000000070ba00000|  0%| F|  |TAMS 0x000000070b800000, 0x000000070b800000| Untracked 
|  36|0x000000070ba00000, 0x000000070ba00000, 0x000000070bc00000|  0%| F|  |TAMS 0x000000070ba00000, 0x000000070ba00000| Untracked 
|  37|0x000000070bc00000, 0x000000070bc00000, 0x000000070be00000|  0%| F|  |TAMS 0x000000070bc00000, 0x000000070bc00000| Untracked 
|  38|0x000000070be00000, 0x000000070be00000, 0x000000070c000000|  0%| F|  |TAMS 0x000000070be00000, 0x000000070be00000| Untracked 
|  39|0x000000070c000000, 0x000000070c000000, 0x000000070c200000|  0%| F|  |TAMS 0x000000070c000000, 0x000000070c000000| Untracked 
|  40|0x000000070c200000, 0x000000070c200000, 0x000000070c400000|  0%| F|  |TAMS 0x000000070c200000, 0x000000070c200000| Untracked 
|  41|0x000000070c400000, 0x000000070c400000, 0x000000070c600000|  0%| F|  |TAMS 0x000000070c400000, 0x000000070c400000| Untracked 
|  42|0x000000070c600000, 0x000000070c600000, 0x000000070c800000|  0%| F|  |TAMS 0x000000070c600000, 0x000000070c600000| Untracked 
|  43|0x000000070c800000, 0x000000070c800000, 0x000000070ca00000|  0%| F|  |TAMS 0x000000070c800000, 0x000000070c800000| Untracked 
|  44|0x000000070ca00000, 0x000000070ca00000, 0x000000070cc00000|  0%| F|  |TAMS 0x000000070ca00000, 0x000000070ca00000| Untracked 
|  45|0x000000070cc00000, 0x000000070cc00000, 0x000000070ce00000|  0%| F|  |TAMS 0x000000070cc00000, 0x000000070cc00000| Untracked 
|  46|0x000000070ce00000, 0x000000070ce00000, 0x000000070d000000|  0%| F|  |TAMS 0x000000070ce00000, 0x000000070ce00000| Untracked 
|  47|0x000000070d000000, 0x000000070d000000, 0x000000070d200000|  0%| F|  |TAMS 0x000000070d000000, 0x000000070d000000| Untracked 
|  48|0x000000070d200000, 0x000000070d200000, 0x000000070d400000|  0%| F|  |TAMS 0x000000070d200000, 0x000000070d200000| Untracked 
|  49|0x000000070d400000, 0x000000070d400000, 0x000000070d600000|  0%| F|  |TAMS 0x000000070d400000, 0x000000070d400000| Untracked 
|  50|0x000000070d600000, 0x000000070d600000, 0x000000070d800000|  0%| F|  |TAMS 0x000000070d600000, 0x000000070d600000| Untracked 
|  51|0x000000070d800000, 0x000000070d800000, 0x000000070da00000|  0%| F|  |TAMS 0x000000070d800000, 0x000000070d800000| Untracked 
|  52|0x000000070da00000, 0x000000070da00000, 0x000000070dc00000|  0%| F|  |TAMS 0x000000070da00000, 0x000000070da00000| Untracked 
|  53|0x000000070dc00000, 0x000000070dc00000, 0x000000070de00000|  0%| F|  |TAMS 0x000000070dc00000, 0x000000070dc00000| Untracked 
|  54|0x000000070de00000, 0x000000070de00000, 0x000000070e000000|  0%| F|  |TAMS 0x000000070de00000, 0x000000070de00000| Untracked 
|  55|0x000000070e000000, 0x000000070e000000, 0x000000070e200000|  0%| F|  |TAMS 0x000000070e000000, 0x000000070e000000| Untracked 
|  56|0x000000070e200000, 0x000000070e200000, 0x000000070e400000|  0%| F|  |TAMS 0x000000070e200000, 0x000000070e200000| Untracked 
|  57|0x000000070e400000, 0x000000070e400000, 0x000000070e600000|  0%| F|  |TAMS 0x000000070e400000, 0x000000070e400000| Untracked 
|  58|0x000000070e600000, 0x000000070e600000, 0x000000070e800000|  0%| F|  |TAMS 0x000000070e600000, 0x000000070e600000| Untracked 
|  59|0x000000070e800000, 0x000000070e800000, 0x000000070ea00000|  0%| F|  |TAMS 0x000000070e800000, 0x000000070e800000| Untracked 
|  60|0x000000070ea00000, 0x000000070ea00000, 0x000000070ec00000|  0%| F|  |TAMS 0x000000070ea00000, 0x000000070ea00000| Untracked 
|  61|0x000000070ec00000, 0x000000070ec00000, 0x000000070ee00000|  0%| F|  |TAMS 0x000000070ec00000, 0x000000070ec00000| Untracked 
|  62|0x000000070ee00000, 0x000000070ee00000, 0x000000070f000000|  0%| F|  |TAMS 0x000000070ee00000, 0x000000070ee00000| Untracked 
|  63|0x000000070f000000, 0x000000070f000000, 0x000000070f200000|  0%| F|  |TAMS 0x000000070f000000, 0x000000070f000000| Untracked 
|  64|0x000000070f200000, 0x000000070f200000, 0x000000070f400000|  0%| F|  |TAMS 0x000000070f200000, 0x000000070f200000| Untracked 
|  65|0x000000070f400000, 0x000000070f400000, 0x000000070f600000|  0%| F|  |TAMS 0x000000070f400000, 0x000000070f400000| Untracked 
|  66|0x000000070f600000, 0x000000070f600000, 0x000000070f800000|  0%| F|  |TAMS 0x000000070f600000, 0x000000070f600000| Untracked 
|  67|0x000000070f800000, 0x000000070f800000, 0x000000070fa00000|  0%| F|  |TAMS 0x000000070f800000, 0x000000070f800000| Untracked 
|  68|0x000000070fa00000, 0x000000070fa00000, 0x000000070fc00000|  0%| F|  |TAMS 0x000000070fa00000, 0x000000070fa00000| Untracked 
|  69|0x000000070fc00000, 0x000000070fc00000, 0x000000070fe00000|  0%| F|  |TAMS 0x000000070fc00000, 0x000000070fc00000| Untracked 
|  70|0x000000070fe00000, 0x000000070fe00000, 0x0000000710000000|  0%| F|  |TAMS 0x000000070fe00000, 0x000000070fe00000| Untracked 
|  71|0x0000000710000000, 0x0000000710000000, 0x0000000710200000|  0%| F|  |TAMS 0x0000000710000000, 0x0000000710000000| Untracked 
|  72|0x0000000710200000, 0x0000000710200000, 0x0000000710400000|  0%| F|  |TAMS 0x0000000710200000, 0x0000000710200000| Untracked 
|  73|0x0000000710400000, 0x0000000710400000, 0x0000000710600000|  0%| F|  |TAMS 0x0000000710400000, 0x0000000710400000| Untracked 
|  74|0x0000000710600000, 0x0000000710600000, 0x0000000710800000|  0%| F|  |TAMS 0x0000000710600000, 0x0000000710600000| Untracked 
|  75|0x0000000710800000, 0x0000000710800000, 0x0000000710a00000|  0%| F|  |TAMS 0x0000000710800000, 0x0000000710800000| Untracked 
|  76|0x0000000710a00000, 0x0000000710a00000, 0x0000000710c00000|  0%| F|  |TAMS 0x0000000710a00000, 0x0000000710a00000| Untracked 
|  77|0x0000000710c00000, 0x0000000710c00000, 0x0000000710e00000|  0%| F|  |TAMS 0x0000000710c00000, 0x0000000710c00000| Untracked 
|  78|0x0000000710e00000, 0x0000000710e00000, 0x0000000711000000|  0%| F|  |TAMS 0x0000000710e00000, 0x0000000710e00000| Untracked 
|  79|0x0000000711000000, 0x0000000711000000, 0x0000000711200000|  0%| F|  |TAMS 0x0000000711000000, 0x0000000711000000| Untracked 
|  80|0x0000000711200000, 0x0000000711200000, 0x0000000711400000|  0%| F|  |TAMS 0x0000000711200000, 0x0000000711200000| Untracked 
|  81|0x0000000711400000, 0x0000000711400000, 0x0000000711600000|  0%| F|  |TAMS 0x0000000711400000, 0x0000000711400000| Untracked 
|  82|0x0000000711600000, 0x0000000711600000, 0x0000000711800000|  0%| F|  |TAMS 0x0000000711600000, 0x0000000711600000| Untracked 
|  83|0x0000000711800000, 0x0000000711800000, 0x0000000711a00000|  0%| F|  |TAMS 0x0000000711800000, 0x0000000711800000| Untracked 
|  84|0x0000000711a00000, 0x0000000711a00000, 0x0000000711c00000|  0%| F|  |TAMS 0x0000000711a00000, 0x0000000711a00000| Untracked 
|  85|0x0000000711c00000, 0x0000000711c00000, 0x0000000711e00000|  0%| F|  |TAMS 0x0000000711c00000, 0x0000000711c00000| Untracked 
|  86|0x0000000711e00000, 0x0000000711e00000, 0x0000000712000000|  0%| F|  |TAMS 0x0000000711e00000, 0x0000000711e00000| Untracked 
|  87|0x0000000712000000, 0x0000000712000000, 0x0000000712200000|  0%| F|  |TAMS 0x0000000712000000, 0x0000000712000000| Untracked 
|  88|0x0000000712200000, 0x0000000712200000, 0x0000000712400000|  0%| F|  |TAMS 0x0000000712200000, 0x0000000712200000| Untracked 
|  89|0x0000000712400000, 0x0000000712400000, 0x0000000712600000|  0%| F|  |TAMS 0x0000000712400000, 0x0000000712400000| Untracked 
|  90|0x0000000712600000, 0x0000000712600000, 0x0000000712800000|  0%| F|  |TAMS 0x0000000712600000, 0x0000000712600000| Untracked 
|  91|0x0000000712800000, 0x0000000712800000, 0x0000000712a00000|  0%| F|  |TAMS 0x0000000712800000, 0x0000000712800000| Untracked 
|  92|0x0000000712a00000, 0x0000000712a00000, 0x0000000712c00000|  0%| F|  |TAMS 0x0000000712a00000, 0x0000000712a00000| Untracked 
|  93|0x0000000712c00000, 0x0000000712c00000, 0x0000000712e00000|  0%| F|  |TAMS 0x0000000712c00000, 0x0000000712c00000| Untracked 
|  94|0x0000000712e00000, 0x0000000712e00000, 0x0000000713000000|  0%| F|  |TAMS 0x0000000712e00000, 0x0000000712e00000| Untracked 
|  95|0x0000000713000000, 0x0000000713000000, 0x0000000713200000|  0%| F|  |TAMS 0x0000000713000000, 0x0000000713000000| Untracked 
|  96|0x0000000713200000, 0x0000000713200000, 0x0000000713400000|  0%| F|  |TAMS 0x0000000713200000, 0x0000000713200000| Untracked 
|  97|0x0000000713400000, 0x0000000713400000, 0x0000000713600000|  0%| F|  |TAMS 0x0000000713400000, 0x0000000713400000| Untracked 
|  98|0x0000000713600000, 0x0000000713600000, 0x0000000713800000|  0%| F|  |TAMS 0x0000000713600000, 0x0000000713600000| Untracked 
|  99|0x0000000713800000, 0x0000000713800000, 0x0000000713a00000|  0%| F|  |TAMS 0x0000000713800000, 0x0000000713800000| Untracked 
| 100|0x0000000713a00000, 0x0000000713a00000, 0x0000000713c00000|  0%| F|  |TAMS 0x0000000713a00000, 0x0000000713a00000| Untracked 
| 101|0x0000000713c00000, 0x0000000713c00000, 0x0000000713e00000|  0%| F|  |TAMS 0x0000000713c00000, 0x0000000713c00000| Untracked 
| 102|0x0000000713e00000, 0x0000000713e00000, 0x0000000714000000|  0%| F|  |TAMS 0x0000000713e00000, 0x0000000713e00000| Untracked 
| 103|0x0000000714000000, 0x0000000714000000, 0x0000000714200000|  0%| F|  |TAMS 0x0000000714000000, 0x0000000714000000| Untracked 
| 104|0x0000000714200000, 0x0000000714200000, 0x0000000714400000|  0%| F|  |TAMS 0x0000000714200000, 0x0000000714200000| Untracked 
| 105|0x0000000714400000, 0x0000000714400000, 0x0000000714600000|  0%| F|  |TAMS 0x0000000714400000, 0x0000000714400000| Untracked 
| 106|0x0000000714600000, 0x0000000714600000, 0x0000000714800000|  0%| F|  |TAMS 0x0000000714600000, 0x0000000714600000| Untracked 
| 107|0x0000000714800000, 0x0000000714800000, 0x0000000714a00000|  0%| F|  |TAMS 0x0000000714800000, 0x0000000714800000| Untracked 
| 108|0x0000000714a00000, 0x0000000714a00000, 0x0000000714c00000|  0%| F|  |TAMS 0x0000000714a00000, 0x0000000714a00000| Untracked 
| 109|0x0000000714c00000, 0x0000000714c00000, 0x0000000714e00000|  0%| F|  |TAMS 0x0000000714c00000, 0x0000000714c00000| Untracked 
| 110|0x0000000714e00000, 0x0000000714e00000, 0x0000000715000000|  0%| F|  |TAMS 0x0000000714e00000, 0x0000000714e00000| Untracked 
| 111|0x0000000715000000, 0x0000000715000000, 0x0000000715200000|  0%| F|  |TAMS 0x0000000715000000, 0x0000000715000000| Untracked 
| 112|0x0000000715200000, 0x0000000715200000, 0x0000000715400000|  0%| F|  |TAMS 0x0000000715200000, 0x0000000715200000| Untracked 
| 113|0x0000000715400000, 0x0000000715400000, 0x0000000715600000|  0%| F|  |TAMS 0x0000000715400000, 0x0000000715400000| Untracked 
| 114|0x0000000715600000, 0x0000000715600000, 0x0000000715800000|  0%| F|  |TAMS 0x0000000715600000, 0x0000000715600000| Untracked 
| 115|0x0000000715800000, 0x0000000715800000, 0x0000000715a00000|  0%| F|  |TAMS 0x0000000715800000, 0x0000000715800000| Untracked 
| 116|0x0000000715a00000, 0x0000000715a00000, 0x0000000715c00000|  0%| F|  |TAMS 0x0000000715a00000, 0x0000000715a00000| Untracked 
| 117|0x0000000715c00000, 0x0000000715e00000, 0x0000000715e00000|100%| E|  |TAMS 0x0000000715c00000, 0x0000000715c00000| Complete 
| 118|0x0000000715e00000, 0x0000000716000000, 0x0000000716000000|100%| E|CS|TAMS 0x0000000715e00000, 0x0000000715e00000| Complete 
| 119|0x0000000716000000, 0x0000000716200000, 0x0000000716200000|100%| E|CS|TAMS 0x0000000716000000, 0x0000000716000000| Complete 
| 120|0x0000000716200000, 0x0000000716400000, 0x0000000716400000|100%| E|CS|TAMS 0x0000000716200000, 0x0000000716200000| Complete 
| 121|0x0000000716400000, 0x0000000716600000, 0x0000000716600000|100%| E|CS|TAMS 0x0000000716400000, 0x0000000716400000| Complete 
| 122|0x0000000716600000, 0x0000000716800000, 0x0000000716800000|100%| E|CS|TAMS 0x0000000716600000, 0x0000000716600000| Complete 
| 123|0x0000000716800000, 0x0000000716a00000, 0x0000000716a00000|100%| E|CS|TAMS 0x0000000716800000, 0x0000000716800000| Complete 
| 124|0x0000000716a00000, 0x0000000716c00000, 0x0000000716c00000|100%| E|CS|TAMS 0x0000000716a00000, 0x0000000716a00000| Complete 
|1989|0x00000007ffc00000, 0x00000007ffd52000, 0x00000007ffe00000| 66%|OA|  |TAMS 0x00000007ffc00000, 0x00000007ffc00000| Untracked 
|1990|0x00000007ffe00000, 0x00000007ffe7c000, 0x0000000800000000| 24%|CA|  |TAMS 0x00000007ffe00000, 0x00000007ffe00000| Untracked 

Card table byte_map: [0x00007fa8248d8000,0x00007fa82509f000] _byte_map_base: 0x00007fa82109f000

Marking Bits (Prev, Next): (CMBitMap*) 0x00007fa820079690, (CMBitMap*) 0x00007fa8200796d0
 Prev Bits: [0x00007fa804edf000, 0x00007fa808d17000)
 Next Bits: [0x00007fa8010a7000, 0x00007fa804edf000)

Polling page: 0x00007fa8276cc000

Metaspace:

Usage:
  Non-class:      8.32 MB capacity,     5.95 MB ( 71%) used,     2.37 MB ( 28%) free+waste,     8.81 KB ( <1%) overhead. 
      Class:    620.00 KB capacity,   352.04 KB ( 57%) used,   265.09 KB ( 43%) free+waste,     2.88 KB ( <1%) overhead. 
       Both:      8.93 MB capacity,     6.29 MB ( 70%) used,     2.63 MB ( 29%) free+waste,    11.69 KB ( <1%) overhead. 

Virtual space:
  Non-class space:       10.00 MB reserved,       8.50 MB ( 85%) committed 
      Class space:        1.00 GB reserved,     640.00 KB ( <1%) committed 
             Both:        1.01 GB reserved,       9.12 MB ( <1%) committed 

Chunk freelists:
   Non-Class:  53.00 KB
       Class:  4.00 KB
        Both:  57.00 KB

MaxMetaspaceSize: 17179869184.00 GB
CompressedClassSpaceSize: 1.00 GB

CodeHeap 'non-profiled nmethods': size=120032Kb used=239Kb max_used=239Kb free=119792Kb
 bounds [0x00007fa8107df000, 0x00007fa810a4f000, 0x00007fa817d17000]
CodeHeap 'profiled nmethods': size=120028Kb used=1279Kb max_used=1279Kb free=118748Kb
 bounds [0x00007fa8092a8000, 0x00007fa809518000, 0x00007fa8107df000]
CodeHeap 'non-nmethods': size=5700Kb used=1590Kb max_used=1626Kb free=4110Kb
 bounds [0x00007fa808d17000, 0x00007fa808f87000, 0x00007fa8092a8000]
 total_blobs=1759 nmethods=778 adapters=895
 compilation: enabled
              stopped_count=0, restarted_count=0
 full_count=0

Compilation events (20 events):
Event: 0.315 Thread 0x00007fa82017c490  772   !   3       java.util.zip.ZipFile$Source::readAt (39 bytes)
Event: 0.315 Thread 0x00007fa82017c490 nmethod 772 0x00007fa8093e4590 code [0x00007fa8093e4780, 0x00007fa8093e4be0]
Event: 0.315 Thread 0x00007fa82017c490  773   !   3       java.util.zip.Inflater::setInput (69 bytes)
Event: 0.316 Thread 0x00007fa82017c490 nmethod 773 0x00007fa8093e4f10 code [0x00007fa8093e50c0, 0x00007fa8093e5480]
Event: 0.316 Thread 0x00007fa7d02b0910 nmethod 694 0x00007fa810817990 code [0x00007fa810817b00, 0x00007fa810817cb8]
Event: 0.316 Thread 0x00007fa7d02b0910  692       4       java.lang.String::indexOf (7 bytes)
Event: 0.316 Thread 0x00007fa82017ac60 nmethod 690 0x00007fa810817d90 code [0x00007fa810817f80, 0x00007fa810819278]
Event: 0.316 Thread 0x00007fa82017ac60  767       4       java.lang.String::toString (2 bytes)
Event: 0.316 Thread 0x00007fa82017ac60 nmethod 767 0x00007fa810819910 code [0x00007fa810819a80, 0x00007fa810819ad8]
Event: 0.318 Thread 0x00007fa7d02b0910 nmethod 692 0x00007fa810819c10 code [0x00007fa810819d80, 0x00007fa810819fd8]
Event: 0.318 Thread 0x00007fa82017ac60  774       4       java.lang.invoke.MethodType::parameterType (7 bytes)
Event: 0.318 Thread 0x00007fa7d02b0910  775       4       sun.misc.Unsafe::putByte (9 bytes)
Event: 0.318 Thread 0x00007fa82017ac60 nmethod 774 0x00007fa81081a190 code [0x00007fa81081a300, 0x00007fa81081a398]
Event: 0.318 Thread 0x00007fa7d02b0910 nmethod 775 0x00007fa81081a490 code [0x00007fa81081a600, 0x00007fa81081a678]
Event: 0.319 Thread 0x00007fa82017c490  776       3       java.net.URLStreamHandler::toExternalForm (156 bytes)
Event: 0.319 Thread 0x00007fa82017ac60  777 %     4       java.lang.StringCoding::encodeASCII @ 11 (158 bytes)
Event: 0.320 Thread 0x00007fa82017c490 nmethod 776 0x00007fa8093e5610 code [0x00007fa8093e5a20, 0x00007fa8093e7190]
Event: 0.321 Thread 0x00007fa82017ac60 nmethod 777% 0x00007fa81081a790 code [0x00007fa81081a920, 0x00007fa81081abf8]
Event: 0.324 Thread 0x00007fa82017c490  778       3       java.lang.Number::<init> (5 bytes)
Event: 0.324 Thread 0x00007fa82017c490 nmethod 778 0x00007fa8093e7910 code [0x00007fa8093e7aa0, 0x00007fa8093e7bf0]

GC Heap History (0 events):
No events

Deoptimization events (20 events):
Event: 0.306 Thread 0x00007fa820028f10 Uncommon trap: trap_request=0xffffff45 fr.pc=0x00007fa8107e37d8 relative=0x0000000000000058
Event: 0.306 Thread 0x00007fa820028f10 Uncommon trap: reason=unstable_if action=reinterpret pc=0x00007fa8107e37d8 method=java.lang.String.isLatin1()Z @ 10 c2
Event: 0.306 Thread 0x00007fa820028f10 DEOPT PACKING pc=0x00007fa8107e37d8 sp=0x00007fa8261a6fb0
Event: 0.306 Thread 0x00007fa820028f10 DEOPT UNPACKING pc=0x00007fa808d65125 sp=0x00007fa8261a6f60 mode 2
Event: 0.307 Thread 0x00007fa820028f10 Uncommon trap: trap_request=0xffffff45 fr.pc=0x00007fa8107fd43c relative=0x000000000000049c
Event: 0.307 Thread 0x00007fa820028f10 Uncommon trap: reason=unstable_if action=reinterpret pc=0x00007fa8107fd43c method=java.lang.AbstractStringBuilder.putStringAt(ILjava/lang/String;)V @ 8 c2
Event: 0.307 Thread 0x00007fa820028f10 DEOPT PACKING pc=0x00007fa8107fd43c sp=0x00007fa8261a73f0
Event: 0.307 Thread 0x00007fa820028f10 DEOPT UNPACKING pc=0x00007fa808d65125 sp=0x00007fa8261a7308 mode 2
Event: 0.307 Thread 0x00007fa820028f10 Uncommon trap: trap_request=0xffffff45 fr.pc=0x00007fa8107fb62c relative=0x000000000000048c
Event: 0.307 Thread 0x00007fa820028f10 Uncommon trap: reason=unstable_if action=reinterpret pc=0x00007fa8107fb62c method=java.lang.AbstractStringBuilder.putStringAt(ILjava/lang/String;)V @ 8 c2
Event: 0.307 Thread 0x00007fa820028f10 DEOPT PACKING pc=0x00007fa8107fb62c sp=0x00007fa8261a73a0
Event: 0.307 Thread 0x00007fa820028f10 DEOPT UNPACKING pc=0x00007fa808d65125 sp=0x00007fa8261a7310 mode 2
Event: 0.307 Thread 0x00007fa820028f10 Uncommon trap: trap_request=0xffffff45 fr.pc=0x00007fa8107f8ce4 relative=0x00000000000000e4
Event: 0.307 Thread 0x00007fa820028f10 Uncommon trap: reason=unstable_if action=reinterpret pc=0x00007fa8107f8ce4 method=java.lang.String.getBytes([BIB)V @ 5 c2
Event: 0.307 Thread 0x00007fa820028f10 DEOPT PACKING pc=0x00007fa8107f8ce4 sp=0x00007fa8261a72c0
Event: 0.307 Thread 0x00007fa820028f10 DEOPT UNPACKING pc=0x00007fa808d65125 sp=0x00007fa8261a7288 mode 2
Event: 0.307 Thread 0x00007fa820028f10 Uncommon trap: trap_request=0xffffff45 fr.pc=0x00007fa81080d99c relative=0x000000000000037c
Event: 0.307 Thread 0x00007fa820028f10 Uncommon trap: reason=unstable_if action=reinterpret pc=0x00007fa81080d99c method=java.lang.AbstractStringBuilder.isLatin1()Z @ 10 c2
Event: 0.307 Thread 0x00007fa820028f10 DEOPT PACKING pc=0x00007fa81080d99c sp=0x00007fa8261a7420
Event: 0.307 Thread 0x00007fa820028f10 DEOPT UNPACKING pc=0x00007fa808d65125 sp=0x00007fa8261a73a0 mode 2

Classes unloaded (0 events):
No events

Classes redefined (0 events):
No events

Internal exceptions (14 events):
Event: 0.065 Thread 0x00007fa820028f10 Exception <a 'java/lang/NoSuchMethodError'{0x00000007168b2950}: 'java.lang.Object java.lang.invoke.DirectMethodHandle$Holder.invokeStatic(java.lang.Object)'> (0x00000007168b2950) 
thrown [open/src/hotspot/share/interpreter/linkResolver.cpp, line 781]
Event: 0.065 Thread 0x00007fa820028f10 Exception <a 'java/lang/NoSuchMethodError'{0x00000007168b60a0}: 'java.lang.Object java.lang.invoke.DirectMethodHandle$Holder.invokeStaticInit(java.lang.Object)'> (0x00000007168b60a0) 
thrown [open/src/hotspot/share/interpreter/linkResolver.cpp, line 781]
Event: 0.072 Thread 0x00007fa820028f10 Exception <a 'java/lang/NoSuchMethodError'{0x000000071690e6e8}: 'void java.lang.invoke.DirectMethodHandle$Holder.invokeStatic(java.lang.Object, java.lang.Object)'> (0x000000071690e6e8) 
thrown [open/src/hotspot/share/interpreter/linkResolver.cpp, line 781]
Event: 0.073 Thread 0x00007fa820028f10 Exception <a 'java/lang/NoSuchMethodError'{0x0000000716913db0}: 'void java.lang.invoke.DirectMethodHandle$Holder.invokeSpecial(java.lang.Object, java.lang.Object, java.lang.Object)'> (0x0000000716913db0) 
thrown [open/src/hotspot/share/interpreter/linkResolver.cpp, line 781]
Event: 0.075 Thread 0x00007fa820028f10 Exception <a 'java/lang/NoSuchMethodError'{0x00000007169285f8}: 'java.lang.Object java.lang.invoke.DirectMethodHandle$Holder.invokeStatic(java.lang.Object, java.lang.Object, int)'> (0x00000007169285f8) 
thrown [open/src/hotspot/share/interpreter/linkResolver.cpp, line 781]
Event: 0.076 Thread 0x00007fa820028f10 Exception <a 'java/lang/NoSuchMethodError'{0x0000000716934740}: 'void java.lang.invoke.DelegatingMethodHandle$Holder.delegate(java.lang.Object, java.lang.Object, int, java.lang.Object)'> (0x0000000716934740) 
thrown [open/src/hotspot/share/interpreter/linkResolver.cpp, line 781]
Event: 0.077 Thread 0x00007fa820028f10 Exception <a 'java/lang/NoSuchMethodError'{0x0000000716938cd0}: 'int java.lang.invoke.DirectMethodHandle$Holder.invokeSpecial(java.lang.Object, java.lang.Object, java.lang.Object)'> (0x0000000716938cd0) 
thrown [open/src/hotspot/share/interpreter/linkResolver.cpp, line 781]
Event: 0.091 Thread 0x00007fa820028f10 Exception <a 'sun/nio/fs/UnixException'{0x00000007169d6ed0}> (0x00000007169d6ed0) 
thrown [open/src/hotspot/share/prims/jni.cpp, line 578]
Event: 0.107 Thread 0x00007fa820028f10 Exception <a 'sun/nio/fs/UnixException'{0x00000007166bb7b0}> (0x00000007166bb7b0) 
thrown [open/src/hotspot/share/prims/jni.cpp, line 578]
Event: 0.166 Thread 0x00007fa820028f10 Exception <a 'java/lang/NoSuchMethodError'{0x0000000716720bb8}: 'void java.lang.invoke.DirectMethodHandle$Holder.invokeStaticInit(java.lang.Object, long, double, double)'> (0x0000000716720bb8) 
thrown [open/src/hotspot/share/interpreter/linkResolver.cpp, line 781]
Event: 0.168 Thread 0x00007fa820028f10 Exception <a 'java/lang/NoSuchMethodError'{0x0000000716731db8}: 'void java.lang.invoke.DirectMethodHandle$Holder.invokeStaticInit(java.lang.Object, long, int, int, int)'> (0x0000000716731db8) 
thrown [open/src/hotspot/share/interpreter/linkResolver.cpp, line 781]
Event: 0.170 Thread 0x00007fa820028f10 Exception <a 'java/lang/NoSuchMethodError'{0x000000071674e430}: 'void java.lang.invoke.DirectMethodHandle$Holder.invokeStaticInit(java.lang.Object, long, int, int, int, int)'> (0x000000071674e430) 
thrown [open/src/hotspot/share/interpreter/linkResolver.cpp, line 781]
Event: 0.182 Thread 0x00007fa820028f10 Exception <a 'sun/nio/fs/UnixException'{0x00000007167a5e80}> (0x00000007167a5e80) 
thrown [open/src/hotspot/share/prims/jni.cpp, line 578]
Event: 0.184 Thread 0x00007fa820028f10 Exception <a 'sun/nio/fs/UnixException'{0x00000007167b3e68}> (0x00000007167b3e68) 
thrown [open/src/hotspot/share/prims/jni.cpp, line 578]

Events (20 events):
Event: 0.307 loading class java/nio/channels/spi/AbstractInterruptibleChannel$1
Event: 0.307 loading class sun/nio/ch/Interruptible
Event: 0.307 loading class sun/nio/ch/Interruptible done
Event: 0.307 loading class java/nio/channels/spi/AbstractInterruptibleChannel$1 done
Event: 0.308 loading class java/util/regex/Matcher$ImmutableMatchResult
Event: 0.308 loading class java/util/regex/Matcher$ImmutableMatchResult done
Event: 0.310 loading class java/lang/invoke/BoundMethodHandle$Species_LLL
Event: 0.310 loading class java/lang/invoke/BoundMethodHandle$Species_LLL done
Event: 0.310 loading class java/lang/invoke/BoundMethodHandle$Species_LLLL
Event: 0.310 loading class java/lang/invoke/BoundMethodHandle$Species_LLLL done
Event: 0.311 loading class java/lang/invoke/BoundMethodHandle$Species_LLLLL
Event: 0.311 loading class java/lang/invoke/BoundMethodHandle$Species_LLLLL done
Event: 0.312 loading class java/lang/invoke/BoundMethodHandle$Species_LJ
Event: 0.312 loading class java/lang/invoke/BoundMethodHandle$Species_LJ done
Event: 0.312 loading class java/lang/invoke/BoundMethodHandle$Species_LLLLLL
Event: 0.312 loading class java/lang/invoke/BoundMethodHandle$Species_LLLLLL done
Event: 0.313 loading class java/lang/invoke/BoundMethodHandle$Species_LLLLLLL
Event: 0.313 loading class java/lang/invoke/BoundMethodHandle$Species_LLLLLLL done
Event: 0.314 Thread 0x00007fa7d02b0910 Thread added: 0x00007fa7d02b0910
Event: 0.314 Protecting memory [0x00007fa7b976f000,0x00007fa7b9773000] with protection modes 0


Dynamic libraries:
414a2000-41551000 rw-p 00000000 00:00 0 
41708000-4170a000 r-xs 00000000 00:01 3322                               /memfd:/.glXXXXXX (deleted)
707200000-716c00000 rw-p 00000000 00:00 0 
716c00000-7ffc00000 ---p 00000000 00:00 0 
7ffc00000-7ffd00000 rw-p 00000000 00:00 0 
7ffd00000-7ffd52000 rw-p 00be4000 103:05 4101281                         /home/peershaul/.jdks/openjdk-15.0.2/lib/server/classes.jsa
7ffd52000-7ffe00000 rw-p 00000000 00:00 0 
7ffe00000-7ffe7c000 rw-p 00b68000 103:05 4101281                         /home/peershaul/.jdks/openjdk-15.0.2/lib/server/classes.jsa
7ffe7c000-800000000 rw-p 00000000 00:00 0 
800000000-800003000 rwxp 00001000 103:05 4101281                         /home/peershaul/.jdks/openjdk-15.0.2/lib/server/classes.jsa
800003000-8003e6000 rw-p 00004000 103:05 4101281                         /home/peershaul/.jdks/openjdk-15.0.2/lib/server/classes.jsa
8003e6000-800b33000 r--p 003e7000 103:05 4101281                         /home/peershaul/.jdks/openjdk-15.0.2/lib/server/classes.jsa
800b33000-800b34000 ---p 00000000 00:00 0 
800b34000-800bd4000 rw-p 00000000 00:00 0 
800bd4000-840b34000 ---p 00000000 00:00 0 
55f6ca3bd000-55f6ca3be000 r-xp 00000000 103:05 3805711                   /home/peershaul/.jdks/openjdk-15.0.2/bin/java
55f6ca3bf000-55f6ca3c0000 r--p 00001000 103:05 3805711                   /home/peershaul/.jdks/openjdk-15.0.2/bin/java
55f6ca3c0000-55f6ca3c1000 rw-p 00002000 103:05 3805711                   /home/peershaul/.jdks/openjdk-15.0.2/bin/java
55f6cb47c000-55f6cb49d000 rw-p 00000000 00:00 0                          [heap]
7fa7b4000000-7fa7b4021000 rw-p 00000000 00:00 0 
7fa7b4021000-7fa7b8000000 ---p 00000000 00:00 0 
7fa7b976f000-7fa7b9773000 ---p 00000000 00:00 0 
7fa7b9773000-7fa7b98f0000 rw-p 00000000 00:00 0 
7fa7b98f0000-7fa7b9a70000 ---p 00000000 00:00 0 
7fa7b9a71000-7fa7b9ac9000 r-xp 00000000 00:2e 1942                       /tmp/lwjglpeershaul/3.2.3-build-13/liblwjgl_opengl.so
7fa7b9ac9000-7fa7b9cc8000 ---p 00058000 00:2e 1942                       /tmp/lwjglpeershaul/3.2.3-build-13/liblwjgl_opengl.so
7fa7b9cc8000-7fa7b9cc9000 r--p 00057000 00:2e 1942                       /tmp/lwjglpeershaul/3.2.3-build-13/liblwjgl_opengl.so
7fa7b9cc9000-7fa7b9cca000 rw-p 00058000 00:2e 1942                       /tmp/lwjglpeershaul/3.2.3-build-13/liblwjgl_opengl.so
7fa7b9cca000-7fa7b9ccd000 r--p 00000000 103:05 4087315                   /usr/lib/libxcb-sync.so.1.0.0
7fa7b9ccd000-7fa7b9cd0000 r-xp 00003000 103:05 4087315                   /usr/lib/libxcb-sync.so.1.0.0
7fa7b9cd0000-7fa7b9cd1000 r--p 00006000 103:05 4087315                   /usr/lib/libxcb-sync.so.1.0.0
7fa7b9cd1000-7fa7b9cd2000 ---p 00007000 103:05 4087315                   /usr/lib/libxcb-sync.so.1.0.0
7fa7b9cd2000-7fa7b9cd3000 r--p 00007000 103:05 4087315                   /usr/lib/libxcb-sync.so.1.0.0
7fa7b9cd3000-7fa7b9cd4000 rw-p 00008000 103:05 4087315                   /usr/lib/libxcb-sync.so.1.0.0
7fa7b9cde000-7fa7b9ceb000 r-xp 00000000 103:05 3937528                   /home/peershaul/.jdks/openjdk-15.0.2/lib/libverify.so
7fa7b9ceb000-7fa7b9ced000 r--p 0000c000 103:05 3937528                   /home/peershaul/.jdks/openjdk-15.0.2/lib/libverify.so
7fa7b9ced000-7fa7b9cee000 rw-p 0000e000 103:05 3937528                   /home/peershaul/.jdks/openjdk-15.0.2/lib/libverify.so
7fa7b9cee000-7fa7b9d6e000 rw-s 00000000 00:05 1595                       /dev/nvidiactl
7fa7b9d6e000-7fa7b9e6e000 rw-s 00000000 00:05 1595                       /dev/nvidiactl
7fa7b9e6e000-7fa7b9eae000 rw-s 00000000 00:05 1595                       /dev/nvidiactl
7fa7b9eae000-7fa7b9ece000 rw-s 00000000 00:05 1595                       /dev/nvidiactl
7fa7b9ece000-7fa7b9f4e000 rw-s 00000000 00:05 1596                       /dev/nvidia0
7fa7b9f4e000-7fa7ba0f3000 rw-s 00000000 00:01 2048                       /memfd:/.nvidia_drv.XXXXXX (deleted)
7fa7ba0f3000-7fa7bb285000 r-xp 00000000 103:05 4093883                   /usr/lib/libnvidia-glcore.so.460.67
7fa7bb285000-7fa7bb2a6000 rwxp 01192000 103:05 4093883                   /usr/lib/libnvidia-glcore.so.460.67
7fa7bb2a6000-7fa7bb7b6000 r-xp 011b3000 103:05 4093883                   /usr/lib/libnvidia-glcore.so.460.67
7fa7bb7b6000-7fa7bb9b5000 ---p 016c3000 103:05 4093883                   /usr/lib/libnvidia-glcore.so.460.67
7fa7bb9b5000-7fa7bbef2000 r--p 016c2000 103:05 4093883                   /usr/lib/libnvidia-glcore.so.460.67
7fa7bbef2000-7fa7bbfe1000 rw-p 01bff000 103:05 4093883                   /usr/lib/libnvidia-glcore.so.460.67
7fa7bbfe1000-7fa7bc000000 rw-p 00000000 00:00 0 
7fa7bc000000-7fa7bc021000 rw-p 00000000 00:00 0 
7fa7bc021000-7fa7c0000000 ---p 00000000 00:00 0 
7fa7c0000000-7fa7c0021000 rw-p 00000000 00:00 0 
7fa7c0021000-7fa7c4000000 ---p 00000000 00:00 0 
7fa7c4000000-7fa7c4021000 rw-p 00000000 00:00 0 
7fa7c4021000-7fa7c8000000 ---p 00000000 00:00 0 
7fa7c8000000-7fa7c8021000 rw-p 00000000 00:00 0 
7fa7c8021000-7fa7cc000000 ---p 00000000 00:00 0 
7fa7cc000000-7fa7cc3fc000 rw-p 00000000 00:00 0 
7fa7cc3fc000-7fa7d0000000 ---p 00000000 00:00 0 
7fa7d0000000-7fa7d02bd000 rw-p 00000000 00:00 0 
7fa7d02bd000-7fa7d4000000 ---p 00000000 00:00 0 
7fa7d4000000-7fa7d4021000 rw-p 00000000 00:00 0 
7fa7d4021000-7fa7d8000000 ---p 00000000 00:00 0 
7fa7d8000000-7fa7d8021000 rw-p 00000000 00:00 0 
7fa7d8021000-7fa7dc000000 ---p 00000000 00:00 0 
7fa7dc000000-7fa7dc021000 rw-p 00000000 00:00 0 
7fa7dc021000-7fa7e0000000 ---p 00000000 00:00 0 
7fa7e0000000-7fa7e0021000 rw-p 00000000 00:00 0 
7fa7e0021000-7fa7e4000000 ---p 00000000 00:00 0 
7fa7e4000000-7fa7e4021000 rw-p 00000000 00:00 0 
7fa7e4021000-7fa7e8000000 ---p 00000000 00:00 0 
7fa7e8000000-7fa7e8021000 rw-p 00000000 00:00 0 
7fa7e8021000-7fa7ec000000 ---p 00000000 00:00 0 
7fa7ec000000-7fa7ec021000 rw-p 00000000 00:00 0 
7fa7ec021000-7fa7f0000000 ---p 00000000 00:00 0 
7fa7f0000000-7fa7f0001000 r-xp 00000000 00:00 0 
7fa7f0001000-7fa7f0004000 rw-s 00000000 00:05 1595                       /dev/nvidiactl
7fa7f0004000-7fa7f0005000 r--p 00000000 103:05 4087291                   /usr/lib/libxcb-present.so.0.0.0
7fa7f0005000-7fa7f0006000 r-xp 00001000 103:05 4087291                   /usr/lib/libxcb-present.so.0.0.0
7fa7f0006000-7fa7f0007000 r--p 00002000 103:05 4087291                   /usr/lib/libxcb-present.so.0.0.0
7fa7f0007000-7fa7f0008000 r--p 00002000 103:05 4087291                   /usr/lib/libxcb-present.so.0.0.0
7fa7f0008000-7fa7f0009000 rw-p 00003000 103:05 4087291                   /usr/lib/libxcb-present.so.0.0.0
7fa7f0009000-7fa7f0049000 rw-s 00000000 00:05 1595                       /dev/nvidiactl
7fa7f0049000-7fa7f0069000 rw-s 00000000 00:05 1595                       /dev/nvidiactl
7fa7f0069000-7fa7f00a9000 rw-s 00000000 00:05 1595                       /dev/nvidiactl
7fa7f00a9000-7fa7f00c9000 rw-s 00000000 00:05 1595                       /dev/nvidiactl
7fa7f00c9000-7fa7f00ce000 r--p 00000000 103:05 4091423                   /usr/lib/libdrm.so.2.4.0
7fa7f00ce000-7fa7f00d8000 r-xp 00005000 103:05 4091423                   /usr/lib/libdrm.so.2.4.0
7fa7f00d8000-7fa7f00dc000 r--p 0000f000 103:05 4091423                   /usr/lib/libdrm.so.2.4.0
7fa7f00dc000-7fa7f00dd000 r--p 00012000 103:05 4091423                   /usr/lib/libdrm.so.2.4.0
7fa7f00dd000-7fa7f00de000 rw-p 00013000 103:05 4091423                   /usr/lib/libdrm.so.2.4.0
7fa7f00de000-7fa7f00df000 r-xp 00000000 00:00 0 
7fa7f00df000-7fa7f00e1000 r--p 00000000 103:05 4087285                   /usr/lib/libxcb-dri3.so.0.0.0
7fa7f00e1000-7fa7f00e2000 r-xp 00002000 103:05 4087285                   /usr/lib/libxcb-dri3.so.0.0.0
7fa7f00e2000-7fa7f00e3000 r--p 00003000 103:05 4087285                   /usr/lib/libxcb-dri3.so.0.0.0
7fa7f00e3000-7fa7f00e4000 r--p 00003000 103:05 4087285                   /usr/lib/libxcb-dri3.so.0.0.0
7fa7f00e4000-7fa7f00e5000 rw-p 00004000 103:05 4087285                   /usr/lib/libxcb-dri3.so.0.0.0
7fa7f00e5000-7fa7f00f8000 rw-s 00000000 00:05 1595                       /dev/nvidiactl
7fa7f00f8000-7fa7f0104000 r--p 00000000 103:05 4087288                   /usr/lib/libxcb-glx.so.0.0.0
7fa7f0104000-7fa7f010d000 r-xp 0000c000 103:05 4087288                   /usr/lib/libxcb-glx.so.0.0.0
7fa7f010d000-7fa7f0112000 r--p 00015000 103:05 4087288                   /usr/lib/libxcb-glx.so.0.0.0
7fa7f0112000-7fa7f0113000 ---p 0001a000 103:05 4087288                   /usr/lib/libxcb-glx.so.0.0.0
7fa7f0113000-7fa7f0115000 r--p 0001a000 103:05 4087288                   /usr/lib/libxcb-glx.so.0.0.0
7fa7f0115000-7fa7f0116000 rw-p 0001c000 103:05 4087288                   /usr/lib/libxcb-glx.so.0.0.0
7fa7f0116000-7fa7f0119000 r-xp 00000000 103:05 4093907                   /usr/lib/libnvidia-tls.so.460.67
7fa7f0119000-7fa7f0319000 ---p 00003000 103:05 4093907                   /usr/lib/libnvidia-tls.so.460.67
7fa7f0319000-7fa7f031a000 r--p 00003000 103:05 4093907                   /usr/lib/libnvidia-tls.so.460.67
7fa7f031a000-7fa7f031b000 rw-p 00004000 103:05 4093907                   /usr/lib/libnvidia-tls.so.460.67
7fa7f031b000-7fa7f03bb000 r-xp 00000000 103:05 4093861                   /usr/lib/libGLX_nvidia.so.460.67
7fa7f03bb000-7fa7f03f0000 rwxp 000a0000 103:05 4093861                   /usr/lib/libGLX_nvidia.so.460.67
7fa7f03f0000-7fa7f03f7000 r-xp 000d5000 103:05 4093861                   /usr/lib/libGLX_nvidia.so.460.67
7fa7f03f7000-7fa7f05f6000 ---p 000dc000 103:05 4093861                   /usr/lib/libGLX_nvidia.so.460.67
7fa7f05f6000-7fa7f063e000 r--p 000db000 103:05 4093861                   /usr/lib/libGLX_nvidia.so.460.67
7fa7f063e000-7fa7f0643000 rw-p 00123000 103:05 4093861                   /usr/lib/libGLX_nvidia.so.460.67
7fa7f0643000-7fa7f0645000 rw-p 00000000 00:00 0 
7fa7f0645000-7fa7f0648000 r--p 00000000 103:05 4091694                   /usr/lib/libGLX.so.0.0.0
7fa7f0648000-7fa7f0662000 r-xp 00003000 103:05 4091694                   /usr/lib/libGLX.so.0.0.0
7fa7f0662000-7fa7f0665000 r--p 0001d000 103:05 4091694                   /usr/lib/libGLX.so.0.0.0
7fa7f0665000-7fa7f0666000 ---p 00020000 103:05 4091694                   /usr/lib/libGLX.so.0.0.0
7fa7f0666000-7fa7f0667000 r--p 00020000 103:05 4091694                   /usr/lib/libGLX.so.0.0.0
7fa7f0667000-7fa7f0668000 rw-p 00021000 103:05 4091694                   /usr/lib/libGLX.so.0.0.0
7fa7f0668000-7fa7f0678000 rw-p 00000000 00:00 0 
7fa7f0678000-7fa7f06b8000 r--p 00000000 103:05 4091698                   /usr/lib/libGLdispatch.so.0.0.0
7fa7f06b8000-7fa7f06ba000 r-xp 00040000 103:05 4091698                   /usr/lib/libGLdispatch.so.0.0.0
7fa7f06ba000-7fa7f06f5000 r-xp 00042000 103:05 4091698                   /usr/lib/libGLdispatch.so.0.0.0
7fa7f06f5000-7fa7f06f6000 r-xp 0007d000 103:05 4091698                   /usr/lib/libGLdispatch.so.0.0.0
7fa7f06f6000-7fa7f0709000 r--p 0007e000 103:05 4091698                   /usr/lib/libGLdispatch.so.0.0.0
7fa7f0709000-7fa7f070a000 ---p 00091000 103:05 4091698                   /usr/lib/libGLdispatch.so.0.0.0
7fa7f070a000-7fa7f0726000 r--p 00091000 103:05 4091698                   /usr/lib/libGLdispatch.so.0.0.0
7fa7f0726000-7fa7f0727000 rw-p 000ad000 103:05 4091698                   /usr/lib/libGLdispatch.so.0.0.0
7fa7f0727000-7fa7f072f000 rw-p 00000000 00:00 0 
7fa7f072f000-7fa7f0771000 r--p 00000000 103:05 4091687                   /usr/lib/libGL.so.1.7.0
7fa7f0771000-7fa7f0774000 r-xp 00042000 103:05 4091687                   /usr/lib/libGL.so.1.7.0
7fa7f0774000-7fa7f078f000 r-xp 00045000 103:05 4091687                   /usr/lib/libGL.so.1.7.0
7fa7f078f000-7fa7f0790000 r-xp 00060000 103:05 4091687                   /usr/lib/libGL.so.1.7.0
7fa7f0790000-7fa7f07a5000 r--p 00061000 103:05 4091687                   /usr/lib/libGL.so.1.7.0
7fa7f07a5000-7fa7f07b3000 r--p 00075000 103:05 4091687                   /usr/lib/libGL.so.1.7.0
7fa7f07b3000-7fa7f07b4000 rw-p 00083000 103:05 4091687                   /usr/lib/libGL.so.1.7.0
7fa7f07b4000-7fa7f07b5000 rw-p 00000000 00:00 0 
7fa7f07b5000-7fa7f07b6000 r--p 00000000 103:05 4089642                   /usr/lib/libX11-xcb.so.1.0.0
7fa7f07b6000-7fa7f07b7000 r-xp 00001000 103:05 4089642                   /usr/lib/libX11-xcb.so.1.0.0
7fa7f07b7000-7fa7f07b8000 r--p 00002000 103:05 4089642                   /usr/lib/libX11-xcb.so.1.0.0
7fa7f07b8000-7fa7f07b9000 r--p 00002000 103:05 4089642                   /usr/lib/libX11-xcb.so.1.0.0
7fa7f07b9000-7fa7f07ba000 rw-p 00003000 103:05 4089642                   /usr/lib/libX11-xcb.so.1.0.0
7fa7f07ba000-7fa7f07bb000 r--p 00000000 103:05 4090614                   /usr/lib/libXinerama.so.1.0.0
7fa7f07bb000-7fa7f07bc000 r-xp 00001000 103:05 4090614                   /usr/lib/libXinerama.so.1.0.0
7fa7f07bc000-7fa7f07bd000 r--p 00002000 103:05 4090614                   /usr/lib/libXinerama.so.1.0.0
7fa7f07bd000-7fa7f07be000 r--p 00002000 103:05 4090614                   /usr/lib/libXinerama.so.1.0.0
7fa7f07be000-7fa7f07bf000 rw-p 00003000 103:05 4090614                   /usr/lib/libXinerama.so.1.0.0
7fa7f07bf000-7fa7f07c1000 r--p 00000000 103:05 4090573                   /usr/lib/libXfixes.so.3.1.0
7fa7f07c1000-7fa7f07c4000 r-xp 00002000 103:05 4090573                   /usr/lib/libXfixes.so.3.1.0
7fa7f07c4000-7fa7f07c5000 r--p 00005000 103:05 4090573                   /usr/lib/libXfixes.so.3.1.0
7fa7f07c5000-7fa7f07c6000 ---p 00006000 103:05 4090573                   /usr/lib/libXfixes.so.3.1.0
7fa7f07c6000-7fa7f07c7000 r--p 00006000 103:05 4090573                   /usr/lib/libXfixes.so.3.1.0
7fa7f07c7000-7fa7f07c8000 rw-p 00007000 103:05 4090573                   /usr/lib/libXfixes.so.3.1.0
7fa7f07c8000-7fa7f07cb000 r--p 00000000 103:05 4090578                   /usr/lib/libXcursor.so.1.0.2
7fa7f07cb000-7fa7f07d0000 r-xp 00003000 103:05 4090578                   /usr/lib/libXcursor.so.1.0.2
7fa7f07d0000-7fa7f07d2000 r--p 00008000 103:05 4090578                   /usr/lib/libXcursor.so.1.0.2
7fa7f07d2000-7fa7f07d3000 r--p 00009000 103:05 4090578                   /usr/lib/libXcursor.so.1.0.2
7fa7f07d3000-7fa7f07d4000 rw-p 0000a000 103:05 4090578                   /usr/lib/libXcursor.so.1.0.2
7fa7f07d4000-7fa7f07d6000 r--p 00000000 103:05 4090535                   /usr/lib/libXrender.so.1.3.0
7fa7f07d6000-7fa7f07dd000 r-xp 00002000 103:05 4090535                   /usr/lib/libXrender.so.1.3.0
7fa7f07dd000-7fa7f07df000 r--p 00009000 103:05 4090535                   /usr/lib/libXrender.so.1.3.0
7fa7f07df000-7fa7f07e0000 r--p 0000a000 103:05 4090535                   /usr/lib/libXrender.so.1.3.0
7fa7f07e0000-7fa7f07e1000 rw-p 0000b000 103:05 4090535                   /usr/lib/libXrender.so.1.3.0
7fa7f07e1000-7fa7f07e3000 r--p 00000000 103:05 4090623                   /usr/lib/libXrandr.so.2.2.0
7fa7f07e3000-7fa7f07ea000 r-xp 00002000 103:05 4090623                   /usr/lib/libXrandr.so.2.2.0
7fa7f07ea000-7fa7f07ec000 r--p 00009000 103:05 4090623                   /usr/lib/libXrandr.so.2.2.0
7fa7f07ec000-7fa7f07ed000 r--p 0000a000 103:05 4090623                   /usr/lib/libXrandr.so.2.2.0
7fa7f07ed000-7fa7f07ee000 rw-p 0000b000 103:05 4090623                   /usr/lib/libXrandr.so.2.2.0
7fa7f07ee000-7fa7f07f1000 r--p 00000000 103:05 4090642                   /usr/lib/libXi.so.6.1.0
7fa7f07f1000-7fa7f07fc000 r-xp 00003000 103:05 4090642                   /usr/lib/libXi.so.6.1.0
7fa7f07fc000-7fa7f07ff000 r--p 0000e000 103:05 4090642                   /usr/lib/libXi.so.6.1.0
7fa7f07ff000-7fa7f0800000 r--p 00010000 103:05 4090642                   /usr/lib/libXi.so.6.1.0
7fa7f0800000-7fa7f0801000 rw-p 00011000 103:05 4090642                   /usr/lib/libXi.so.6.1.0
7fa7f0801000-7fa7f0805000 r--p 00000000 103:05 4090470                   /usr/lib/libXext.so.6.4.0
7fa7f0805000-7fa7f0810000 r-xp 00004000 103:05 4090470                   /usr/lib/libXext.so.6.4.0
7fa7f0810000-7fa7f0814000 r--p 0000f000 103:05 4090470                   /usr/lib/libXext.so.6.4.0
7fa7f0814000-7fa7f0815000 r--p 00012000 103:05 4090470                   /usr/lib/libXext.so.6.4.0
7fa7f0815000-7fa7f0816000 rw-p 00013000 103:05 4090470                   /usr/lib/libXext.so.6.4.0
7fa7f0816000-7fa7f0832000 r--p 00000000 103:05 4089646                   /usr/lib/libX11.so.6.4.0
7fa7f0832000-7fa7f08bc000 r-xp 0001c000 103:05 4089646                   /usr/lib/libX11.so.6.4.0
7fa7f08bc000-7fa7f0950000 r--p 000a6000 103:05 4089646                   /usr/lib/libX11.so.6.4.0
7fa7f0950000-7fa7f0953000 r--p 00139000 103:05 4089646                   /usr/lib/libX11.so.6.4.0
7fa7f0953000-7fa7f0957000 rw-p 0013c000 103:05 4089646                   /usr/lib/libX11.so.6.4.0
7fa7f0957000-7fa7f099a000 r-xp 00000000 00:2e 1941                       /tmp/lwjglpeershaul/3.2.3-build-13/libglfw.so
7fa7f099a000-7fa7f0b99000 ---p 00043000 00:2e 1941                       /tmp/lwjglpeershaul/3.2.3-build-13/libglfw.so
7fa7f0b99000-7fa7f0b9a000 r--p 00042000 00:2e 1941                       /tmp/lwjglpeershaul/3.2.3-build-13/libglfw.so
7fa7f0b9a000-7fa7f0b9c000 rw-p 00043000 00:2e 1941                       /tmp/lwjglpeershaul/3.2.3-build-13/libglfw.so
7fa7f0b9c000-7fa7f0bbd000 rw-p 00000000 00:00 0 
7fa7f0bbd000-7fa7f0c0e000 r-xp 00000000 00:2e 1940                       /tmp/lwjglpeershaul/3.2.3-build-13/liblwjgl.so
7fa7f0c0e000-7fa7f0e0d000 ---p 00051000 00:2e 1940                       /tmp/lwjglpeershaul/3.2.3-build-13/liblwjgl.so
7fa7f0e0d000-7fa7f0e0e000 r--p 00050000 00:2e 1940                       /tmp/lwjglpeershaul/3.2.3-build-13/liblwjgl.so
7fa7f0e0e000-7fa7f0e0f000 rw-p 00051000 00:2e 1940                       /tmp/lwjglpeershaul/3.2.3-build-13/liblwjgl.so
7fa7f0e0f000-7fa7f0e13000 ---p 00000000 00:00 0 
7fa7f0e13000-7fa7f0f10000 rw-p 00000000 00:00 0 
7fa7f0f10000-7fa7f0f11000 ---p 00000000 00:00 0 
7fa7f0f11000-7fa7f1012000 rw-p 00000000 00:00 0 
7fa7f1012000-7fa7f1016000 ---p 00000000 00:00 0 
7fa7f1016000-7fa7f1113000 rw-p 00000000 00:00 0 
7fa7f1113000-7fa7f1117000 ---p 00000000 00:00 0 
7fa7f1117000-7fa7f1214000 rw-p 00000000 00:00 0 
7fa7f1214000-7fa7f1218000 ---p 00000000 00:00 0 
7fa7f1218000-7fa7f1315000 rw-p 00000000 00:00 0 
7fa7f1315000-7fa7f1319000 ---p 00000000 00:00 0 
7fa7f1319000-7fa7f1416000 rw-p 00000000 00:00 0 
7fa7f1416000-7fa7f141a000 ---p 00000000 00:00 0 
7fa7f141a000-7fa7f1517000 rw-p 00000000 00:00 0 
7fa7f1517000-7fa7f1800000 r--p 00000000 103:05 4093562                   /usr/lib/locale/locale-archive
7fa7f1800000-7fa7f4000000 rw-p 00000000 00:00 0 
7fa7f4000000-7fa7f4021000 rw-p 00000000 00:00 0 
7fa7f4021000-7fa7f8000000 ---p 00000000 00:00 0 
7fa7f8000000-7fa7f8021000 rw-p 00000000 00:00 0 
7fa7f8021000-7fa7fc000000 ---p 00000000 00:00 0 
7fa7fc000000-7fa7fc021000 rw-p 00000000 00:00 0 
7fa7fc021000-7fa800000000 ---p 00000000 00:00 0 
7fa800000000-7fa800002000 r-xp 00000000 00:00 0 
7fa800002000-7fa800003000 r--p 00000000 103:05 4091453                   /usr/lib/libXxf86vm.so.1.0.0
7fa800003000-7fa800006000 r-xp 00001000 103:05 4091453                   /usr/lib/libXxf86vm.so.1.0.0
7fa800006000-7fa800007000 r--p 00004000 103:05 4091453                   /usr/lib/libXxf86vm.so.1.0.0
7fa800007000-7fa800008000 r--p 00004000 103:05 4091453                   /usr/lib/libXxf86vm.so.1.0.0
7fa800008000-7fa800009000 rw-p 00005000 103:05 4091453                   /usr/lib/libXxf86vm.so.1.0.0
7fa800009000-7fa80000b000 r--p 00000000 103:05 4087256                   /usr/lib/libXdmcp.so.6.0.0
7fa80000b000-7fa80000d000 r-xp 00002000 103:05 4087256                   /usr/lib/libXdmcp.so.6.0.0
7fa80000d000-7fa80000f000 r--p 00004000 103:05 4087256                   /usr/lib/libXdmcp.so.6.0.0
7fa80000f000-7fa800010000 r--p 00005000 103:05 4087256                   /usr/lib/libXdmcp.so.6.0.0
7fa800010000-7fa800011000 rw-p 00006000 103:05 4087256                   /usr/lib/libXdmcp.so.6.0.0
7fa800011000-7fa800012000 r--p 00000000 103:05 4087260                   /usr/lib/libXau.so.6.0.0
7fa800012000-7fa800013000 r-xp 00001000 103:05 4087260                   /usr/lib/libXau.so.6.0.0
7fa800013000-7fa800014000 r--p 00002000 103:05 4087260                   /usr/lib/libXau.so.6.0.0
7fa800014000-7fa800015000 r--p 00002000 103:05 4087260                   /usr/lib/libXau.so.6.0.0
7fa800015000-7fa800016000 rw-p 00003000 103:05 4087260                   /usr/lib/libXau.so.6.0.0
7fa800016000-7fa800022000 r--p 00000000 103:05 4087342                   /usr/lib/libxcb.so.1.1.0
7fa800022000-7fa800035000 r-xp 0000c000 103:05 4087342                   /usr/lib/libxcb.so.1.1.0
7fa800035000-7fa80003e000 r--p 0001f000 103:05 4087342                   /usr/lib/libxcb.so.1.1.0
7fa80003e000-7fa80003f000 r--p 00027000 103:05 4087342                   /usr/lib/libxcb.so.1.1.0
7fa80003f000-7fa800040000 rw-p 00028000 103:05 4087342                   /usr/lib/libxcb.so.1.1.0
7fa800040000-7fa800042000 rw-s 00000000 00:01 3322                       /memfd:/.glXXXXXX (deleted)
7fa800042000-7fa800046000 rw-s 00000000 00:05 1595                       /dev/nvidiactl
7fa800046000-7fa80004a000 rw-s 00000000 00:05 1595                       /dev/nvidiactl
7fa80004a000-7fa80005a000 rw-s 00000000 00:05 1596                       /dev/nvidia0
7fa80005a000-7fa80008b000 rw-p 00000000 00:00 0 
7fa80008b000-7fa8000a0000 r-xp 00000000 103:05 3937520                   /home/peershaul/.jdks/openjdk-15.0.2/lib/libnet.so
7fa8000a0000-7fa8000a1000 r--p 00014000 103:05 3937520                   /home/peershaul/.jdks/openjdk-15.0.2/lib/libnet.so
7fa8000a1000-7fa8000a2000 rw-p 00015000 103:05 3937520                   /home/peershaul/.jdks/openjdk-15.0.2/lib/libnet.so
7fa8000a2000-7fa8000b4000 r-xp 00000000 103:05 3937521                   /home/peershaul/.jdks/openjdk-15.0.2/lib/libnio.so
7fa8000b4000-7fa8000b5000 r--p 00011000 103:05 3937521                   /home/peershaul/.jdks/openjdk-15.0.2/lib/libnio.so
7fa8000b5000-7fa8000b6000 rw-p 00012000 103:05 3937521                   /home/peershaul/.jdks/openjdk-15.0.2/lib/libnio.so
7fa8000b6000-7fa8000ba000 ---p 00000000 00:00 0 
7fa8000ba000-7fa8001b7000 rw-p 00000000 00:00 0 
7fa8001b7000-7fa8001bb000 ---p 00000000 00:00 0 
7fa8001bb000-7fa8002b8000 rw-p 00000000 00:00 0 
7fa8002b8000-7fa8002bc000 ---p 00000000 00:00 0 
7fa8002bc000-7fa8003b9000 rw-p 00000000 00:00 0 
7fa8003b9000-7fa8003ba000 ---p 00000000 00:00 0 
7fa8003ba000-7fa800597000 rw-p 00000000 00:00 0 
7fa800597000-7fa800598000 ---p 00000000 00:00 0 
7fa800598000-7fa800699000 rw-p 00000000 00:00 0 
7fa800699000-7fa80069a000 ---p 00000000 00:00 0 
7fa80069a000-7fa800da1000 rw-p 00000000 00:00 0 
7fa800da1000-7fa800da2000 ---p 00000000 00:00 0 
7fa800da2000-7fa800ea3000 rw-p 00000000 00:00 0 
7fa800ea3000-7fa800ea4000 ---p 00000000 00:00 0 
7fa800ea4000-7fa800fa5000 rw-p 00000000 00:00 0 
7fa800fa5000-7fa800fa6000 ---p 00000000 00:00 0 
7fa800fa6000-7fa80148f000 rw-p 00000000 00:00 0 
7fa80148f000-7fa804ecf000 ---p 00000000 00:00 0 
7fa804ecf000-7fa8052c7000 rw-p 00000000 00:00 0 
7fa8052c7000-7fa808d07000 ---p 00000000 00:00 0 
7fa808d07000-7fa808d17000 rw-p 00000000 00:00 0 
7fa808d17000-7fa808f87000 rwxp 00000000 00:00 0 
7fa808f87000-7fa8092a8000 ---p 00000000 00:00 0 
7fa8092a8000-7fa809518000 rwxp 00000000 00:00 0 
7fa809518000-7fa8107df000 ---p 00000000 00:00 0 
7fa8107df000-7fa810a4f000 rwxp 00000000 00:00 0 
7fa810a4f000-7fa817d17000 ---p 00000000 00:00 0 
7fa817d17000-7fa820000000 r--s 00000000 103:05 3937530                   /home/peershaul/.jdks/openjdk-15.0.2/lib/modules
7fa820000000-7fa820ab9000 rw-p 00000000 00:00 0 
7fa820ab9000-7fa824000000 ---p 00000000 00:00 0 
7fa824000000-7fa824001000 rw-s 00000000 00:05 1596                       /dev/nvidia0
7fa824001000-7fa824003000 rw-s 00000000 00:05 1595                       /dev/nvidiactl
7fa824003000-7fa82400a000 r-xp 00000000 103:05 3937529                   /home/peershaul/.jdks/openjdk-15.0.2/lib/libzip.so
7fa82400a000-7fa82400b000 ---p 00007000 103:05 3937529                   /home/peershaul/.jdks/openjdk-15.0.2/lib/libzip.so
7fa82400b000-7fa82400c000 r--p 00007000 103:05 3937529                   /home/peershaul/.jdks/openjdk-15.0.2/lib/libzip.so
7fa82400c000-7fa82400d000 rw-p 00008000 103:05 3937529                   /home/peershaul/.jdks/openjdk-15.0.2/lib/libzip.so
7fa82400d000-7fa82418e000 rw-p 00000000 00:00 0 
7fa82418e000-7fa8248d6000 ---p 00000000 00:00 0 
7fa8248d6000-7fa824955000 rw-p 00000000 00:00 0 
7fa824955000-7fa82509d000 ---p 00000000 00:00 0 
7fa82509d000-7fa82511c000 rw-p 00000000 00:00 0 
7fa82511c000-7fa825864000 ---p 00000000 00:00 0 
7fa825864000-7fa825e71000 rw-p 00000000 00:00 0 
7fa825e71000-7fa825f57000 ---p 00000000 00:00 0 
7fa825f57000-7fa825f5c000 rw-p 00000000 00:00 0 
7fa825f5c000-7fa826042000 ---p 00000000 00:00 0 
7fa826042000-7fa826047000 rw-p 00000000 00:00 0 
7fa826047000-7fa82604e000 ---p 00000000 00:00 0 
7fa82604e000-7fa826072000 r-xp 00000000 103:05 3937507                   /home/peershaul/.jdks/openjdk-15.0.2/lib/libjava.so
7fa826072000-7fa826073000 ---p 00024000 103:05 3937507                   /home/peershaul/.jdks/openjdk-15.0.2/lib/libjava.so
7fa826073000-7fa826074000 r--p 00024000 103:05 3937507                   /home/peershaul/.jdks/openjdk-15.0.2/lib/libjava.so
7fa826074000-7fa826075000 rw-p 00025000 103:05 3937507                   /home/peershaul/.jdks/openjdk-15.0.2/lib/libjava.so
7fa826075000-7fa826076000 rw-p 00000000 00:00 0 
7fa826076000-7fa82607e000 rw-s 00000000 00:2e 1988                       /tmp/hsperfdata_peershaul/33545
7fa82607e000-7fa82609a000 r-xp 00000000 103:05 3937511                   /home/peershaul/.jdks/openjdk-15.0.2/lib/libjimage.so
7fa82609a000-7fa82609c000 r--p 0001b000 103:05 3937511                   /home/peershaul/.jdks/openjdk-15.0.2/lib/libjimage.so
7fa82609c000-7fa82609d000 rw-p 0001d000 103:05 3937511                   /home/peershaul/.jdks/openjdk-15.0.2/lib/libjimage.so
7fa82609d000-7fa8260a0000 r--p 00000000 103:05 4066717                   /usr/lib/librt-2.33.so
7fa8260a0000-7fa8260a4000 r-xp 00003000 103:05 4066717                   /usr/lib/librt-2.33.so
7fa8260a4000-7fa8260a6000 r--p 00007000 103:05 4066717                   /usr/lib/librt-2.33.so
7fa8260a6000-7fa8260a7000 r--p 00008000 103:05 4066717                   /usr/lib/librt-2.33.so
7fa8260a7000-7fa8260a8000 rw-p 00009000 103:05 4066717                   /usr/lib/librt-2.33.so
7fa8260a8000-7fa8260ac000 ---p 00000000 00:00 0 
7fa8260ac000-7fa8261a9000 rw-p 00000000 00:00 0 
7fa8261a9000-7fa8261b8000 r--p 00000000 103:05 4066681                   /usr/lib/libm-2.33.so
7fa8261b8000-7fa826253000 r-xp 0000f000 103:05 4066681                   /usr/lib/libm-2.33.so
7fa826253000-7fa8262eb000 r--p 000aa000 103:05 4066681                   /usr/lib/libm-2.33.so
7fa8262eb000-7fa8262ec000 ---p 00142000 103:05 4066681                   /usr/lib/libm-2.33.so
7fa8262ec000-7fa8262ed000 r--p 00142000 103:05 4066681                   /usr/lib/libm-2.33.so
7fa8262ed000-7fa8262ee000 rw-p 00143000 103:05 4066681                   /usr/lib/libm-2.33.so
7fa8262ee000-7fa827335000 r-xp 00000000 103:05 4101284                   /home/peershaul/.jdks/openjdk-15.0.2/lib/server/libjvm.so
7fa827335000-7fa827336000 ---p 01047000 103:05 4101284                   /home/peershaul/.jdks/openjdk-15.0.2/lib/server/libjvm.so
7fa827336000-7fa8273d0000 r--p 01047000 103:05 4101284                   /home/peershaul/.jdks/openjdk-15.0.2/lib/server/libjvm.so
7fa8273d0000-7fa827407000 rw-p 010e1000 103:05 4101284                   /home/peershaul/.jdks/openjdk-15.0.2/lib/server/libjvm.so
7fa827407000-7fa827492000 rw-p 00000000 00:00 0 
7fa827492000-7fa8274b8000 r--p 00000000 103:05 4066668                   /usr/lib/libc-2.33.so
7fa8274b8000-7fa827604000 r-xp 00026000 103:05 4066668                   /usr/lib/libc-2.33.so
7fa827604000-7fa827650000 r--p 00172000 103:05 4066668                   /usr/lib/libc-2.33.so
7fa827650000-7fa827653000 r--p 001bd000 103:05 4066668                   /usr/lib/libc-2.33.so
7fa827653000-7fa827656000 rw-p 001c0000 103:05 4066668                   /usr/lib/libc-2.33.so
7fa827656000-7fa82765f000 rw-p 00000000 00:00 0 
7fa82765f000-7fa827661000 r--p 00000000 103:05 4066675                   /usr/lib/libdl-2.33.so
7fa827661000-7fa827663000 r-xp 00002000 103:05 4066675                   /usr/lib/libdl-2.33.so
7fa827663000-7fa827664000 r--p 00004000 103:05 4066675                   /usr/lib/libdl-2.33.so
7fa827664000-7fa827665000 r--p 00004000 103:05 4066675                   /usr/lib/libdl-2.33.so
7fa827665000-7fa827666000 rw-p 00005000 103:05 4066675                   /usr/lib/libdl-2.33.so
7fa827666000-7fa82766d000 r--p 00000000 103:05 4066709                   /usr/lib/libpthread-2.33.so
7fa82766d000-7fa82767c000 r-xp 00007000 103:05 4066709                   /usr/lib/libpthread-2.33.so
7fa82767c000-7fa827681000 r--p 00016000 103:05 4066709                   /usr/lib/libpthread-2.33.so
7fa827681000-7fa827682000 r--p 0001a000 103:05 4066709                   /usr/lib/libpthread-2.33.so
7fa827682000-7fa827683000 rw-p 0001b000 103:05 4066709                   /usr/lib/libpthread-2.33.so
7fa827683000-7fa827687000 rw-p 00000000 00:00 0 
7fa827687000-7fa827696000 r-xp 00000000 103:05 3937512                   /home/peershaul/.jdks/openjdk-15.0.2/lib/libjli.so
7fa827696000-7fa827697000 r--p 0000e000 103:05 3937512                   /home/peershaul/.jdks/openjdk-15.0.2/lib/libjli.so
7fa827697000-7fa827698000 rw-p 0000f000 103:05 3937512                   /home/peershaul/.jdks/openjdk-15.0.2/lib/libjli.so
7fa827698000-7fa82769b000 r--p 00000000 103:05 4076472                   /usr/lib/libz.so.1.2.11
7fa82769b000-7fa8276a9000 r-xp 00003000 103:05 4076472                   /usr/lib/libz.so.1.2.11
7fa8276a9000-7fa8276af000 r--p 00011000 103:05 4076472                   /usr/lib/libz.so.1.2.11
7fa8276af000-7fa8276b0000 ---p 00017000 103:05 4076472                   /usr/lib/libz.so.1.2.11
7fa8276b0000-7fa8276b1000 r--p 00017000 103:05 4076472                   /usr/lib/libz.so.1.2.11
7fa8276b1000-7fa8276b2000 rw-p 00018000 103:05 4076472                   /usr/lib/libz.so.1.2.11
7fa8276b2000-7fa8276b4000 rw-p 00000000 00:00 0 
7fa8276b4000-7fa8276b5000 rw-s 00000000 00:05 1595                       /dev/nvidiactl
7fa8276b5000-7fa8276b6000 rw-s 00000000 00:05 1595                       /dev/nvidiactl
7fa8276b6000-7fa8276b7000 rw-s 00000000 00:05 1595                       /dev/nvidiactl
7fa8276b7000-7fa8276b8000 r-xp 00000000 00:00 0 
7fa8276b8000-7fa8276bb000 r--p 00000000 103:05 4066702                   /usr/lib/libnss_files-2.33.so
7fa8276bb000-7fa8276c2000 r-xp 00003000 103:05 4066702                   /usr/lib/libnss_files-2.33.so
7fa8276c2000-7fa8276c4000 r--p 0000a000 103:05 4066702                   /usr/lib/libnss_files-2.33.so
7fa8276c4000-7fa8276c5000 r--p 0000b000 103:05 4066702                   /usr/lib/libnss_files-2.33.so
7fa8276c5000-7fa8276c6000 rw-p 0000c000 103:05 4066702                   /usr/lib/libnss_files-2.33.so
7fa8276c6000-7fa8276cc000 rw-p 00000000 00:00 0 
7fa8276cc000-7fa8276cd000 ---p 00000000 00:00 0 
7fa8276cd000-7fa8276ce000 r--p 00000000 00:00 0 
7fa8276ce000-7fa8276cf000 r--p 00000000 103:05 4066657                   /usr/lib/ld-2.33.so
7fa8276cf000-7fa8276f3000 r-xp 00001000 103:05 4066657                   /usr/lib/ld-2.33.so
7fa8276f3000-7fa8276fc000 r--p 00025000 103:05 4066657                   /usr/lib/ld-2.33.so
7fa8276fc000-7fa8276fd000 ---p 00000000 00:00 0 
7fa8276fd000-7fa8276ff000 r--p 0002e000 103:05 4066657                   /usr/lib/ld-2.33.so
7fa8276ff000-7fa827701000 rw-p 00030000 103:05 4066657                   /usr/lib/ld-2.33.so
7fff35da8000-7fff35dca000 rw-p 00000000 00:00 0                          [stack]
7fff35dda000-7fff35dde000 r--p 00000000 00:00 0                          [vvar]
7fff35dde000-7fff35de0000 r-xp 00000000 00:00 0                          [vdso]
ffffffffff600000-ffffffffff601000 --xp 00000000 00:00 0                  [vsyscall]


VM Arguments:
jvm_args: -Dfile.encoding=US-ASCII -Duser.country=US -Duser.language=en -Duser.variant 
java_command: Main
java_class_path (initial): /volume/dev/OpenGL/Java/EngineTest/build/classes/java/main:/volume/dev/OpenGL/Java/EngineTest/build/resources/main:/home/peershaul/.gradle/caches/modules-2/files-2.1/org.lwjgl/lwjgl-assimp/3.2.3/f62aa07a20afbdd3097efc296c4841e0d29700eb/lwjgl-assimp-3.2.3.jar:/home/peershaul/.gradle/caches/modules-2/files-2.1/org.lwjgl/lwjgl-assimp/3.2.3/9ecc218db17c49f2819a5a80dee7efea65a9ac4f/lwjgl-assimp-3.2.3-natives-linux.jar:/home/peershaul/.gradle/caches/modules-2/files-2.1/org.lwjgl/lwjgl-bgfx/3.2.3/433883c4040fa8df47244dffa1d42c96ce2143de/lwjgl-bgfx-3.2.3.jar:/home/peershaul/.gradle/caches/modules-2/files-2.1/org.lwjgl/lwjgl-bgfx/3.2.3/b30a656e8833ab98cc9434686c17390dbfa12531/lwjgl-bgfx-3.2.3-natives-linux.jar:/home/peershaul/.gradle/caches/modules-2/files-2.1/org.lwjgl/lwjgl-glfw/3.2.3/5e520d5c290c8b012545a8d34fa5db5ab051ea53/lwjgl-glfw-3.2.3.jar:/home/peershaul/.gradle/caches/modules-2/files-2.1/org.lwjgl/lwjgl-glfw/3.2.3/62b044d9b0a057444bef2ab70b9afc288ec09dba/lwjgl-glfw-3.2.3-natives-linux.jar:/home/peershaul/.gradle/caches/modules-2/files-2.1/org.lwjgl/lwjgl-nanovg/3.2.3/718be4a13691d1cd276fa852326e9e837d65204e/lwjgl-nanovg-3.2.3.jar:/home/peershaul/.gradle/caches/modules-2/files-2.1/org.lwjgl/lwjgl-nanovg/3.2.3/73a623c979331cac61050c36ebeabee5a5b8eae6/lwjgl-nanovg-3.2.3-natives-linux.jar:/home/peershaul/.gradle/caches/modules-2/files-2.1/org.lwjgl/lwjgl-nuklear/3.2.3/45bfab23e975201bf3cb81287be6034adec64a86/lwjgl-nuklear-3.2.3.jar:/home/peershaul/.gradle/caches/modules-2/files-2.1/org.lwjgl/lwjgl-nuklear/3.2.3/cbc2898b60a5f85368dc2f6999df7fc33926d83e/lwjgl-nuklear-3.2.3-natives-linux.jar:/home/peershaul/.gradle/caches/modules-2/files-2.1/org.lwjgl/lwjgl-openal/3.2.3/106742e805803ab9eab8e343f0fb31a3d263903c/lwjgl-openal-3.2.3.jar:/home/peershaul/.gradle/caches/modules-2/files-2.1/org.lwjgl/lwjgl-openal/3.2.3/869ddd9dbbf92a7d1be7f5942ca0adbde068d999/lwjgl-openal-3.2.3-natives-linux.jar:/home/peershaul/.gradle/caches/modules-2/files-2.1/org.l
Launcher Type: SUN_STANDARD

[Global flags]
     intx CICompilerCount                          = 3                                         {product} {ergonomic}
     uint ConcGCThreads                            = 2                                         {product} {ergonomic}
     uint G1ConcRefinementThreads                  = 6                                         {product} {ergonomic}
   size_t G1HeapRegionSize                         = 2097152                                   {product} {ergonomic}
    uintx GCDrainStackTargetSize                   = 64                                        {product} {ergonomic}
   size_t InitialHeapSize                          = 262144000                                 {product} {ergonomic}
   size_t MarkStackSize                            = 4194304                                   {product} {ergonomic}
   size_t MaxHeapSize                              = 4175429632                                {product} {ergonomic}
   size_t MaxNewSize                               = 2503999488                                {product} {ergonomic}
   size_t MinHeapDeltaBytes                        = 2097152                                   {product} {ergonomic}
   size_t MinHeapSize                              = 8388608                                   {product} {ergonomic}
    uintx NonNMethodCodeHeapSize                   = 5832780                                {pd product} {ergonomic}
    uintx NonProfiledCodeHeapSize                  = 122912730                              {pd product} {ergonomic}
    uintx ProfiledCodeHeapSize                     = 122912730                              {pd product} {ergonomic}
    uintx ReservedCodeCacheSize                    = 251658240                              {pd product} {ergonomic}
     bool SegmentedCodeCache                       = true                                      {product} {ergonomic}
   size_t SoftMaxHeapSize                          = 4175429632                             {manageable} {ergonomic}
     bool UseCompressedClassPointers               = true                                 {lp64_product} {ergonomic}
     bool UseCompressedOops                        = true                                 {lp64_product} {ergonomic}
     bool UseG1GC                                  = true                                      {product} {ergonomic}

Logging:
Log output configuration:
 #0: stdout all=warning uptime,level,tags
 #1: stderr all=off uptime,level,tags

Environment Variables:
PATH=/usr/sbin:/sbin:/usr/games:/usr/local/bin:/usr/bin:/bin:/usr/local/sbin:/usr/lib/jvm/default/bin:/usr/bin/site_perl:/usr/bin/vendor_perl:/usr/bin/core_perl:/var/lib/snapd/snap/bin
SHELL=/usr/bin/zsh
DISPLAY=:0
LANG=en_US

Signal Handlers:
SIGSEGV: [libjvm.so+0xd64200], sa_mask[0]=11111111011111111101111111111110, sa_flags=SA_RESTART|SA_SIGINFO
SIGBUS: [libjvm.so+0xd64200], sa_mask[0]=11111111011111111101111111111110, sa_flags=SA_RESTART|SA_SIGINFO
SIGFPE: [libjvm.so+0xd64200], sa_mask[0]=11111111011111111101111111111110, sa_flags=SA_RESTART|SA_SIGINFO
SIGPIPE: [libjvm.so+0xb419c0], sa_mask[0]=11111111011111111101111111111110, sa_flags=SA_RESTART|SA_SIGINFO
SIGXFSZ: [libjvm.so+0xb419c0], sa_mask[0]=11111111011111111101111111111110, sa_flags=SA_RESTART|SA_SIGINFO
SIGILL: [libjvm.so+0xd64200], sa_mask[0]=11111111011111111101111111111110, sa_flags=SA_RESTART|SA_SIGINFO
SIGUSR2: [libjvm.so+0xb41860], sa_mask[0]=00100000000000000000000000000000, sa_flags=SA_RESTART|SA_SIGINFO
SIGHUP: [libjvm.so+0xb420d0], sa_mask[0]=11111111011111111101111111111110, sa_flags=SA_RESTART|SA_SIGINFO
SIGINT: [libjvm.so+0xb420d0], sa_mask[0]=11111111011111111101111111111110, sa_flags=SA_RESTART|SA_SIGINFO
SIGTERM: [libjvm.so+0xb420d0], sa_mask[0]=11111111011111111101111111111110, sa_flags=SA_RESTART|SA_SIGINFO
SIGQUIT: [libjvm.so+0xb420d0], sa_mask[0]=11111111011111111101111111111110, sa_flags=SA_RESTART|SA_SIGINFO


---------------  S Y S T E M  ---------------

OS:
LSB_VERSION=1.4
DISTRIB_ID=Arch
DISTRIB_RELEASE=rolling
DISTRIB_DESCRIPTION="Arch Linux"
uname: Linux 5.11.10-arch1-1 #1 SMP PREEMPT Fri, 26 Mar 2021 00:11:29 +0000 x86_64
OS uptime: 0 days 1:07 hours
libc: glibc 2.33 NPTL 2.33 
rlimit (soft/hard): STACK 8192k/infinity , CORE infinity/infinity , NPROC 63623/63623 , NOFILE 524288/524288 , AS infinity/infinity , CPU infinity/infinity , DATA infinity/infinity , FSIZE infinity/infinity , MEMLOCK 64k/64k
load average: 1.41 1.10 1.12

/proc/meminfo:
MemTotal:       16302452 kB
MemFree:         8391400 kB
MemAvailable:   12180960 kB
Buffers:          153028 kB
Cached:          3970780 kB
SwapCached:            0 kB
Active:          1327200 kB
Inactive:        6115096 kB
Active(anon):       7508 kB
Inactive(anon):  3502844 kB
Active(file):    1319692 kB
Inactive(file):  2612252 kB
Unevictable:          32 kB
Mlocked:              32 kB
SwapTotal:             0 kB
SwapFree:              0 kB
Dirty:             13316 kB
Writeback:             0 kB
AnonPages:       3318576 kB
Mapped:           588488 kB
Shmem:            191868 kB
KReclaimable:     198620 kB
Slab:             285724 kB
SReclaimable:     198620 kB
SUnreclaim:        87104 kB
KernelStack:        9248 kB
PageTables:        27896 kB
NFS_Unstable:          0 kB
Bounce:                0 kB
WritebackTmp:          0 kB
CommitLimit:     8151224 kB
Committed_AS:    6974216 kB
VmallocTotal:   34359738367 kB
VmallocUsed:       69632 kB
VmallocChunk:          0 kB
Percpu:             5312 kB
HardwareCorrupted:     0 kB
AnonHugePages:         0 kB
ShmemHugePages:        0 kB
ShmemPmdMapped:        0 kB
FileHugePages:         0 kB
FilePmdMapped:         0 kB
CmaTotal:              0 kB
CmaFree:               0 kB
HugePages_Total:       0
HugePages_Free:        0
HugePages_Rsvd:        0
HugePages_Surp:        0
Hugepagesize:       2048 kB
Hugetlb:               0 kB
DirectMap4k:      362424 kB
DirectMap2M:    11083776 kB
DirectMap1G:     5242880 kB

/sys/kernel/mm/transparent_hugepage/enabled: always [madvise] never
/sys/kernel/mm/transparent_hugepage/defrag (defrag/compaction efforts parameter): always defer defer+madvise [madvise] never

/proc/sys/kernel/threads-max (system-wide limit on the number of threads): 127246
/proc/sys/vm/max_map_count (maximum number of memory map areas a process may have): 65530
/proc/sys/kernel/pid_max (system-wide limit on number of process identifiers): 4194304

container (cgroup) information:
container_type: cgroupv1
cpu_cpuset_cpus: 0-5
cpu_memory_nodes: 0
active_processor_count: 6
cpu_quota: no quota
cpu_period: 100000
cpu_shares: no shares
memory_limit_in_bytes: unlimited
memory_and_swap_limit_in_bytes: unlimited
memory_soft_limit_in_bytes: unlimited
memory_usage_in_bytes: 4885716992
memory_max_usage_in_bytes: 4885766144

Steal ticks since vm start: 0
Steal ticks percentage since vm start:  0.000

CPU: total 6 (initial active 6) (6 cores per cpu, 1 threads per core) family 6 model 158 stepping 10 microcode 0x84, cmov, cx8, fxsr, mmx, sse, sse2, sse3, ssse3, sse4.1, sse4.2, popcnt, vzeroupper, avx, avx2, aes, clmul, erms, 3dnowpref, lzcnt, tsc, tscinvbit, bmi1, bmi2, adx, fma, clflush, clflushopt
CPU Model and flags from /proc/cpuinfo:
model name	: Intel(R) Core(TM) i5-8400 CPU @ 2.80GHz
flags		: fpu vme de pse tsc msr pae mce cx8 apic sep mtrr pge mca cmov pat pse36 clflush dts acpi mmx fxsr sse sse2 ss ht tm pbe syscall nx pdpe1gb rdtscp lm constant_tsc art arch_perfmon pebs bts rep_good nopl xtopology nonstop_tsc cpuid aperfmperf pni pclmulqdq dtes64 monitor ds_cpl vmx est tm2 ssse3 sdbg fma cx16 xtpr pdcm pcid sse4_1 sse4_2 x2apic movbe popcnt tsc_deadline_timer aes xsave avx f16c rdrand lahf_lm abm 3dnowprefetch cpuid_fault epb invpcid_single pti ibrs ibpb stibp tpr_shadow vnmi flexpriority ept vpid ept_ad fsgsbase tsc_adjust bmi1 avx2 smep bmi2 erms invpcid mpx rdseed adx smap clflushopt intel_pt xsaveopt xsavec xgetbv1 xsaves dtherm ida arat pln pts hwp hwp_notify hwp_act_window hwp_epp

Online cpus: 0-5
Offline cpus: 
BIOS frequency limitation: <Not Available>
Frequency switch latency (ns): 0
Available cpu frequencies: <Not Available>
Current governor: powersave
Core performance/turbo boost: <Not Available>

Memory: 4k page, physical 16302452k(8391400k free), swap 0k(0k free)

vm_info: OpenJDK 64-Bit Server VM (15.0.2+7-27) for linux-amd64 JRE (15.0.2+7-27), built on Dec  7 2020 19:54:59 by "mach5one" with gcc 9.2.0

END.
