#
# A fatal error has been detected by the Java Runtime Environment:
#
#  SIGSEGV (0xb) at pc=0x00000000411c5f56, pid=57699, tid=57705
#
# JRE version: OpenJDK Runtime Environment (15.0.2+7) (build 15.0.2+7-27)
# Java VM: OpenJDK 64-Bit Server VM (15.0.2+7-27, mixed mode, sharing, tiered, compressed oops, g1 gc, linux-amd64)
# Problematic frame:
# C  0x00000000411c5f56
#
# Core dump will be written. Default location: Core dumps may be processed with "/usr/lib/systemd/systemd-coredump %P %u %g %s %t %c %h" (or dumping to /volume/dev/OpenGL/Java/EngineTest/core.57699)
#
# If you would like to submit a bug report, please visit:
#   https://bugreport.java.com/bugreport/crash.jsp
# The crash happened outside the Java Virtual Machine in native code.
# See problematic frame for where to report the bug.
#

---------------  S U M M A R Y ------------

Command Line: -Dfile.encoding=US-ASCII -Duser.country=US -Duser.language=en -Duser.variant Main

Host: Intel(R) Core(TM) i5-8400 CPU @ 2.80GHz, 6 cores, 15G, Arch Linux
Time: Tue Apr  6 00:21:41 2021 IDT elapsed time: 0.347276 seconds (0d 0h 0m 0s)

---------------  T H R E A D  ---------------

Current thread (0x00007f98bc028dc0):  JavaThread "main" [_thread_in_native, id=57705, stack(0x00007f98c3879000,0x00007f98c397a000)]

Stack: [0x00007f98c3879000,0x00007f98c397a000],  sp=0x00007f98c3978108,  free space=1020k
Native frames: (J=compiled Java code, A=aot compiled Java code, j=interpreted, Vv=VM code, C=native code)
C  0x00000000411c5f56

Java frames: (J=compiled Java code, j=interpreted, Vv=VM code)
j  org.lwjgl.opengl.GL11C.nglDrawElements(IIIJ)V+0
j  org.lwjgl.opengl.GL11C.glDrawElements(IIIJ)V+4
j  org.lwjgl.opengl.GL11.glDrawElements(IIIJ)V+4
j  graphics.Renderer.draw()Z+58
j  Scenes.Scene.update(F)V+70
j  utils.Window.loop()V+82
j  Main.main([Ljava/lang/String;)V+54
v  ~StubRoutines::call_stub

siginfo: si_signo: 11 (SIGSEGV), si_code: 1 (SEGV_MAPERR), si_addr: 0x0000000000000000

Register to memory mapping:

RAX=0x00007f988d448c80 points into unknown readable memory: 0x0000000000000000 | 00 00 00 00 00 00 00 00
RBX=0x0000000041d55000 points into unknown readable memory: 0x00007f98bc492d00 | 00 2d 49 bc 98 7f 00 00
RCX=0x0 is NULL
RDX=0x00007f98bca57384 points into unknown readable memory: 02 00 00 00
RSP=0x00007f98c3978108 is pointing into the stack for thread: 0x00007f98bc028dc0
RBP=0x00007f98bca573b0 points into unknown readable memory: 0x75622d332e322e33 | 33 2e 32 2e 33 2d 62 75
RSI=0x0 is NULL
RDI=0x0 is NULL
R8 =0x0000000000000002 is an unknown value
R9 =0x0 is NULL
R10=0x0000000041dd2ec0 points into unknown readable memory: 0x0000000000000000 | 00 00 00 00 00 00 00 00
R11=0x00007f98bca573b0 points into unknown readable memory: 0x75622d332e322e33 | 33 2e 32 2e 33 2d 62 75
R12=0x00007f98bc7658a0 points into unknown readable memory: 0x0100100400000009 | 09 00 00 00 04 10 00 01
R13=0x0 is NULL
R14=0x000000000000000c is an unknown value
R15=0x0 is NULL


Registers:
RAX=0x00007f988d448c80, RBX=0x0000000041d55000, RCX=0x0000000000000000, RDX=0x00007f98bca57384
RSP=0x00007f98c3978108, RBP=0x00007f98bca573b0, RSI=0x0000000000000000, RDI=0x0000000000000000
R8 =0x0000000000000002, R9 =0x0000000000000000, R10=0x0000000041dd2ec0, R11=0x00007f98bca573b0
R12=0x00007f98bc7658a0, R13=0x0000000000000000, R14=0x000000000000000c, R15=0x0000000000000000
RIP=0x00000000411c5f56, EFLAGS=0x0000000000010206, CSGSFS=0x002b000000000033, ERR=0x0000000000000004
  TRAPNO=0x000000000000000e

Top of Stack: (sp=0x00007f98c3978108)
0x00007f98c3978108:   00007f9857010339 0000000c00000000
0x00007f98c3978118:   00007f98bca57380 0000000000000000
0x00007f98c3978128:   0000000041d55000 000000000000000c
0x00007f98c3978138:   00000000411c5f00 00007f98bc76c768 

Instructions: (pc=0x00000000411c5f56)
0x00000000411c5e56:   00 00 00 00 00 00 00 00 00 00 00 00 00 00 00 00
0x00000000411c5e66:   00 00 00 00 00 00 00 00 00 00 00 00 00 00 00 00
0x00000000411c5e76:   00 00 00 00 00 00 00 00 00 00 00 00 00 00 00 00
0x00000000411c5e86:   00 00 00 00 00 00 00 00 00 00 00 00 00 00 00 00
0x00000000411c5e96:   00 00 00 00 00 00 00 00 00 00 00 00 00 00 00 00
0x00000000411c5ea6:   00 00 00 00 00 00 00 00 00 00 00 00 00 00 00 00
0x00000000411c5eb6:   00 00 00 00 00 00 00 00 00 00 00 00 00 00 00 00
0x00000000411c5ec6:   00 00 00 00 00 00 00 00 00 00 00 00 00 00 00 00
0x00000000411c5ed6:   00 00 00 00 00 00 00 00 00 00 00 00 00 00 00 00
0x00000000411c5ee6:   00 00 00 00 00 00 00 00 00 00 00 00 00 00 00 00
0x00000000411c5ef6:   00 00 40 ff ff ff c0 1e 00 00 48 89 6c 24 f8 48
0x00000000411c5f06:   89 5c 24 f0 48 89 74 24 e8 48 89 7c 24 e0 48 8b
0x00000000411c5f16:   df 48 8b c6 48 8b e9 48 8b d2 48 8d 2c aa 4c 8b
0x00000000411c5f26:   dd 8b 0a 49 ba c0 2e dd 41 00 00 00 00 41 03 0a
0x00000000411c5f36:   48 83 c2 04 48 be 38 cc da 41 00 00 00 00 48 8b
0x00000000411c5f46:   36 48 8b b6 08 03 00 00 48 8d 3c 49 48 8d 34 fe
0x00000000411c5f56:   8b 3e 8b 6e 04 89 38 89 68 04 48 be 38 cc da 41
0x00000000411c5f66:   00 00 00 00 48 8b 36 48 8b b6 38 03 00 00 48 8d
0x00000000411c5f76:   3c 49 48 8d 34 fe 8b 3e 8b 6e 04 89 78 08 89 68
0x00000000411c5f86:   0c 8b 7e 08 8b 6e 0c 89 78 10 89 68 14 48 83 c0
0x00000000411c5f96:   18 49 3b d3 75 8b 48 8b 7c 24 e0 48 8b 74 24 e8
0x00000000411c5fa6:   48 8b 5c 24 f0 48 8b 6c 24 f8 c3 00 00 00 00 00
0x00000000411c5fb6:   00 00 c0 ff ff ff c0 00 00 00 48 b8 50 d5 de 41
0x00000000411c5fc6:   00 00 00 00 48 8b 00 49 ba 10 17 da 41 00 00 00
0x00000000411c5fd6:   00 48 83 ec 28 48 83 c4 28 c3 00 00 00 00 00 00
0x00000000411c5fe6:   00 00 00 00 00 00 00 00 00 00 00 00 00 00 00 00
0x00000000411c5ff6:   00 00 00 00 00 00 40 00 00 00 ?? ?? ?? ?? ?? ??
0x00000000411c6006:   ?? ?? ?? ?? ?? ?? ?? ?? ?? ?? ?? ?? ?? ?? ?? ??
0x00000000411c6016:   ?? ?? ?? ?? ?? ?? ?? ?? ?? ?? ?? ?? ?? ?? ?? ??
0x00000000411c6026:   ?? ?? ?? ?? ?? ?? ?? ?? ?? ?? ?? ?? ?? ?? ?? ??
0x00000000411c6036:   ?? ?? ?? ?? ?? ?? ?? ?? ?? ?? ?? ?? ?? ?? ?? ??
0x00000000411c6046:   ?? ?? ?? ?? ?? ?? ?? ?? ?? ?? ?? ?? ?? ?? ?? ?? 


Stack slot to memory mapping:
stack at sp + 0 slots: 0x00007f9857010339: <offset 0x0000000000f1d339> in /usr/lib/libnvidia-glcore.so.460.67 at 0x00007f98560f3000
stack at sp + 1 slots: 0x0000000c00000000 is an unknown value
stack at sp + 2 slots: 0x00007f98bca57380 points into unknown readable memory: 0x0000000200000000 | 00 00 00 00 02 00 00 00
stack at sp + 3 slots: 0x0 is NULL
stack at sp + 4 slots: 0x0000000041d55000 points into unknown readable memory: 0x00007f98bc492d00 | 00 2d 49 bc 98 7f 00 00
stack at sp + 5 slots: 0x000000000000000c is an unknown value
stack at sp + 6 slots: 0x00000000411c5f00 points into unknown readable memory: 0x5c8948f8246c8948 | 48 89 6c 24 f8 48 89 5c
stack at sp + 7 slots: 0x00007f98bc76c768 points into unknown readable memory: 0x00007f98bc856e00 | 00 6e 85 bc 98 7f 00 00


---------------  P R O C E S S  ---------------

Threads class SMR info:
_java_thread_list=0x00007f986c22a010, length=11, elements={
0x00007f98bc028dc0, 0x00007f98bc1704c0, 0x00007f98bc171c00, 0x00007f98bc177720,
0x00007f98bc178e30, 0x00007f98bc17aa50, 0x00007f98bc17c280, 0x00007f98bc17d980,
0x00007f98bc1e3090, 0x00007f98bc1e6540, 0x00007f986c228cf0
}

Java Threads: ( => current thread )
=>0x00007f98bc028dc0 JavaThread "main" [_thread_in_native, id=57705, stack(0x00007f98c3879000,0x00007f98c397a000)]
  0x00007f98bc1704c0 JavaThread "Reference Handler" daemon [_thread_blocked, id=57712, stack(0x00007f98c01ec000,0x00007f98c02ed000)]
  0x00007f98bc171c00 JavaThread "Finalizer" daemon [_thread_blocked, id=57713, stack(0x00007f98c00eb000,0x00007f98c01ec000)]
  0x00007f98bc177720 JavaThread "Signal Dispatcher" daemon [_thread_blocked, id=57714, stack(0x00007f989ccbd000,0x00007f989cdbe000)]
  0x00007f98bc178e30 JavaThread "Service Thread" daemon [_thread_blocked, id=57715, stack(0x00007f989cbbc000,0x00007f989ccbd000)]
  0x00007f98bc17aa50 JavaThread "C2 CompilerThread0" daemon [_thread_blocked, id=57716, stack(0x00007f989cabb000,0x00007f989cbbc000)]
  0x00007f98bc17c280 JavaThread "C1 CompilerThread0" daemon [_thread_blocked, id=57717, stack(0x00007f989c9ba000,0x00007f989cabb000)]
  0x00007f98bc17d980 JavaThread "Sweeper thread" daemon [_thread_blocked, id=57718, stack(0x00007f989c8b9000,0x00007f989c9ba000)]
  0x00007f98bc1e3090 JavaThread "Notification Thread" daemon [_thread_blocked, id=57719, stack(0x00007f989c7b8000,0x00007f989c8b9000)]
  0x00007f98bc1e6540 JavaThread "Common-Cleaner" daemon [_thread_blocked, id=57721, stack(0x00007f989c5b5000,0x00007f989c6b6000)]
  0x00007f986c228cf0 JavaThread "C2 CompilerThread1" daemon [_thread_blocked, id=57724, stack(0x00007f988ce47000,0x00007f988cf48000)]

Other Threads:
  0x00007f98bc16d770 VMThread "VM Thread" [stack: 0x00007f98c02ef000,0x00007f98c03ef000] [id=57711]
  0x00007f98bc1e4c50 WatcherThread [stack: 0x00007f989c6b8000,0x00007f989c7b8000] [id=57720]
  0x00007f98bc0786e0 GCTaskThread "GC Thread#0" [stack: 0x00007f98c1761000,0x00007f98c1861000] [id=57706]
  0x00007f98bc089920 ConcurrentGCThread "G1 Main Marker" [stack: 0x00007f98c165f000,0x00007f98c175f000] [id=57707]
  0x00007f98bc08abb0 ConcurrentGCThread "G1 Conc#0" [stack: 0x00007f98c155d000,0x00007f98c165d000] [id=57708]
  0x00007f98bc138150 ConcurrentGCThread "G1 Refine#0" [stack: 0x00007f98c0e55000,0x00007f98c0f55000] [id=57709]
  0x00007f98bc139360 ConcurrentGCThread "G1 Young RemSet Sampling" [stack: 0x00007f98c0d53000,0x00007f98c0e53000] [id=57710]

Threads with active compile tasks:

VM state: not at safepoint (normal execution)

VM Mutex/Monitor currently owned by a thread: None

Heap address: 0x0000000707200000, size: 3982 MB, Compressed Oops mode: Zero based, Oop shift amount: 3
CDS archive(s) mapped at: [0x0000000800000000-0x0000000800b33000-0x0000000800b33000), size 11743232, SharedBaseAddress: 0x0000000800000000, ArchiveRelocationMode: 0.
Compressed class space mapped at: 0x0000000800b34000-0x0000000840b34000, size: 1073741824
Narrow klass base: 0x0000000800000000, Narrow klass shift: 3, Narrow klass range: 0x100000000

GC Precious Log:
 CPUs: 6 total, 6 available
 Memory: 15920M
 Large Page Support: Disabled
 NUMA Support: Disabled
 Compressed Oops: Enabled (Zero based)
 Heap Region Size: 2M
 Heap Min Capacity: 8M
 Heap Initial Capacity: 250M
 Heap Max Capacity: 3982M
 Pre-touch: Disabled
 Parallel Workers: 6
 Concurrent Workers: 2
 Concurrent Refinement Workers: 6
 Periodic GC: Disabled

Heap:
 garbage-first heap   total 260096K, used 18232K [0x0000000707200000, 0x0000000800000000)
  region size 2048K, 9 young (18432K), 0 survivors (0K)
 Metaspace       used 6523K, capacity 9234K, committed 9600K, reserved 1058816K
  class space    used 358K, capacity 628K, committed 640K, reserved 1048576K

Heap Regions: E=young(eden), S=young(survivor), O=old, HS=humongous(starts), HC=humongous(continues), CS=collection set, F=free, OA=open archive, CA=closed archive, TAMS=top-at-mark-start (previous, next)
|   0|0x0000000707200000, 0x0000000707200000, 0x0000000707400000|  0%| F|  |TAMS 0x0000000707200000, 0x0000000707200000| Untracked 
|   1|0x0000000707400000, 0x0000000707400000, 0x0000000707600000|  0%| F|  |TAMS 0x0000000707400000, 0x0000000707400000| Untracked 
|   2|0x0000000707600000, 0x0000000707600000, 0x0000000707800000|  0%| F|  |TAMS 0x0000000707600000, 0x0000000707600000| Untracked 
|   3|0x0000000707800000, 0x0000000707800000, 0x0000000707a00000|  0%| F|  |TAMS 0x0000000707800000, 0x0000000707800000| Untracked 
|   4|0x0000000707a00000, 0x0000000707a00000, 0x0000000707c00000|  0%| F|  |TAMS 0x0000000707a00000, 0x0000000707a00000| Untracked 
|   5|0x0000000707c00000, 0x0000000707c00000, 0x0000000707e00000|  0%| F|  |TAMS 0x0000000707c00000, 0x0000000707c00000| Untracked 
|   6|0x0000000707e00000, 0x0000000707e00000, 0x0000000708000000|  0%| F|  |TAMS 0x0000000707e00000, 0x0000000707e00000| Untracked 
|   7|0x0000000708000000, 0x0000000708000000, 0x0000000708200000|  0%| F|  |TAMS 0x0000000708000000, 0x0000000708000000| Untracked 
|   8|0x0000000708200000, 0x0000000708200000, 0x0000000708400000|  0%| F|  |TAMS 0x0000000708200000, 0x0000000708200000| Untracked 
|   9|0x0000000708400000, 0x0000000708400000, 0x0000000708600000|  0%| F|  |TAMS 0x0000000708400000, 0x0000000708400000| Untracked 
|  10|0x0000000708600000, 0x0000000708600000, 0x0000000708800000|  0%| F|  |TAMS 0x0000000708600000, 0x0000000708600000| Untracked 
|  11|0x0000000708800000, 0x0000000708800000, 0x0000000708a00000|  0%| F|  |TAMS 0x0000000708800000, 0x0000000708800000| Untracked 
|  12|0x0000000708a00000, 0x0000000708a00000, 0x0000000708c00000|  0%| F|  |TAMS 0x0000000708a00000, 0x0000000708a00000| Untracked 
|  13|0x0000000708c00000, 0x0000000708c00000, 0x0000000708e00000|  0%| F|  |TAMS 0x0000000708c00000, 0x0000000708c00000| Untracked 
|  14|0x0000000708e00000, 0x0000000708e00000, 0x0000000709000000|  0%| F|  |TAMS 0x0000000708e00000, 0x0000000708e00000| Untracked 
|  15|0x0000000709000000, 0x0000000709000000, 0x0000000709200000|  0%| F|  |TAMS 0x0000000709000000, 0x0000000709000000| Untracked 
|  16|0x0000000709200000, 0x0000000709200000, 0x0000000709400000|  0%| F|  |TAMS 0x0000000709200000, 0x0000000709200000| Untracked 
|  17|0x0000000709400000, 0x0000000709400000, 0x0000000709600000|  0%| F|  |TAMS 0x0000000709400000, 0x0000000709400000| Untracked 
|  18|0x0000000709600000, 0x0000000709600000, 0x0000000709800000|  0%| F|  |TAMS 0x0000000709600000, 0x0000000709600000| Untracked 
|  19|0x0000000709800000, 0x0000000709800000, 0x0000000709a00000|  0%| F|  |TAMS 0x0000000709800000, 0x0000000709800000| Untracked 
|  20|0x0000000709a00000, 0x0000000709a00000, 0x0000000709c00000|  0%| F|  |TAMS 0x0000000709a00000, 0x0000000709a00000| Untracked 
|  21|0x0000000709c00000, 0x0000000709c00000, 0x0000000709e00000|  0%| F|  |TAMS 0x0000000709c00000, 0x0000000709c00000| Untracked 
|  22|0x0000000709e00000, 0x0000000709e00000, 0x000000070a000000|  0%| F|  |TAMS 0x0000000709e00000, 0x0000000709e00000| Untracked 
|  23|0x000000070a000000, 0x000000070a000000, 0x000000070a200000|  0%| F|  |TAMS 0x000000070a000000, 0x000000070a000000| Untracked 
|  24|0x000000070a200000, 0x000000070a200000, 0x000000070a400000|  0%| F|  |TAMS 0x000000070a200000, 0x000000070a200000| Untracked 
|  25|0x000000070a400000, 0x000000070a400000, 0x000000070a600000|  0%| F|  |TAMS 0x000000070a400000, 0x000000070a400000| Untracked 
|  26|0x000000070a600000, 0x000000070a600000, 0x000000070a800000|  0%| F|  |TAMS 0x000000070a600000, 0x000000070a600000| Untracked 
|  27|0x000000070a800000, 0x000000070a800000, 0x000000070aa00000|  0%| F|  |TAMS 0x000000070a800000, 0x000000070a800000| Untracked 
|  28|0x000000070aa00000, 0x000000070aa00000, 0x000000070ac00000|  0%| F|  |TAMS 0x000000070aa00000, 0x000000070aa00000| Untracked 
|  29|0x000000070ac00000, 0x000000070ac00000, 0x000000070ae00000|  0%| F|  |TAMS 0x000000070ac00000, 0x000000070ac00000| Untracked 
|  30|0x000000070ae00000, 0x000000070ae00000, 0x000000070b000000|  0%| F|  |TAMS 0x000000070ae00000, 0x000000070ae00000| Untracked 
|  31|0x000000070b000000, 0x000000070b000000, 0x000000070b200000|  0%| F|  |TAMS 0x000000070b000000, 0x000000070b000000| Untracked 
|  32|0x000000070b200000, 0x000000070b200000, 0x000000070b400000|  0%| F|  |TAMS 0x000000070b200000, 0x000000070b200000| Untracked 
|  33|0x000000070b400000, 0x000000070b400000, 0x000000070b600000|  0%| F|  |TAMS 0x000000070b400000, 0x000000070b400000| Untracked 
|  34|0x000000070b600000, 0x000000070b600000, 0x000000070b800000|  0%| F|  |TAMS 0x000000070b600000, 0x000000070b600000| Untracked 
|  35|0x000000070b800000, 0x000000070b800000, 0x000000070ba00000|  0%| F|  |TAMS 0x000000070b800000, 0x000000070b800000| Untracked 
|  36|0x000000070ba00000, 0x000000070ba00000, 0x000000070bc00000|  0%| F|  |TAMS 0x000000070ba00000, 0x000000070ba00000| Untracked 
|  37|0x000000070bc00000, 0x000000070bc00000, 0x000000070be00000|  0%| F|  |TAMS 0x000000070bc00000, 0x000000070bc00000| Untracked 
|  38|0x000000070be00000, 0x000000070be00000, 0x000000070c000000|  0%| F|  |TAMS 0x000000070be00000, 0x000000070be00000| Untracked 
|  39|0x000000070c000000, 0x000000070c000000, 0x000000070c200000|  0%| F|  |TAMS 0x000000070c000000, 0x000000070c000000| Untracked 
|  40|0x000000070c200000, 0x000000070c200000, 0x000000070c400000|  0%| F|  |TAMS 0x000000070c200000, 0x000000070c200000| Untracked 
|  41|0x000000070c400000, 0x000000070c400000, 0x000000070c600000|  0%| F|  |TAMS 0x000000070c400000, 0x000000070c400000| Untracked 
|  42|0x000000070c600000, 0x000000070c600000, 0x000000070c800000|  0%| F|  |TAMS 0x000000070c600000, 0x000000070c600000| Untracked 
|  43|0x000000070c800000, 0x000000070c800000, 0x000000070ca00000|  0%| F|  |TAMS 0x000000070c800000, 0x000000070c800000| Untracked 
|  44|0x000000070ca00000, 0x000000070ca00000, 0x000000070cc00000|  0%| F|  |TAMS 0x000000070ca00000, 0x000000070ca00000| Untracked 
|  45|0x000000070cc00000, 0x000000070cc00000, 0x000000070ce00000|  0%| F|  |TAMS 0x000000070cc00000, 0x000000070cc00000| Untracked 
|  46|0x000000070ce00000, 0x000000070ce00000, 0x000000070d000000|  0%| F|  |TAMS 0x000000070ce00000, 0x000000070ce00000| Untracked 
|  47|0x000000070d000000, 0x000000070d000000, 0x000000070d200000|  0%| F|  |TAMS 0x000000070d000000, 0x000000070d000000| Untracked 
|  48|0x000000070d200000, 0x000000070d200000, 0x000000070d400000|  0%| F|  |TAMS 0x000000070d200000, 0x000000070d200000| Untracked 
|  49|0x000000070d400000, 0x000000070d400000, 0x000000070d600000|  0%| F|  |TAMS 0x000000070d400000, 0x000000070d400000| Untracked 
|  50|0x000000070d600000, 0x000000070d600000, 0x000000070d800000|  0%| F|  |TAMS 0x000000070d600000, 0x000000070d600000| Untracked 
|  51|0x000000070d800000, 0x000000070d800000, 0x000000070da00000|  0%| F|  |TAMS 0x000000070d800000, 0x000000070d800000| Untracked 
|  52|0x000000070da00000, 0x000000070da00000, 0x000000070dc00000|  0%| F|  |TAMS 0x000000070da00000, 0x000000070da00000| Untracked 
|  53|0x000000070dc00000, 0x000000070dc00000, 0x000000070de00000|  0%| F|  |TAMS 0x000000070dc00000, 0x000000070dc00000| Untracked 
|  54|0x000000070de00000, 0x000000070de00000, 0x000000070e000000|  0%| F|  |TAMS 0x000000070de00000, 0x000000070de00000| Untracked 
|  55|0x000000070e000000, 0x000000070e000000, 0x000000070e200000|  0%| F|  |TAMS 0x000000070e000000, 0x000000070e000000| Untracked 
|  56|0x000000070e200000, 0x000000070e200000, 0x000000070e400000|  0%| F|  |TAMS 0x000000070e200000, 0x000000070e200000| Untracked 
|  57|0x000000070e400000, 0x000000070e400000, 0x000000070e600000|  0%| F|  |TAMS 0x000000070e400000, 0x000000070e400000| Untracked 
|  58|0x000000070e600000, 0x000000070e600000, 0x000000070e800000|  0%| F|  |TAMS 0x000000070e600000, 0x000000070e600000| Untracked 
|  59|0x000000070e800000, 0x000000070e800000, 0x000000070ea00000|  0%| F|  |TAMS 0x000000070e800000, 0x000000070e800000| Untracked 
|  60|0x000000070ea00000, 0x000000070ea00000, 0x000000070ec00000|  0%| F|  |TAMS 0x000000070ea00000, 0x000000070ea00000| Untracked 
|  61|0x000000070ec00000, 0x000000070ec00000, 0x000000070ee00000|  0%| F|  |TAMS 0x000000070ec00000, 0x000000070ec00000| Untracked 
|  62|0x000000070ee00000, 0x000000070ee00000, 0x000000070f000000|  0%| F|  |TAMS 0x000000070ee00000, 0x000000070ee00000| Untracked 
|  63|0x000000070f000000, 0x000000070f000000, 0x000000070f200000|  0%| F|  |TAMS 0x000000070f000000, 0x000000070f000000| Untracked 
|  64|0x000000070f200000, 0x000000070f200000, 0x000000070f400000|  0%| F|  |TAMS 0x000000070f200000, 0x000000070f200000| Untracked 
|  65|0x000000070f400000, 0x000000070f400000, 0x000000070f600000|  0%| F|  |TAMS 0x000000070f400000, 0x000000070f400000| Untracked 
|  66|0x000000070f600000, 0x000000070f600000, 0x000000070f800000|  0%| F|  |TAMS 0x000000070f600000, 0x000000070f600000| Untracked 
|  67|0x000000070f800000, 0x000000070f800000, 0x000000070fa00000|  0%| F|  |TAMS 0x000000070f800000, 0x000000070f800000| Untracked 
|  68|0x000000070fa00000, 0x000000070fa00000, 0x000000070fc00000|  0%| F|  |TAMS 0x000000070fa00000, 0x000000070fa00000| Untracked 
|  69|0x000000070fc00000, 0x000000070fc00000, 0x000000070fe00000|  0%| F|  |TAMS 0x000000070fc00000, 0x000000070fc00000| Untracked 
|  70|0x000000070fe00000, 0x000000070fe00000, 0x0000000710000000|  0%| F|  |TAMS 0x000000070fe00000, 0x000000070fe00000| Untracked 
|  71|0x0000000710000000, 0x0000000710000000, 0x0000000710200000|  0%| F|  |TAMS 0x0000000710000000, 0x0000000710000000| Untracked 
|  72|0x0000000710200000, 0x0000000710200000, 0x0000000710400000|  0%| F|  |TAMS 0x0000000710200000, 0x0000000710200000| Untracked 
|  73|0x0000000710400000, 0x0000000710400000, 0x0000000710600000|  0%| F|  |TAMS 0x0000000710400000, 0x0000000710400000| Untracked 
|  74|0x0000000710600000, 0x0000000710600000, 0x0000000710800000|  0%| F|  |TAMS 0x0000000710600000, 0x0000000710600000| Untracked 
|  75|0x0000000710800000, 0x0000000710800000, 0x0000000710a00000|  0%| F|  |TAMS 0x0000000710800000, 0x0000000710800000| Untracked 
|  76|0x0000000710a00000, 0x0000000710a00000, 0x0000000710c00000|  0%| F|  |TAMS 0x0000000710a00000, 0x0000000710a00000| Untracked 
|  77|0x0000000710c00000, 0x0000000710c00000, 0x0000000710e00000|  0%| F|  |TAMS 0x0000000710c00000, 0x0000000710c00000| Untracked 
|  78|0x0000000710e00000, 0x0000000710e00000, 0x0000000711000000|  0%| F|  |TAMS 0x0000000710e00000, 0x0000000710e00000| Untracked 
|  79|0x0000000711000000, 0x0000000711000000, 0x0000000711200000|  0%| F|  |TAMS 0x0000000711000000, 0x0000000711000000| Untracked 
|  80|0x0000000711200000, 0x0000000711200000, 0x0000000711400000|  0%| F|  |TAMS 0x0000000711200000, 0x0000000711200000| Untracked 
|  81|0x0000000711400000, 0x0000000711400000, 0x0000000711600000|  0%| F|  |TAMS 0x0000000711400000, 0x0000000711400000| Untracked 
|  82|0x0000000711600000, 0x0000000711600000, 0x0000000711800000|  0%| F|  |TAMS 0x0000000711600000, 0x0000000711600000| Untracked 
|  83|0x0000000711800000, 0x0000000711800000, 0x0000000711a00000|  0%| F|  |TAMS 0x0000000711800000, 0x0000000711800000| Untracked 
|  84|0x0000000711a00000, 0x0000000711a00000, 0x0000000711c00000|  0%| F|  |TAMS 0x0000000711a00000, 0x0000000711a00000| Untracked 
|  85|0x0000000711c00000, 0x0000000711c00000, 0x0000000711e00000|  0%| F|  |TAMS 0x0000000711c00000, 0x0000000711c00000| Untracked 
|  86|0x0000000711e00000, 0x0000000711e00000, 0x0000000712000000|  0%| F|  |TAMS 0x0000000711e00000, 0x0000000711e00000| Untracked 
|  87|0x0000000712000000, 0x0000000712000000, 0x0000000712200000|  0%| F|  |TAMS 0x0000000712000000, 0x0000000712000000| Untracked 
|  88|0x0000000712200000, 0x0000000712200000, 0x0000000712400000|  0%| F|  |TAMS 0x0000000712200000, 0x0000000712200000| Untracked 
|  89|0x0000000712400000, 0x0000000712400000, 0x0000000712600000|  0%| F|  |TAMS 0x0000000712400000, 0x0000000712400000| Untracked 
|  90|0x0000000712600000, 0x0000000712600000, 0x0000000712800000|  0%| F|  |TAMS 0x0000000712600000, 0x0000000712600000| Untracked 
|  91|0x0000000712800000, 0x0000000712800000, 0x0000000712a00000|  0%| F|  |TAMS 0x0000000712800000, 0x0000000712800000| Untracked 
|  92|0x0000000712a00000, 0x0000000712a00000, 0x0000000712c00000|  0%| F|  |TAMS 0x0000000712a00000, 0x0000000712a00000| Untracked 
|  93|0x0000000712c00000, 0x0000000712c00000, 0x0000000712e00000|  0%| F|  |TAMS 0x0000000712c00000, 0x0000000712c00000| Untracked 
|  94|0x0000000712e00000, 0x0000000712e00000, 0x0000000713000000|  0%| F|  |TAMS 0x0000000712e00000, 0x0000000712e00000| Untracked 
|  95|0x0000000713000000, 0x0000000713000000, 0x0000000713200000|  0%| F|  |TAMS 0x0000000713000000, 0x0000000713000000| Untracked 
|  96|0x0000000713200000, 0x0000000713200000, 0x0000000713400000|  0%| F|  |TAMS 0x0000000713200000, 0x0000000713200000| Untracked 
|  97|0x0000000713400000, 0x0000000713400000, 0x0000000713600000|  0%| F|  |TAMS 0x0000000713400000, 0x0000000713400000| Untracked 
|  98|0x0000000713600000, 0x0000000713600000, 0x0000000713800000|  0%| F|  |TAMS 0x0000000713600000, 0x0000000713600000| Untracked 
|  99|0x0000000713800000, 0x0000000713800000, 0x0000000713a00000|  0%| F|  |TAMS 0x0000000713800000, 0x0000000713800000| Untracked 
| 100|0x0000000713a00000, 0x0000000713a00000, 0x0000000713c00000|  0%| F|  |TAMS 0x0000000713a00000, 0x0000000713a00000| Untracked 
| 101|0x0000000713c00000, 0x0000000713c00000, 0x0000000713e00000|  0%| F|  |TAMS 0x0000000713c00000, 0x0000000713c00000| Untracked 
| 102|0x0000000713e00000, 0x0000000713e00000, 0x0000000714000000|  0%| F|  |TAMS 0x0000000713e00000, 0x0000000713e00000| Untracked 
| 103|0x0000000714000000, 0x0000000714000000, 0x0000000714200000|  0%| F|  |TAMS 0x0000000714000000, 0x0000000714000000| Untracked 
| 104|0x0000000714200000, 0x0000000714200000, 0x0000000714400000|  0%| F|  |TAMS 0x0000000714200000, 0x0000000714200000| Untracked 
| 105|0x0000000714400000, 0x0000000714400000, 0x0000000714600000|  0%| F|  |TAMS 0x0000000714400000, 0x0000000714400000| Untracked 
| 106|0x0000000714600000, 0x0000000714600000, 0x0000000714800000|  0%| F|  |TAMS 0x0000000714600000, 0x0000000714600000| Untracked 
| 107|0x0000000714800000, 0x0000000714800000, 0x0000000714a00000|  0%| F|  |TAMS 0x0000000714800000, 0x0000000714800000| Untracked 
| 108|0x0000000714a00000, 0x0000000714a00000, 0x0000000714c00000|  0%| F|  |TAMS 0x0000000714a00000, 0x0000000714a00000| Untracked 
| 109|0x0000000714c00000, 0x0000000714c00000, 0x0000000714e00000|  0%| F|  |TAMS 0x0000000714c00000, 0x0000000714c00000| Untracked 
| 110|0x0000000714e00000, 0x0000000714e00000, 0x0000000715000000|  0%| F|  |TAMS 0x0000000714e00000, 0x0000000714e00000| Untracked 
| 111|0x0000000715000000, 0x0000000715000000, 0x0000000715200000|  0%| F|  |TAMS 0x0000000715000000, 0x0000000715000000| Untracked 
| 112|0x0000000715200000, 0x0000000715200000, 0x0000000715400000|  0%| F|  |TAMS 0x0000000715200000, 0x0000000715200000| Untracked 
| 113|0x0000000715400000, 0x0000000715400000, 0x0000000715600000|  0%| F|  |TAMS 0x0000000715400000, 0x0000000715400000| Untracked 
| 114|0x0000000715600000, 0x0000000715600000, 0x0000000715800000|  0%| F|  |TAMS 0x0000000715600000, 0x0000000715600000| Untracked 
| 115|0x0000000715800000, 0x0000000715800000, 0x0000000715a00000|  0%| F|  |TAMS 0x0000000715800000, 0x0000000715800000| Untracked 
| 116|0x0000000715a00000, 0x0000000715a676f0, 0x0000000715c00000| 20%| E|  |TAMS 0x0000000715a00000, 0x0000000715a00000| Complete 
| 117|0x0000000715c00000, 0x0000000715e00000, 0x0000000715e00000|100%| E|CS|TAMS 0x0000000715c00000, 0x0000000715c00000| Complete 
| 118|0x0000000715e00000, 0x0000000716000000, 0x0000000716000000|100%| E|CS|TAMS 0x0000000715e00000, 0x0000000715e00000| Complete 
| 119|0x0000000716000000, 0x0000000716200000, 0x0000000716200000|100%| E|CS|TAMS 0x0000000716000000, 0x0000000716000000| Complete 
| 120|0x0000000716200000, 0x0000000716400000, 0x0000000716400000|100%| E|CS|TAMS 0x0000000716200000, 0x0000000716200000| Complete 
| 121|0x0000000716400000, 0x0000000716600000, 0x0000000716600000|100%| E|CS|TAMS 0x0000000716400000, 0x0000000716400000| Complete 
| 122|0x0000000716600000, 0x0000000716800000, 0x0000000716800000|100%| E|CS|TAMS 0x0000000716600000, 0x0000000716600000| Complete 
| 123|0x0000000716800000, 0x0000000716a00000, 0x0000000716a00000|100%| E|CS|TAMS 0x0000000716800000, 0x0000000716800000| Complete 
| 124|0x0000000716a00000, 0x0000000716c00000, 0x0000000716c00000|100%| E|CS|TAMS 0x0000000716a00000, 0x0000000716a00000| Complete 
|1989|0x00000007ffc00000, 0x00000007ffd52000, 0x00000007ffe00000| 66%|OA|  |TAMS 0x00000007ffc00000, 0x00000007ffc00000| Untracked 
|1990|0x00000007ffe00000, 0x00000007ffe7c000, 0x0000000800000000| 24%|CA|  |TAMS 0x00000007ffe00000, 0x00000007ffe00000| Untracked 

Card table byte_map: [0x00007f98c20a9000,0x00007f98c2870000] _byte_map_base: 0x00007f98be870000

Marking Bits (Prev, Next): (CMBitMap*) 0x00007f98bc079480, (CMBitMap*) 0x00007f98bc0794c0
 Prev Bits: [0x00007f98a0edf000, 0x00007f98a4d17000)
 Next Bits: [0x00007f989d0a7000, 0x00007f98a0edf000)

Polling page: 0x00007f98c4e9e000

Metaspace:

Usage:
  Non-class:      8.40 MB capacity,     6.02 MB ( 72%) used,     2.37 MB ( 28%) free+waste,    10.06 KB ( <1%) overhead. 
      Class:    628.00 KB capacity,   358.97 KB ( 57%) used,   265.66 KB ( 42%) free+waste,     3.38 KB ( <1%) overhead. 
       Both:      9.02 MB capacity,     6.37 MB ( 71%) used,     2.63 MB ( 29%) free+waste,    13.44 KB ( <1%) overhead. 

Virtual space:
  Non-class space:       10.00 MB reserved,       8.75 MB ( 88%) committed 
      Class space:        1.00 GB reserved,     640.00 KB ( <1%) committed 
             Both:        1.01 GB reserved,       9.38 MB ( <1%) committed 

Chunk freelists:
   Non-Class:  130.00 KB
       Class:  0 bytes
        Both:  130.00 KB

MaxMetaspaceSize: 17179869184.00 GB
CompressedClassSpaceSize: 1.00 GB

CodeHeap 'non-profiled nmethods': size=120032Kb used=260Kb max_used=260Kb free=119771Kb
 bounds [0x00007f98ac7df000, 0x00007f98aca4f000, 0x00007f98b3d17000]
CodeHeap 'profiled nmethods': size=120028Kb used=1311Kb max_used=1311Kb free=118716Kb
 bounds [0x00007f98a52a8000, 0x00007f98a5518000, 0x00007f98ac7df000]
CodeHeap 'non-nmethods': size=5700Kb used=1596Kb max_used=1619Kb free=4103Kb
 bounds [0x00007f98a4d17000, 0x00007f98a4f87000, 0x00007f98a52a8000]
 total_blobs=1800 nmethods=809 adapters=905
 compilation: enabled
              stopped_count=0, restarted_count=0
 full_count=0

Compilation events (20 events):
Event: 0.324 Thread 0x00007f98bc17c280  800       3       java.nio.HeapCharBuffer::ix (7 bytes)
Event: 0.324 Thread 0x00007f98bc17c280 nmethod 800 0x00007f98a53ec110 code [0x00007f98a53ec2a0, 0x00007f98a53ec390]
Event: 0.324 Thread 0x00007f98bc17c280  801       3       java.nio.CharBuffer::charAt (16 bytes)
Event: 0.324 Thread 0x00007f98bc17c280 nmethod 801 0x00007f98a53ec410 code [0x00007f98a53ec5e0, 0x00007f98a53ec970]
Event: 0.324 Thread 0x00007f98bc17c280  802       3       java.nio.Buffer::checkIndex (24 bytes)
Event: 0.324 Thread 0x00007f98bc17c280 nmethod 802 0x00007f98a53eca90 code [0x00007f98a53ecc40, 0x00007f98a53ece80]
Event: 0.324 Thread 0x00007f98bc17c280  803       3       java.lang.Character::isHighSurrogate (18 bytes)
Event: 0.324 Thread 0x00007f98bc17c280 nmethod 803 0x00007f98a53ecf90 code [0x00007f98a53ed120, 0x00007f98a53ed290]
Event: 0.325 Thread 0x00007f98bc17c280  804       3       java.net.URLStreamHandler::toExternalForm (156 bytes)
Event: 0.325 Thread 0x00007f986c228cf0  805 %     4       java.lang.StringCoding::encodeASCII @ 11 (158 bytes)
Event: 0.326 Thread 0x00007f98bc17c280 nmethod 804 0x00007f98a53ed310 code [0x00007f98a53ed720, 0x00007f98a53eee90]
Event: 0.326 Thread 0x00007f98bc17c280  807       3       java.lang.invoke.MethodHandleNatives::refKindIsField (32 bytes)
Event: 0.326 Thread 0x00007f98bc17c280 nmethod 807 0x00007f98a53ef610 code [0x00007f98a53ef7a0, 0x00007f98a53ef8f0]
Event: 0.326 Thread 0x00007f98bc17c280  808       3       jdk.internal.org.objectweb.asm.ByteVector::enlarge (51 bytes)
Event: 0.327 Thread 0x00007f98bc17c280 nmethod 808 0x00007f98a53ef990 code [0x00007f98a53efb40, 0x00007f98a53efe40]
Event: 0.327 Thread 0x00007f986c228cf0 nmethod 805% 0x00007f98ac81d910 code [0x00007f98ac81daa0, 0x00007f98ac81dd78]
Event: 0.327 Thread 0x00007f986c228cf0  806   !   4       java.util.zip.ZipFile$Source::getEntryPos (174 bytes)
Event: 0.328 Thread 0x00007f98bc17aa50 nmethod 792 0x00007f98ac81df10 code [0x00007f98ac81e0a0, 0x00007f98ac81e5d8]
Event: 0.328 Thread 0x00007f98bc17aa50  809       4       sun.misc.Unsafe::putByte (9 bytes)
Event: 0.329 Thread 0x00007f98bc17aa50 nmethod 809 0x00007f98ac81e910 code [0x00007f98ac81ea80, 0x00007f98ac81eaf8]

GC Heap History (0 events):
No events

Deoptimization events (20 events):
Event: 0.313 Thread 0x00007f98bc028dc0 Uncommon trap: trap_request=0xffffff45 fr.pc=0x00007f98ac7e37d8 relative=0x0000000000000058
Event: 0.313 Thread 0x00007f98bc028dc0 Uncommon trap: reason=unstable_if action=reinterpret pc=0x00007f98ac7e37d8 method=java.lang.String.isLatin1()Z @ 10 c2
Event: 0.313 Thread 0x00007f98bc028dc0 DEOPT PACKING pc=0x00007f98ac7e37d8 sp=0x00007f98c3977a00
Event: 0.313 Thread 0x00007f98bc028dc0 DEOPT UNPACKING pc=0x00007f98a4d65125 sp=0x00007f98c39779b0 mode 2
Event: 0.320 Thread 0x00007f98bc028dc0 Uncommon trap: trap_request=0xffffff45 fr.pc=0x00007f98ac7fd13c relative=0x000000000000049c
Event: 0.320 Thread 0x00007f98bc028dc0 Uncommon trap: reason=unstable_if action=reinterpret pc=0x00007f98ac7fd13c method=java.lang.AbstractStringBuilder.putStringAt(ILjava/lang/String;)V @ 8 c2
Event: 0.320 Thread 0x00007f98bc028dc0 DEOPT PACKING pc=0x00007f98ac7fd13c sp=0x00007f98c3978450
Event: 0.320 Thread 0x00007f98bc028dc0 DEOPT UNPACKING pc=0x00007f98a4d65125 sp=0x00007f98c3978368 mode 2
Event: 0.320 Thread 0x00007f98bc028dc0 Uncommon trap: trap_request=0xffffff45 fr.pc=0x00007f98ac7fb4ac relative=0x000000000000048c
Event: 0.320 Thread 0x00007f98bc028dc0 Uncommon trap: reason=unstable_if action=reinterpret pc=0x00007f98ac7fb4ac method=java.lang.AbstractStringBuilder.putStringAt(ILjava/lang/String;)V @ 8 c2
Event: 0.320 Thread 0x00007f98bc028dc0 DEOPT PACKING pc=0x00007f98ac7fb4ac sp=0x00007f98c3978400
Event: 0.320 Thread 0x00007f98bc028dc0 DEOPT UNPACKING pc=0x00007f98a4d65125 sp=0x00007f98c3978370 mode 2
Event: 0.320 Thread 0x00007f98bc028dc0 Uncommon trap: trap_request=0xffffff45 fr.pc=0x00007f98ac7f8b64 relative=0x00000000000000e4
Event: 0.320 Thread 0x00007f98bc028dc0 Uncommon trap: reason=unstable_if action=reinterpret pc=0x00007f98ac7f8b64 method=java.lang.String.getBytes([BIB)V @ 5 c2
Event: 0.320 Thread 0x00007f98bc028dc0 DEOPT PACKING pc=0x00007f98ac7f8b64 sp=0x00007f98c3978320
Event: 0.320 Thread 0x00007f98bc028dc0 DEOPT UNPACKING pc=0x00007f98a4d65125 sp=0x00007f98c39782e8 mode 2
Event: 0.320 Thread 0x00007f98bc028dc0 Uncommon trap: trap_request=0xffffff45 fr.pc=0x00007f98ac80d49c relative=0x000000000000037c
Event: 0.320 Thread 0x00007f98bc028dc0 Uncommon trap: reason=unstable_if action=reinterpret pc=0x00007f98ac80d49c method=java.lang.AbstractStringBuilder.isLatin1()Z @ 10 c2
Event: 0.320 Thread 0x00007f98bc028dc0 DEOPT PACKING pc=0x00007f98ac80d49c sp=0x00007f98c3978480
Event: 0.320 Thread 0x00007f98bc028dc0 DEOPT UNPACKING pc=0x00007f98a4d65125 sp=0x00007f98c3978400 mode 2

Classes unloaded (0 events):
No events

Classes redefined (0 events):
No events

Internal exceptions (14 events):
Event: 0.067 Thread 0x00007f98bc028dc0 Exception <a 'java/lang/NoSuchMethodError'{0x00000007168b29f0}: 'java.lang.Object java.lang.invoke.DirectMethodHandle$Holder.invokeStatic(java.lang.Object)'> (0x00000007168b29f0) 
thrown [open/src/hotspot/share/interpreter/linkResolver.cpp, line 781]
Event: 0.068 Thread 0x00007f98bc028dc0 Exception <a 'java/lang/NoSuchMethodError'{0x00000007168b6140}: 'java.lang.Object java.lang.invoke.DirectMethodHandle$Holder.invokeStaticInit(java.lang.Object)'> (0x00000007168b6140) 
thrown [open/src/hotspot/share/interpreter/linkResolver.cpp, line 781]
Event: 0.075 Thread 0x00007f98bc028dc0 Exception <a 'java/lang/NoSuchMethodError'{0x000000071690e770}: 'void java.lang.invoke.DirectMethodHandle$Holder.invokeStatic(java.lang.Object, java.lang.Object)'> (0x000000071690e770) 
thrown [open/src/hotspot/share/interpreter/linkResolver.cpp, line 781]
Event: 0.076 Thread 0x00007f98bc028dc0 Exception <a 'java/lang/NoSuchMethodError'{0x0000000716913e38}: 'void java.lang.invoke.DirectMethodHandle$Holder.invokeSpecial(java.lang.Object, java.lang.Object, java.lang.Object)'> (0x0000000716913e38) 
thrown [open/src/hotspot/share/interpreter/linkResolver.cpp, line 781]
Event: 0.078 Thread 0x00007f98bc028dc0 Exception <a 'java/lang/NoSuchMethodError'{0x0000000716928680}: 'java.lang.Object java.lang.invoke.DirectMethodHandle$Holder.invokeStatic(java.lang.Object, java.lang.Object, int)'> (0x0000000716928680) 
thrown [open/src/hotspot/share/interpreter/linkResolver.cpp, line 781]
Event: 0.079 Thread 0x00007f98bc028dc0 Exception <a 'java/lang/NoSuchMethodError'{0x00000007169347c8}: 'void java.lang.invoke.DelegatingMethodHandle$Holder.delegate(java.lang.Object, java.lang.Object, int, java.lang.Object)'> (0x00000007169347c8) 
thrown [open/src/hotspot/share/interpreter/linkResolver.cpp, line 781]
Event: 0.079 Thread 0x00007f98bc028dc0 Exception <a 'java/lang/NoSuchMethodError'{0x0000000716938d58}: 'int java.lang.invoke.DirectMethodHandle$Holder.invokeSpecial(java.lang.Object, java.lang.Object, java.lang.Object)'> (0x0000000716938d58) 
thrown [open/src/hotspot/share/interpreter/linkResolver.cpp, line 781]
Event: 0.095 Thread 0x00007f98bc028dc0 Exception <a 'sun/nio/fs/UnixException'{0x00000007169d6f58}> (0x00000007169d6f58) 
thrown [open/src/hotspot/share/prims/jni.cpp, line 578]
Event: 0.112 Thread 0x00007f98bc028dc0 Exception <a 'sun/nio/fs/UnixException'{0x00000007166bb7b0}> (0x00000007166bb7b0) 
thrown [open/src/hotspot/share/prims/jni.cpp, line 578]
Event: 0.169 Thread 0x00007f98bc028dc0 Exception <a 'java/lang/NoSuchMethodError'{0x0000000716720bb8}: 'void java.lang.invoke.DirectMethodHandle$Holder.invokeStaticInit(java.lang.Object, long, double, double)'> (0x0000000716720bb8) 
thrown [open/src/hotspot/share/interpreter/linkResolver.cpp, line 781]
Event: 0.171 Thread 0x00007f98bc028dc0 Exception <a 'java/lang/NoSuchMethodError'{0x0000000716731db8}: 'void java.lang.invoke.DirectMethodHandle$Holder.invokeStaticInit(java.lang.Object, long, int, int, int)'> (0x0000000716731db8) 
thrown [open/src/hotspot/share/interpreter/linkResolver.cpp, line 781]
Event: 0.174 Thread 0x00007f98bc028dc0 Exception <a 'java/lang/NoSuchMethodError'{0x000000071674e430}: 'void java.lang.invoke.DirectMethodHandle$Holder.invokeStaticInit(java.lang.Object, long, int, int, int, int)'> (0x000000071674e430) 
thrown [open/src/hotspot/share/interpreter/linkResolver.cpp, line 781]
Event: 0.185 Thread 0x00007f98bc028dc0 Exception <a 'sun/nio/fs/UnixException'{0x00000007167a5e80}> (0x00000007167a5e80) 
thrown [open/src/hotspot/share/prims/jni.cpp, line 578]
Event: 0.186 Thread 0x00007f98bc028dc0 Exception <a 'sun/nio/fs/UnixException'{0x00000007167b3e68}> (0x00000007167b3e68) 
thrown [open/src/hotspot/share/prims/jni.cpp, line 578]

Events (20 events):
Event: 0.314 loading class java/lang/NumberFormatException
Event: 0.314 loading class java/lang/NumberFormatException done
Event: 0.314 Executing VM operation: HandshakeAllThreads
Event: 0.314 Executing VM operation: HandshakeAllThreads done
Event: 0.314 Thread 0x00007f986c228cf0 Thread added: 0x00007f986c228cf0
Event: 0.314 Protecting memory [0x00007f988ce47000,0x00007f988ce4b000] with protection modes 0
Event: 0.315 loading class java/text/DigitList$1
Event: 0.315 loading class java/text/DigitList$1 done
Event: 0.316 loading class java/util/Scanner
Event: 0.316 loading class java/util/Scanner done
Event: 0.318 loading class sun/nio/cs/US_ASCII$Decoder
Event: 0.318 loading class sun/nio/cs/US_ASCII$Decoder done
Event: 0.318 loading class java/util/Scanner$PatternLRUCache
Event: 0.318 loading class java/util/Scanner$PatternLRUCache done
Event: 0.320 loading class java/nio/channels/spi/AbstractInterruptibleChannel$1
Event: 0.320 loading class sun/nio/ch/Interruptible
Event: 0.320 loading class sun/nio/ch/Interruptible done
Event: 0.320 loading class java/nio/channels/spi/AbstractInterruptibleChannel$1 done
Event: 0.320 loading class java/util/regex/Matcher$ImmutableMatchResult
Event: 0.320 loading class java/util/regex/Matcher$ImmutableMatchResult done


Dynamic libraries:
411c4000-411c6000 r-xs 00000000 00:01 161                                /memfd:/.glXXXXXX (deleted)
41d55000-41e04000 rw-p 00000000 00:00 0 
707200000-716c00000 rw-p 00000000 00:00 0 
716c00000-7ffc00000 ---p 00000000 00:00 0 
7ffc00000-7ffd00000 rw-p 00000000 00:00 0 
7ffd00000-7ffd52000 rw-p 00be4000 103:05 4101281                         /home/peershaul/.jdks/openjdk-15.0.2/lib/server/classes.jsa
7ffd52000-7ffe00000 rw-p 00000000 00:00 0 
7ffe00000-7ffe7c000 rw-p 00b68000 103:05 4101281                         /home/peershaul/.jdks/openjdk-15.0.2/lib/server/classes.jsa
7ffe7c000-800000000 rw-p 00000000 00:00 0 
800000000-800003000 rwxp 00001000 103:05 4101281                         /home/peershaul/.jdks/openjdk-15.0.2/lib/server/classes.jsa
800003000-8003e6000 rw-p 00004000 103:05 4101281                         /home/peershaul/.jdks/openjdk-15.0.2/lib/server/classes.jsa
8003e6000-800b33000 r--p 003e7000 103:05 4101281                         /home/peershaul/.jdks/openjdk-15.0.2/lib/server/classes.jsa
800b33000-800b34000 ---p 00000000 00:00 0 
800b34000-800bd4000 rw-p 00000000 00:00 0 
800bd4000-840b34000 ---p 00000000 00:00 0 
5625f5e66000-5625f5e67000 r-xp 00000000 103:05 3805711                   /home/peershaul/.jdks/openjdk-15.0.2/bin/java
5625f5e68000-5625f5e69000 r--p 00001000 103:05 3805711                   /home/peershaul/.jdks/openjdk-15.0.2/bin/java
5625f5e69000-5625f5e6a000 rw-p 00002000 103:05 3805711                   /home/peershaul/.jdks/openjdk-15.0.2/bin/java
5625f676d000-5625f678e000 rw-p 00000000 00:00 0                          [heap]
7f9850000000-7f985006a000 rw-p 00000000 00:00 0 
7f985006a000-7f9854000000 ---p 00000000 00:00 0 
7f98560f3000-7f9857285000 r-xp 00000000 103:05 4093883                   /usr/lib/libnvidia-glcore.so.460.67
7f9857285000-7f98572a6000 rwxp 01192000 103:05 4093883                   /usr/lib/libnvidia-glcore.so.460.67
7f98572a6000-7f98577b6000 r-xp 011b3000 103:05 4093883                   /usr/lib/libnvidia-glcore.so.460.67
7f98577b6000-7f98579b5000 ---p 016c3000 103:05 4093883                   /usr/lib/libnvidia-glcore.so.460.67
7f98579b5000-7f9857ef2000 r--p 016c2000 103:05 4093883                   /usr/lib/libnvidia-glcore.so.460.67
7f9857ef2000-7f9857fe1000 rw-p 01bff000 103:05 4093883                   /usr/lib/libnvidia-glcore.so.460.67
7f9857fe1000-7f9858000000 rw-p 00000000 00:00 0 
7f9858000000-7f9858021000 rw-p 00000000 00:00 0 
7f9858021000-7f985c000000 ---p 00000000 00:00 0 
7f985c000000-7f985c021000 rw-p 00000000 00:00 0 
7f985c021000-7f9860000000 ---p 00000000 00:00 0 
7f9860000000-7f9860021000 rw-p 00000000 00:00 0 
7f9860021000-7f9864000000 ---p 00000000 00:00 0 
7f9864000000-7f9864021000 rw-p 00000000 00:00 0 
7f9864021000-7f9868000000 ---p 00000000 00:00 0 
7f9868000000-7f986843e000 rw-p 00000000 00:00 0 
7f986843e000-7f986c000000 ---p 00000000 00:00 0 
7f986c000000-7f986c265000 rw-p 00000000 00:00 0 
7f986c265000-7f9870000000 ---p 00000000 00:00 0 
7f9870000000-7f9870021000 rw-p 00000000 00:00 0 
7f9870021000-7f9874000000 ---p 00000000 00:00 0 
7f9874000000-7f9874021000 rw-p 00000000 00:00 0 
7f9874021000-7f9878000000 ---p 00000000 00:00 0 
7f9878000000-7f9878021000 rw-p 00000000 00:00 0 
7f9878021000-7f987c000000 ---p 00000000 00:00 0 
7f987c000000-7f987c021000 rw-p 00000000 00:00 0 
7f987c021000-7f9880000000 ---p 00000000 00:00 0 
7f9880000000-7f9880021000 rw-p 00000000 00:00 0 
7f9880021000-7f9884000000 ---p 00000000 00:00 0 
7f9884000000-7f9884021000 rw-p 00000000 00:00 0 
7f9884021000-7f9888000000 ---p 00000000 00:00 0 
7f9888000000-7f9888021000 rw-p 00000000 00:00 0 
7f9888021000-7f988c000000 ---p 00000000 00:00 0 
7f988ce47000-7f988ce4b000 ---p 00000000 00:00 0 
7f988ce4b000-7f988d008000 rw-p 00000000 00:00 0 
7f988d008000-7f988d148000 ---p 00000000 00:00 0 
7f988d148000-7f988d1a0000 r-xp 00000000 00:21 81                         /tmp/lwjglpeershaul/3.2.3-build-13/liblwjgl_opengl.so
7f988d1a0000-7f988d39f000 ---p 00058000 00:21 81                         /tmp/lwjglpeershaul/3.2.3-build-13/liblwjgl_opengl.so
7f988d39f000-7f988d3a0000 r--p 00057000 00:21 81                         /tmp/lwjglpeershaul/3.2.3-build-13/liblwjgl_opengl.so
7f988d3a0000-7f988d3a1000 rw-p 00058000 00:21 81                         /tmp/lwjglpeershaul/3.2.3-build-13/liblwjgl_opengl.so
7f988d3a1000-7f988d3a4000 r--p 00000000 103:05 4087315                   /usr/lib/libxcb-sync.so.1.0.0
7f988d3a4000-7f988d3a7000 r-xp 00003000 103:05 4087315                   /usr/lib/libxcb-sync.so.1.0.0
7f988d3a7000-7f988d3a8000 r--p 00006000 103:05 4087315                   /usr/lib/libxcb-sync.so.1.0.0
7f988d3a8000-7f988d3a9000 ---p 00007000 103:05 4087315                   /usr/lib/libxcb-sync.so.1.0.0
7f988d3a9000-7f988d3aa000 r--p 00007000 103:05 4087315                   /usr/lib/libxcb-sync.so.1.0.0
7f988d3aa000-7f988d3ab000 rw-p 00008000 103:05 4087315                   /usr/lib/libxcb-sync.so.1.0.0
7f988d3b6000-7f988d3c3000 r-xp 00000000 103:05 3937528                   /home/peershaul/.jdks/openjdk-15.0.2/lib/libverify.so
7f988d3c3000-7f988d3c5000 r--p 0000c000 103:05 3937528                   /home/peershaul/.jdks/openjdk-15.0.2/lib/libverify.so
7f988d3c5000-7f988d3c6000 rw-p 0000e000 103:05 3937528                   /home/peershaul/.jdks/openjdk-15.0.2/lib/libverify.so
7f988d3c6000-7f988d446000 rw-s 00000000 00:05 1723                       /dev/nvidiactl
7f988d446000-7f988d546000 rw-s 00000000 00:05 1723                       /dev/nvidiactl
7f988d546000-7f988d586000 rw-s 00000000 00:05 1723                       /dev/nvidiactl
7f988d586000-7f988d5a6000 rw-s 00000000 00:05 1723                       /dev/nvidiactl
7f988d5a6000-7f988d5e6000 rw-s 00000000 00:05 1723                       /dev/nvidiactl
7f988d5e6000-7f988d606000 rw-s 00000000 00:05 1723                       /dev/nvidiactl
7f988d606000-7f988d686000 rw-s 00000000 00:05 1724                       /dev/nvidia0
7f988d686000-7f988d6c6000 rw-s 00000000 00:05 1723                       /dev/nvidiactl
7f988d6c6000-7f988d6e6000 rw-s 00000000 00:05 1723                       /dev/nvidiactl
7f988d6e6000-7f988d88b000 rw-s 00000000 00:01 1027                       /memfd:/.nvidia_drv.XXXXXX (deleted)
7f988d88b000-7f988d890000 r--p 00000000 103:05 4091423                   /usr/lib/libdrm.so.2.4.0
7f988d890000-7f988d89a000 r-xp 00005000 103:05 4091423                   /usr/lib/libdrm.so.2.4.0
7f988d89a000-7f988d89e000 r--p 0000f000 103:05 4091423                   /usr/lib/libdrm.so.2.4.0
7f988d89e000-7f988d89f000 r--p 00012000 103:05 4091423                   /usr/lib/libdrm.so.2.4.0
7f988d89f000-7f988d8a0000 rw-p 00013000 103:05 4091423                   /usr/lib/libdrm.so.2.4.0
7f988d8a7000-7f988d8a8000 r-xp 00000000 00:00 0 
7f988d8a8000-7f988d8bb000 rw-s 00000000 00:05 1723                       /dev/nvidiactl
7f988d8bb000-7f988d8c7000 r--p 00000000 103:05 4087288                   /usr/lib/libxcb-glx.so.0.0.0
7f988d8c7000-7f988d8d0000 r-xp 0000c000 103:05 4087288                   /usr/lib/libxcb-glx.so.0.0.0
7f988d8d0000-7f988d8d5000 r--p 00015000 103:05 4087288                   /usr/lib/libxcb-glx.so.0.0.0
7f988d8d5000-7f988d8d6000 ---p 0001a000 103:05 4087288                   /usr/lib/libxcb-glx.so.0.0.0
7f988d8d6000-7f988d8d8000 r--p 0001a000 103:05 4087288                   /usr/lib/libxcb-glx.so.0.0.0
7f988d8d8000-7f988d8d9000 rw-p 0001c000 103:05 4087288                   /usr/lib/libxcb-glx.so.0.0.0
7f988d8d9000-7f988d8dc000 r-xp 00000000 103:05 4093907                   /usr/lib/libnvidia-tls.so.460.67
7f988d8dc000-7f988dadc000 ---p 00003000 103:05 4093907                   /usr/lib/libnvidia-tls.so.460.67
7f988dadc000-7f988dadd000 r--p 00003000 103:05 4093907                   /usr/lib/libnvidia-tls.so.460.67
7f988dadd000-7f988dade000 rw-p 00004000 103:05 4093907                   /usr/lib/libnvidia-tls.so.460.67
7f988dade000-7f988db7e000 r-xp 00000000 103:05 4093861                   /usr/lib/libGLX_nvidia.so.460.67
7f988db7e000-7f988dbb3000 rwxp 000a0000 103:05 4093861                   /usr/lib/libGLX_nvidia.so.460.67
7f988dbb3000-7f988dbba000 r-xp 000d5000 103:05 4093861                   /usr/lib/libGLX_nvidia.so.460.67
7f988dbba000-7f988ddb9000 ---p 000dc000 103:05 4093861                   /usr/lib/libGLX_nvidia.so.460.67
7f988ddb9000-7f988de01000 r--p 000db000 103:05 4093861                   /usr/lib/libGLX_nvidia.so.460.67
7f988de01000-7f988de06000 rw-p 00123000 103:05 4093861                   /usr/lib/libGLX_nvidia.so.460.67
7f988de06000-7f988de08000 rw-p 00000000 00:00 0 
7f988de08000-7f988de48000 r--p 00000000 103:05 4091698                   /usr/lib/libGLdispatch.so.0.0.0
7f988de48000-7f988de4a000 r-xp 00040000 103:05 4091698                   /usr/lib/libGLdispatch.so.0.0.0
7f988de4a000-7f988de85000 r-xp 00042000 103:05 4091698                   /usr/lib/libGLdispatch.so.0.0.0
7f988de85000-7f988de86000 r-xp 0007d000 103:05 4091698                   /usr/lib/libGLdispatch.so.0.0.0
7f988de86000-7f988de99000 r--p 0007e000 103:05 4091698                   /usr/lib/libGLdispatch.so.0.0.0
7f988de99000-7f988de9a000 ---p 00091000 103:05 4091698                   /usr/lib/libGLdispatch.so.0.0.0
7f988de9a000-7f988deb6000 r--p 00091000 103:05 4091698                   /usr/lib/libGLdispatch.so.0.0.0
7f988deb6000-7f988deb7000 rw-p 000ad000 103:05 4091698                   /usr/lib/libGLdispatch.so.0.0.0
7f988deb7000-7f988debf000 rw-p 00000000 00:00 0 
7f988debf000-7f988dedb000 r--p 00000000 103:05 4089646                   /usr/lib/libX11.so.6.4.0
7f988dedb000-7f988df65000 r-xp 0001c000 103:05 4089646                   /usr/lib/libX11.so.6.4.0
7f988df65000-7f988dff9000 r--p 000a6000 103:05 4089646                   /usr/lib/libX11.so.6.4.0
7f988dff9000-7f988dffc000 r--p 00139000 103:05 4089646                   /usr/lib/libX11.so.6.4.0
7f988dffc000-7f988e000000 rw-p 0013c000 103:05 4089646                   /usr/lib/libX11.so.6.4.0
7f988e000000-7f9890000000 rw-p 00000000 00:00 0 
7f9890000000-7f9890021000 rw-p 00000000 00:00 0 
7f9890021000-7f9894000000 ---p 00000000 00:00 0 
7f9894000000-7f9894021000 rw-p 00000000 00:00 0 
7f9894021000-7f9898000000 ---p 00000000 00:00 0 
7f9898000000-7f9898021000 rw-p 00000000 00:00 0 
7f9898021000-7f989c000000 ---p 00000000 00:00 0 
7f989c000000-7f989c001000 r--p 00000000 103:05 4087291                   /usr/lib/libxcb-present.so.0.0.0
7f989c001000-7f989c002000 r-xp 00001000 103:05 4087291                   /usr/lib/libxcb-present.so.0.0.0
7f989c002000-7f989c003000 r--p 00002000 103:05 4087291                   /usr/lib/libxcb-present.so.0.0.0
7f989c003000-7f989c004000 r--p 00002000 103:05 4087291                   /usr/lib/libxcb-present.so.0.0.0
7f989c004000-7f989c005000 rw-p 00003000 103:05 4087291                   /usr/lib/libxcb-present.so.0.0.0
7f989c005000-7f989c007000 r--p 00000000 103:05 4087285                   /usr/lib/libxcb-dri3.so.0.0.0
7f989c007000-7f989c008000 r-xp 00002000 103:05 4087285                   /usr/lib/libxcb-dri3.so.0.0.0
7f989c008000-7f989c009000 r--p 00003000 103:05 4087285                   /usr/lib/libxcb-dri3.so.0.0.0
7f989c009000-7f989c00a000 r--p 00003000 103:05 4087285                   /usr/lib/libxcb-dri3.so.0.0.0
7f989c00a000-7f989c00b000 rw-p 00004000 103:05 4087285                   /usr/lib/libxcb-dri3.so.0.0.0
7f989c00b000-7f989c00e000 r--p 00000000 103:05 4091694                   /usr/lib/libGLX.so.0.0.0
7f989c00e000-7f989c028000 r-xp 00003000 103:05 4091694                   /usr/lib/libGLX.so.0.0.0
7f989c028000-7f989c02b000 r--p 0001d000 103:05 4091694                   /usr/lib/libGLX.so.0.0.0
7f989c02b000-7f989c02c000 ---p 00020000 103:05 4091694                   /usr/lib/libGLX.so.0.0.0
7f989c02c000-7f989c02d000 r--p 00020000 103:05 4091694                   /usr/lib/libGLX.so.0.0.0
7f989c02d000-7f989c02e000 rw-p 00021000 103:05 4091694                   /usr/lib/libGLX.so.0.0.0
7f989c02e000-7f989c03e000 rw-p 00000000 00:00 0 
7f989c03e000-7f989c080000 r--p 00000000 103:05 4091687                   /usr/lib/libGL.so.1.7.0
7f989c080000-7f989c083000 r-xp 00042000 103:05 4091687                   /usr/lib/libGL.so.1.7.0
7f989c083000-7f989c09e000 r-xp 00045000 103:05 4091687                   /usr/lib/libGL.so.1.7.0
7f989c09e000-7f989c09f000 r-xp 00060000 103:05 4091687                   /usr/lib/libGL.so.1.7.0
7f989c09f000-7f989c0b4000 r--p 00061000 103:05 4091687                   /usr/lib/libGL.so.1.7.0
7f989c0b4000-7f989c0c2000 r--p 00075000 103:05 4091687                   /usr/lib/libGL.so.1.7.0
7f989c0c2000-7f989c0c3000 rw-p 00083000 103:05 4091687                   /usr/lib/libGL.so.1.7.0
7f989c0c3000-7f989c0c4000 rw-p 00000000 00:00 0 
7f989c0c4000-7f989c0c5000 r--p 00000000 103:05 4089642                   /usr/lib/libX11-xcb.so.1.0.0
7f989c0c5000-7f989c0c6000 r-xp 00001000 103:05 4089642                   /usr/lib/libX11-xcb.so.1.0.0
7f989c0c6000-7f989c0c7000 r--p 00002000 103:05 4089642                   /usr/lib/libX11-xcb.so.1.0.0
7f989c0c7000-7f989c0c8000 r--p 00002000 103:05 4089642                   /usr/lib/libX11-xcb.so.1.0.0
7f989c0c8000-7f989c0c9000 rw-p 00003000 103:05 4089642                   /usr/lib/libX11-xcb.so.1.0.0
7f989c0c9000-7f989c0ca000 r--p 00000000 103:05 4090614                   /usr/lib/libXinerama.so.1.0.0
7f989c0ca000-7f989c0cb000 r-xp 00001000 103:05 4090614                   /usr/lib/libXinerama.so.1.0.0
7f989c0cb000-7f989c0cc000 r--p 00002000 103:05 4090614                   /usr/lib/libXinerama.so.1.0.0
7f989c0cc000-7f989c0cd000 r--p 00002000 103:05 4090614                   /usr/lib/libXinerama.so.1.0.0
7f989c0cd000-7f989c0ce000 rw-p 00003000 103:05 4090614                   /usr/lib/libXinerama.so.1.0.0
7f989c0ce000-7f989c0d0000 r--p 00000000 103:05 4090573                   /usr/lib/libXfixes.so.3.1.0
7f989c0d0000-7f989c0d3000 r-xp 00002000 103:05 4090573                   /usr/lib/libXfixes.so.3.1.0
7f989c0d3000-7f989c0d4000 r--p 00005000 103:05 4090573                   /usr/lib/libXfixes.so.3.1.0
7f989c0d4000-7f989c0d5000 ---p 00006000 103:05 4090573                   /usr/lib/libXfixes.so.3.1.0
7f989c0d5000-7f989c0d6000 r--p 00006000 103:05 4090573                   /usr/lib/libXfixes.so.3.1.0
7f989c0d6000-7f989c0d7000 rw-p 00007000 103:05 4090573                   /usr/lib/libXfixes.so.3.1.0
7f989c0d7000-7f989c0da000 r--p 00000000 103:05 4090578                   /usr/lib/libXcursor.so.1.0.2
7f989c0da000-7f989c0df000 r-xp 00003000 103:05 4090578                   /usr/lib/libXcursor.so.1.0.2
7f989c0df000-7f989c0e1000 r--p 00008000 103:05 4090578                   /usr/lib/libXcursor.so.1.0.2
7f989c0e1000-7f989c0e2000 r--p 00009000 103:05 4090578                   /usr/lib/libXcursor.so.1.0.2
7f989c0e2000-7f989c0e3000 rw-p 0000a000 103:05 4090578                   /usr/lib/libXcursor.so.1.0.2
7f989c0e3000-7f989c0e5000 r--p 00000000 103:05 4090535                   /usr/lib/libXrender.so.1.3.0
7f989c0e5000-7f989c0ec000 r-xp 00002000 103:05 4090535                   /usr/lib/libXrender.so.1.3.0
7f989c0ec000-7f989c0ee000 r--p 00009000 103:05 4090535                   /usr/lib/libXrender.so.1.3.0
7f989c0ee000-7f989c0ef000 r--p 0000a000 103:05 4090535                   /usr/lib/libXrender.so.1.3.0
7f989c0ef000-7f989c0f0000 rw-p 0000b000 103:05 4090535                   /usr/lib/libXrender.so.1.3.0
7f989c0f0000-7f989c0f2000 r--p 00000000 103:05 4090623                   /usr/lib/libXrandr.so.2.2.0
7f989c0f2000-7f989c0f9000 r-xp 00002000 103:05 4090623                   /usr/lib/libXrandr.so.2.2.0
7f989c0f9000-7f989c0fb000 r--p 00009000 103:05 4090623                   /usr/lib/libXrandr.so.2.2.0
7f989c0fb000-7f989c0fc000 r--p 0000a000 103:05 4090623                   /usr/lib/libXrandr.so.2.2.0
7f989c0fc000-7f989c0fd000 rw-p 0000b000 103:05 4090623                   /usr/lib/libXrandr.so.2.2.0
7f989c0fd000-7f989c140000 r-xp 00000000 00:21 80                         /tmp/lwjglpeershaul/3.2.3-build-13/libglfw.so
7f989c140000-7f989c33f000 ---p 00043000 00:21 80                         /tmp/lwjglpeershaul/3.2.3-build-13/libglfw.so
7f989c33f000-7f989c340000 r--p 00042000 00:21 80                         /tmp/lwjglpeershaul/3.2.3-build-13/libglfw.so
7f989c340000-7f989c342000 rw-p 00043000 00:21 80                         /tmp/lwjglpeershaul/3.2.3-build-13/libglfw.so
7f989c342000-7f989c363000 rw-p 00000000 00:00 0 
7f989c363000-7f989c3b4000 r-xp 00000000 00:21 79                         /tmp/lwjglpeershaul/3.2.3-build-13/liblwjgl.so
7f989c3b4000-7f989c5b3000 ---p 00051000 00:21 79                         /tmp/lwjglpeershaul/3.2.3-build-13/liblwjgl.so
7f989c5b3000-7f989c5b4000 r--p 00050000 00:21 79                         /tmp/lwjglpeershaul/3.2.3-build-13/liblwjgl.so
7f989c5b4000-7f989c5b5000 rw-p 00051000 00:21 79                         /tmp/lwjglpeershaul/3.2.3-build-13/liblwjgl.so
7f989c5b5000-7f989c5b9000 ---p 00000000 00:00 0 
7f989c5b9000-7f989c6b6000 rw-p 00000000 00:00 0 
7f989c6b6000-7f989c6b7000 ---p 00000000 00:00 0 
7f989c6b7000-7f989c7b8000 rw-p 00000000 00:00 0 
7f989c7b8000-7f989c7bc000 ---p 00000000 00:00 0 
7f989c7bc000-7f989c8b9000 rw-p 00000000 00:00 0 
7f989c8b9000-7f989c8bd000 ---p 00000000 00:00 0 
7f989c8bd000-7f989c9ba000 rw-p 00000000 00:00 0 
7f989c9ba000-7f989c9be000 ---p 00000000 00:00 0 
7f989c9be000-7f989cabb000 rw-p 00000000 00:00 0 
7f989cabb000-7f989cabf000 ---p 00000000 00:00 0 
7f989cabf000-7f989cbbc000 rw-p 00000000 00:00 0 
7f989cbbc000-7f989cbc0000 ---p 00000000 00:00 0 
7f989cbc0000-7f989ccbd000 rw-p 00000000 00:00 0 
7f989ccbd000-7f989ccc1000 ---p 00000000 00:00 0 
7f989ccc1000-7f989cdbe000 rw-p 00000000 00:00 0 
7f989cdbe000-7f989d0a7000 r--p 00000000 103:05 4093562                   /usr/lib/locale/locale-archive
7f989d0a7000-7f989d48f000 rw-p 00000000 00:00 0 
7f989d48f000-7f98a0ecf000 ---p 00000000 00:00 0 
7f98a0ecf000-7f98a12c7000 rw-p 00000000 00:00 0 
7f98a12c7000-7f98a4d07000 ---p 00000000 00:00 0 
7f98a4d07000-7f98a4d17000 rw-p 00000000 00:00 0 
7f98a4d17000-7f98a4f87000 rwxp 00000000 00:00 0 
7f98a4f87000-7f98a52a8000 ---p 00000000 00:00 0 
7f98a52a8000-7f98a5518000 rwxp 00000000 00:00 0 
7f98a5518000-7f98ac7df000 ---p 00000000 00:00 0 
7f98ac7df000-7f98aca4f000 rwxp 00000000 00:00 0 
7f98aca4f000-7f98b3d17000 ---p 00000000 00:00 0 
7f98b3d17000-7f98bc000000 r--s 00000000 103:05 3937530                   /home/peershaul/.jdks/openjdk-15.0.2/lib/modules
7f98bc000000-7f98bcaa3000 rw-p 00000000 00:00 0 
7f98bcaa3000-7f98c0000000 ---p 00000000 00:00 0 
7f98c0000000-7f98c0001000 r-xp 00000000 00:00 0 
7f98c0001000-7f98c0004000 rw-s 00000000 00:05 1723                       /dev/nvidiactl
7f98c0004000-7f98c0007000 r--p 00000000 103:05 4090642                   /usr/lib/libXi.so.6.1.0
7f98c0007000-7f98c0012000 r-xp 00003000 103:05 4090642                   /usr/lib/libXi.so.6.1.0
7f98c0012000-7f98c0015000 r--p 0000e000 103:05 4090642                   /usr/lib/libXi.so.6.1.0
7f98c0015000-7f98c0016000 r--p 00010000 103:05 4090642                   /usr/lib/libXi.so.6.1.0
7f98c0016000-7f98c0017000 rw-p 00011000 103:05 4090642                   /usr/lib/libXi.so.6.1.0
7f98c0017000-7f98c001b000 r--p 00000000 103:05 4090470                   /usr/lib/libXext.so.6.4.0
7f98c001b000-7f98c0026000 r-xp 00004000 103:05 4090470                   /usr/lib/libXext.so.6.4.0
7f98c0026000-7f98c002a000 r--p 0000f000 103:05 4090470                   /usr/lib/libXext.so.6.4.0
7f98c002a000-7f98c002b000 r--p 00012000 103:05 4090470                   /usr/lib/libXext.so.6.4.0
7f98c002b000-7f98c002c000 rw-p 00013000 103:05 4090470                   /usr/lib/libXext.so.6.4.0
7f98c002c000-7f98c002d000 r--p 00000000 103:05 4091453                   /usr/lib/libXxf86vm.so.1.0.0
7f98c002d000-7f98c0030000 r-xp 00001000 103:05 4091453                   /usr/lib/libXxf86vm.so.1.0.0
7f98c0030000-7f98c0031000 r--p 00004000 103:05 4091453                   /usr/lib/libXxf86vm.so.1.0.0
7f98c0031000-7f98c0032000 r--p 00004000 103:05 4091453                   /usr/lib/libXxf86vm.so.1.0.0
7f98c0032000-7f98c0033000 rw-p 00005000 103:05 4091453                   /usr/lib/libXxf86vm.so.1.0.0
7f98c0033000-7f98c0035000 r--p 00000000 103:05 4087256                   /usr/lib/libXdmcp.so.6.0.0
7f98c0035000-7f98c0037000 r-xp 00002000 103:05 4087256                   /usr/lib/libXdmcp.so.6.0.0
7f98c0037000-7f98c0039000 r--p 00004000 103:05 4087256                   /usr/lib/libXdmcp.so.6.0.0
7f98c0039000-7f98c003a000 r--p 00005000 103:05 4087256                   /usr/lib/libXdmcp.so.6.0.0
7f98c003a000-7f98c003b000 rw-p 00006000 103:05 4087256                   /usr/lib/libXdmcp.so.6.0.0
7f98c003b000-7f98c003c000 r--p 00000000 103:05 4087260                   /usr/lib/libXau.so.6.0.0
7f98c003c000-7f98c003d000 r-xp 00001000 103:05 4087260                   /usr/lib/libXau.so.6.0.0
7f98c003d000-7f98c003e000 r--p 00002000 103:05 4087260                   /usr/lib/libXau.so.6.0.0
7f98c003e000-7f98c003f000 r--p 00002000 103:05 4087260                   /usr/lib/libXau.so.6.0.0
7f98c003f000-7f98c0040000 rw-p 00003000 103:05 4087260                   /usr/lib/libXau.so.6.0.0
7f98c0040000-7f98c004c000 r--p 00000000 103:05 4087342                   /usr/lib/libxcb.so.1.1.0
7f98c004c000-7f98c005f000 r-xp 0000c000 103:05 4087342                   /usr/lib/libxcb.so.1.1.0
7f98c005f000-7f98c0068000 r--p 0001f000 103:05 4087342                   /usr/lib/libxcb.so.1.1.0
7f98c0068000-7f98c0069000 r--p 00027000 103:05 4087342                   /usr/lib/libxcb.so.1.1.0
7f98c0069000-7f98c006a000 rw-p 00028000 103:05 4087342                   /usr/lib/libxcb.so.1.1.0
7f98c006a000-7f98c006b000 r-xp 00000000 00:00 0 
7f98c006b000-7f98c006d000 rw-s 00000000 00:01 161                        /memfd:/.glXXXXXX (deleted)
7f98c006d000-7f98c0071000 rw-s 00000000 00:05 1723                       /dev/nvidiactl
7f98c0071000-7f98c0075000 rw-s 00000000 00:05 1723                       /dev/nvidiactl
7f98c0075000-7f98c0085000 rw-s 00000000 00:05 1724                       /dev/nvidia0
7f98c0085000-7f98c008c000 r-xp 00000000 103:05 3937529                   /home/peershaul/.jdks/openjdk-15.0.2/lib/libzip.so
7f98c008c000-7f98c008d000 ---p 00007000 103:05 3937529                   /home/peershaul/.jdks/openjdk-15.0.2/lib/libzip.so
7f98c008d000-7f98c008e000 r--p 00007000 103:05 3937529                   /home/peershaul/.jdks/openjdk-15.0.2/lib/libzip.so
7f98c008e000-7f98c008f000 rw-p 00008000 103:05 3937529                   /home/peershaul/.jdks/openjdk-15.0.2/lib/libzip.so
7f98c008f000-7f98c00c0000 rw-p 00000000 00:00 0 
7f98c00c0000-7f98c00d5000 r-xp 00000000 103:05 3937520                   /home/peershaul/.jdks/openjdk-15.0.2/lib/libnet.so
7f98c00d5000-7f98c00d6000 r--p 00014000 103:05 3937520                   /home/peershaul/.jdks/openjdk-15.0.2/lib/libnet.so
7f98c00d6000-7f98c00d7000 rw-p 00015000 103:05 3937520                   /home/peershaul/.jdks/openjdk-15.0.2/lib/libnet.so
7f98c00d7000-7f98c00e9000 r-xp 00000000 103:05 3937521                   /home/peershaul/.jdks/openjdk-15.0.2/lib/libnio.so
7f98c00e9000-7f98c00ea000 r--p 00011000 103:05 3937521                   /home/peershaul/.jdks/openjdk-15.0.2/lib/libnio.so
7f98c00ea000-7f98c00eb000 rw-p 00012000 103:05 3937521                   /home/peershaul/.jdks/openjdk-15.0.2/lib/libnio.so
7f98c00eb000-7f98c00ef000 ---p 00000000 00:00 0 
7f98c00ef000-7f98c01ec000 rw-p 00000000 00:00 0 
7f98c01ec000-7f98c01f0000 ---p 00000000 00:00 0 
7f98c01f0000-7f98c02ed000 rw-p 00000000 00:00 0 
7f98c02ed000-7f98c02ee000 ---p 00000000 00:00 0 
7f98c02ee000-7f98c0d0c000 rw-p 00000000 00:00 0 
7f98c0d0c000-7f98c0d0d000 r-xp 00000000 00:00 0 
7f98c0d0d000-7f98c0d0f000 rw-s 00000000 00:05 1723                       /dev/nvidiactl
7f98c0d0f000-7f98c0d51000 rw-p 00000000 00:00 0 
7f98c0d51000-7f98c0d52000 ---p 00000000 00:00 0 
7f98c0d52000-7f98c0e53000 rw-p 00000000 00:00 0 
7f98c0e53000-7f98c0e54000 ---p 00000000 00:00 0 
7f98c0e54000-7f98c155b000 rw-p 00000000 00:00 0 
7f98c155b000-7f98c155c000 ---p 00000000 00:00 0 
7f98c155c000-7f98c165d000 rw-p 00000000 00:00 0 
7f98c165d000-7f98c165e000 ---p 00000000 00:00 0 
7f98c165e000-7f98c175f000 rw-p 00000000 00:00 0 
7f98c175f000-7f98c1760000 ---p 00000000 00:00 0 
7f98c1760000-7f98c195f000 rw-p 00000000 00:00 0 
7f98c195f000-7f98c20a7000 ---p 00000000 00:00 0 
7f98c20a7000-7f98c2126000 rw-p 00000000 00:00 0 
7f98c2126000-7f98c286e000 ---p 00000000 00:00 0 
7f98c286e000-7f98c28ed000 rw-p 00000000 00:00 0 
7f98c28ed000-7f98c3035000 ---p 00000000 00:00 0 
7f98c3035000-7f98c3642000 rw-p 00000000 00:00 0 
7f98c3642000-7f98c3728000 ---p 00000000 00:00 0 
7f98c3728000-7f98c372d000 rw-p 00000000 00:00 0 
7f98c372d000-7f98c3813000 ---p 00000000 00:00 0 
7f98c3813000-7f98c3818000 rw-p 00000000 00:00 0 
7f98c3818000-7f98c381f000 ---p 00000000 00:00 0 
7f98c381f000-7f98c3843000 r-xp 00000000 103:05 3937507                   /home/peershaul/.jdks/openjdk-15.0.2/lib/libjava.so
7f98c3843000-7f98c3844000 ---p 00024000 103:05 3937507                   /home/peershaul/.jdks/openjdk-15.0.2/lib/libjava.so
7f98c3844000-7f98c3845000 r--p 00024000 103:05 3937507                   /home/peershaul/.jdks/openjdk-15.0.2/lib/libjava.so
7f98c3845000-7f98c3846000 rw-p 00025000 103:05 3937507                   /home/peershaul/.jdks/openjdk-15.0.2/lib/libjava.so
7f98c3846000-7f98c3847000 rw-p 00000000 00:00 0 
7f98c3847000-7f98c384f000 rw-s 00000000 00:21 189                        /tmp/hsperfdata_peershaul/57699
7f98c384f000-7f98c386b000 r-xp 00000000 103:05 3937511                   /home/peershaul/.jdks/openjdk-15.0.2/lib/libjimage.so
7f98c386b000-7f98c386d000 r--p 0001b000 103:05 3937511                   /home/peershaul/.jdks/openjdk-15.0.2/lib/libjimage.so
7f98c386d000-7f98c386e000 rw-p 0001d000 103:05 3937511                   /home/peershaul/.jdks/openjdk-15.0.2/lib/libjimage.so
7f98c386e000-7f98c3871000 r--p 00000000 103:05 4066717                   /usr/lib/librt-2.33.so
7f98c3871000-7f98c3875000 r-xp 00003000 103:05 4066717                   /usr/lib/librt-2.33.so
7f98c3875000-7f98c3877000 r--p 00007000 103:05 4066717                   /usr/lib/librt-2.33.so
7f98c3877000-7f98c3878000 r--p 00008000 103:05 4066717                   /usr/lib/librt-2.33.so
7f98c3878000-7f98c3879000 rw-p 00009000 103:05 4066717                   /usr/lib/librt-2.33.so
7f98c3879000-7f98c387d000 ---p 00000000 00:00 0 
7f98c387d000-7f98c397a000 rw-p 00000000 00:00 0 
7f98c397a000-7f98c3989000 r--p 00000000 103:05 4066681                   /usr/lib/libm-2.33.so
7f98c3989000-7f98c3a24000 r-xp 0000f000 103:05 4066681                   /usr/lib/libm-2.33.so
7f98c3a24000-7f98c3abc000 r--p 000aa000 103:05 4066681                   /usr/lib/libm-2.33.so
7f98c3abc000-7f98c3abd000 ---p 00142000 103:05 4066681                   /usr/lib/libm-2.33.so
7f98c3abd000-7f98c3abe000 r--p 00142000 103:05 4066681                   /usr/lib/libm-2.33.so
7f98c3abe000-7f98c3abf000 rw-p 00143000 103:05 4066681                   /usr/lib/libm-2.33.so
7f98c3abf000-7f98c4b06000 r-xp 00000000 103:05 4101284                   /home/peershaul/.jdks/openjdk-15.0.2/lib/server/libjvm.so
7f98c4b06000-7f98c4b07000 ---p 01047000 103:05 4101284                   /home/peershaul/.jdks/openjdk-15.0.2/lib/server/libjvm.so
7f98c4b07000-7f98c4ba1000 r--p 01047000 103:05 4101284                   /home/peershaul/.jdks/openjdk-15.0.2/lib/server/libjvm.so
7f98c4ba1000-7f98c4bd8000 rw-p 010e1000 103:05 4101284                   /home/peershaul/.jdks/openjdk-15.0.2/lib/server/libjvm.so
7f98c4bd8000-7f98c4c63000 rw-p 00000000 00:00 0 
7f98c4c63000-7f98c4c89000 r--p 00000000 103:05 4066668                   /usr/lib/libc-2.33.so
7f98c4c89000-7f98c4dd5000 r-xp 00026000 103:05 4066668                   /usr/lib/libc-2.33.so
7f98c4dd5000-7f98c4e21000 r--p 00172000 103:05 4066668                   /usr/lib/libc-2.33.so
7f98c4e21000-7f98c4e24000 r--p 001bd000 103:05 4066668                   /usr/lib/libc-2.33.so
7f98c4e24000-7f98c4e27000 rw-p 001c0000 103:05 4066668                   /usr/lib/libc-2.33.so
7f98c4e27000-7f98c4e30000 rw-p 00000000 00:00 0 
7f98c4e30000-7f98c4e32000 r--p 00000000 103:05 4066675                   /usr/lib/libdl-2.33.so
7f98c4e32000-7f98c4e34000 r-xp 00002000 103:05 4066675                   /usr/lib/libdl-2.33.so
7f98c4e34000-7f98c4e35000 r--p 00004000 103:05 4066675                   /usr/lib/libdl-2.33.so
7f98c4e35000-7f98c4e36000 r--p 00004000 103:05 4066675                   /usr/lib/libdl-2.33.so
7f98c4e36000-7f98c4e37000 rw-p 00005000 103:05 4066675                   /usr/lib/libdl-2.33.so
7f98c4e37000-7f98c4e3e000 r--p 00000000 103:05 4066709                   /usr/lib/libpthread-2.33.so
7f98c4e3e000-7f98c4e4d000 r-xp 00007000 103:05 4066709                   /usr/lib/libpthread-2.33.so
7f98c4e4d000-7f98c4e52000 r--p 00016000 103:05 4066709                   /usr/lib/libpthread-2.33.so
7f98c4e52000-7f98c4e53000 r--p 0001a000 103:05 4066709                   /usr/lib/libpthread-2.33.so
7f98c4e53000-7f98c4e54000 rw-p 0001b000 103:05 4066709                   /usr/lib/libpthread-2.33.so
7f98c4e54000-7f98c4e58000 rw-p 00000000 00:00 0 
7f98c4e58000-7f98c4e67000 r-xp 00000000 103:05 3937512                   /home/peershaul/.jdks/openjdk-15.0.2/lib/libjli.so
7f98c4e67000-7f98c4e68000 r--p 0000e000 103:05 3937512                   /home/peershaul/.jdks/openjdk-15.0.2/lib/libjli.so
7f98c4e68000-7f98c4e69000 rw-p 0000f000 103:05 3937512                   /home/peershaul/.jdks/openjdk-15.0.2/lib/libjli.so
7f98c4e69000-7f98c4e6c000 r--p 00000000 103:05 4076472                   /usr/lib/libz.so.1.2.11
7f98c4e6c000-7f98c4e7a000 r-xp 00003000 103:05 4076472                   /usr/lib/libz.so.1.2.11
7f98c4e7a000-7f98c4e80000 r--p 00011000 103:05 4076472                   /usr/lib/libz.so.1.2.11
7f98c4e80000-7f98c4e81000 ---p 00017000 103:05 4076472                   /usr/lib/libz.so.1.2.11
7f98c4e81000-7f98c4e82000 r--p 00017000 103:05 4076472                   /usr/lib/libz.so.1.2.11
7f98c4e82000-7f98c4e83000 rw-p 00018000 103:05 4076472                   /usr/lib/libz.so.1.2.11
7f98c4e83000-7f98c4e85000 rw-p 00000000 00:00 0 
7f98c4e85000-7f98c4e86000 rw-s 00000000 00:05 1724                       /dev/nvidia0
7f98c4e86000-7f98c4e87000 rw-s 00000000 00:05 1723                       /dev/nvidiactl
7f98c4e87000-7f98c4e88000 rw-s 00000000 00:05 1723                       /dev/nvidiactl
7f98c4e88000-7f98c4e89000 rw-s 00000000 00:05 1723                       /dev/nvidiactl
7f98c4e89000-7f98c4e8a000 r-xp 00000000 00:00 0 
7f98c4e8a000-7f98c4e8d000 r--p 00000000 103:05 4066702                   /usr/lib/libnss_files-2.33.so
7f98c4e8d000-7f98c4e94000 r-xp 00003000 103:05 4066702                   /usr/lib/libnss_files-2.33.so
7f98c4e94000-7f98c4e96000 r--p 0000a000 103:05 4066702                   /usr/lib/libnss_files-2.33.so
7f98c4e96000-7f98c4e97000 r--p 0000b000 103:05 4066702                   /usr/lib/libnss_files-2.33.so
7f98c4e97000-7f98c4e98000 rw-p 0000c000 103:05 4066702                   /usr/lib/libnss_files-2.33.so
7f98c4e98000-7f98c4e9e000 rw-p 00000000 00:00 0 
7f98c4e9e000-7f98c4e9f000 ---p 00000000 00:00 0 
7f98c4e9f000-7f98c4ea0000 r--p 00000000 00:00 0 
7f98c4ea0000-7f98c4ea1000 r--p 00000000 103:05 4066657                   /usr/lib/ld-2.33.so
7f98c4ea1000-7f98c4ec5000 r-xp 00001000 103:05 4066657                   /usr/lib/ld-2.33.so
7f98c4ec5000-7f98c4ece000 r--p 00025000 103:05 4066657                   /usr/lib/ld-2.33.so
7f98c4ece000-7f98c4ecf000 ---p 00000000 00:00 0 
7f98c4ecf000-7f98c4ed1000 r--p 0002e000 103:05 4066657                   /usr/lib/ld-2.33.so
7f98c4ed1000-7f98c4ed3000 rw-p 00030000 103:05 4066657                   /usr/lib/ld-2.33.so
7ffe48ea7000-7ffe48ec9000 rw-p 00000000 00:00 0                          [stack]
7ffe48ee4000-7ffe48ee8000 r--p 00000000 00:00 0                          [vvar]
7ffe48ee8000-7ffe48eea000 r-xp 00000000 00:00 0                          [vdso]
ffffffffff600000-ffffffffff601000 --xp 00000000 00:00 0                  [vsyscall]


VM Arguments:
jvm_args: -Dfile.encoding=US-ASCII -Duser.country=US -Duser.language=en -Duser.variant 
java_command: Main
java_class_path (initial): /volume/dev/OpenGL/Java/EngineTest/build/classes/java/main:/volume/dev/OpenGL/Java/EngineTest/build/resources/main:/home/peershaul/.gradle/caches/modules-2/files-2.1/org.lwjgl/lwjgl-assimp/3.2.3/f62aa07a20afbdd3097efc296c4841e0d29700eb/lwjgl-assimp-3.2.3.jar:/home/peershaul/.gradle/caches/modules-2/files-2.1/org.lwjgl/lwjgl-assimp/3.2.3/9ecc218db17c49f2819a5a80dee7efea65a9ac4f/lwjgl-assimp-3.2.3-natives-linux.jar:/home/peershaul/.gradle/caches/modules-2/files-2.1/org.lwjgl/lwjgl-bgfx/3.2.3/433883c4040fa8df47244dffa1d42c96ce2143de/lwjgl-bgfx-3.2.3.jar:/home/peershaul/.gradle/caches/modules-2/files-2.1/org.lwjgl/lwjgl-bgfx/3.2.3/b30a656e8833ab98cc9434686c17390dbfa12531/lwjgl-bgfx-3.2.3-natives-linux.jar:/home/peershaul/.gradle/caches/modules-2/files-2.1/org.lwjgl/lwjgl-glfw/3.2.3/5e520d5c290c8b012545a8d34fa5db5ab051ea53/lwjgl-glfw-3.2.3.jar:/home/peershaul/.gradle/caches/modules-2/files-2.1/org.lwjgl/lwjgl-glfw/3.2.3/62b044d9b0a057444bef2ab70b9afc288ec09dba/lwjgl-glfw-3.2.3-natives-linux.jar:/home/peershaul/.gradle/caches/modules-2/files-2.1/org.lwjgl/lwjgl-nanovg/3.2.3/718be4a13691d1cd276fa852326e9e837d65204e/lwjgl-nanovg-3.2.3.jar:/home/peershaul/.gradle/caches/modules-2/files-2.1/org.lwjgl/lwjgl-nanovg/3.2.3/73a623c979331cac61050c36ebeabee5a5b8eae6/lwjgl-nanovg-3.2.3-natives-linux.jar:/home/peershaul/.gradle/caches/modules-2/files-2.1/org.lwjgl/lwjgl-nuklear/3.2.3/45bfab23e975201bf3cb81287be6034adec64a86/lwjgl-nuklear-3.2.3.jar:/home/peershaul/.gradle/caches/modules-2/files-2.1/org.lwjgl/lwjgl-nuklear/3.2.3/cbc2898b60a5f85368dc2f6999df7fc33926d83e/lwjgl-nuklear-3.2.3-natives-linux.jar:/home/peershaul/.gradle/caches/modules-2/files-2.1/org.lwjgl/lwjgl-openal/3.2.3/106742e805803ab9eab8e343f0fb31a3d263903c/lwjgl-openal-3.2.3.jar:/home/peershaul/.gradle/caches/modules-2/files-2.1/org.lwjgl/lwjgl-openal/3.2.3/869ddd9dbbf92a7d1be7f5942ca0adbde068d999/lwjgl-openal-3.2.3-natives-linux.jar:/home/peershaul/.gradle/caches/modules-2/files-2.1/org.l
Launcher Type: SUN_STANDARD

[Global flags]
     intx CICompilerCount                          = 3                                         {product} {ergonomic}
     uint ConcGCThreads                            = 2                                         {product} {ergonomic}
     uint G1ConcRefinementThreads                  = 6                                         {product} {ergonomic}
   size_t G1HeapRegionSize                         = 2097152                                   {product} {ergonomic}
    uintx GCDrainStackTargetSize                   = 64                                        {product} {ergonomic}
   size_t InitialHeapSize                          = 262144000                                 {product} {ergonomic}
   size_t MarkStackSize                            = 4194304                                   {product} {ergonomic}
   size_t MaxHeapSize                              = 4175429632                                {product} {ergonomic}
   size_t MaxNewSize                               = 2503999488                                {product} {ergonomic}
   size_t MinHeapDeltaBytes                        = 2097152                                   {product} {ergonomic}
   size_t MinHeapSize                              = 8388608                                   {product} {ergonomic}
    uintx NonNMethodCodeHeapSize                   = 5832780                                {pd product} {ergonomic}
    uintx NonProfiledCodeHeapSize                  = 122912730                              {pd product} {ergonomic}
    uintx ProfiledCodeHeapSize                     = 122912730                              {pd product} {ergonomic}
    uintx ReservedCodeCacheSize                    = 251658240                              {pd product} {ergonomic}
     bool SegmentedCodeCache                       = true                                      {product} {ergonomic}
   size_t SoftMaxHeapSize                          = 4175429632                             {manageable} {ergonomic}
     bool UseCompressedClassPointers               = true                                 {lp64_product} {ergonomic}
     bool UseCompressedOops                        = true                                 {lp64_product} {ergonomic}
     bool UseG1GC                                  = true                                      {product} {ergonomic}

Logging:
Log output configuration:
 #0: stdout all=warning uptime,level,tags
 #1: stderr all=off uptime,level,tags

Environment Variables:
PATH=/usr/sbin:/sbin:/usr/games:/usr/local/bin:/usr/bin:/bin:/usr/local/sbin:/usr/lib/jvm/default/bin:/usr/bin/site_perl:/usr/bin/vendor_perl:/usr/bin/core_perl:/var/lib/snapd/snap/bin
SHELL=/usr/bin/zsh
DISPLAY=:0
LANG=en_US

Signal Handlers:
SIGSEGV: [libjvm.so+0xd64200], sa_mask[0]=11111111011111111101111111111110, sa_flags=SA_RESTART|SA_SIGINFO
SIGBUS: [libjvm.so+0xd64200], sa_mask[0]=11111111011111111101111111111110, sa_flags=SA_RESTART|SA_SIGINFO
SIGFPE: [libjvm.so+0xd64200], sa_mask[0]=11111111011111111101111111111110, sa_flags=SA_RESTART|SA_SIGINFO
SIGPIPE: [libjvm.so+0xb419c0], sa_mask[0]=11111111011111111101111111111110, sa_flags=SA_RESTART|SA_SIGINFO
SIGXFSZ: [libjvm.so+0xb419c0], sa_mask[0]=11111111011111111101111111111110, sa_flags=SA_RESTART|SA_SIGINFO
SIGILL: [libjvm.so+0xd64200], sa_mask[0]=11111111011111111101111111111110, sa_flags=SA_RESTART|SA_SIGINFO
SIGUSR2: [libjvm.so+0xb41860], sa_mask[0]=00100000000000000000000000000000, sa_flags=SA_RESTART|SA_SIGINFO
SIGHUP: [libjvm.so+0xb420d0], sa_mask[0]=11111111011111111101111111111110, sa_flags=SA_RESTART|SA_SIGINFO
SIGINT: [libjvm.so+0xb420d0], sa_mask[0]=11111111011111111101111111111110, sa_flags=SA_RESTART|SA_SIGINFO
SIGTERM: [libjvm.so+0xb420d0], sa_mask[0]=11111111011111111101111111111110, sa_flags=SA_RESTART|SA_SIGINFO
SIGQUIT: [libjvm.so+0xb420d0], sa_mask[0]=11111111011111111101111111111110, sa_flags=SA_RESTART|SA_SIGINFO


---------------  S Y S T E M  ---------------

OS:
LSB_VERSION=1.4
DISTRIB_ID=Arch
DISTRIB_RELEASE=rolling
DISTRIB_DESCRIPTION="Arch Linux"
uname: Linux 5.11.11-arch1-1 #1 SMP PREEMPT Tue, 30 Mar 2021 14:10:17 +0000 x86_64
OS uptime: 0 days 3:24 hours
libc: glibc 2.33 NPTL 2.33 
rlimit (soft/hard): STACK 8192k/infinity , CORE infinity/infinity , NPROC 63622/63622 , NOFILE 524288/524288 , AS infinity/infinity , CPU infinity/infinity , DATA infinity/infinity , FSIZE infinity/infinity , MEMLOCK 64k/64k
load average: 0.28 0.53 0.63

/proc/meminfo:
MemTotal:       16302448 kB
MemFree:         9736176 kB
MemAvailable:   11602724 kB
Buffers:          144040 kB
Cached:          2449368 kB
SwapCached:            0 kB
Active:           809548 kB
Inactive:        5357268 kB
Active(anon):       8124 kB
Inactive(anon):  4096000 kB
Active(file):     801424 kB
Inactive(file):  1261268 kB
Unevictable:          32 kB
Mlocked:              32 kB
SwapTotal:             0 kB
SwapFree:              0 kB
Dirty:              1680 kB
Writeback:             0 kB
AnonPages:       3573544 kB
Mapped:           918348 kB
Shmem:            530696 kB
KReclaimable:     120780 kB
Slab:             203124 kB
SReclaimable:     120780 kB
SUnreclaim:        82344 kB
KernelStack:        9472 kB
PageTables:        32168 kB
NFS_Unstable:          0 kB
Bounce:                0 kB
WritebackTmp:          0 kB
CommitLimit:     8151224 kB
Committed_AS:    8048200 kB
VmallocTotal:   34359738367 kB
VmallocUsed:       69748 kB
VmallocChunk:          0 kB
Percpu:             4416 kB
HardwareCorrupted:     0 kB
AnonHugePages:         0 kB
ShmemHugePages:        0 kB
ShmemPmdMapped:        0 kB
FileHugePages:         0 kB
FilePmdMapped:         0 kB
CmaTotal:              0 kB
CmaFree:               0 kB
HugePages_Total:       0
HugePages_Free:        0
HugePages_Rsvd:        0
HugePages_Surp:        0
Hugepagesize:       2048 kB
Hugetlb:               0 kB
DirectMap4k:      356280 kB
DirectMap2M:     7944192 kB
DirectMap1G:     8388608 kB

/sys/kernel/mm/transparent_hugepage/enabled: always [madvise] never
/sys/kernel/mm/transparent_hugepage/defrag (defrag/compaction efforts parameter): always defer defer+madvise [madvise] never

/proc/sys/kernel/threads-max (system-wide limit on the number of threads): 127245
/proc/sys/vm/max_map_count (maximum number of memory map areas a process may have): 65530
/proc/sys/kernel/pid_max (system-wide limit on number of process identifiers): 4194304

container (cgroup) information:
container_type: cgroupv2
cpu_cpuset_cpus: not supported
cpu_memory_nodes: not supported
active_processor_count: 6
cpu_quota: not supported
cpu_period: not supported
cpu_shares: not supported
memory_limit_in_bytes: unlimited
memory_and_swap_limit_in_bytes: unlimited
memory_soft_limit_in_bytes: unlimited
memory_usage_in_bytes: 3288883200
memory_max_usage_in_bytes: not supported

Steal ticks since vm start: 0
Steal ticks percentage since vm start:  0.000

CPU: total 6 (initial active 6) (6 cores per cpu, 1 threads per core) family 6 model 158 stepping 10 microcode 0x84, cmov, cx8, fxsr, mmx, sse, sse2, sse3, ssse3, sse4.1, sse4.2, popcnt, vzeroupper, avx, avx2, aes, clmul, erms, 3dnowpref, lzcnt, tsc, tscinvbit, bmi1, bmi2, adx, fma, clflush, clflushopt
CPU Model and flags from /proc/cpuinfo:
model name	: Intel(R) Core(TM) i5-8400 CPU @ 2.80GHz
flags		: fpu vme de pse tsc msr pae mce cx8 apic sep mtrr pge mca cmov pat pse36 clflush dts acpi mmx fxsr sse sse2 ss ht tm pbe syscall nx pdpe1gb rdtscp lm constant_tsc art arch_perfmon pebs bts rep_good nopl xtopology nonstop_tsc cpuid aperfmperf pni pclmulqdq dtes64 monitor ds_cpl vmx est tm2 ssse3 sdbg fma cx16 xtpr pdcm pcid sse4_1 sse4_2 x2apic movbe popcnt tsc_deadline_timer aes xsave avx f16c rdrand lahf_lm abm 3dnowprefetch cpuid_fault epb invpcid_single pti ibrs ibpb stibp tpr_shadow vnmi flexpriority ept vpid ept_ad fsgsbase tsc_adjust bmi1 avx2 smep bmi2 erms invpcid mpx rdseed adx smap clflushopt intel_pt xsaveopt xsavec xgetbv1 xsaves dtherm ida arat pln pts hwp hwp_notify hwp_act_window hwp_epp

Online cpus: 0-5
Offline cpus: 
BIOS frequency limitation: <Not Available>
Frequency switch latency (ns): 0
Available cpu frequencies: <Not Available>
Current governor: powersave
Core performance/turbo boost: <Not Available>

Memory: 4k page, physical 16302448k(9736176k free), swap 0k(0k free)

vm_info: OpenJDK 64-Bit Server VM (15.0.2+7-27) for linux-amd64 JRE (15.0.2+7-27), built on Dec  7 2020 19:54:59 by "mach5one" with gcc 9.2.0

END.
