#
# A fatal error has been detected by the Java Runtime Environment:
#
#  SIGSEGV (0xb) at pc=0x0000000041c96f56, pid=32988, tid=32990
#
# JRE version: OpenJDK Runtime Environment (15.0.2+7) (build 15.0.2+7-27)
# Java VM: OpenJDK 64-Bit Server VM (15.0.2+7-27, mixed mode, sharing, tiered, compressed oops, g1 gc, linux-amd64)
# Problematic frame:
# C  0x0000000041c96f56
#
# Core dump will be written. Default location: Core dumps may be processed with "/usr/lib/systemd/systemd-coredump %P %u %g %s %t %c %h" (or dumping to /volume/dev/OpenGL/Java/EngineTest/core.32988)
#
# If you would like to submit a bug report, please visit:
#   https://bugreport.java.com/bugreport/crash.jsp
# The crash happened outside the Java Virtual Machine in native code.
# See problematic frame for where to report the bug.
#

---------------  S U M M A R Y ------------

Command Line: -Dfile.encoding=US-ASCII -Duser.country=US -Duser.language=en -Duser.variant Main

Host: Intel(R) Core(TM) i5-8400 CPU @ 2.80GHz, 6 cores, 15G, Arch Linux
Time: Fri Apr  2 01:07:06 2021 IDT elapsed time: 0.341834 seconds (0d 0h 0m 0s)

---------------  T H R E A D  ---------------

Current thread (0x00007fb50c028f10):  JavaThread "main" [_thread_in_native, id=32990, stack(0x00007fb51376c000,0x00007fb51386d000)]

Stack: [0x00007fb51376c000,0x00007fb51386d000],  sp=0x00007fb51386b108,  free space=1020k
Native frames: (J=compiled Java code, A=aot compiled Java code, j=interpreted, Vv=VM code, C=native code)
C  0x0000000041c96f56

Java frames: (J=compiled Java code, j=interpreted, Vv=VM code)
j  org.lwjgl.opengl.GL11C.nglDrawElements(IIIJ)V+0
j  org.lwjgl.opengl.GL11C.glDrawElements(IIIJ)V+4
j  org.lwjgl.opengl.GL11.glDrawElements(IIIJ)V+4
j  graphics.Renderer.draw()V+44
j  example_platformer.PlatformerScene.update(F)V+67
j  utils.Window.loop()V+82
j  Main.main([Ljava/lang/String;)V+44
v  ~StubRoutines::call_stub

siginfo: si_signo: 11 (SIGSEGV), si_code: 1 (SEGV_MAPERR), si_addr: 0x0000000000000028

Register to memory mapping:

RAX=0x00007fb4dd342c80 points into unknown readable memory: 0x0000000000000000 | 00 00 00 00 00 00 00 00
RBX=0x0000000041782000 points into unknown readable memory: 0x00007fb50c487540 | 40 75 48 0c b5 7f 00 00
RCX=0x0000000000000002 is an unknown value
RDX=0x00007fb50ca84e84 points into unknown readable memory: 01 00 00 00
RSP=0x00007fb51386b108 is pointing into the stack for thread: 0x00007fb50c028f10
RBP=0x00007fb50ca84eb0 points into unknown readable memory: 0x65706c676a776c2f | 2f 6c 77 6a 67 6c 70 65
RSI=0x0000000000000028 is an unknown value
RDI=0x000000000000000a is an unknown value
R8 =0x0000000000000002 is an unknown value
R9 =0x0 is NULL
R10=0x00000000417ffec0 points into unknown readable memory: 0x0000000000000000 | 00 00 00 00 00 00 00 00
R11=0x00007fb50ca84eb0 points into unknown readable memory: 0x65706c676a776c2f | 2f 6c 77 6a 67 6c 70 65
R12=0x00007fb50c75a3d0 points into unknown readable memory: 0x0100100400000009 | 09 00 00 00 04 10 00 01
R13=0x0 is NULL
R14=0x000000000000000c is an unknown value
R15=0x0 is NULL


Registers:
RAX=0x00007fb4dd342c80, RBX=0x0000000041782000, RCX=0x0000000000000002, RDX=0x00007fb50ca84e84
RSP=0x00007fb51386b108, RBP=0x00007fb50ca84eb0, RSI=0x0000000000000028, RDI=0x000000000000000a
R8 =0x0000000000000002, R9 =0x0000000000000000, R10=0x00000000417ffec0, R11=0x00007fb50ca84eb0
R12=0x00007fb50c75a3d0, R13=0x0000000000000000, R14=0x000000000000000c, R15=0x0000000000000000
RIP=0x0000000041c96f56, EFLAGS=0x0000000000010206, CSGSFS=0x002b000000000033, ERR=0x0000000000000004
  TRAPNO=0x000000000000000e

Top of Stack: (sp=0x00007fb51386b108)
0x00007fb51386b108:   00007fb4a7010339 0000000c00000000
0x00007fb51386b118:   00007fb50ca84e80 0000000000000000
0x00007fb51386b128:   0000000041782000 000000000000000c
0x00007fb51386b138:   0000000041c96f00 00007fb50c761298 

Instructions: (pc=0x0000000041c96f56)
0x0000000041c96e56:   00 00 00 00 00 00 00 00 00 00 00 00 00 00 00 00
0x0000000041c96e66:   00 00 00 00 00 00 00 00 00 00 00 00 00 00 00 00
0x0000000041c96e76:   00 00 00 00 00 00 00 00 00 00 00 00 00 00 00 00
0x0000000041c96e86:   00 00 00 00 00 00 00 00 00 00 00 00 00 00 00 00
0x0000000041c96e96:   00 00 00 00 00 00 00 00 00 00 00 00 00 00 00 00
0x0000000041c96ea6:   00 00 00 00 00 00 00 00 00 00 00 00 00 00 00 00
0x0000000041c96eb6:   00 00 00 00 00 00 00 00 00 00 00 00 00 00 00 00
0x0000000041c96ec6:   00 00 00 00 00 00 00 00 00 00 00 00 00 00 00 00
0x0000000041c96ed6:   00 00 00 00 00 00 00 00 00 00 00 00 00 00 00 00
0x0000000041c96ee6:   00 00 00 00 00 00 00 00 00 00 00 00 00 00 00 00
0x0000000041c96ef6:   00 00 40 ff ff ff c0 1e 00 00 48 89 6c 24 f8 48
0x0000000041c96f06:   89 5c 24 f0 48 89 74 24 e8 48 89 7c 24 e0 48 8b
0x0000000041c96f16:   df 48 8b c6 48 8b e9 48 8b d2 48 8d 2c aa 4c 8b
0x0000000041c96f26:   dd 8b 0a 49 ba c0 fe 7f 41 00 00 00 00 41 03 0a
0x0000000041c96f36:   48 83 c2 04 48 be 38 9c 7d 41 00 00 00 00 48 8b
0x0000000041c96f46:   36 48 8b b6 08 03 00 00 48 8d 3c 89 48 8d 34 be
0x0000000041c96f56:   8b 3e 8b 6e 04 89 38 89 68 04 48 be 38 9c 7d 41
0x0000000041c96f66:   00 00 00 00 48 8b 36 48 8b b6 38 03 00 00 48 8d
0x0000000041c96f76:   3c 89 48 8d 34 be 8b 3e 8b 6e 04 89 78 08 89 68
0x0000000041c96f86:   0c 8b 7e 08 89 78 10 48 83 c0 14 49 3b d3 75 91
0x0000000041c96f96:   48 8b 7c 24 e0 48 8b 74 24 e8 48 8b 5c 24 f0 48
0x0000000041c96fa6:   8b 6c 24 f8 c3 00 00 00 00 00 00 00 00 00 00 00
0x0000000041c96fb6:   00 00 c0 ff ff ff c0 00 00 00 48 b8 50 a5 81 41
0x0000000041c96fc6:   00 00 00 00 48 8b 00 49 ba 10 e7 7c 41 00 00 00
0x0000000041c96fd6:   00 48 83 ec 28 48 83 c4 28 c3 00 00 00 00 00 00
0x0000000041c96fe6:   00 00 00 00 00 00 00 00 00 00 00 00 00 00 00 00
0x0000000041c96ff6:   00 00 00 00 00 00 40 00 00 00 ?? ?? ?? ?? ?? ??
0x0000000041c97006:   ?? ?? ?? ?? ?? ?? ?? ?? ?? ?? ?? ?? ?? ?? ?? ??
0x0000000041c97016:   ?? ?? ?? ?? ?? ?? ?? ?? ?? ?? ?? ?? ?? ?? ?? ??
0x0000000041c97026:   ?? ?? ?? ?? ?? ?? ?? ?? ?? ?? ?? ?? ?? ?? ?? ??
0x0000000041c97036:   ?? ?? ?? ?? ?? ?? ?? ?? ?? ?? ?? ?? ?? ?? ?? ??
0x0000000041c97046:   ?? ?? ?? ?? ?? ?? ?? ?? ?? ?? ?? ?? ?? ?? ?? ?? 


Stack slot to memory mapping:
stack at sp + 0 slots: 0x00007fb4a7010339: <offset 0x0000000000f1d339> in /usr/lib/libnvidia-glcore.so.460.67 at 0x00007fb4a60f3000
stack at sp + 1 slots: 0x0000000c00000000 is an unknown value
stack at sp + 2 slots: 0x00007fb50ca84e80 points into unknown readable memory: 0x0000000100000002 | 02 00 00 00 01 00 00 00
stack at sp + 3 slots: 0x0 is NULL
stack at sp + 4 slots: 0x0000000041782000 points into unknown readable memory: 0x00007fb50c487540 | 40 75 48 0c b5 7f 00 00
stack at sp + 5 slots: 0x000000000000000c is an unknown value
stack at sp + 6 slots: 0x0000000041c96f00 points into unknown readable memory: 0x5c8948f8246c8948 | 48 89 6c 24 f8 48 89 5c
stack at sp + 7 slots: 0x00007fb50c761298 points into unknown readable memory: 0x00007fb50c84b950 | 50 b9 84 0c b5 7f 00 00


---------------  P R O C E S S  ---------------

Threads class SMR info:
_java_thread_list=0x00007fb4bc11bf30, length=11, elements={
0x00007fb50c028f10, 0x00007fb50c1706d0, 0x00007fb50c171e10, 0x00007fb50c177930,
0x00007fb50c179040, 0x00007fb50c17ac60, 0x00007fb50c17c490, 0x00007fb50c17db90,
0x00007fb50c1daec0, 0x00007fb50c1de370, 0x00007fb4bc11ac50
}

Java Threads: ( => current thread )
=>0x00007fb50c028f10 JavaThread "main" [_thread_in_native, id=32990, stack(0x00007fb51376c000,0x00007fb51386d000)]
  0x00007fb50c1706d0 JavaThread "Reference Handler" daemon [_thread_blocked, id=32997, stack(0x00007fb5100e0000,0x00007fb5101e1000)]
  0x00007fb50c171e10 JavaThread "Finalizer" daemon [_thread_blocked, id=32998, stack(0x00007fb4ecfa6000,0x00007fb4ed0a7000)]
  0x00007fb50c177930 JavaThread "Signal Dispatcher" daemon [_thread_blocked, id=32999, stack(0x00007fb4ecbbc000,0x00007fb4eccbd000)]
  0x00007fb50c179040 JavaThread "Service Thread" daemon [_thread_blocked, id=33000, stack(0x00007fb4ecabb000,0x00007fb4ecbbc000)]
  0x00007fb50c17ac60 JavaThread "C2 CompilerThread0" daemon [_thread_blocked, id=33001, stack(0x00007fb4ec9ba000,0x00007fb4ecabb000)]
  0x00007fb50c17c490 JavaThread "C1 CompilerThread0" daemon [_thread_blocked, id=33002, stack(0x00007fb4ec8b9000,0x00007fb4ec9ba000)]
  0x00007fb50c17db90 JavaThread "Sweeper thread" daemon [_thread_blocked, id=33003, stack(0x00007fb4ec7b8000,0x00007fb4ec8b9000)]
  0x00007fb50c1daec0 JavaThread "Notification Thread" daemon [_thread_blocked, id=33004, stack(0x00007fb4ec6b7000,0x00007fb4ec7b8000)]
  0x00007fb50c1de370 JavaThread "Common-Cleaner" daemon [_thread_blocked, id=33006, stack(0x00007fb4ec4b4000,0x00007fb4ec5b5000)]
  0x00007fb4bc11ac50 JavaThread "C2 CompilerThread1" daemon [_thread_blocked, id=33010, stack(0x00007fb4dcd3f000,0x00007fb4dce40000)]

Other Threads:
  0x00007fb50c16d980 VMThread "VM Thread" [stack: 0x00007fb5101e3000,0x00007fb5102e3000] [id=32996]
  0x00007fb50c1dca80 WatcherThread [stack: 0x00007fb4ec5b7000,0x00007fb4ec6b7000] [id=33005]
  0x00007fb50c0788f0 GCTaskThread "GC Thread#0" [stack: 0x00007fb511654000,0x00007fb511754000] [id=32991]
  0x00007fb50c089b30 ConcurrentGCThread "G1 Main Marker" [stack: 0x00007fb511552000,0x00007fb511652000] [id=32992]
  0x00007fb50c08adc0 ConcurrentGCThread "G1 Conc#0" [stack: 0x00007fb511450000,0x00007fb511550000] [id=32993]
  0x00007fb50c138360 ConcurrentGCThread "G1 Refine#0" [stack: 0x00007fb510d48000,0x00007fb510e48000] [id=32994]
  0x00007fb50c139570 ConcurrentGCThread "G1 Young RemSet Sampling" [stack: 0x00007fb510c46000,0x00007fb510d46000] [id=32995]

Threads with active compile tasks:

VM state: not at safepoint (normal execution)

VM Mutex/Monitor currently owned by a thread: None

Heap address: 0x0000000707200000, size: 3982 MB, Compressed Oops mode: Zero based, Oop shift amount: 3
CDS archive(s) mapped at: [0x0000000800000000-0x0000000800b33000-0x0000000800b33000), size 11743232, SharedBaseAddress: 0x0000000800000000, ArchiveRelocationMode: 0.
Compressed class space mapped at: 0x0000000800b34000-0x0000000840b34000, size: 1073741824
Narrow klass base: 0x0000000800000000, Narrow klass shift: 3, Narrow klass range: 0x100000000

GC Precious Log:
 CPUs: 6 total, 6 available
 Memory: 15920M
 Large Page Support: Disabled
 NUMA Support: Disabled
 Compressed Oops: Enabled (Zero based)
 Heap Region Size: 2M
 Heap Min Capacity: 8M
 Heap Initial Capacity: 250M
 Heap Max Capacity: 3982M
 Pre-touch: Disabled
 Parallel Workers: 6
 Concurrent Workers: 2
 Concurrent Refinement Workers: 6
 Periodic GC: Disabled

Heap:
 garbage-first heap   total 260096K, used 16184K [0x0000000707200000, 0x0000000800000000)
  region size 2048K, 8 young (16384K), 0 survivors (0K)
 Metaspace       used 6440K, capacity 9143K, committed 9344K, reserved 1058816K
  class space    used 352K, capacity 620K, committed 640K, reserved 1048576K

Heap Regions: E=young(eden), S=young(survivor), O=old, HS=humongous(starts), HC=humongous(continues), CS=collection set, F=free, OA=open archive, CA=closed archive, TAMS=top-at-mark-start (previous, next)
|   0|0x0000000707200000, 0x0000000707200000, 0x0000000707400000|  0%| F|  |TAMS 0x0000000707200000, 0x0000000707200000| Untracked 
|   1|0x0000000707400000, 0x0000000707400000, 0x0000000707600000|  0%| F|  |TAMS 0x0000000707400000, 0x0000000707400000| Untracked 
|   2|0x0000000707600000, 0x0000000707600000, 0x0000000707800000|  0%| F|  |TAMS 0x0000000707600000, 0x0000000707600000| Untracked 
|   3|0x0000000707800000, 0x0000000707800000, 0x0000000707a00000|  0%| F|  |TAMS 0x0000000707800000, 0x0000000707800000| Untracked 
|   4|0x0000000707a00000, 0x0000000707a00000, 0x0000000707c00000|  0%| F|  |TAMS 0x0000000707a00000, 0x0000000707a00000| Untracked 
|   5|0x0000000707c00000, 0x0000000707c00000, 0x0000000707e00000|  0%| F|  |TAMS 0x0000000707c00000, 0x0000000707c00000| Untracked 
|   6|0x0000000707e00000, 0x0000000707e00000, 0x0000000708000000|  0%| F|  |TAMS 0x0000000707e00000, 0x0000000707e00000| Untracked 
|   7|0x0000000708000000, 0x0000000708000000, 0x0000000708200000|  0%| F|  |TAMS 0x0000000708000000, 0x0000000708000000| Untracked 
|   8|0x0000000708200000, 0x0000000708200000, 0x0000000708400000|  0%| F|  |TAMS 0x0000000708200000, 0x0000000708200000| Untracked 
|   9|0x0000000708400000, 0x0000000708400000, 0x0000000708600000|  0%| F|  |TAMS 0x0000000708400000, 0x0000000708400000| Untracked 
|  10|0x0000000708600000, 0x0000000708600000, 0x0000000708800000|  0%| F|  |TAMS 0x0000000708600000, 0x0000000708600000| Untracked 
|  11|0x0000000708800000, 0x0000000708800000, 0x0000000708a00000|  0%| F|  |TAMS 0x0000000708800000, 0x0000000708800000| Untracked 
|  12|0x0000000708a00000, 0x0000000708a00000, 0x0000000708c00000|  0%| F|  |TAMS 0x0000000708a00000, 0x0000000708a00000| Untracked 
|  13|0x0000000708c00000, 0x0000000708c00000, 0x0000000708e00000|  0%| F|  |TAMS 0x0000000708c00000, 0x0000000708c00000| Untracked 
|  14|0x0000000708e00000, 0x0000000708e00000, 0x0000000709000000|  0%| F|  |TAMS 0x0000000708e00000, 0x0000000708e00000| Untracked 
|  15|0x0000000709000000, 0x0000000709000000, 0x0000000709200000|  0%| F|  |TAMS 0x0000000709000000, 0x0000000709000000| Untracked 
|  16|0x0000000709200000, 0x0000000709200000, 0x0000000709400000|  0%| F|  |TAMS 0x0000000709200000, 0x0000000709200000| Untracked 
|  17|0x0000000709400000, 0x0000000709400000, 0x0000000709600000|  0%| F|  |TAMS 0x0000000709400000, 0x0000000709400000| Untracked 
|  18|0x0000000709600000, 0x0000000709600000, 0x0000000709800000|  0%| F|  |TAMS 0x0000000709600000, 0x0000000709600000| Untracked 
|  19|0x0000000709800000, 0x0000000709800000, 0x0000000709a00000|  0%| F|  |TAMS 0x0000000709800000, 0x0000000709800000| Untracked 
|  20|0x0000000709a00000, 0x0000000709a00000, 0x0000000709c00000|  0%| F|  |TAMS 0x0000000709a00000, 0x0000000709a00000| Untracked 
|  21|0x0000000709c00000, 0x0000000709c00000, 0x0000000709e00000|  0%| F|  |TAMS 0x0000000709c00000, 0x0000000709c00000| Untracked 
|  22|0x0000000709e00000, 0x0000000709e00000, 0x000000070a000000|  0%| F|  |TAMS 0x0000000709e00000, 0x0000000709e00000| Untracked 
|  23|0x000000070a000000, 0x000000070a000000, 0x000000070a200000|  0%| F|  |TAMS 0x000000070a000000, 0x000000070a000000| Untracked 
|  24|0x000000070a200000, 0x000000070a200000, 0x000000070a400000|  0%| F|  |TAMS 0x000000070a200000, 0x000000070a200000| Untracked 
|  25|0x000000070a400000, 0x000000070a400000, 0x000000070a600000|  0%| F|  |TAMS 0x000000070a400000, 0x000000070a400000| Untracked 
|  26|0x000000070a600000, 0x000000070a600000, 0x000000070a800000|  0%| F|  |TAMS 0x000000070a600000, 0x000000070a600000| Untracked 
|  27|0x000000070a800000, 0x000000070a800000, 0x000000070aa00000|  0%| F|  |TAMS 0x000000070a800000, 0x000000070a800000| Untracked 
|  28|0x000000070aa00000, 0x000000070aa00000, 0x000000070ac00000|  0%| F|  |TAMS 0x000000070aa00000, 0x000000070aa00000| Untracked 
|  29|0x000000070ac00000, 0x000000070ac00000, 0x000000070ae00000|  0%| F|  |TAMS 0x000000070ac00000, 0x000000070ac00000| Untracked 
|  30|0x000000070ae00000, 0x000000070ae00000, 0x000000070b000000|  0%| F|  |TAMS 0x000000070ae00000, 0x000000070ae00000| Untracked 
|  31|0x000000070b000000, 0x000000070b000000, 0x000000070b200000|  0%| F|  |TAMS 0x000000070b000000, 0x000000070b000000| Untracked 
|  32|0x000000070b200000, 0x000000070b200000, 0x000000070b400000|  0%| F|  |TAMS 0x000000070b200000, 0x000000070b200000| Untracked 
|  33|0x000000070b400000, 0x000000070b400000, 0x000000070b600000|  0%| F|  |TAMS 0x000000070b400000, 0x000000070b400000| Untracked 
|  34|0x000000070b600000, 0x000000070b600000, 0x000000070b800000|  0%| F|  |TAMS 0x000000070b600000, 0x000000070b600000| Untracked 
|  35|0x000000070b800000, 0x000000070b800000, 0x000000070ba00000|  0%| F|  |TAMS 0x000000070b800000, 0x000000070b800000| Untracked 
|  36|0x000000070ba00000, 0x000000070ba00000, 0x000000070bc00000|  0%| F|  |TAMS 0x000000070ba00000, 0x000000070ba00000| Untracked 
|  37|0x000000070bc00000, 0x000000070bc00000, 0x000000070be00000|  0%| F|  |TAMS 0x000000070bc00000, 0x000000070bc00000| Untracked 
|  38|0x000000070be00000, 0x000000070be00000, 0x000000070c000000|  0%| F|  |TAMS 0x000000070be00000, 0x000000070be00000| Untracked 
|  39|0x000000070c000000, 0x000000070c000000, 0x000000070c200000|  0%| F|  |TAMS 0x000000070c000000, 0x000000070c000000| Untracked 
|  40|0x000000070c200000, 0x000000070c200000, 0x000000070c400000|  0%| F|  |TAMS 0x000000070c200000, 0x000000070c200000| Untracked 
|  41|0x000000070c400000, 0x000000070c400000, 0x000000070c600000|  0%| F|  |TAMS 0x000000070c400000, 0x000000070c400000| Untracked 
|  42|0x000000070c600000, 0x000000070c600000, 0x000000070c800000|  0%| F|  |TAMS 0x000000070c600000, 0x000000070c600000| Untracked 
|  43|0x000000070c800000, 0x000000070c800000, 0x000000070ca00000|  0%| F|  |TAMS 0x000000070c800000, 0x000000070c800000| Untracked 
|  44|0x000000070ca00000, 0x000000070ca00000, 0x000000070cc00000|  0%| F|  |TAMS 0x000000070ca00000, 0x000000070ca00000| Untracked 
|  45|0x000000070cc00000, 0x000000070cc00000, 0x000000070ce00000|  0%| F|  |TAMS 0x000000070cc00000, 0x000000070cc00000| Untracked 
|  46|0x000000070ce00000, 0x000000070ce00000, 0x000000070d000000|  0%| F|  |TAMS 0x000000070ce00000, 0x000000070ce00000| Untracked 
|  47|0x000000070d000000, 0x000000070d000000, 0x000000070d200000|  0%| F|  |TAMS 0x000000070d000000, 0x000000070d000000| Untracked 
|  48|0x000000070d200000, 0x000000070d200000, 0x000000070d400000|  0%| F|  |TAMS 0x000000070d200000, 0x000000070d200000| Untracked 
|  49|0x000000070d400000, 0x000000070d400000, 0x000000070d600000|  0%| F|  |TAMS 0x000000070d400000, 0x000000070d400000| Untracked 
|  50|0x000000070d600000, 0x000000070d600000, 0x000000070d800000|  0%| F|  |TAMS 0x000000070d600000, 0x000000070d600000| Untracked 
|  51|0x000000070d800000, 0x000000070d800000, 0x000000070da00000|  0%| F|  |TAMS 0x000000070d800000, 0x000000070d800000| Untracked 
|  52|0x000000070da00000, 0x000000070da00000, 0x000000070dc00000|  0%| F|  |TAMS 0x000000070da00000, 0x000000070da00000| Untracked 
|  53|0x000000070dc00000, 0x000000070dc00000, 0x000000070de00000|  0%| F|  |TAMS 0x000000070dc00000, 0x000000070dc00000| Untracked 
|  54|0x000000070de00000, 0x000000070de00000, 0x000000070e000000|  0%| F|  |TAMS 0x000000070de00000, 0x000000070de00000| Untracked 
|  55|0x000000070e000000, 0x000000070e000000, 0x000000070e200000|  0%| F|  |TAMS 0x000000070e000000, 0x000000070e000000| Untracked 
|  56|0x000000070e200000, 0x000000070e200000, 0x000000070e400000|  0%| F|  |TAMS 0x000000070e200000, 0x000000070e200000| Untracked 
|  57|0x000000070e400000, 0x000000070e400000, 0x000000070e600000|  0%| F|  |TAMS 0x000000070e400000, 0x000000070e400000| Untracked 
|  58|0x000000070e600000, 0x000000070e600000, 0x000000070e800000|  0%| F|  |TAMS 0x000000070e600000, 0x000000070e600000| Untracked 
|  59|0x000000070e800000, 0x000000070e800000, 0x000000070ea00000|  0%| F|  |TAMS 0x000000070e800000, 0x000000070e800000| Untracked 
|  60|0x000000070ea00000, 0x000000070ea00000, 0x000000070ec00000|  0%| F|  |TAMS 0x000000070ea00000, 0x000000070ea00000| Untracked 
|  61|0x000000070ec00000, 0x000000070ec00000, 0x000000070ee00000|  0%| F|  |TAMS 0x000000070ec00000, 0x000000070ec00000| Untracked 
|  62|0x000000070ee00000, 0x000000070ee00000, 0x000000070f000000|  0%| F|  |TAMS 0x000000070ee00000, 0x000000070ee00000| Untracked 
|  63|0x000000070f000000, 0x000000070f000000, 0x000000070f200000|  0%| F|  |TAMS 0x000000070f000000, 0x000000070f000000| Untracked 
|  64|0x000000070f200000, 0x000000070f200000, 0x000000070f400000|  0%| F|  |TAMS 0x000000070f200000, 0x000000070f200000| Untracked 
|  65|0x000000070f400000, 0x000000070f400000, 0x000000070f600000|  0%| F|  |TAMS 0x000000070f400000, 0x000000070f400000| Untracked 
|  66|0x000000070f600000, 0x000000070f600000, 0x000000070f800000|  0%| F|  |TAMS 0x000000070f600000, 0x000000070f600000| Untracked 
|  67|0x000000070f800000, 0x000000070f800000, 0x000000070fa00000|  0%| F|  |TAMS 0x000000070f800000, 0x000000070f800000| Untracked 
|  68|0x000000070fa00000, 0x000000070fa00000, 0x000000070fc00000|  0%| F|  |TAMS 0x000000070fa00000, 0x000000070fa00000| Untracked 
|  69|0x000000070fc00000, 0x000000070fc00000, 0x000000070fe00000|  0%| F|  |TAMS 0x000000070fc00000, 0x000000070fc00000| Untracked 
|  70|0x000000070fe00000, 0x000000070fe00000, 0x0000000710000000|  0%| F|  |TAMS 0x000000070fe00000, 0x000000070fe00000| Untracked 
|  71|0x0000000710000000, 0x0000000710000000, 0x0000000710200000|  0%| F|  |TAMS 0x0000000710000000, 0x0000000710000000| Untracked 
|  72|0x0000000710200000, 0x0000000710200000, 0x0000000710400000|  0%| F|  |TAMS 0x0000000710200000, 0x0000000710200000| Untracked 
|  73|0x0000000710400000, 0x0000000710400000, 0x0000000710600000|  0%| F|  |TAMS 0x0000000710400000, 0x0000000710400000| Untracked 
|  74|0x0000000710600000, 0x0000000710600000, 0x0000000710800000|  0%| F|  |TAMS 0x0000000710600000, 0x0000000710600000| Untracked 
|  75|0x0000000710800000, 0x0000000710800000, 0x0000000710a00000|  0%| F|  |TAMS 0x0000000710800000, 0x0000000710800000| Untracked 
|  76|0x0000000710a00000, 0x0000000710a00000, 0x0000000710c00000|  0%| F|  |TAMS 0x0000000710a00000, 0x0000000710a00000| Untracked 
|  77|0x0000000710c00000, 0x0000000710c00000, 0x0000000710e00000|  0%| F|  |TAMS 0x0000000710c00000, 0x0000000710c00000| Untracked 
|  78|0x0000000710e00000, 0x0000000710e00000, 0x0000000711000000|  0%| F|  |TAMS 0x0000000710e00000, 0x0000000710e00000| Untracked 
|  79|0x0000000711000000, 0x0000000711000000, 0x0000000711200000|  0%| F|  |TAMS 0x0000000711000000, 0x0000000711000000| Untracked 
|  80|0x0000000711200000, 0x0000000711200000, 0x0000000711400000|  0%| F|  |TAMS 0x0000000711200000, 0x0000000711200000| Untracked 
|  81|0x0000000711400000, 0x0000000711400000, 0x0000000711600000|  0%| F|  |TAMS 0x0000000711400000, 0x0000000711400000| Untracked 
|  82|0x0000000711600000, 0x0000000711600000, 0x0000000711800000|  0%| F|  |TAMS 0x0000000711600000, 0x0000000711600000| Untracked 
|  83|0x0000000711800000, 0x0000000711800000, 0x0000000711a00000|  0%| F|  |TAMS 0x0000000711800000, 0x0000000711800000| Untracked 
|  84|0x0000000711a00000, 0x0000000711a00000, 0x0000000711c00000|  0%| F|  |TAMS 0x0000000711a00000, 0x0000000711a00000| Untracked 
|  85|0x0000000711c00000, 0x0000000711c00000, 0x0000000711e00000|  0%| F|  |TAMS 0x0000000711c00000, 0x0000000711c00000| Untracked 
|  86|0x0000000711e00000, 0x0000000711e00000, 0x0000000712000000|  0%| F|  |TAMS 0x0000000711e00000, 0x0000000711e00000| Untracked 
|  87|0x0000000712000000, 0x0000000712000000, 0x0000000712200000|  0%| F|  |TAMS 0x0000000712000000, 0x0000000712000000| Untracked 
|  88|0x0000000712200000, 0x0000000712200000, 0x0000000712400000|  0%| F|  |TAMS 0x0000000712200000, 0x0000000712200000| Untracked 
|  89|0x0000000712400000, 0x0000000712400000, 0x0000000712600000|  0%| F|  |TAMS 0x0000000712400000, 0x0000000712400000| Untracked 
|  90|0x0000000712600000, 0x0000000712600000, 0x0000000712800000|  0%| F|  |TAMS 0x0000000712600000, 0x0000000712600000| Untracked 
|  91|0x0000000712800000, 0x0000000712800000, 0x0000000712a00000|  0%| F|  |TAMS 0x0000000712800000, 0x0000000712800000| Untracked 
|  92|0x0000000712a00000, 0x0000000712a00000, 0x0000000712c00000|  0%| F|  |TAMS 0x0000000712a00000, 0x0000000712a00000| Untracked 
|  93|0x0000000712c00000, 0x0000000712c00000, 0x0000000712e00000|  0%| F|  |TAMS 0x0000000712c00000, 0x0000000712c00000| Untracked 
|  94|0x0000000712e00000, 0x0000000712e00000, 0x0000000713000000|  0%| F|  |TAMS 0x0000000712e00000, 0x0000000712e00000| Untracked 
|  95|0x0000000713000000, 0x0000000713000000, 0x0000000713200000|  0%| F|  |TAMS 0x0000000713000000, 0x0000000713000000| Untracked 
|  96|0x0000000713200000, 0x0000000713200000, 0x0000000713400000|  0%| F|  |TAMS 0x0000000713200000, 0x0000000713200000| Untracked 
|  97|0x0000000713400000, 0x0000000713400000, 0x0000000713600000|  0%| F|  |TAMS 0x0000000713400000, 0x0000000713400000| Untracked 
|  98|0x0000000713600000, 0x0000000713600000, 0x0000000713800000|  0%| F|  |TAMS 0x0000000713600000, 0x0000000713600000| Untracked 
|  99|0x0000000713800000, 0x0000000713800000, 0x0000000713a00000|  0%| F|  |TAMS 0x0000000713800000, 0x0000000713800000| Untracked 
| 100|0x0000000713a00000, 0x0000000713a00000, 0x0000000713c00000|  0%| F|  |TAMS 0x0000000713a00000, 0x0000000713a00000| Untracked 
| 101|0x0000000713c00000, 0x0000000713c00000, 0x0000000713e00000|  0%| F|  |TAMS 0x0000000713c00000, 0x0000000713c00000| Untracked 
| 102|0x0000000713e00000, 0x0000000713e00000, 0x0000000714000000|  0%| F|  |TAMS 0x0000000713e00000, 0x0000000713e00000| Untracked 
| 103|0x0000000714000000, 0x0000000714000000, 0x0000000714200000|  0%| F|  |TAMS 0x0000000714000000, 0x0000000714000000| Untracked 
| 104|0x0000000714200000, 0x0000000714200000, 0x0000000714400000|  0%| F|  |TAMS 0x0000000714200000, 0x0000000714200000| Untracked 
| 105|0x0000000714400000, 0x0000000714400000, 0x0000000714600000|  0%| F|  |TAMS 0x0000000714400000, 0x0000000714400000| Untracked 
| 106|0x0000000714600000, 0x0000000714600000, 0x0000000714800000|  0%| F|  |TAMS 0x0000000714600000, 0x0000000714600000| Untracked 
| 107|0x0000000714800000, 0x0000000714800000, 0x0000000714a00000|  0%| F|  |TAMS 0x0000000714800000, 0x0000000714800000| Untracked 
| 108|0x0000000714a00000, 0x0000000714a00000, 0x0000000714c00000|  0%| F|  |TAMS 0x0000000714a00000, 0x0000000714a00000| Untracked 
| 109|0x0000000714c00000, 0x0000000714c00000, 0x0000000714e00000|  0%| F|  |TAMS 0x0000000714c00000, 0x0000000714c00000| Untracked 
| 110|0x0000000714e00000, 0x0000000714e00000, 0x0000000715000000|  0%| F|  |TAMS 0x0000000714e00000, 0x0000000714e00000| Untracked 
| 111|0x0000000715000000, 0x0000000715000000, 0x0000000715200000|  0%| F|  |TAMS 0x0000000715000000, 0x0000000715000000| Untracked 
| 112|0x0000000715200000, 0x0000000715200000, 0x0000000715400000|  0%| F|  |TAMS 0x0000000715200000, 0x0000000715200000| Untracked 
| 113|0x0000000715400000, 0x0000000715400000, 0x0000000715600000|  0%| F|  |TAMS 0x0000000715400000, 0x0000000715400000| Untracked 
| 114|0x0000000715600000, 0x0000000715600000, 0x0000000715800000|  0%| F|  |TAMS 0x0000000715600000, 0x0000000715600000| Untracked 
| 115|0x0000000715800000, 0x0000000715800000, 0x0000000715a00000|  0%| F|  |TAMS 0x0000000715800000, 0x0000000715800000| Untracked 
| 116|0x0000000715a00000, 0x0000000715a00000, 0x0000000715c00000|  0%| F|  |TAMS 0x0000000715a00000, 0x0000000715a00000| Untracked 
| 117|0x0000000715c00000, 0x0000000715e00000, 0x0000000715e00000|100%| E|  |TAMS 0x0000000715c00000, 0x0000000715c00000| Complete 
| 118|0x0000000715e00000, 0x0000000716000000, 0x0000000716000000|100%| E|CS|TAMS 0x0000000715e00000, 0x0000000715e00000| Complete 
| 119|0x0000000716000000, 0x0000000716200000, 0x0000000716200000|100%| E|CS|TAMS 0x0000000716000000, 0x0000000716000000| Complete 
| 120|0x0000000716200000, 0x0000000716400000, 0x0000000716400000|100%| E|CS|TAMS 0x0000000716200000, 0x0000000716200000| Complete 
| 121|0x0000000716400000, 0x0000000716600000, 0x0000000716600000|100%| E|CS|TAMS 0x0000000716400000, 0x0000000716400000| Complete 
| 122|0x0000000716600000, 0x0000000716800000, 0x0000000716800000|100%| E|CS|TAMS 0x0000000716600000, 0x0000000716600000| Complete 
| 123|0x0000000716800000, 0x0000000716a00000, 0x0000000716a00000|100%| E|CS|TAMS 0x0000000716800000, 0x0000000716800000| Complete 
| 124|0x0000000716a00000, 0x0000000716c00000, 0x0000000716c00000|100%| E|CS|TAMS 0x0000000716a00000, 0x0000000716a00000| Complete 
|1989|0x00000007ffc00000, 0x00000007ffd52000, 0x00000007ffe00000| 66%|OA|  |TAMS 0x00000007ffc00000, 0x00000007ffc00000| Untracked 
|1990|0x00000007ffe00000, 0x00000007ffe7c000, 0x0000000800000000| 24%|CA|  |TAMS 0x00000007ffe00000, 0x00000007ffe00000| Untracked 

Card table byte_map: [0x00007fb511f9c000,0x00007fb512763000] _byte_map_base: 0x00007fb50e763000

Marking Bits (Prev, Next): (CMBitMap*) 0x00007fb50c079690, (CMBitMap*) 0x00007fb50c0796d0
 Prev Bits: [0x00007fb4f0edf000, 0x00007fb4f4d17000)
 Next Bits: [0x00007fb4ed0a7000, 0x00007fb4f0edf000)

Polling page: 0x00007fb514d90000

Metaspace:

Usage:
  Non-class:      8.32 MB capacity,     5.95 MB ( 71%) used,     2.37 MB ( 28%) free+waste,     8.81 KB ( <1%) overhead. 
      Class:    620.00 KB capacity,   352.04 KB ( 57%) used,   265.09 KB ( 43%) free+waste,     2.88 KB ( <1%) overhead. 
       Both:      8.93 MB capacity,     6.29 MB ( 70%) used,     2.63 MB ( 29%) free+waste,    11.69 KB ( <1%) overhead. 

Virtual space:
  Non-class space:       10.00 MB reserved,       8.50 MB ( 85%) committed 
      Class space:        1.00 GB reserved,     640.00 KB ( <1%) committed 
             Both:        1.01 GB reserved,       9.12 MB ( <1%) committed 

Chunk freelists:
   Non-Class:  53.00 KB
       Class:  4.00 KB
        Both:  57.00 KB

MaxMetaspaceSize: 17179869184.00 GB
CompressedClassSpaceSize: 1.00 GB

CodeHeap 'non-profiled nmethods': size=120032Kb used=242Kb max_used=242Kb free=119790Kb
 bounds [0x00007fb4fc7df000, 0x00007fb4fca4f000, 0x00007fb503d17000]
CodeHeap 'profiled nmethods': size=120028Kb used=1288Kb max_used=1288Kb free=118739Kb
 bounds [0x00007fb4f52a8000, 0x00007fb4f5518000, 0x00007fb4fc7df000]
CodeHeap 'non-nmethods': size=5700Kb used=1588Kb max_used=1611Kb free=4111Kb
 bounds [0x00007fb4f4d17000, 0x00007fb4f4f87000, 0x00007fb4f52a8000]
 total_blobs=1756 nmethods=775 adapters=895
 compilation: enabled
              stopped_count=0, restarted_count=0
 full_count=0

Compilation events (20 events):
Event: 0.330 Thread 0x00007fb4bc11ac50 nmethod 706 0x00007fb4fc817090 code [0x00007fb4fc817200, 0x00007fb4fc817298]
Event: 0.330 Thread 0x00007fb4bc11ac50  692       4       java.util.HashMap::put (13 bytes)
Event: 0.330 Thread 0x00007fb50c17c490 nmethod 770 0x00007fb4f53e5290 code [0x00007fb4f53e5480, 0x00007fb4f53e5ae0]
Event: 0.330 Thread 0x00007fb50c17c490  763       3       jdk.internal.org.objectweb.asm.Frame::pop (42 bytes)
Event: 0.330 Thread 0x00007fb50c17c490 nmethod 763 0x00007fb4f53e5c90 code [0x00007fb4f53e5e20, 0x00007fb4f53e5fb0]
Event: 0.330 Thread 0x00007fb50c17c490  771       3       java.util.zip.ZipFile$ZipFileInputStream::initDataOffset (117 bytes)
Event: 0.331 Thread 0x00007fb50c17c490 nmethod 771 0x00007fb4f53e6090 code [0x00007fb4f53e62a0, 0x00007fb4f53e6a20]
Event: 0.331 Thread 0x00007fb50c17c490  772   !   3       java.util.zip.ZipFile$Source::readAt (39 bytes)
Event: 0.331 Thread 0x00007fb50c17c490 nmethod 772 0x00007fb4f53e6d10 code [0x00007fb4f53e6f00, 0x00007fb4f53e7360]
Event: 0.331 Thread 0x00007fb50c17c490  773   !   3       java.util.zip.Inflater::setInput (69 bytes)
Event: 0.331 Thread 0x00007fb50c17c490 nmethod 773 0x00007fb4f53e7690 code [0x00007fb4f53e7840, 0x00007fb4f53e7c00]
Event: 0.332 Thread 0x00007fb50c17ac60 nmethod 693 0x00007fb4fc817390 code [0x00007fb4fc817580, 0x00007fb4fc818878]
Event: 0.332 Thread 0x00007fb50c17ac60  695       4       java.lang.StringBuilder::toString (35 bytes)
Event: 0.335 Thread 0x00007fb50c17c490  775       3       java.net.URLStreamHandler::toExternalForm (156 bytes)
Event: 0.335 Thread 0x00007fb50c17ac60 nmethod 695 0x00007fb4fc818f10 code [0x00007fb4fc8190a0, 0x00007fb4fc8194a8]
Event: 0.335 Thread 0x00007fb50c17ac60  765       4       java.lang.String::toString (2 bytes)
Event: 0.335 Thread 0x00007fb50c17ac60 nmethod 765 0x00007fb4fc819690 code [0x00007fb4fc819800, 0x00007fb4fc819858]
Event: 0.335 Thread 0x00007fb50c17ac60  774       4       java.lang.invoke.MethodType::parameterType (7 bytes)
Event: 0.335 Thread 0x00007fb50c17ac60 nmethod 774 0x00007fb4fc819990 code [0x00007fb4fc819b00, 0x00007fb4fc819b98]
Event: 0.335 Thread 0x00007fb50c17c490 nmethod 775 0x00007fb4f53e7d90 code [0x00007fb4f53e81a0, 0x00007fb4f53e9910]

GC Heap History (0 events):
No events

Deoptimization events (20 events):
Event: 0.220 Thread 0x00007fb50c028f10 DEOPT PACKING pc=0x00007fb4fc802d58 sp=0x00007fb51386b390
Event: 0.220 Thread 0x00007fb50c028f10 DEOPT UNPACKING pc=0x00007fb4f4d65125 sp=0x00007fb51386b338 mode 2
Event: 0.239 Thread 0x00007fb50c028f10 DEOPT PACKING pc=0x00007fb4f52c7d68 sp=0x00007fb51386a450
Event: 0.239 Thread 0x00007fb50c028f10 DEOPT UNPACKING pc=0x00007fb4f4d64f2b sp=0x00007fb5138698c0 mode 0
Event: 0.322 Thread 0x00007fb50c028f10 Uncommon trap: trap_request=0xffffff45 fr.pc=0x00007fb4fc7e37d8 relative=0x0000000000000058
Event: 0.322 Thread 0x00007fb50c028f10 Uncommon trap: reason=unstable_if action=reinterpret pc=0x00007fb4fc7e37d8 method=java.lang.String.isLatin1()Z @ 10 c2
Event: 0.322 Thread 0x00007fb50c028f10 DEOPT PACKING pc=0x00007fb4fc7e37d8 sp=0x00007fb51386afb0
Event: 0.322 Thread 0x00007fb50c028f10 DEOPT UNPACKING pc=0x00007fb4f4d65125 sp=0x00007fb51386af60 mode 2
Event: 0.323 Thread 0x00007fb50c028f10 Uncommon trap: trap_request=0xffffff45 fr.pc=0x00007fb4fc7fa33c relative=0x000000000000049c
Event: 0.323 Thread 0x00007fb50c028f10 Uncommon trap: reason=unstable_if action=reinterpret pc=0x00007fb4fc7fa33c method=java.lang.AbstractStringBuilder.putStringAt(ILjava/lang/String;)V @ 8 c2
Event: 0.323 Thread 0x00007fb50c028f10 DEOPT PACKING pc=0x00007fb4fc7fa33c sp=0x00007fb51386b3f0
Event: 0.323 Thread 0x00007fb50c028f10 DEOPT UNPACKING pc=0x00007fb4f4d65125 sp=0x00007fb51386b308 mode 2
Event: 0.323 Thread 0x00007fb50c028f10 Uncommon trap: trap_request=0xffffff45 fr.pc=0x00007fb4fc7f922c relative=0x000000000000048c
Event: 0.323 Thread 0x00007fb50c028f10 Uncommon trap: reason=unstable_if action=reinterpret pc=0x00007fb4fc7f922c method=java.lang.AbstractStringBuilder.putStringAt(ILjava/lang/String;)V @ 8 c2
Event: 0.323 Thread 0x00007fb50c028f10 DEOPT PACKING pc=0x00007fb4fc7f922c sp=0x00007fb51386b3a0
Event: 0.323 Thread 0x00007fb50c028f10 DEOPT UNPACKING pc=0x00007fb4f4d65125 sp=0x00007fb51386b310 mode 2
Event: 0.323 Thread 0x00007fb50c028f10 Uncommon trap: trap_request=0xffffff45 fr.pc=0x00007fb4fc7f8764 relative=0x00000000000000e4
Event: 0.323 Thread 0x00007fb50c028f10 Uncommon trap: reason=unstable_if action=reinterpret pc=0x00007fb4fc7f8764 method=java.lang.String.getBytes([BIB)V @ 5 c2
Event: 0.323 Thread 0x00007fb50c028f10 DEOPT PACKING pc=0x00007fb4fc7f8764 sp=0x00007fb51386b2c0
Event: 0.323 Thread 0x00007fb50c028f10 DEOPT UNPACKING pc=0x00007fb4f4d65125 sp=0x00007fb51386b288 mode 2

Classes unloaded (0 events):
No events

Classes redefined (0 events):
No events

Internal exceptions (14 events):
Event: 0.079 Thread 0x00007fb50c028f10 Exception <a 'java/lang/NoSuchMethodError'{0x00000007168b2950}: 'java.lang.Object java.lang.invoke.DirectMethodHandle$Holder.invokeStatic(java.lang.Object)'> (0x00000007168b2950) 
thrown [open/src/hotspot/share/interpreter/linkResolver.cpp, line 781]
Event: 0.079 Thread 0x00007fb50c028f10 Exception <a 'java/lang/NoSuchMethodError'{0x00000007168b60a0}: 'java.lang.Object java.lang.invoke.DirectMethodHandle$Holder.invokeStaticInit(java.lang.Object)'> (0x00000007168b60a0) 
thrown [open/src/hotspot/share/interpreter/linkResolver.cpp, line 781]
Event: 0.087 Thread 0x00007fb50c028f10 Exception <a 'java/lang/NoSuchMethodError'{0x000000071690e6e8}: 'void java.lang.invoke.DirectMethodHandle$Holder.invokeStatic(java.lang.Object, java.lang.Object)'> (0x000000071690e6e8) 
thrown [open/src/hotspot/share/interpreter/linkResolver.cpp, line 781]
Event: 0.088 Thread 0x00007fb50c028f10 Exception <a 'java/lang/NoSuchMethodError'{0x0000000716913db0}: 'void java.lang.invoke.DirectMethodHandle$Holder.invokeSpecial(java.lang.Object, java.lang.Object, java.lang.Object)'> (0x0000000716913db0) 
thrown [open/src/hotspot/share/interpreter/linkResolver.cpp, line 781]
Event: 0.091 Thread 0x00007fb50c028f10 Exception <a 'java/lang/NoSuchMethodError'{0x00000007169285f8}: 'java.lang.Object java.lang.invoke.DirectMethodHandle$Holder.invokeStatic(java.lang.Object, java.lang.Object, int)'> (0x00000007169285f8) 
thrown [open/src/hotspot/share/interpreter/linkResolver.cpp, line 781]
Event: 0.092 Thread 0x00007fb50c028f10 Exception <a 'java/lang/NoSuchMethodError'{0x0000000716934740}: 'void java.lang.invoke.DelegatingMethodHandle$Holder.delegate(java.lang.Object, java.lang.Object, int, java.lang.Object)'> (0x0000000716934740) 
thrown [open/src/hotspot/share/interpreter/linkResolver.cpp, line 781]
Event: 0.092 Thread 0x00007fb50c028f10 Exception <a 'java/lang/NoSuchMethodError'{0x0000000716938cd0}: 'int java.lang.invoke.DirectMethodHandle$Holder.invokeSpecial(java.lang.Object, java.lang.Object, java.lang.Object)'> (0x0000000716938cd0) 
thrown [open/src/hotspot/share/interpreter/linkResolver.cpp, line 781]
Event: 0.109 Thread 0x00007fb50c028f10 Exception <a 'sun/nio/fs/UnixException'{0x00000007169d6ed0}> (0x00000007169d6ed0) 
thrown [open/src/hotspot/share/prims/jni.cpp, line 578]
Event: 0.126 Thread 0x00007fb50c028f10 Exception <a 'sun/nio/fs/UnixException'{0x00000007166bb7b0}> (0x00000007166bb7b0) 
thrown [open/src/hotspot/share/prims/jni.cpp, line 578]
Event: 0.182 Thread 0x00007fb50c028f10 Exception <a 'java/lang/NoSuchMethodError'{0x0000000716720bb8}: 'void java.lang.invoke.DirectMethodHandle$Holder.invokeStaticInit(java.lang.Object, long, double, double)'> (0x0000000716720bb8) 
thrown [open/src/hotspot/share/interpreter/linkResolver.cpp, line 781]
Event: 0.184 Thread 0x00007fb50c028f10 Exception <a 'java/lang/NoSuchMethodError'{0x0000000716731db8}: 'void java.lang.invoke.DirectMethodHandle$Holder.invokeStaticInit(java.lang.Object, long, int, int, int)'> (0x0000000716731db8) 
thrown [open/src/hotspot/share/interpreter/linkResolver.cpp, line 781]
Event: 0.186 Thread 0x00007fb50c028f10 Exception <a 'java/lang/NoSuchMethodError'{0x000000071674e430}: 'void java.lang.invoke.DirectMethodHandle$Holder.invokeStaticInit(java.lang.Object, long, int, int, int, int)'> (0x000000071674e430) 
thrown [open/src/hotspot/share/interpreter/linkResolver.cpp, line 781]
Event: 0.198 Thread 0x00007fb50c028f10 Exception <a 'sun/nio/fs/UnixException'{0x00000007167a5e80}> (0x00000007167a5e80) 
thrown [open/src/hotspot/share/prims/jni.cpp, line 578]
Event: 0.199 Thread 0x00007fb50c028f10 Exception <a 'sun/nio/fs/UnixException'{0x00000007167b3e68}> (0x00000007167b3e68) 
thrown [open/src/hotspot/share/prims/jni.cpp, line 578]

Events (20 events):
Event: 0.323 loading class java/nio/channels/spi/AbstractInterruptibleChannel$1
Event: 0.323 loading class sun/nio/ch/Interruptible
Event: 0.323 loading class sun/nio/ch/Interruptible done
Event: 0.323 loading class java/nio/channels/spi/AbstractInterruptibleChannel$1 done
Event: 0.323 loading class java/util/regex/Matcher$ImmutableMatchResult
Event: 0.323 loading class java/util/regex/Matcher$ImmutableMatchResult done
Event: 0.325 loading class java/lang/invoke/BoundMethodHandle$Species_LLL
Event: 0.325 loading class java/lang/invoke/BoundMethodHandle$Species_LLL done
Event: 0.326 loading class java/lang/invoke/BoundMethodHandle$Species_LLLL
Event: 0.326 loading class java/lang/invoke/BoundMethodHandle$Species_LLLL done
Event: 0.327 loading class java/lang/invoke/BoundMethodHandle$Species_LLLLL
Event: 0.327 loading class java/lang/invoke/BoundMethodHandle$Species_LLLLL done
Event: 0.327 loading class java/lang/invoke/BoundMethodHandle$Species_LJ
Event: 0.327 loading class java/lang/invoke/BoundMethodHandle$Species_LJ done
Event: 0.328 loading class java/lang/invoke/BoundMethodHandle$Species_LLLLLL
Event: 0.328 loading class java/lang/invoke/BoundMethodHandle$Species_LLLLLL done
Event: 0.328 loading class java/lang/invoke/BoundMethodHandle$Species_LLLLLLL
Event: 0.328 loading class java/lang/invoke/BoundMethodHandle$Species_LLLLLLL done
Event: 0.330 Thread 0x00007fb4bc11ac50 Thread added: 0x00007fb4bc11ac50
Event: 0.330 Protecting memory [0x00007fb4dcd3f000,0x00007fb4dcd43000] with protection modes 0


Dynamic libraries:
41782000-41831000 rw-p 00000000 00:00 0 
41c95000-41c97000 r-xs 00000000 00:01 2280                               /memfd:/.glXXXXXX (deleted)
707200000-716c00000 rw-p 00000000 00:00 0 
716c00000-7ffc00000 ---p 00000000 00:00 0 
7ffc00000-7ffd00000 rw-p 00000000 00:00 0 
7ffd00000-7ffd52000 rw-p 00be4000 103:05 4101281                         /home/peershaul/.jdks/openjdk-15.0.2/lib/server/classes.jsa
7ffd52000-7ffe00000 rw-p 00000000 00:00 0 
7ffe00000-7ffe7c000 rw-p 00b68000 103:05 4101281                         /home/peershaul/.jdks/openjdk-15.0.2/lib/server/classes.jsa
7ffe7c000-800000000 rw-p 00000000 00:00 0 
800000000-800003000 rwxp 00001000 103:05 4101281                         /home/peershaul/.jdks/openjdk-15.0.2/lib/server/classes.jsa
800003000-8003e6000 rw-p 00004000 103:05 4101281                         /home/peershaul/.jdks/openjdk-15.0.2/lib/server/classes.jsa
8003e6000-800b33000 r--p 003e7000 103:05 4101281                         /home/peershaul/.jdks/openjdk-15.0.2/lib/server/classes.jsa
800b33000-800b34000 ---p 00000000 00:00 0 
800b34000-800bd4000 rw-p 00000000 00:00 0 
800bd4000-840b34000 ---p 00000000 00:00 0 
55b328d58000-55b328d59000 r-xp 00000000 103:05 3805711                   /home/peershaul/.jdks/openjdk-15.0.2/bin/java
55b328d5a000-55b328d5b000 r--p 00001000 103:05 3805711                   /home/peershaul/.jdks/openjdk-15.0.2/bin/java
55b328d5b000-55b328d5c000 rw-p 00002000 103:05 3805711                   /home/peershaul/.jdks/openjdk-15.0.2/bin/java
55b32a20b000-55b32a22c000 rw-p 00000000 00:00 0                          [heap]
7fb4a0000000-7fb4a0104000 rw-p 00000000 00:00 0 
7fb4a0104000-7fb4a4000000 ---p 00000000 00:00 0 
7fb4a60f3000-7fb4a7285000 r-xp 00000000 103:05 4093883                   /usr/lib/libnvidia-glcore.so.460.67
7fb4a7285000-7fb4a72a6000 rwxp 01192000 103:05 4093883                   /usr/lib/libnvidia-glcore.so.460.67
7fb4a72a6000-7fb4a77b6000 r-xp 011b3000 103:05 4093883                   /usr/lib/libnvidia-glcore.so.460.67
7fb4a77b6000-7fb4a79b5000 ---p 016c3000 103:05 4093883                   /usr/lib/libnvidia-glcore.so.460.67
7fb4a79b5000-7fb4a7ef2000 r--p 016c2000 103:05 4093883                   /usr/lib/libnvidia-glcore.so.460.67
7fb4a7ef2000-7fb4a7fe1000 rw-p 01bff000 103:05 4093883                   /usr/lib/libnvidia-glcore.so.460.67
7fb4a7fe1000-7fb4a8000000 rw-p 00000000 00:00 0 
7fb4a8000000-7fb4a8021000 rw-p 00000000 00:00 0 
7fb4a8021000-7fb4ac000000 ---p 00000000 00:00 0 
7fb4ac000000-7fb4ac021000 rw-p 00000000 00:00 0 
7fb4ac021000-7fb4b0000000 ---p 00000000 00:00 0 
7fb4b0000000-7fb4b0021000 rw-p 00000000 00:00 0 
7fb4b0021000-7fb4b4000000 ---p 00000000 00:00 0 
7fb4b4000000-7fb4b4021000 rw-p 00000000 00:00 0 
7fb4b4021000-7fb4b8000000 ---p 00000000 00:00 0 
7fb4b8000000-7fb4b843c000 rw-p 00000000 00:00 0 
7fb4b843c000-7fb4bc000000 ---p 00000000 00:00 0 
7fb4bc000000-7fb4bc25e000 rw-p 00000000 00:00 0 
7fb4bc25e000-7fb4c0000000 ---p 00000000 00:00 0 
7fb4c0000000-7fb4c0021000 rw-p 00000000 00:00 0 
7fb4c0021000-7fb4c4000000 ---p 00000000 00:00 0 
7fb4c4000000-7fb4c4021000 rw-p 00000000 00:00 0 
7fb4c4021000-7fb4c8000000 ---p 00000000 00:00 0 
7fb4c8000000-7fb4c8021000 rw-p 00000000 00:00 0 
7fb4c8021000-7fb4cc000000 ---p 00000000 00:00 0 
7fb4cc000000-7fb4cc021000 rw-p 00000000 00:00 0 
7fb4cc021000-7fb4d0000000 ---p 00000000 00:00 0 
7fb4d0000000-7fb4d0021000 rw-p 00000000 00:00 0 
7fb4d0021000-7fb4d4000000 ---p 00000000 00:00 0 
7fb4d4000000-7fb4d4021000 rw-p 00000000 00:00 0 
7fb4d4021000-7fb4d8000000 ---p 00000000 00:00 0 
7fb4d8000000-7fb4d8021000 rw-p 00000000 00:00 0 
7fb4d8021000-7fb4dc000000 ---p 00000000 00:00 0 
7fb4dcd3f000-7fb4dcd43000 ---p 00000000 00:00 0 
7fb4dcd43000-7fb4dcec0000 rw-p 00000000 00:00 0 
7fb4dcec0000-7fb4dd040000 ---p 00000000 00:00 0 
7fb4dd043000-7fb4dd09b000 r-xp 00000000 00:2e 1942                       /tmp/lwjglpeershaul/3.2.3-build-13/liblwjgl_opengl.so
7fb4dd09b000-7fb4dd29a000 ---p 00058000 00:2e 1942                       /tmp/lwjglpeershaul/3.2.3-build-13/liblwjgl_opengl.so
7fb4dd29a000-7fb4dd29b000 r--p 00057000 00:2e 1942                       /tmp/lwjglpeershaul/3.2.3-build-13/liblwjgl_opengl.so
7fb4dd29b000-7fb4dd29c000 rw-p 00058000 00:2e 1942                       /tmp/lwjglpeershaul/3.2.3-build-13/liblwjgl_opengl.so
7fb4dd29c000-7fb4dd29f000 r--p 00000000 103:05 4087315                   /usr/lib/libxcb-sync.so.1.0.0
7fb4dd29f000-7fb4dd2a2000 r-xp 00003000 103:05 4087315                   /usr/lib/libxcb-sync.so.1.0.0
7fb4dd2a2000-7fb4dd2a3000 r--p 00006000 103:05 4087315                   /usr/lib/libxcb-sync.so.1.0.0
7fb4dd2a3000-7fb4dd2a4000 ---p 00007000 103:05 4087315                   /usr/lib/libxcb-sync.so.1.0.0
7fb4dd2a4000-7fb4dd2a5000 r--p 00007000 103:05 4087315                   /usr/lib/libxcb-sync.so.1.0.0
7fb4dd2a5000-7fb4dd2a6000 rw-p 00008000 103:05 4087315                   /usr/lib/libxcb-sync.so.1.0.0
7fb4dd2af000-7fb4dd2bc000 r-xp 00000000 103:05 3937528                   /home/peershaul/.jdks/openjdk-15.0.2/lib/libverify.so
7fb4dd2bc000-7fb4dd2be000 r--p 0000c000 103:05 3937528                   /home/peershaul/.jdks/openjdk-15.0.2/lib/libverify.so
7fb4dd2be000-7fb4dd2bf000 rw-p 0000e000 103:05 3937528                   /home/peershaul/.jdks/openjdk-15.0.2/lib/libverify.so
7fb4dd2bf000-7fb4dd2c0000 r-xp 00000000 00:00 0 
7fb4dd2c0000-7fb4dd340000 rw-s 00000000 00:05 1595                       /dev/nvidiactl
7fb4dd340000-7fb4dd440000 rw-s 00000000 00:05 1595                       /dev/nvidiactl
7fb4dd440000-7fb4dd480000 rw-s 00000000 00:05 1595                       /dev/nvidiactl
7fb4dd480000-7fb4dd4a0000 rw-s 00000000 00:05 1595                       /dev/nvidiactl
7fb4dd4a0000-7fb4dd4e0000 rw-s 00000000 00:05 1595                       /dev/nvidiactl
7fb4dd4e0000-7fb4dd500000 rw-s 00000000 00:05 1595                       /dev/nvidiactl
7fb4dd500000-7fb4dd580000 rw-s 00000000 00:05 1596                       /dev/nvidia0
7fb4dd580000-7fb4dd5c0000 rw-s 00000000 00:05 1595                       /dev/nvidiactl
7fb4dd5c0000-7fb4dd5e0000 rw-s 00000000 00:05 1595                       /dev/nvidiactl
7fb4dd5e0000-7fb4dd785000 rw-s 00000000 00:01 2048                       /memfd:/.nvidia_drv.XXXXXX (deleted)
7fb4dd785000-7fb4dd78a000 r--p 00000000 103:05 4091423                   /usr/lib/libdrm.so.2.4.0
7fb4dd78a000-7fb4dd794000 r-xp 00005000 103:05 4091423                   /usr/lib/libdrm.so.2.4.0
7fb4dd794000-7fb4dd798000 r--p 0000f000 103:05 4091423                   /usr/lib/libdrm.so.2.4.0
7fb4dd798000-7fb4dd799000 r--p 00012000 103:05 4091423                   /usr/lib/libdrm.so.2.4.0
7fb4dd799000-7fb4dd79a000 rw-p 00013000 103:05 4091423                   /usr/lib/libdrm.so.2.4.0
7fb4dd79a000-7fb4dd79c000 r-xp 00000000 00:00 0 
7fb4dd79c000-7fb4dd79f000 rw-s 00000000 00:05 1595                       /dev/nvidiactl
7fb4dd79f000-7fb4dd7a1000 rw-s 00000000 00:01 2280                       /memfd:/.glXXXXXX (deleted)
7fb4dd7a1000-7fb4dd7b4000 rw-s 00000000 00:05 1595                       /dev/nvidiactl
7fb4dd7b4000-7fb4dd7b7000 r-xp 00000000 103:05 4093907                   /usr/lib/libnvidia-tls.so.460.67
7fb4dd7b7000-7fb4dd9b7000 ---p 00003000 103:05 4093907                   /usr/lib/libnvidia-tls.so.460.67
7fb4dd9b7000-7fb4dd9b8000 r--p 00003000 103:05 4093907                   /usr/lib/libnvidia-tls.so.460.67
7fb4dd9b8000-7fb4dd9b9000 rw-p 00004000 103:05 4093907                   /usr/lib/libnvidia-tls.so.460.67
7fb4dd9b9000-7fb4dda59000 r-xp 00000000 103:05 4093861                   /usr/lib/libGLX_nvidia.so.460.67
7fb4dda59000-7fb4dda8e000 rwxp 000a0000 103:05 4093861                   /usr/lib/libGLX_nvidia.so.460.67
7fb4dda8e000-7fb4dda95000 r-xp 000d5000 103:05 4093861                   /usr/lib/libGLX_nvidia.so.460.67
7fb4dda95000-7fb4ddc94000 ---p 000dc000 103:05 4093861                   /usr/lib/libGLX_nvidia.so.460.67
7fb4ddc94000-7fb4ddcdc000 r--p 000db000 103:05 4093861                   /usr/lib/libGLX_nvidia.so.460.67
7fb4ddcdc000-7fb4ddce1000 rw-p 00123000 103:05 4093861                   /usr/lib/libGLX_nvidia.so.460.67
7fb4ddce1000-7fb4ddce3000 rw-p 00000000 00:00 0 
7fb4ddce3000-7fb4ddd23000 r--p 00000000 103:05 4091698                   /usr/lib/libGLdispatch.so.0.0.0
7fb4ddd23000-7fb4ddd25000 r-xp 00040000 103:05 4091698                   /usr/lib/libGLdispatch.so.0.0.0
7fb4ddd25000-7fb4ddd60000 r-xp 00042000 103:05 4091698                   /usr/lib/libGLdispatch.so.0.0.0
7fb4ddd60000-7fb4ddd61000 r-xp 0007d000 103:05 4091698                   /usr/lib/libGLdispatch.so.0.0.0
7fb4ddd61000-7fb4ddd74000 r--p 0007e000 103:05 4091698                   /usr/lib/libGLdispatch.so.0.0.0
7fb4ddd74000-7fb4ddd75000 ---p 00091000 103:05 4091698                   /usr/lib/libGLdispatch.so.0.0.0
7fb4ddd75000-7fb4ddd91000 r--p 00091000 103:05 4091698                   /usr/lib/libGLdispatch.so.0.0.0
7fb4ddd91000-7fb4ddd92000 rw-p 000ad000 103:05 4091698                   /usr/lib/libGLdispatch.so.0.0.0
7fb4ddd92000-7fb4ddd9a000 rw-p 00000000 00:00 0 
7fb4ddd9a000-7fb4ddddd000 r-xp 00000000 00:2e 1941                       /tmp/lwjglpeershaul/3.2.3-build-13/libglfw.so
7fb4ddddd000-7fb4ddfdc000 ---p 00043000 00:2e 1941                       /tmp/lwjglpeershaul/3.2.3-build-13/libglfw.so
7fb4ddfdc000-7fb4ddfdd000 r--p 00042000 00:2e 1941                       /tmp/lwjglpeershaul/3.2.3-build-13/libglfw.so
7fb4ddfdd000-7fb4ddfdf000 rw-p 00043000 00:2e 1941                       /tmp/lwjglpeershaul/3.2.3-build-13/libglfw.so
7fb4ddfdf000-7fb4e0000000 rw-p 00000000 00:00 0 
7fb4e0000000-7fb4e0021000 rw-p 00000000 00:00 0 
7fb4e0021000-7fb4e4000000 ---p 00000000 00:00 0 
7fb4e4000000-7fb4e4021000 rw-p 00000000 00:00 0 
7fb4e4021000-7fb4e8000000 ---p 00000000 00:00 0 
7fb4e8000000-7fb4e8021000 rw-p 00000000 00:00 0 
7fb4e8021000-7fb4ec000000 ---p 00000000 00:00 0 
7fb4ec000000-7fb4ec001000 r--p 00000000 103:05 4087291                   /usr/lib/libxcb-present.so.0.0.0
7fb4ec001000-7fb4ec002000 r-xp 00001000 103:05 4087291                   /usr/lib/libxcb-present.so.0.0.0
7fb4ec002000-7fb4ec003000 r--p 00002000 103:05 4087291                   /usr/lib/libxcb-present.so.0.0.0
7fb4ec003000-7fb4ec004000 r--p 00002000 103:05 4087291                   /usr/lib/libxcb-present.so.0.0.0
7fb4ec004000-7fb4ec005000 rw-p 00003000 103:05 4087291                   /usr/lib/libxcb-present.so.0.0.0
7fb4ec005000-7fb4ec007000 r--p 00000000 103:05 4087285                   /usr/lib/libxcb-dri3.so.0.0.0
7fb4ec007000-7fb4ec008000 r-xp 00002000 103:05 4087285                   /usr/lib/libxcb-dri3.so.0.0.0
7fb4ec008000-7fb4ec009000 r--p 00003000 103:05 4087285                   /usr/lib/libxcb-dri3.so.0.0.0
7fb4ec009000-7fb4ec00a000 r--p 00003000 103:05 4087285                   /usr/lib/libxcb-dri3.so.0.0.0
7fb4ec00a000-7fb4ec00b000 rw-p 00004000 103:05 4087285                   /usr/lib/libxcb-dri3.so.0.0.0
7fb4ec00b000-7fb4ec017000 r--p 00000000 103:05 4087288                   /usr/lib/libxcb-glx.so.0.0.0
7fb4ec017000-7fb4ec020000 r-xp 0000c000 103:05 4087288                   /usr/lib/libxcb-glx.so.0.0.0
7fb4ec020000-7fb4ec025000 r--p 00015000 103:05 4087288                   /usr/lib/libxcb-glx.so.0.0.0
7fb4ec025000-7fb4ec026000 ---p 0001a000 103:05 4087288                   /usr/lib/libxcb-glx.so.0.0.0
7fb4ec026000-7fb4ec028000 r--p 0001a000 103:05 4087288                   /usr/lib/libxcb-glx.so.0.0.0
7fb4ec028000-7fb4ec029000 rw-p 0001c000 103:05 4087288                   /usr/lib/libxcb-glx.so.0.0.0
7fb4ec029000-7fb4ec02c000 r--p 00000000 103:05 4091694                   /usr/lib/libGLX.so.0.0.0
7fb4ec02c000-7fb4ec046000 r-xp 00003000 103:05 4091694                   /usr/lib/libGLX.so.0.0.0
7fb4ec046000-7fb4ec049000 r--p 0001d000 103:05 4091694                   /usr/lib/libGLX.so.0.0.0
7fb4ec049000-7fb4ec04a000 ---p 00020000 103:05 4091694                   /usr/lib/libGLX.so.0.0.0
7fb4ec04a000-7fb4ec04b000 r--p 00020000 103:05 4091694                   /usr/lib/libGLX.so.0.0.0
7fb4ec04b000-7fb4ec04c000 rw-p 00021000 103:05 4091694                   /usr/lib/libGLX.so.0.0.0
7fb4ec04c000-7fb4ec05c000 rw-p 00000000 00:00 0 
7fb4ec05c000-7fb4ec09e000 r--p 00000000 103:05 4091687                   /usr/lib/libGL.so.1.7.0
7fb4ec09e000-7fb4ec0a1000 r-xp 00042000 103:05 4091687                   /usr/lib/libGL.so.1.7.0
7fb4ec0a1000-7fb4ec0bc000 r-xp 00045000 103:05 4091687                   /usr/lib/libGL.so.1.7.0
7fb4ec0bc000-7fb4ec0bd000 r-xp 00060000 103:05 4091687                   /usr/lib/libGL.so.1.7.0
7fb4ec0bd000-7fb4ec0d2000 r--p 00061000 103:05 4091687                   /usr/lib/libGL.so.1.7.0
7fb4ec0d2000-7fb4ec0e0000 r--p 00075000 103:05 4091687                   /usr/lib/libGL.so.1.7.0
7fb4ec0e0000-7fb4ec0e1000 rw-p 00083000 103:05 4091687                   /usr/lib/libGL.so.1.7.0
7fb4ec0e1000-7fb4ec0e2000 rw-p 00000000 00:00 0 
7fb4ec0e2000-7fb4ec0e3000 r--p 00000000 103:05 4089642                   /usr/lib/libX11-xcb.so.1.0.0
7fb4ec0e3000-7fb4ec0e4000 r-xp 00001000 103:05 4089642                   /usr/lib/libX11-xcb.so.1.0.0
7fb4ec0e4000-7fb4ec0e5000 r--p 00002000 103:05 4089642                   /usr/lib/libX11-xcb.so.1.0.0
7fb4ec0e5000-7fb4ec0e6000 r--p 00002000 103:05 4089642                   /usr/lib/libX11-xcb.so.1.0.0
7fb4ec0e6000-7fb4ec0e7000 rw-p 00003000 103:05 4089642                   /usr/lib/libX11-xcb.so.1.0.0
7fb4ec0e7000-7fb4ec0e8000 r--p 00000000 103:05 4090614                   /usr/lib/libXinerama.so.1.0.0
7fb4ec0e8000-7fb4ec0e9000 r-xp 00001000 103:05 4090614                   /usr/lib/libXinerama.so.1.0.0
7fb4ec0e9000-7fb4ec0ea000 r--p 00002000 103:05 4090614                   /usr/lib/libXinerama.so.1.0.0
7fb4ec0ea000-7fb4ec0eb000 r--p 00002000 103:05 4090614                   /usr/lib/libXinerama.so.1.0.0
7fb4ec0eb000-7fb4ec0ec000 rw-p 00003000 103:05 4090614                   /usr/lib/libXinerama.so.1.0.0
7fb4ec0ec000-7fb4ec0ee000 r--p 00000000 103:05 4090573                   /usr/lib/libXfixes.so.3.1.0
7fb4ec0ee000-7fb4ec0f1000 r-xp 00002000 103:05 4090573                   /usr/lib/libXfixes.so.3.1.0
7fb4ec0f1000-7fb4ec0f2000 r--p 00005000 103:05 4090573                   /usr/lib/libXfixes.so.3.1.0
7fb4ec0f2000-7fb4ec0f3000 ---p 00006000 103:05 4090573                   /usr/lib/libXfixes.so.3.1.0
7fb4ec0f3000-7fb4ec0f4000 r--p 00006000 103:05 4090573                   /usr/lib/libXfixes.so.3.1.0
7fb4ec0f4000-7fb4ec0f5000 rw-p 00007000 103:05 4090573                   /usr/lib/libXfixes.so.3.1.0
7fb4ec0f5000-7fb4ec0f8000 r--p 00000000 103:05 4090578                   /usr/lib/libXcursor.so.1.0.2
7fb4ec0f8000-7fb4ec0fd000 r-xp 00003000 103:05 4090578                   /usr/lib/libXcursor.so.1.0.2
7fb4ec0fd000-7fb4ec0ff000 r--p 00008000 103:05 4090578                   /usr/lib/libXcursor.so.1.0.2
7fb4ec0ff000-7fb4ec100000 r--p 00009000 103:05 4090578                   /usr/lib/libXcursor.so.1.0.2
7fb4ec100000-7fb4ec101000 rw-p 0000a000 103:05 4090578                   /usr/lib/libXcursor.so.1.0.2
7fb4ec101000-7fb4ec103000 r--p 00000000 103:05 4090535                   /usr/lib/libXrender.so.1.3.0
7fb4ec103000-7fb4ec10a000 r-xp 00002000 103:05 4090535                   /usr/lib/libXrender.so.1.3.0
7fb4ec10a000-7fb4ec10c000 r--p 00009000 103:05 4090535                   /usr/lib/libXrender.so.1.3.0
7fb4ec10c000-7fb4ec10d000 r--p 0000a000 103:05 4090535                   /usr/lib/libXrender.so.1.3.0
7fb4ec10d000-7fb4ec10e000 rw-p 0000b000 103:05 4090535                   /usr/lib/libXrender.so.1.3.0
7fb4ec10e000-7fb4ec111000 r--p 00000000 103:05 4090642                   /usr/lib/libXi.so.6.1.0
7fb4ec111000-7fb4ec11c000 r-xp 00003000 103:05 4090642                   /usr/lib/libXi.so.6.1.0
7fb4ec11c000-7fb4ec11f000 r--p 0000e000 103:05 4090642                   /usr/lib/libXi.so.6.1.0
7fb4ec11f000-7fb4ec120000 r--p 00010000 103:05 4090642                   /usr/lib/libXi.so.6.1.0
7fb4ec120000-7fb4ec121000 rw-p 00011000 103:05 4090642                   /usr/lib/libXi.so.6.1.0
7fb4ec121000-7fb4ec13d000 r--p 00000000 103:05 4089646                   /usr/lib/libX11.so.6.4.0
7fb4ec13d000-7fb4ec1c7000 r-xp 0001c000 103:05 4089646                   /usr/lib/libX11.so.6.4.0
7fb4ec1c7000-7fb4ec25b000 r--p 000a6000 103:05 4089646                   /usr/lib/libX11.so.6.4.0
7fb4ec25b000-7fb4ec25e000 r--p 00139000 103:05 4089646                   /usr/lib/libX11.so.6.4.0
7fb4ec25e000-7fb4ec262000 rw-p 0013c000 103:05 4089646                   /usr/lib/libX11.so.6.4.0
7fb4ec262000-7fb4ec2b3000 r-xp 00000000 00:2e 1940                       /tmp/lwjglpeershaul/3.2.3-build-13/liblwjgl.so
7fb4ec2b3000-7fb4ec4b2000 ---p 00051000 00:2e 1940                       /tmp/lwjglpeershaul/3.2.3-build-13/liblwjgl.so
7fb4ec4b2000-7fb4ec4b3000 r--p 00050000 00:2e 1940                       /tmp/lwjglpeershaul/3.2.3-build-13/liblwjgl.so
7fb4ec4b3000-7fb4ec4b4000 rw-p 00051000 00:2e 1940                       /tmp/lwjglpeershaul/3.2.3-build-13/liblwjgl.so
7fb4ec4b4000-7fb4ec4b8000 ---p 00000000 00:00 0 
7fb4ec4b8000-7fb4ec5b5000 rw-p 00000000 00:00 0 
7fb4ec5b5000-7fb4ec5b6000 ---p 00000000 00:00 0 
7fb4ec5b6000-7fb4ec6b7000 rw-p 00000000 00:00 0 
7fb4ec6b7000-7fb4ec6bb000 ---p 00000000 00:00 0 
7fb4ec6bb000-7fb4ec7b8000 rw-p 00000000 00:00 0 
7fb4ec7b8000-7fb4ec7bc000 ---p 00000000 00:00 0 
7fb4ec7bc000-7fb4ec8b9000 rw-p 00000000 00:00 0 
7fb4ec8b9000-7fb4ec8bd000 ---p 00000000 00:00 0 
7fb4ec8bd000-7fb4ec9ba000 rw-p 00000000 00:00 0 
7fb4ec9ba000-7fb4ec9be000 ---p 00000000 00:00 0 
7fb4ec9be000-7fb4ecabb000 rw-p 00000000 00:00 0 
7fb4ecabb000-7fb4ecabf000 ---p 00000000 00:00 0 
7fb4ecabf000-7fb4ecbbc000 rw-p 00000000 00:00 0 
7fb4ecbbc000-7fb4ecbc0000 ---p 00000000 00:00 0 
7fb4ecbc0000-7fb4eccbd000 rw-p 00000000 00:00 0 
7fb4eccbd000-7fb4ecfa6000 r--p 00000000 103:05 4093562                   /usr/lib/locale/locale-archive
7fb4ecfa6000-7fb4ecfaa000 ---p 00000000 00:00 0 
7fb4ecfaa000-7fb4ed48f000 rw-p 00000000 00:00 0 
7fb4ed48f000-7fb4f0ecf000 ---p 00000000 00:00 0 
7fb4f0ecf000-7fb4f12c7000 rw-p 00000000 00:00 0 
7fb4f12c7000-7fb4f4d07000 ---p 00000000 00:00 0 
7fb4f4d07000-7fb4f4d17000 rw-p 00000000 00:00 0 
7fb4f4d17000-7fb4f4f87000 rwxp 00000000 00:00 0 
7fb4f4f87000-7fb4f52a8000 ---p 00000000 00:00 0 
7fb4f52a8000-7fb4f5518000 rwxp 00000000 00:00 0 
7fb4f5518000-7fb4fc7df000 ---p 00000000 00:00 0 
7fb4fc7df000-7fb4fca4f000 rwxp 00000000 00:00 0 
7fb4fca4f000-7fb503d17000 ---p 00000000 00:00 0 
7fb503d17000-7fb50c000000 r--s 00000000 103:05 3937530                   /home/peershaul/.jdks/openjdk-15.0.2/lib/modules
7fb50c000000-7fb50cac9000 rw-p 00000000 00:00 0 
7fb50cac9000-7fb510000000 ---p 00000000 00:00 0 
7fb510000000-7fb510002000 r--p 00000000 103:05 4090623                   /usr/lib/libXrandr.so.2.2.0
7fb510002000-7fb510009000 r-xp 00002000 103:05 4090623                   /usr/lib/libXrandr.so.2.2.0
7fb510009000-7fb51000b000 r--p 00009000 103:05 4090623                   /usr/lib/libXrandr.so.2.2.0
7fb51000b000-7fb51000c000 r--p 0000a000 103:05 4090623                   /usr/lib/libXrandr.so.2.2.0
7fb51000c000-7fb51000d000 rw-p 0000b000 103:05 4090623                   /usr/lib/libXrandr.so.2.2.0
7fb51000d000-7fb510011000 r--p 00000000 103:05 4090470                   /usr/lib/libXext.so.6.4.0
7fb510011000-7fb51001c000 r-xp 00004000 103:05 4090470                   /usr/lib/libXext.so.6.4.0
7fb51001c000-7fb510020000 r--p 0000f000 103:05 4090470                   /usr/lib/libXext.so.6.4.0
7fb510020000-7fb510021000 r--p 00012000 103:05 4090470                   /usr/lib/libXext.so.6.4.0
7fb510021000-7fb510022000 rw-p 00013000 103:05 4090470                   /usr/lib/libXext.so.6.4.0
7fb510022000-7fb510023000 r--p 00000000 103:05 4091453                   /usr/lib/libXxf86vm.so.1.0.0
7fb510023000-7fb510026000 r-xp 00001000 103:05 4091453                   /usr/lib/libXxf86vm.so.1.0.0
7fb510026000-7fb510027000 r--p 00004000 103:05 4091453                   /usr/lib/libXxf86vm.so.1.0.0
7fb510027000-7fb510028000 r--p 00004000 103:05 4091453                   /usr/lib/libXxf86vm.so.1.0.0
7fb510028000-7fb510029000 rw-p 00005000 103:05 4091453                   /usr/lib/libXxf86vm.so.1.0.0
7fb510029000-7fb51002b000 r--p 00000000 103:05 4087256                   /usr/lib/libXdmcp.so.6.0.0
7fb51002b000-7fb51002d000 r-xp 00002000 103:05 4087256                   /usr/lib/libXdmcp.so.6.0.0
7fb51002d000-7fb51002f000 r--p 00004000 103:05 4087256                   /usr/lib/libXdmcp.so.6.0.0
7fb51002f000-7fb510030000 r--p 00005000 103:05 4087256                   /usr/lib/libXdmcp.so.6.0.0
7fb510030000-7fb510031000 rw-p 00006000 103:05 4087256                   /usr/lib/libXdmcp.so.6.0.0
7fb510031000-7fb510032000 r--p 00000000 103:05 4087260                   /usr/lib/libXau.so.6.0.0
7fb510032000-7fb510033000 r-xp 00001000 103:05 4087260                   /usr/lib/libXau.so.6.0.0
7fb510033000-7fb510034000 r--p 00002000 103:05 4087260                   /usr/lib/libXau.so.6.0.0
7fb510034000-7fb510035000 r--p 00002000 103:05 4087260                   /usr/lib/libXau.so.6.0.0
7fb510035000-7fb510036000 rw-p 00003000 103:05 4087260                   /usr/lib/libXau.so.6.0.0
7fb510036000-7fb510042000 r--p 00000000 103:05 4087342                   /usr/lib/libxcb.so.1.1.0
7fb510042000-7fb510055000 r-xp 0000c000 103:05 4087342                   /usr/lib/libxcb.so.1.1.0
7fb510055000-7fb51005e000 r--p 0001f000 103:05 4087342                   /usr/lib/libxcb.so.1.1.0
7fb51005e000-7fb51005f000 r--p 00027000 103:05 4087342                   /usr/lib/libxcb.so.1.1.0
7fb51005f000-7fb510060000 rw-p 00028000 103:05 4087342                   /usr/lib/libxcb.so.1.1.0
7fb510060000-7fb510061000 r-xp 00000000 00:00 0 
7fb510061000-7fb510065000 rw-s 00000000 00:05 1595                       /dev/nvidiactl
7fb510065000-7fb510066000 rw-s 00000000 00:05 1596                       /dev/nvidia0
7fb510066000-7fb51006a000 rw-s 00000000 00:05 1595                       /dev/nvidiactl
7fb51006a000-7fb51007a000 rw-s 00000000 00:05 1596                       /dev/nvidia0
7fb51007a000-7fb510081000 r-xp 00000000 103:05 3937529                   /home/peershaul/.jdks/openjdk-15.0.2/lib/libzip.so
7fb510081000-7fb510082000 ---p 00007000 103:05 3937529                   /home/peershaul/.jdks/openjdk-15.0.2/lib/libzip.so
7fb510082000-7fb510083000 r--p 00007000 103:05 3937529                   /home/peershaul/.jdks/openjdk-15.0.2/lib/libzip.so
7fb510083000-7fb510084000 rw-p 00008000 103:05 3937529                   /home/peershaul/.jdks/openjdk-15.0.2/lib/libzip.so
7fb510084000-7fb5100b5000 rw-p 00000000 00:00 0 
7fb5100b5000-7fb5100ca000 r-xp 00000000 103:05 3937520                   /home/peershaul/.jdks/openjdk-15.0.2/lib/libnet.so
7fb5100ca000-7fb5100cb000 r--p 00014000 103:05 3937520                   /home/peershaul/.jdks/openjdk-15.0.2/lib/libnet.so
7fb5100cb000-7fb5100cc000 rw-p 00015000 103:05 3937520                   /home/peershaul/.jdks/openjdk-15.0.2/lib/libnet.so
7fb5100cc000-7fb5100de000 r-xp 00000000 103:05 3937521                   /home/peershaul/.jdks/openjdk-15.0.2/lib/libnio.so
7fb5100de000-7fb5100df000 r--p 00011000 103:05 3937521                   /home/peershaul/.jdks/openjdk-15.0.2/lib/libnio.so
7fb5100df000-7fb5100e0000 rw-p 00012000 103:05 3937521                   /home/peershaul/.jdks/openjdk-15.0.2/lib/libnio.so
7fb5100e0000-7fb5100e4000 ---p 00000000 00:00 0 
7fb5100e4000-7fb5101e1000 rw-p 00000000 00:00 0 
7fb5101e1000-7fb5101e2000 ---p 00000000 00:00 0 
7fb5101e2000-7fb510c00000 rw-p 00000000 00:00 0 
7fb510c00000-7fb510c02000 rw-s 00000000 00:05 1595                       /dev/nvidiactl
7fb510c02000-7fb510c44000 rw-p 00000000 00:00 0 
7fb510c44000-7fb510c45000 ---p 00000000 00:00 0 
7fb510c45000-7fb510d46000 rw-p 00000000 00:00 0 
7fb510d46000-7fb510d47000 ---p 00000000 00:00 0 
7fb510d47000-7fb51144e000 rw-p 00000000 00:00 0 
7fb51144e000-7fb51144f000 ---p 00000000 00:00 0 
7fb51144f000-7fb511550000 rw-p 00000000 00:00 0 
7fb511550000-7fb511551000 ---p 00000000 00:00 0 
7fb511551000-7fb511652000 rw-p 00000000 00:00 0 
7fb511652000-7fb511653000 ---p 00000000 00:00 0 
7fb511653000-7fb511852000 rw-p 00000000 00:00 0 
7fb511852000-7fb511f9a000 ---p 00000000 00:00 0 
7fb511f9a000-7fb512019000 rw-p 00000000 00:00 0 
7fb512019000-7fb512761000 ---p 00000000 00:00 0 
7fb512761000-7fb5127e0000 rw-p 00000000 00:00 0 
7fb5127e0000-7fb512f28000 ---p 00000000 00:00 0 
7fb512f28000-7fb513535000 rw-p 00000000 00:00 0 
7fb513535000-7fb51361b000 ---p 00000000 00:00 0 
7fb51361b000-7fb513620000 rw-p 00000000 00:00 0 
7fb513620000-7fb513706000 ---p 00000000 00:00 0 
7fb513706000-7fb51370b000 rw-p 00000000 00:00 0 
7fb51370b000-7fb513712000 ---p 00000000 00:00 0 
7fb513712000-7fb513736000 r-xp 00000000 103:05 3937507                   /home/peershaul/.jdks/openjdk-15.0.2/lib/libjava.so
7fb513736000-7fb513737000 ---p 00024000 103:05 3937507                   /home/peershaul/.jdks/openjdk-15.0.2/lib/libjava.so
7fb513737000-7fb513738000 r--p 00024000 103:05 3937507                   /home/peershaul/.jdks/openjdk-15.0.2/lib/libjava.so
7fb513738000-7fb513739000 rw-p 00025000 103:05 3937507                   /home/peershaul/.jdks/openjdk-15.0.2/lib/libjava.so
7fb513739000-7fb51373a000 rw-p 00000000 00:00 0 
7fb51373a000-7fb513742000 rw-s 00000000 00:2e 1970                       /tmp/hsperfdata_peershaul/32988
7fb513742000-7fb51375e000 r-xp 00000000 103:05 3937511                   /home/peershaul/.jdks/openjdk-15.0.2/lib/libjimage.so
7fb51375e000-7fb513760000 r--p 0001b000 103:05 3937511                   /home/peershaul/.jdks/openjdk-15.0.2/lib/libjimage.so
7fb513760000-7fb513761000 rw-p 0001d000 103:05 3937511                   /home/peershaul/.jdks/openjdk-15.0.2/lib/libjimage.so
7fb513761000-7fb513764000 r--p 00000000 103:05 4066717                   /usr/lib/librt-2.33.so
7fb513764000-7fb513768000 r-xp 00003000 103:05 4066717                   /usr/lib/librt-2.33.so
7fb513768000-7fb51376a000 r--p 00007000 103:05 4066717                   /usr/lib/librt-2.33.so
7fb51376a000-7fb51376b000 r--p 00008000 103:05 4066717                   /usr/lib/librt-2.33.so
7fb51376b000-7fb51376c000 rw-p 00009000 103:05 4066717                   /usr/lib/librt-2.33.so
7fb51376c000-7fb513770000 ---p 00000000 00:00 0 
7fb513770000-7fb51386d000 rw-p 00000000 00:00 0 
7fb51386d000-7fb51387c000 r--p 00000000 103:05 4066681                   /usr/lib/libm-2.33.so
7fb51387c000-7fb513917000 r-xp 0000f000 103:05 4066681                   /usr/lib/libm-2.33.so
7fb513917000-7fb5139af000 r--p 000aa000 103:05 4066681                   /usr/lib/libm-2.33.so
7fb5139af000-7fb5139b0000 ---p 00142000 103:05 4066681                   /usr/lib/libm-2.33.so
7fb5139b0000-7fb5139b1000 r--p 00142000 103:05 4066681                   /usr/lib/libm-2.33.so
7fb5139b1000-7fb5139b2000 rw-p 00143000 103:05 4066681                   /usr/lib/libm-2.33.so
7fb5139b2000-7fb5149f9000 r-xp 00000000 103:05 4101284                   /home/peershaul/.jdks/openjdk-15.0.2/lib/server/libjvm.so
7fb5149f9000-7fb5149fa000 ---p 01047000 103:05 4101284                   /home/peershaul/.jdks/openjdk-15.0.2/lib/server/libjvm.so
7fb5149fa000-7fb514a94000 r--p 01047000 103:05 4101284                   /home/peershaul/.jdks/openjdk-15.0.2/lib/server/libjvm.so
7fb514a94000-7fb514acb000 rw-p 010e1000 103:05 4101284                   /home/peershaul/.jdks/openjdk-15.0.2/lib/server/libjvm.so
7fb514acb000-7fb514b56000 rw-p 00000000 00:00 0 
7fb514b56000-7fb514b7c000 r--p 00000000 103:05 4066668                   /usr/lib/libc-2.33.so
7fb514b7c000-7fb514cc8000 r-xp 00026000 103:05 4066668                   /usr/lib/libc-2.33.so
7fb514cc8000-7fb514d14000 r--p 00172000 103:05 4066668                   /usr/lib/libc-2.33.so
7fb514d14000-7fb514d17000 r--p 001bd000 103:05 4066668                   /usr/lib/libc-2.33.so
7fb514d17000-7fb514d1a000 rw-p 001c0000 103:05 4066668                   /usr/lib/libc-2.33.so
7fb514d1a000-7fb514d23000 rw-p 00000000 00:00 0 
7fb514d23000-7fb514d25000 r--p 00000000 103:05 4066675                   /usr/lib/libdl-2.33.so
7fb514d25000-7fb514d27000 r-xp 00002000 103:05 4066675                   /usr/lib/libdl-2.33.so
7fb514d27000-7fb514d28000 r--p 00004000 103:05 4066675                   /usr/lib/libdl-2.33.so
7fb514d28000-7fb514d29000 r--p 00004000 103:05 4066675                   /usr/lib/libdl-2.33.so
7fb514d29000-7fb514d2a000 rw-p 00005000 103:05 4066675                   /usr/lib/libdl-2.33.so
7fb514d2a000-7fb514d31000 r--p 00000000 103:05 4066709                   /usr/lib/libpthread-2.33.so
7fb514d31000-7fb514d40000 r-xp 00007000 103:05 4066709                   /usr/lib/libpthread-2.33.so
7fb514d40000-7fb514d45000 r--p 00016000 103:05 4066709                   /usr/lib/libpthread-2.33.so
7fb514d45000-7fb514d46000 r--p 0001a000 103:05 4066709                   /usr/lib/libpthread-2.33.so
7fb514d46000-7fb514d47000 rw-p 0001b000 103:05 4066709                   /usr/lib/libpthread-2.33.so
7fb514d47000-7fb514d4b000 rw-p 00000000 00:00 0 
7fb514d4b000-7fb514d5a000 r-xp 00000000 103:05 3937512                   /home/peershaul/.jdks/openjdk-15.0.2/lib/libjli.so
7fb514d5a000-7fb514d5b000 r--p 0000e000 103:05 3937512                   /home/peershaul/.jdks/openjdk-15.0.2/lib/libjli.so
7fb514d5b000-7fb514d5c000 rw-p 0000f000 103:05 3937512                   /home/peershaul/.jdks/openjdk-15.0.2/lib/libjli.so
7fb514d5c000-7fb514d5f000 r--p 00000000 103:05 4076472                   /usr/lib/libz.so.1.2.11
7fb514d5f000-7fb514d6d000 r-xp 00003000 103:05 4076472                   /usr/lib/libz.so.1.2.11
7fb514d6d000-7fb514d73000 r--p 00011000 103:05 4076472                   /usr/lib/libz.so.1.2.11
7fb514d73000-7fb514d74000 ---p 00017000 103:05 4076472                   /usr/lib/libz.so.1.2.11
7fb514d74000-7fb514d75000 r--p 00017000 103:05 4076472                   /usr/lib/libz.so.1.2.11
7fb514d75000-7fb514d76000 rw-p 00018000 103:05 4076472                   /usr/lib/libz.so.1.2.11
7fb514d76000-7fb514d78000 rw-p 00000000 00:00 0 
7fb514d78000-7fb514d79000 rw-s 00000000 00:05 1595                       /dev/nvidiactl
7fb514d79000-7fb514d7a000 rw-s 00000000 00:05 1595                       /dev/nvidiactl
7fb514d7a000-7fb514d7b000 rw-s 00000000 00:05 1595                       /dev/nvidiactl
7fb514d7b000-7fb514d7c000 r-xp 00000000 00:00 0 
7fb514d7c000-7fb514d7f000 r--p 00000000 103:05 4066702                   /usr/lib/libnss_files-2.33.so
7fb514d7f000-7fb514d86000 r-xp 00003000 103:05 4066702                   /usr/lib/libnss_files-2.33.so
7fb514d86000-7fb514d88000 r--p 0000a000 103:05 4066702                   /usr/lib/libnss_files-2.33.so
7fb514d88000-7fb514d89000 r--p 0000b000 103:05 4066702                   /usr/lib/libnss_files-2.33.so
7fb514d89000-7fb514d8a000 rw-p 0000c000 103:05 4066702                   /usr/lib/libnss_files-2.33.so
7fb514d8a000-7fb514d90000 rw-p 00000000 00:00 0 
7fb514d90000-7fb514d91000 ---p 00000000 00:00 0 
7fb514d91000-7fb514d92000 r--p 00000000 00:00 0 
7fb514d92000-7fb514d93000 r--p 00000000 103:05 4066657                   /usr/lib/ld-2.33.so
7fb514d93000-7fb514db7000 r-xp 00001000 103:05 4066657                   /usr/lib/ld-2.33.so
7fb514db7000-7fb514dc0000 r--p 00025000 103:05 4066657                   /usr/lib/ld-2.33.so
7fb514dc0000-7fb514dc1000 ---p 00000000 00:00 0 
7fb514dc1000-7fb514dc3000 r--p 0002e000 103:05 4066657                   /usr/lib/ld-2.33.so
7fb514dc3000-7fb514dc5000 rw-p 00030000 103:05 4066657                   /usr/lib/ld-2.33.so
7ffc64709000-7ffc6472b000 rw-p 00000000 00:00 0                          [stack]
7ffc6474d000-7ffc64751000 r--p 00000000 00:00 0                          [vvar]
7ffc64751000-7ffc64753000 r-xp 00000000 00:00 0                          [vdso]
ffffffffff600000-ffffffffff601000 --xp 00000000 00:00 0                  [vsyscall]


VM Arguments:
jvm_args: -Dfile.encoding=US-ASCII -Duser.country=US -Duser.language=en -Duser.variant 
java_command: Main
java_class_path (initial): /volume/dev/OpenGL/Java/EngineTest/build/classes/java/main:/volume/dev/OpenGL/Java/EngineTest/build/resources/main:/home/peershaul/.gradle/caches/modules-2/files-2.1/org.lwjgl/lwjgl-assimp/3.2.3/f62aa07a20afbdd3097efc296c4841e0d29700eb/lwjgl-assimp-3.2.3.jar:/home/peershaul/.gradle/caches/modules-2/files-2.1/org.lwjgl/lwjgl-assimp/3.2.3/9ecc218db17c49f2819a5a80dee7efea65a9ac4f/lwjgl-assimp-3.2.3-natives-linux.jar:/home/peershaul/.gradle/caches/modules-2/files-2.1/org.lwjgl/lwjgl-bgfx/3.2.3/433883c4040fa8df47244dffa1d42c96ce2143de/lwjgl-bgfx-3.2.3.jar:/home/peershaul/.gradle/caches/modules-2/files-2.1/org.lwjgl/lwjgl-bgfx/3.2.3/b30a656e8833ab98cc9434686c17390dbfa12531/lwjgl-bgfx-3.2.3-natives-linux.jar:/home/peershaul/.gradle/caches/modules-2/files-2.1/org.lwjgl/lwjgl-glfw/3.2.3/5e520d5c290c8b012545a8d34fa5db5ab051ea53/lwjgl-glfw-3.2.3.jar:/home/peershaul/.gradle/caches/modules-2/files-2.1/org.lwjgl/lwjgl-glfw/3.2.3/62b044d9b0a057444bef2ab70b9afc288ec09dba/lwjgl-glfw-3.2.3-natives-linux.jar:/home/peershaul/.gradle/caches/modules-2/files-2.1/org.lwjgl/lwjgl-nanovg/3.2.3/718be4a13691d1cd276fa852326e9e837d65204e/lwjgl-nanovg-3.2.3.jar:/home/peershaul/.gradle/caches/modules-2/files-2.1/org.lwjgl/lwjgl-nanovg/3.2.3/73a623c979331cac61050c36ebeabee5a5b8eae6/lwjgl-nanovg-3.2.3-natives-linux.jar:/home/peershaul/.gradle/caches/modules-2/files-2.1/org.lwjgl/lwjgl-nuklear/3.2.3/45bfab23e975201bf3cb81287be6034adec64a86/lwjgl-nuklear-3.2.3.jar:/home/peershaul/.gradle/caches/modules-2/files-2.1/org.lwjgl/lwjgl-nuklear/3.2.3/cbc2898b60a5f85368dc2f6999df7fc33926d83e/lwjgl-nuklear-3.2.3-natives-linux.jar:/home/peershaul/.gradle/caches/modules-2/files-2.1/org.lwjgl/lwjgl-openal/3.2.3/106742e805803ab9eab8e343f0fb31a3d263903c/lwjgl-openal-3.2.3.jar:/home/peershaul/.gradle/caches/modules-2/files-2.1/org.lwjgl/lwjgl-openal/3.2.3/869ddd9dbbf92a7d1be7f5942ca0adbde068d999/lwjgl-openal-3.2.3-natives-linux.jar:/home/peershaul/.gradle/caches/modules-2/files-2.1/org.l
Launcher Type: SUN_STANDARD

[Global flags]
     intx CICompilerCount                          = 3                                         {product} {ergonomic}
     uint ConcGCThreads                            = 2                                         {product} {ergonomic}
     uint G1ConcRefinementThreads                  = 6                                         {product} {ergonomic}
   size_t G1HeapRegionSize                         = 2097152                                   {product} {ergonomic}
    uintx GCDrainStackTargetSize                   = 64                                        {product} {ergonomic}
   size_t InitialHeapSize                          = 262144000                                 {product} {ergonomic}
   size_t MarkStackSize                            = 4194304                                   {product} {ergonomic}
   size_t MaxHeapSize                              = 4175429632                                {product} {ergonomic}
   size_t MaxNewSize                               = 2503999488                                {product} {ergonomic}
   size_t MinHeapDeltaBytes                        = 2097152                                   {product} {ergonomic}
   size_t MinHeapSize                              = 8388608                                   {product} {ergonomic}
    uintx NonNMethodCodeHeapSize                   = 5832780                                {pd product} {ergonomic}
    uintx NonProfiledCodeHeapSize                  = 122912730                              {pd product} {ergonomic}
    uintx ProfiledCodeHeapSize                     = 122912730                              {pd product} {ergonomic}
    uintx ReservedCodeCacheSize                    = 251658240                              {pd product} {ergonomic}
     bool SegmentedCodeCache                       = true                                      {product} {ergonomic}
   size_t SoftMaxHeapSize                          = 4175429632                             {manageable} {ergonomic}
     bool UseCompressedClassPointers               = true                                 {lp64_product} {ergonomic}
     bool UseCompressedOops                        = true                                 {lp64_product} {ergonomic}
     bool UseG1GC                                  = true                                      {product} {ergonomic}

Logging:
Log output configuration:
 #0: stdout all=warning uptime,level,tags
 #1: stderr all=off uptime,level,tags

Environment Variables:
PATH=/usr/sbin:/sbin:/usr/games:/usr/local/bin:/usr/bin:/bin:/usr/local/sbin:/usr/lib/jvm/default/bin:/usr/bin/site_perl:/usr/bin/vendor_perl:/usr/bin/core_perl:/var/lib/snapd/snap/bin
SHELL=/usr/bin/zsh
DISPLAY=:0
LANG=en_US

Signal Handlers:
SIGSEGV: [libjvm.so+0xd64200], sa_mask[0]=11111111011111111101111111111110, sa_flags=SA_RESTART|SA_SIGINFO
SIGBUS: [libjvm.so+0xd64200], sa_mask[0]=11111111011111111101111111111110, sa_flags=SA_RESTART|SA_SIGINFO
SIGFPE: [libjvm.so+0xd64200], sa_mask[0]=11111111011111111101111111111110, sa_flags=SA_RESTART|SA_SIGINFO
SIGPIPE: [libjvm.so+0xb419c0], sa_mask[0]=11111111011111111101111111111110, sa_flags=SA_RESTART|SA_SIGINFO
SIGXFSZ: [libjvm.so+0xb419c0], sa_mask[0]=11111111011111111101111111111110, sa_flags=SA_RESTART|SA_SIGINFO
SIGILL: [libjvm.so+0xd64200], sa_mask[0]=11111111011111111101111111111110, sa_flags=SA_RESTART|SA_SIGINFO
SIGUSR2: [libjvm.so+0xb41860], sa_mask[0]=00100000000000000000000000000000, sa_flags=SA_RESTART|SA_SIGINFO
SIGHUP: [libjvm.so+0xb420d0], sa_mask[0]=11111111011111111101111111111110, sa_flags=SA_RESTART|SA_SIGINFO
SIGINT: [libjvm.so+0xb420d0], sa_mask[0]=11111111011111111101111111111110, sa_flags=SA_RESTART|SA_SIGINFO
SIGTERM: [libjvm.so+0xb420d0], sa_mask[0]=11111111011111111101111111111110, sa_flags=SA_RESTART|SA_SIGINFO
SIGQUIT: [libjvm.so+0xb420d0], sa_mask[0]=11111111011111111101111111111110, sa_flags=SA_RESTART|SA_SIGINFO


---------------  S Y S T E M  ---------------

OS:
LSB_VERSION=1.4
DISTRIB_ID=Arch
DISTRIB_RELEASE=rolling
DISTRIB_DESCRIPTION="Arch Linux"
uname: Linux 5.11.10-arch1-1 #1 SMP PREEMPT Fri, 26 Mar 2021 00:11:29 +0000 x86_64
OS uptime: 0 days 1:06 hours
libc: glibc 2.33 NPTL 2.33 
rlimit (soft/hard): STACK 8192k/infinity , CORE infinity/infinity , NPROC 63623/63623 , NOFILE 524288/524288 , AS infinity/infinity , CPU infinity/infinity , DATA infinity/infinity , FSIZE infinity/infinity , MEMLOCK 64k/64k
load average: 1.31 0.94 1.07

/proc/meminfo:
MemTotal:       16302452 kB
MemFree:         8544804 kB
MemAvailable:   12190700 kB
Buffers:          152452 kB
Cached:          3831708 kB
SwapCached:            0 kB
Active:          1180556 kB
Inactive:        6112560 kB
Active(anon):       6008 kB
Inactive(anon):  3494860 kB
Active(file):    1174548 kB
Inactive(file):  2617700 kB
Unevictable:          32 kB
Mlocked:              32 kB
SwapTotal:             0 kB
SwapFree:              0 kB
Dirty:              9932 kB
Writeback:             0 kB
AnonPages:       3308904 kB
Mapped:           588336 kB
Shmem:            191912 kB
KReclaimable:     194652 kB
Slab:             281244 kB
SReclaimable:     194652 kB
SUnreclaim:        86592 kB
KernelStack:        9600 kB
PageTables:        28012 kB
NFS_Unstable:          0 kB
Bounce:                0 kB
WritebackTmp:          0 kB
CommitLimit:     8151224 kB
Committed_AS:    6967156 kB
VmallocTotal:   34359738367 kB
VmallocUsed:       69888 kB
VmallocChunk:          0 kB
Percpu:             5280 kB
HardwareCorrupted:     0 kB
AnonHugePages:         0 kB
ShmemHugePages:        0 kB
ShmemPmdMapped:        0 kB
FileHugePages:         0 kB
FilePmdMapped:         0 kB
CmaTotal:              0 kB
CmaFree:               0 kB
HugePages_Total:       0
HugePages_Free:        0
HugePages_Rsvd:        0
HugePages_Surp:        0
Hugepagesize:       2048 kB
Hugetlb:               0 kB
DirectMap4k:      360376 kB
DirectMap2M:    10037248 kB
DirectMap1G:     6291456 kB

/sys/kernel/mm/transparent_hugepage/enabled: always [madvise] never
/sys/kernel/mm/transparent_hugepage/defrag (defrag/compaction efforts parameter): always defer defer+madvise [madvise] never

/proc/sys/kernel/threads-max (system-wide limit on the number of threads): 127246
/proc/sys/vm/max_map_count (maximum number of memory map areas a process may have): 65530
/proc/sys/kernel/pid_max (system-wide limit on number of process identifiers): 4194304

container (cgroup) information:
container_type: cgroupv1
cpu_cpuset_cpus: 0-5
cpu_memory_nodes: 0
active_processor_count: 6
cpu_quota: no quota
cpu_period: 100000
cpu_shares: no shares
memory_limit_in_bytes: unlimited
memory_and_swap_limit_in_bytes: unlimited
memory_soft_limit_in_bytes: unlimited
memory_usage_in_bytes: 4874792960
memory_max_usage_in_bytes: 4874870784

Steal ticks since vm start: 0
Steal ticks percentage since vm start:  0.000

CPU: total 6 (initial active 6) (6 cores per cpu, 1 threads per core) family 6 model 158 stepping 10 microcode 0x84, cmov, cx8, fxsr, mmx, sse, sse2, sse3, ssse3, sse4.1, sse4.2, popcnt, vzeroupper, avx, avx2, aes, clmul, erms, 3dnowpref, lzcnt, tsc, tscinvbit, bmi1, bmi2, adx, fma, clflush, clflushopt
CPU Model and flags from /proc/cpuinfo:
model name	: Intel(R) Core(TM) i5-8400 CPU @ 2.80GHz
flags		: fpu vme de pse tsc msr pae mce cx8 apic sep mtrr pge mca cmov pat pse36 clflush dts acpi mmx fxsr sse sse2 ss ht tm pbe syscall nx pdpe1gb rdtscp lm constant_tsc art arch_perfmon pebs bts rep_good nopl xtopology nonstop_tsc cpuid aperfmperf pni pclmulqdq dtes64 monitor ds_cpl vmx est tm2 ssse3 sdbg fma cx16 xtpr pdcm pcid sse4_1 sse4_2 x2apic movbe popcnt tsc_deadline_timer aes xsave avx f16c rdrand lahf_lm abm 3dnowprefetch cpuid_fault epb invpcid_single pti ibrs ibpb stibp tpr_shadow vnmi flexpriority ept vpid ept_ad fsgsbase tsc_adjust bmi1 avx2 smep bmi2 erms invpcid mpx rdseed adx smap clflushopt intel_pt xsaveopt xsavec xgetbv1 xsaves dtherm ida arat pln pts hwp hwp_notify hwp_act_window hwp_epp

Online cpus: 0-5
Offline cpus: 
BIOS frequency limitation: <Not Available>
Frequency switch latency (ns): 0
Available cpu frequencies: <Not Available>
Current governor: powersave
Core performance/turbo boost: <Not Available>

Memory: 4k page, physical 16302452k(8544844k free), swap 0k(0k free)

vm_info: OpenJDK 64-Bit Server VM (15.0.2+7-27) for linux-amd64 JRE (15.0.2+7-27), built on Dec  7 2020 19:54:59 by "mach5one" with gcc 9.2.0

END.
