#
# A fatal error has been detected by the Java Runtime Environment:
#
#  SIGSEGV (0xb) at pc=0x00000000413c4f27, pid=1816, tid=1818
#
# JRE version: OpenJDK Runtime Environment (15.0.2+7) (build 15.0.2+7-27)
# Java VM: OpenJDK 64-Bit Server VM (15.0.2+7-27, mixed mode, sharing, tiered, compressed oops, g1 gc, linux-amd64)
# Problematic frame:
# C  0x00000000413c4f27
#
# Core dump will be written. Default location: Core dumps may be processed with "/usr/lib/systemd/systemd-coredump %P %u %g %s %t %c %h" (or dumping to /volume/dev/OpenGL/Java/EngineTest/core.1816)
#
# If you would like to submit a bug report, please visit:
#   https://bugreport.java.com/bugreport/crash.jsp
# The crash happened outside the Java Virtual Machine in native code.
# See problematic frame for where to report the bug.
#

---------------  S U M M A R Y ------------

Command Line: -Dfile.encoding=US-ASCII -Duser.country=US -Duser.language=en -Duser.variant Main

Host: Intel(R) Core(TM) i5-8400 CPU @ 2.80GHz, 6 cores, 15G, Arch Linux
Time: Wed Mar 17 10:04:26 2021 IST elapsed time: 0.315728 seconds (0d 0h 0m 0s)

---------------  T H R E A D  ---------------

Current thread (0x00007f227c028e90):  JavaThread "main" [_thread_in_native, id=1818, stack(0x00007f2283233000,0x00007f2283334000)]

Stack: [0x00007f2283233000,0x00007f2283334000],  sp=0x00007f2283332388,  free space=1020k
Native frames: (J=compiled Java code, A=aot compiled Java code, j=interpreted, Vv=VM code, C=native code)
C  0x00000000413c4f27

Java frames: (J=compiled Java code, j=interpreted, Vv=VM code)
j  org.lwjgl.opengl.GL11C.nglDrawElements(IIIJ)V+0
j  org.lwjgl.opengl.GL11C.glDrawElements(IIIJ)V+4
j  org.lwjgl.opengl.GL11.glDrawElements(IIIJ)V+4
j  utils.Window.loop()V+45
j  Main.main([Ljava/lang/String;)V+13
v  ~StubRoutines::call_stub

siginfo: si_signo: 11 (SIGSEGV), si_code: 1 (SEGV_MAPERR), si_addr: 0x0000000000000000

Register to memory mapping:

RAX=0x00007f224cdff8e0 points into unknown readable memory: 0x0000000000000000 | 00 00 00 00 00 00 00 00
RBX=0x00000000419ce000 points into unknown readable memory: 0x00007f227c45ff10 | 10 ff 45 7c 22 7f 00 00
RCX=0x0000000000000006 is an unknown value
RDX=0x0 is NULL
RSP=0x00007f2283332388 is pointing into the stack for thread: 0x00007f227c028e90
RBP=0x0000000000000018 is an unknown value
RSI=0x00007f224cdff8e0 points into unknown readable memory: 0x0000000000000000 | 00 00 00 00 00 00 00 00
RDI=0x00000000419ce000 points into unknown readable memory: 0x00007f227c45ff10 | 10 ff 45 7c 22 7f 00 00
R8 =0x0 is NULL
R9 =0x0 is NULL
R10=0x0000000000000001 is an unknown value
R11=0x0000000000000018 is an unknown value
R12=0x00007f227c732d90 points into unknown readable memory: 0x0100100400000009 | 09 00 00 00 04 10 00 01
R13=0x0 is NULL
R14=0x0000000000000006 is an unknown value
R15=0x0 is NULL


Registers:
RAX=0x00007f224cdff8e0, RBX=0x00000000419ce000, RCX=0x0000000000000006, RDX=0x0000000000000000
RSP=0x00007f2283332388, RBP=0x0000000000000018, RSI=0x00007f224cdff8e0, RDI=0x00000000419ce000
R8 =0x0000000000000000, R9 =0x0000000000000000, R10=0x0000000000000001, R11=0x0000000000000018
R12=0x00007f227c732d90, R13=0x0000000000000000, R14=0x0000000000000006, R15=0x0000000000000000
RIP=0x00000000413c4f27, EFLAGS=0x0000000000010202, CSGSFS=0x002b000000000033, ERR=0x0000000000000004
  TRAPNO=0x000000000000000e

Top of Stack: (sp=0x00007f2283332388)
0x00007f2283332388:   00007f2217013339 0000000683332420
0x00007f2283332398:   0000000000000000 0000000000000000
0x00007f22833323a8:   00000000419ce000 00007f2200000006
0x00007f22833323b8:   00000000413c4f00 00007f227c739c58 

Instructions: (pc=0x00000000413c4f27)
0x00000000413c4e27:   00 00 00 00 00 00 00 00 00 00 00 00 00 00 00 00
0x00000000413c4e37:   00 00 00 00 00 00 00 00 00 00 00 00 00 00 00 00
0x00000000413c4e47:   00 00 00 00 00 00 00 00 00 00 00 00 00 00 00 00
0x00000000413c4e57:   00 00 00 00 00 00 00 00 00 00 00 00 00 00 00 00
0x00000000413c4e67:   00 00 00 00 00 00 00 00 00 00 00 00 00 00 00 00
0x00000000413c4e77:   00 00 00 00 00 00 00 00 00 00 00 00 00 00 00 00
0x00000000413c4e87:   00 00 00 00 00 00 00 00 00 00 00 00 00 00 00 00
0x00000000413c4e97:   00 00 00 00 00 00 00 00 00 00 00 00 00 00 00 00
0x00000000413c4ea7:   00 00 00 00 00 00 00 00 00 00 00 00 00 00 00 00
0x00000000413c4eb7:   00 00 00 00 00 00 00 00 00 00 00 00 00 00 00 00
0x00000000413c4ec7:   00 00 00 00 00 00 00 00 00 00 00 00 00 00 00 00
0x00000000413c4ed7:   00 00 00 00 00 00 00 00 00 00 00 00 00 00 00 00
0x00000000413c4ee7:   00 00 00 00 00 00 00 00 00 00 00 00 00 00 00 00
0x00000000413c4ef7:   00 40 ff ff ff c0 1e 00 00 48 89 6c 24 f8 48 89
0x00000000413c4f07:   5c 24 f0 48 89 74 24 e8 48 89 7c 24 e0 48 8b df
0x00000000413c4f17:   48 8b c6 48 8b e9 48 8b d2 48 8d 2c aa 4c 8b dd
0x00000000413c4f27:   8b 0a 49 ba c0 be a4 41 00 00 00 00 41 03 0a 48
0x00000000413c4f37:   83 c2 04 48 be 38 5c a2 41 00 00 00 00 48 8b 36
0x00000000413c4f47:   48 8b b6 08 03 00 00 48 8d 3c 49 48 8d 34 fe 8b
0x00000000413c4f57:   3e 8b 6e 04 89 38 89 68 04 48 be 38 5c a2 41 00
0x00000000413c4f67:   00 00 00 48 8b 36 48 8b b6 38 03 00 00 48 8b f9
0x00000000413c4f77:   48 c1 e7 04 48 03 f7 8b 3e 8b 6e 04 89 78 08 89
0x00000000413c4f87:   68 0c 8b 7e 08 8b 6e 0c 89 78 10 89 68 14 48 83
0x00000000413c4f97:   c0 18 49 3b d3 75 89 48 8b 7c 24 e0 48 8b 74 24
0x00000000413c4fa7:   e8 48 8b 5c 24 f0 48 8b 6c 24 f8 c3 00 00 00 00
0x00000000413c4fb7:   00 c0 ff ff ff c0 00 00 00 48 b8 50 65 a6 41 00
0x00000000413c4fc7:   00 00 00 48 8b 00 49 ba 10 a7 a1 41 00 00 00 00
0x00000000413c4fd7:   48 83 ec 28 48 83 c4 28 c3 00 00 00 00 00 00 00
0x00000000413c4fe7:   00 00 00 00 00 00 00 00 00 00 00 00 00 00 00 00
0x00000000413c4ff7:   00 00 00 00 00 40 00 00 00 ?? ?? ?? ?? ?? ?? ??
0x00000000413c5007:   ?? ?? ?? ?? ?? ?? ?? ?? ?? ?? ?? ?? ?? ?? ?? ??
0x00000000413c5017:   ?? ?? ?? ?? ?? ?? ?? ?? ?? ?? ?? ?? ?? ?? ?? ?? 


Stack slot to memory mapping:
stack at sp + 0 slots: 0x00007f2217013339: <offset 0x0000000000f1d339> in /usr/lib/libnvidia-glcore.so.460.56 at 0x00007f22160f6000
stack at sp + 1 slots: 0x0000000683332420 is an unknown value
stack at sp + 2 slots: 0x0 is NULL
stack at sp + 3 slots: 0x0 is NULL
stack at sp + 4 slots: 0x00000000419ce000 points into unknown readable memory: 0x00007f227c45ff10 | 10 ff 45 7c 22 7f 00 00
stack at sp + 5 slots: 0x00007f2200000006 is an unknown value
stack at sp + 6 slots: 0x00000000413c4f00 points into unknown readable memory: 0x5c8948f8246c8948 | 48 89 6c 24 f8 48 89 5c
stack at sp + 7 slots: 0x00007f227c739c58 points into unknown readable memory: 0x00007f227c824310 | 10 43 82 7c 22 7f 00 00


---------------  P R O C E S S  ---------------

Threads class SMR info:
_java_thread_list=0x00007f227c1e7850, length=10, elements={
0x00007f227c028e90, 0x00007f227c170650, 0x00007f227c171d90, 0x00007f227c1778b0,
0x00007f227c178fc0, 0x00007f227c17abe0, 0x00007f227c17c410, 0x00007f227c17db10,
0x00007f227c1e30e0, 0x00007f227c1e6590
}

Java Threads: ( => current thread )
=>0x00007f227c028e90 JavaThread "main" [_thread_in_native, id=1818, stack(0x00007f2283233000,0x00007f2283334000)]
  0x00007f227c170650 JavaThread "Reference Handler" daemon [_thread_blocked, id=1825, stack(0x00007f2280397000,0x00007f2280498000)]
  0x00007f227c171d90 JavaThread "Finalizer" daemon [_thread_blocked, id=1826, stack(0x00007f2280296000,0x00007f2280397000)]
  0x00007f227c1778b0 JavaThread "Signal Dispatcher" daemon [_thread_blocked, id=1827, stack(0x00007f2280195000,0x00007f2280296000)]
  0x00007f227c178fc0 JavaThread "Service Thread" daemon [_thread_blocked, id=1828, stack(0x00007f2280094000,0x00007f2280195000)]
  0x00007f227c17abe0 JavaThread "C2 CompilerThread0" daemon [_thread_blocked, id=1829, stack(0x00007f225c4ba000,0x00007f225c5bb000)]
  0x00007f227c17c410 JavaThread "C1 CompilerThread0" daemon [_thread_blocked, id=1830, stack(0x00007f225c3b9000,0x00007f225c4ba000)]
  0x00007f227c17db10 JavaThread "Sweeper thread" daemon [_thread_blocked, id=1831, stack(0x00007f225c2b8000,0x00007f225c3b9000)]
  0x00007f227c1e30e0 JavaThread "Notification Thread" daemon [_thread_blocked, id=1832, stack(0x00007f225c1b7000,0x00007f225c2b8000)]
  0x00007f227c1e6590 JavaThread "Common-Cleaner" daemon [_thread_blocked, id=1834, stack(0x00007f224deff000,0x00007f224e000000)]

Other Threads:
  0x00007f227c16d900 VMThread "VM Thread" [stack: 0x00007f228049a000,0x00007f228059a000] [id=1824]
  0x00007f227c1e4ca0 WatcherThread [stack: 0x00007f225c0b7000,0x00007f225c1b7000] [id=1833]
  0x00007f227c078870 GCTaskThread "GC Thread#0" [stack: 0x00007f2281109000,0x00007f2281209000] [id=1819]
  0x00007f227c089ab0 ConcurrentGCThread "G1 Main Marker" [stack: 0x00007f2281007000,0x00007f2281107000] [id=1820]
  0x00007f227c08ad40 ConcurrentGCThread "G1 Conc#0" [stack: 0x00007f2280f05000,0x00007f2281005000] [id=1821]
  0x00007f227c1382e0 ConcurrentGCThread "G1 Refine#0" [stack: 0x00007f22807fd000,0x00007f22808fd000] [id=1822]
  0x00007f227c1394f0 ConcurrentGCThread "G1 Young RemSet Sampling" [stack: 0x00007f22806fb000,0x00007f22807fb000] [id=1823]

Threads with active compile tasks:

VM state: not at safepoint (normal execution)

VM Mutex/Monitor currently owned by a thread: None

Heap address: 0x0000000707200000, size: 3982 MB, Compressed Oops mode: Zero based, Oop shift amount: 3
CDS archive(s) mapped at: [0x0000000800000000-0x0000000800b33000-0x0000000800b33000), size 11743232, SharedBaseAddress: 0x0000000800000000, ArchiveRelocationMode: 0.
Compressed class space mapped at: 0x0000000800b34000-0x0000000840b34000, size: 1073741824
Narrow klass base: 0x0000000800000000, Narrow klass shift: 3, Narrow klass range: 0x100000000

GC Precious Log:
 CPUs: 6 total, 6 available
 Memory: 15920M
 Large Page Support: Disabled
 NUMA Support: Disabled
 Compressed Oops: Enabled (Zero based)
 Heap Region Size: 2M
 Heap Min Capacity: 8M
 Heap Initial Capacity: 250M
 Heap Max Capacity: 3982M
 Pre-touch: Disabled
 Parallel Workers: 6
 Concurrent Workers: 2
 Concurrent Refinement Workers: 6
 Periodic GC: Disabled

Heap:
 garbage-first heap   total 260096K, used 16184K [0x0000000707200000, 0x0000000800000000)
  region size 2048K, 8 young (16384K), 0 survivors (0K)
 Metaspace       used 5845K, capacity 8802K, committed 9088K, reserved 1058816K
  class space    used 285K, capacity 571K, committed 640K, reserved 1048576K

Heap Regions: E=young(eden), S=young(survivor), O=old, HS=humongous(starts), HC=humongous(continues), CS=collection set, F=free, OA=open archive, CA=closed archive, TAMS=top-at-mark-start (previous, next)
|   0|0x0000000707200000, 0x0000000707200000, 0x0000000707400000|  0%| F|  |TAMS 0x0000000707200000, 0x0000000707200000| Untracked 
|   1|0x0000000707400000, 0x0000000707400000, 0x0000000707600000|  0%| F|  |TAMS 0x0000000707400000, 0x0000000707400000| Untracked 
|   2|0x0000000707600000, 0x0000000707600000, 0x0000000707800000|  0%| F|  |TAMS 0x0000000707600000, 0x0000000707600000| Untracked 
|   3|0x0000000707800000, 0x0000000707800000, 0x0000000707a00000|  0%| F|  |TAMS 0x0000000707800000, 0x0000000707800000| Untracked 
|   4|0x0000000707a00000, 0x0000000707a00000, 0x0000000707c00000|  0%| F|  |TAMS 0x0000000707a00000, 0x0000000707a00000| Untracked 
|   5|0x0000000707c00000, 0x0000000707c00000, 0x0000000707e00000|  0%| F|  |TAMS 0x0000000707c00000, 0x0000000707c00000| Untracked 
|   6|0x0000000707e00000, 0x0000000707e00000, 0x0000000708000000|  0%| F|  |TAMS 0x0000000707e00000, 0x0000000707e00000| Untracked 
|   7|0x0000000708000000, 0x0000000708000000, 0x0000000708200000|  0%| F|  |TAMS 0x0000000708000000, 0x0000000708000000| Untracked 
|   8|0x0000000708200000, 0x0000000708200000, 0x0000000708400000|  0%| F|  |TAMS 0x0000000708200000, 0x0000000708200000| Untracked 
|   9|0x0000000708400000, 0x0000000708400000, 0x0000000708600000|  0%| F|  |TAMS 0x0000000708400000, 0x0000000708400000| Untracked 
|  10|0x0000000708600000, 0x0000000708600000, 0x0000000708800000|  0%| F|  |TAMS 0x0000000708600000, 0x0000000708600000| Untracked 
|  11|0x0000000708800000, 0x0000000708800000, 0x0000000708a00000|  0%| F|  |TAMS 0x0000000708800000, 0x0000000708800000| Untracked 
|  12|0x0000000708a00000, 0x0000000708a00000, 0x0000000708c00000|  0%| F|  |TAMS 0x0000000708a00000, 0x0000000708a00000| Untracked 
|  13|0x0000000708c00000, 0x0000000708c00000, 0x0000000708e00000|  0%| F|  |TAMS 0x0000000708c00000, 0x0000000708c00000| Untracked 
|  14|0x0000000708e00000, 0x0000000708e00000, 0x0000000709000000|  0%| F|  |TAMS 0x0000000708e00000, 0x0000000708e00000| Untracked 
|  15|0x0000000709000000, 0x0000000709000000, 0x0000000709200000|  0%| F|  |TAMS 0x0000000709000000, 0x0000000709000000| Untracked 
|  16|0x0000000709200000, 0x0000000709200000, 0x0000000709400000|  0%| F|  |TAMS 0x0000000709200000, 0x0000000709200000| Untracked 
|  17|0x0000000709400000, 0x0000000709400000, 0x0000000709600000|  0%| F|  |TAMS 0x0000000709400000, 0x0000000709400000| Untracked 
|  18|0x0000000709600000, 0x0000000709600000, 0x0000000709800000|  0%| F|  |TAMS 0x0000000709600000, 0x0000000709600000| Untracked 
|  19|0x0000000709800000, 0x0000000709800000, 0x0000000709a00000|  0%| F|  |TAMS 0x0000000709800000, 0x0000000709800000| Untracked 
|  20|0x0000000709a00000, 0x0000000709a00000, 0x0000000709c00000|  0%| F|  |TAMS 0x0000000709a00000, 0x0000000709a00000| Untracked 
|  21|0x0000000709c00000, 0x0000000709c00000, 0x0000000709e00000|  0%| F|  |TAMS 0x0000000709c00000, 0x0000000709c00000| Untracked 
|  22|0x0000000709e00000, 0x0000000709e00000, 0x000000070a000000|  0%| F|  |TAMS 0x0000000709e00000, 0x0000000709e00000| Untracked 
|  23|0x000000070a000000, 0x000000070a000000, 0x000000070a200000|  0%| F|  |TAMS 0x000000070a000000, 0x000000070a000000| Untracked 
|  24|0x000000070a200000, 0x000000070a200000, 0x000000070a400000|  0%| F|  |TAMS 0x000000070a200000, 0x000000070a200000| Untracked 
|  25|0x000000070a400000, 0x000000070a400000, 0x000000070a600000|  0%| F|  |TAMS 0x000000070a400000, 0x000000070a400000| Untracked 
|  26|0x000000070a600000, 0x000000070a600000, 0x000000070a800000|  0%| F|  |TAMS 0x000000070a600000, 0x000000070a600000| Untracked 
|  27|0x000000070a800000, 0x000000070a800000, 0x000000070aa00000|  0%| F|  |TAMS 0x000000070a800000, 0x000000070a800000| Untracked 
|  28|0x000000070aa00000, 0x000000070aa00000, 0x000000070ac00000|  0%| F|  |TAMS 0x000000070aa00000, 0x000000070aa00000| Untracked 
|  29|0x000000070ac00000, 0x000000070ac00000, 0x000000070ae00000|  0%| F|  |TAMS 0x000000070ac00000, 0x000000070ac00000| Untracked 
|  30|0x000000070ae00000, 0x000000070ae00000, 0x000000070b000000|  0%| F|  |TAMS 0x000000070ae00000, 0x000000070ae00000| Untracked 
|  31|0x000000070b000000, 0x000000070b000000, 0x000000070b200000|  0%| F|  |TAMS 0x000000070b000000, 0x000000070b000000| Untracked 
|  32|0x000000070b200000, 0x000000070b200000, 0x000000070b400000|  0%| F|  |TAMS 0x000000070b200000, 0x000000070b200000| Untracked 
|  33|0x000000070b400000, 0x000000070b400000, 0x000000070b600000|  0%| F|  |TAMS 0x000000070b400000, 0x000000070b400000| Untracked 
|  34|0x000000070b600000, 0x000000070b600000, 0x000000070b800000|  0%| F|  |TAMS 0x000000070b600000, 0x000000070b600000| Untracked 
|  35|0x000000070b800000, 0x000000070b800000, 0x000000070ba00000|  0%| F|  |TAMS 0x000000070b800000, 0x000000070b800000| Untracked 
|  36|0x000000070ba00000, 0x000000070ba00000, 0x000000070bc00000|  0%| F|  |TAMS 0x000000070ba00000, 0x000000070ba00000| Untracked 
|  37|0x000000070bc00000, 0x000000070bc00000, 0x000000070be00000|  0%| F|  |TAMS 0x000000070bc00000, 0x000000070bc00000| Untracked 
|  38|0x000000070be00000, 0x000000070be00000, 0x000000070c000000|  0%| F|  |TAMS 0x000000070be00000, 0x000000070be00000| Untracked 
|  39|0x000000070c000000, 0x000000070c000000, 0x000000070c200000|  0%| F|  |TAMS 0x000000070c000000, 0x000000070c000000| Untracked 
|  40|0x000000070c200000, 0x000000070c200000, 0x000000070c400000|  0%| F|  |TAMS 0x000000070c200000, 0x000000070c200000| Untracked 
|  41|0x000000070c400000, 0x000000070c400000, 0x000000070c600000|  0%| F|  |TAMS 0x000000070c400000, 0x000000070c400000| Untracked 
|  42|0x000000070c600000, 0x000000070c600000, 0x000000070c800000|  0%| F|  |TAMS 0x000000070c600000, 0x000000070c600000| Untracked 
|  43|0x000000070c800000, 0x000000070c800000, 0x000000070ca00000|  0%| F|  |TAMS 0x000000070c800000, 0x000000070c800000| Untracked 
|  44|0x000000070ca00000, 0x000000070ca00000, 0x000000070cc00000|  0%| F|  |TAMS 0x000000070ca00000, 0x000000070ca00000| Untracked 
|  45|0x000000070cc00000, 0x000000070cc00000, 0x000000070ce00000|  0%| F|  |TAMS 0x000000070cc00000, 0x000000070cc00000| Untracked 
|  46|0x000000070ce00000, 0x000000070ce00000, 0x000000070d000000|  0%| F|  |TAMS 0x000000070ce00000, 0x000000070ce00000| Untracked 
|  47|0x000000070d000000, 0x000000070d000000, 0x000000070d200000|  0%| F|  |TAMS 0x000000070d000000, 0x000000070d000000| Untracked 
|  48|0x000000070d200000, 0x000000070d200000, 0x000000070d400000|  0%| F|  |TAMS 0x000000070d200000, 0x000000070d200000| Untracked 
|  49|0x000000070d400000, 0x000000070d400000, 0x000000070d600000|  0%| F|  |TAMS 0x000000070d400000, 0x000000070d400000| Untracked 
|  50|0x000000070d600000, 0x000000070d600000, 0x000000070d800000|  0%| F|  |TAMS 0x000000070d600000, 0x000000070d600000| Untracked 
|  51|0x000000070d800000, 0x000000070d800000, 0x000000070da00000|  0%| F|  |TAMS 0x000000070d800000, 0x000000070d800000| Untracked 
|  52|0x000000070da00000, 0x000000070da00000, 0x000000070dc00000|  0%| F|  |TAMS 0x000000070da00000, 0x000000070da00000| Untracked 
|  53|0x000000070dc00000, 0x000000070dc00000, 0x000000070de00000|  0%| F|  |TAMS 0x000000070dc00000, 0x000000070dc00000| Untracked 
|  54|0x000000070de00000, 0x000000070de00000, 0x000000070e000000|  0%| F|  |TAMS 0x000000070de00000, 0x000000070de00000| Untracked 
|  55|0x000000070e000000, 0x000000070e000000, 0x000000070e200000|  0%| F|  |TAMS 0x000000070e000000, 0x000000070e000000| Untracked 
|  56|0x000000070e200000, 0x000000070e200000, 0x000000070e400000|  0%| F|  |TAMS 0x000000070e200000, 0x000000070e200000| Untracked 
|  57|0x000000070e400000, 0x000000070e400000, 0x000000070e600000|  0%| F|  |TAMS 0x000000070e400000, 0x000000070e400000| Untracked 
|  58|0x000000070e600000, 0x000000070e600000, 0x000000070e800000|  0%| F|  |TAMS 0x000000070e600000, 0x000000070e600000| Untracked 
|  59|0x000000070e800000, 0x000000070e800000, 0x000000070ea00000|  0%| F|  |TAMS 0x000000070e800000, 0x000000070e800000| Untracked 
|  60|0x000000070ea00000, 0x000000070ea00000, 0x000000070ec00000|  0%| F|  |TAMS 0x000000070ea00000, 0x000000070ea00000| Untracked 
|  61|0x000000070ec00000, 0x000000070ec00000, 0x000000070ee00000|  0%| F|  |TAMS 0x000000070ec00000, 0x000000070ec00000| Untracked 
|  62|0x000000070ee00000, 0x000000070ee00000, 0x000000070f000000|  0%| F|  |TAMS 0x000000070ee00000, 0x000000070ee00000| Untracked 
|  63|0x000000070f000000, 0x000000070f000000, 0x000000070f200000|  0%| F|  |TAMS 0x000000070f000000, 0x000000070f000000| Untracked 
|  64|0x000000070f200000, 0x000000070f200000, 0x000000070f400000|  0%| F|  |TAMS 0x000000070f200000, 0x000000070f200000| Untracked 
|  65|0x000000070f400000, 0x000000070f400000, 0x000000070f600000|  0%| F|  |TAMS 0x000000070f400000, 0x000000070f400000| Untracked 
|  66|0x000000070f600000, 0x000000070f600000, 0x000000070f800000|  0%| F|  |TAMS 0x000000070f600000, 0x000000070f600000| Untracked 
|  67|0x000000070f800000, 0x000000070f800000, 0x000000070fa00000|  0%| F|  |TAMS 0x000000070f800000, 0x000000070f800000| Untracked 
|  68|0x000000070fa00000, 0x000000070fa00000, 0x000000070fc00000|  0%| F|  |TAMS 0x000000070fa00000, 0x000000070fa00000| Untracked 
|  69|0x000000070fc00000, 0x000000070fc00000, 0x000000070fe00000|  0%| F|  |TAMS 0x000000070fc00000, 0x000000070fc00000| Untracked 
|  70|0x000000070fe00000, 0x000000070fe00000, 0x0000000710000000|  0%| F|  |TAMS 0x000000070fe00000, 0x000000070fe00000| Untracked 
|  71|0x0000000710000000, 0x0000000710000000, 0x0000000710200000|  0%| F|  |TAMS 0x0000000710000000, 0x0000000710000000| Untracked 
|  72|0x0000000710200000, 0x0000000710200000, 0x0000000710400000|  0%| F|  |TAMS 0x0000000710200000, 0x0000000710200000| Untracked 
|  73|0x0000000710400000, 0x0000000710400000, 0x0000000710600000|  0%| F|  |TAMS 0x0000000710400000, 0x0000000710400000| Untracked 
|  74|0x0000000710600000, 0x0000000710600000, 0x0000000710800000|  0%| F|  |TAMS 0x0000000710600000, 0x0000000710600000| Untracked 
|  75|0x0000000710800000, 0x0000000710800000, 0x0000000710a00000|  0%| F|  |TAMS 0x0000000710800000, 0x0000000710800000| Untracked 
|  76|0x0000000710a00000, 0x0000000710a00000, 0x0000000710c00000|  0%| F|  |TAMS 0x0000000710a00000, 0x0000000710a00000| Untracked 
|  77|0x0000000710c00000, 0x0000000710c00000, 0x0000000710e00000|  0%| F|  |TAMS 0x0000000710c00000, 0x0000000710c00000| Untracked 
|  78|0x0000000710e00000, 0x0000000710e00000, 0x0000000711000000|  0%| F|  |TAMS 0x0000000710e00000, 0x0000000710e00000| Untracked 
|  79|0x0000000711000000, 0x0000000711000000, 0x0000000711200000|  0%| F|  |TAMS 0x0000000711000000, 0x0000000711000000| Untracked 
|  80|0x0000000711200000, 0x0000000711200000, 0x0000000711400000|  0%| F|  |TAMS 0x0000000711200000, 0x0000000711200000| Untracked 
|  81|0x0000000711400000, 0x0000000711400000, 0x0000000711600000|  0%| F|  |TAMS 0x0000000711400000, 0x0000000711400000| Untracked 
|  82|0x0000000711600000, 0x0000000711600000, 0x0000000711800000|  0%| F|  |TAMS 0x0000000711600000, 0x0000000711600000| Untracked 
|  83|0x0000000711800000, 0x0000000711800000, 0x0000000711a00000|  0%| F|  |TAMS 0x0000000711800000, 0x0000000711800000| Untracked 
|  84|0x0000000711a00000, 0x0000000711a00000, 0x0000000711c00000|  0%| F|  |TAMS 0x0000000711a00000, 0x0000000711a00000| Untracked 
|  85|0x0000000711c00000, 0x0000000711c00000, 0x0000000711e00000|  0%| F|  |TAMS 0x0000000711c00000, 0x0000000711c00000| Untracked 
|  86|0x0000000711e00000, 0x0000000711e00000, 0x0000000712000000|  0%| F|  |TAMS 0x0000000711e00000, 0x0000000711e00000| Untracked 
|  87|0x0000000712000000, 0x0000000712000000, 0x0000000712200000|  0%| F|  |TAMS 0x0000000712000000, 0x0000000712000000| Untracked 
|  88|0x0000000712200000, 0x0000000712200000, 0x0000000712400000|  0%| F|  |TAMS 0x0000000712200000, 0x0000000712200000| Untracked 
|  89|0x0000000712400000, 0x0000000712400000, 0x0000000712600000|  0%| F|  |TAMS 0x0000000712400000, 0x0000000712400000| Untracked 
|  90|0x0000000712600000, 0x0000000712600000, 0x0000000712800000|  0%| F|  |TAMS 0x0000000712600000, 0x0000000712600000| Untracked 
|  91|0x0000000712800000, 0x0000000712800000, 0x0000000712a00000|  0%| F|  |TAMS 0x0000000712800000, 0x0000000712800000| Untracked 
|  92|0x0000000712a00000, 0x0000000712a00000, 0x0000000712c00000|  0%| F|  |TAMS 0x0000000712a00000, 0x0000000712a00000| Untracked 
|  93|0x0000000712c00000, 0x0000000712c00000, 0x0000000712e00000|  0%| F|  |TAMS 0x0000000712c00000, 0x0000000712c00000| Untracked 
|  94|0x0000000712e00000, 0x0000000712e00000, 0x0000000713000000|  0%| F|  |TAMS 0x0000000712e00000, 0x0000000712e00000| Untracked 
|  95|0x0000000713000000, 0x0000000713000000, 0x0000000713200000|  0%| F|  |TAMS 0x0000000713000000, 0x0000000713000000| Untracked 
|  96|0x0000000713200000, 0x0000000713200000, 0x0000000713400000|  0%| F|  |TAMS 0x0000000713200000, 0x0000000713200000| Untracked 
|  97|0x0000000713400000, 0x0000000713400000, 0x0000000713600000|  0%| F|  |TAMS 0x0000000713400000, 0x0000000713400000| Untracked 
|  98|0x0000000713600000, 0x0000000713600000, 0x0000000713800000|  0%| F|  |TAMS 0x0000000713600000, 0x0000000713600000| Untracked 
|  99|0x0000000713800000, 0x0000000713800000, 0x0000000713a00000|  0%| F|  |TAMS 0x0000000713800000, 0x0000000713800000| Untracked 
| 100|0x0000000713a00000, 0x0000000713a00000, 0x0000000713c00000|  0%| F|  |TAMS 0x0000000713a00000, 0x0000000713a00000| Untracked 
| 101|0x0000000713c00000, 0x0000000713c00000, 0x0000000713e00000|  0%| F|  |TAMS 0x0000000713c00000, 0x0000000713c00000| Untracked 
| 102|0x0000000713e00000, 0x0000000713e00000, 0x0000000714000000|  0%| F|  |TAMS 0x0000000713e00000, 0x0000000713e00000| Untracked 
| 103|0x0000000714000000, 0x0000000714000000, 0x0000000714200000|  0%| F|  |TAMS 0x0000000714000000, 0x0000000714000000| Untracked 
| 104|0x0000000714200000, 0x0000000714200000, 0x0000000714400000|  0%| F|  |TAMS 0x0000000714200000, 0x0000000714200000| Untracked 
| 105|0x0000000714400000, 0x0000000714400000, 0x0000000714600000|  0%| F|  |TAMS 0x0000000714400000, 0x0000000714400000| Untracked 
| 106|0x0000000714600000, 0x0000000714600000, 0x0000000714800000|  0%| F|  |TAMS 0x0000000714600000, 0x0000000714600000| Untracked 
| 107|0x0000000714800000, 0x0000000714800000, 0x0000000714a00000|  0%| F|  |TAMS 0x0000000714800000, 0x0000000714800000| Untracked 
| 108|0x0000000714a00000, 0x0000000714a00000, 0x0000000714c00000|  0%| F|  |TAMS 0x0000000714a00000, 0x0000000714a00000| Untracked 
| 109|0x0000000714c00000, 0x0000000714c00000, 0x0000000714e00000|  0%| F|  |TAMS 0x0000000714c00000, 0x0000000714c00000| Untracked 
| 110|0x0000000714e00000, 0x0000000714e00000, 0x0000000715000000|  0%| F|  |TAMS 0x0000000714e00000, 0x0000000714e00000| Untracked 
| 111|0x0000000715000000, 0x0000000715000000, 0x0000000715200000|  0%| F|  |TAMS 0x0000000715000000, 0x0000000715000000| Untracked 
| 112|0x0000000715200000, 0x0000000715200000, 0x0000000715400000|  0%| F|  |TAMS 0x0000000715200000, 0x0000000715200000| Untracked 
| 113|0x0000000715400000, 0x0000000715400000, 0x0000000715600000|  0%| F|  |TAMS 0x0000000715400000, 0x0000000715400000| Untracked 
| 114|0x0000000715600000, 0x0000000715600000, 0x0000000715800000|  0%| F|  |TAMS 0x0000000715600000, 0x0000000715600000| Untracked 
| 115|0x0000000715800000, 0x0000000715800000, 0x0000000715a00000|  0%| F|  |TAMS 0x0000000715800000, 0x0000000715800000| Untracked 
| 116|0x0000000715a00000, 0x0000000715a00000, 0x0000000715c00000|  0%| F|  |TAMS 0x0000000715a00000, 0x0000000715a00000| Untracked 
| 117|0x0000000715c00000, 0x0000000715ce7e08, 0x0000000715e00000| 45%| E|  |TAMS 0x0000000715c00000, 0x0000000715c00000| Complete 
| 118|0x0000000715e00000, 0x0000000716000000, 0x0000000716000000|100%| E|CS|TAMS 0x0000000715e00000, 0x0000000715e00000| Complete 
| 119|0x0000000716000000, 0x0000000716200000, 0x0000000716200000|100%| E|CS|TAMS 0x0000000716000000, 0x0000000716000000| Complete 
| 120|0x0000000716200000, 0x0000000716400000, 0x0000000716400000|100%| E|CS|TAMS 0x0000000716200000, 0x0000000716200000| Complete 
| 121|0x0000000716400000, 0x0000000716600000, 0x0000000716600000|100%| E|CS|TAMS 0x0000000716400000, 0x0000000716400000| Complete 
| 122|0x0000000716600000, 0x0000000716800000, 0x0000000716800000|100%| E|CS|TAMS 0x0000000716600000, 0x0000000716600000| Complete 
| 123|0x0000000716800000, 0x0000000716a00000, 0x0000000716a00000|100%| E|CS|TAMS 0x0000000716800000, 0x0000000716800000| Complete 
| 124|0x0000000716a00000, 0x0000000716c00000, 0x0000000716c00000|100%| E|CS|TAMS 0x0000000716a00000, 0x0000000716a00000| Complete 
|1989|0x00000007ffc00000, 0x00000007ffd52000, 0x00000007ffe00000| 66%|OA|  |TAMS 0x00000007ffc00000, 0x00000007ffc00000| Untracked 
|1990|0x00000007ffe00000, 0x00000007ffe7c000, 0x0000000800000000| 24%|CA|  |TAMS 0x00000007ffe00000, 0x00000007ffe00000| Untracked 

Card table byte_map: [0x00007f2281a51000,0x00007f2282218000] _byte_map_base: 0x00007f227e218000

Marking Bits (Prev, Next): (CMBitMap*) 0x00007f227c079610, (CMBitMap*) 0x00007f227c079650
 Prev Bits: [0x00007f2260edf000, 0x00007f2264d17000)
 Next Bits: [0x00007f225d0a7000, 0x00007f2260edf000)

Polling page: 0x00007f228484f000

Metaspace:

Usage:
  Non-class:      8.04 MB capacity,     5.43 MB ( 68%) used,     2.60 MB ( 32%) free+waste,     6.50 KB ( <1%) overhead. 
      Class:    571.00 KB capacity,   285.07 KB ( 50%) used,   284.12 KB ( 50%) free+waste,     1.81 KB ( <1%) overhead. 
       Both:      8.60 MB capacity,     5.71 MB ( 66%) used,     2.88 MB ( 33%) free+waste,     8.31 KB ( <1%) overhead. 

Virtual space:
  Non-class space:       10.00 MB reserved,       8.25 MB ( 82%) committed 
      Class space:        1.00 GB reserved,     640.00 KB ( <1%) committed 
             Both:        1.01 GB reserved,       8.88 MB ( <1%) committed 

Chunk freelists:
   Non-Class:  169.00 KB
       Class:  21.00 KB
        Both:  190.00 KB

MaxMetaspaceSize: 17179869184.00 GB
CompressedClassSpaceSize: 1.00 GB

CodeHeap 'non-profiled nmethods': size=120032Kb used=184Kb max_used=184Kb free=119847Kb
 bounds [0x00007f226c7df000, 0x00007f226ca4f000, 0x00007f2273d17000]
CodeHeap 'profiled nmethods': size=120028Kb used=1140Kb max_used=1140Kb free=118887Kb
 bounds [0x00007f22652a8000, 0x00007f2265518000, 0x00007f226c7df000]
CodeHeap 'non-nmethods': size=5700Kb used=1567Kb max_used=1586Kb free=4133Kb
 bounds [0x00007f2264d17000, 0x00007f2264f87000, 0x00007f22652a8000]
 total_blobs=1612 nmethods=657 adapters=869
 compilation: enabled
              stopped_count=0, restarted_count=0
 full_count=0

Compilation events (20 events):
Event: 0.293 Thread 0x00007f227c17c410 nmethod 645 0x00007f22653c1890 code [0x00007f22653c1a80, 0x00007f22653c1f90]
Event: 0.293 Thread 0x00007f227c17c410  646       3       java.lang.reflect.AccessibleObject::logIfExportedForIllegalAccess (54 bytes)
Event: 0.293 Thread 0x00007f227c17c410 nmethod 646 0x00007f22653c2190 code [0x00007f22653c2380, 0x00007f22653c28b0]
Event: 0.293 Thread 0x00007f227c17c410  648       3       jdk.internal.misc.Unsafe::objectFieldOffset (18 bytes)
Event: 0.293 Thread 0x00007f227c17c410 nmethod 648 0x00007f22653c2a90 code [0x00007f22653c2c40, 0x00007f22653c2e70]
Event: 0.293 Thread 0x00007f227c17c410  651       3       jdk.internal.reflect.UnsafeQualifiedLongFieldAccessorImpl::<init> (7 bytes)
Event: 0.293 Thread 0x00007f227c17c410 nmethod 651 0x00007f22653c2f90 code [0x00007f22653c3140, 0x00007f22653c32e0]
Event: 0.293 Thread 0x00007f227c17c410  652       3       jdk.internal.reflect.UnsafeQualifiedFieldAccessorImpl::<init> (11 bytes)
Event: 0.293 Thread 0x00007f227c17c410 nmethod 652 0x00007f22653c3410 code [0x00007f22653c35a0, 0x00007f22653c36e0]
Event: 0.293 Thread 0x00007f227c17c410  653       3       jdk.internal.reflect.UnsafeQualifiedLongFieldAccessorImpl::getLong (17 bytes)
Event: 0.293 Thread 0x00007f227c17c410 nmethod 653 0x00007f22653c3790 code [0x00007f22653c3980, 0x00007f22653c3f80]
Event: 0.293 Thread 0x00007f227c17c410  654       3       jdk.internal.reflect.UnsafeFieldAccessorImpl::ensureObj (23 bytes)
Event: 0.294 Thread 0x00007f227c17abe0 nmethod 599 0x00007f226c80b010 code [0x00007f226c80b200, 0x00007f226c80c070]
Event: 0.294 Thread 0x00007f227c17abe0  642       4       java.util.Objects::requireNonNull (14 bytes)
Event: 0.294 Thread 0x00007f227c17c410 nmethod 654 0x00007f22653c4190 code [0x00007f22653c4380, 0x00007f22653c4880]
Event: 0.294 Thread 0x00007f227c17c410  650       3       java.lang.reflect.Field::getLong (29 bytes)
Event: 0.294 Thread 0x00007f227c17abe0 nmethod 642 0x00007f226c80c890 code [0x00007f226c80ca00, 0x00007f226c80ca58]
Event: 0.294 Thread 0x00007f227c17abe0  620       4       java.lang.String::lastIndexOf (12 bytes)
Event: 0.294 Thread 0x00007f227c17c410 nmethod 650 0x00007f22653c4a10 code [0x00007f22653c4be0, 0x00007f22653c4f90]
Event: 0.296 Thread 0x00007f227c17abe0 nmethod 620 0x00007f226c80cb90 code [0x00007f226c80cd00, 0x00007f226c80cf38]

GC Heap History (0 events):
No events

Deoptimization events (10 events):
Event: 0.109 Thread 0x00007f227c028e90 DEOPT PACKING pc=0x00007f22652bfce8 sp=0x00007f2283330fa0
Event: 0.109 Thread 0x00007f227c028e90 DEOPT UNPACKING pc=0x00007f2264d64f2b sp=0x00007f2283330410 mode 0
Event: 0.204 Thread 0x00007f227c028e90 Uncommon trap: trap_request=0xffffff54 fr.pc=0x00007f226c800660 relative=0x0000000000000060
Event: 0.204 Thread 0x00007f227c028e90 Uncommon trap: reason=speculate_null_assert action=make_not_entrant pc=0x00007f226c800660 method=sun.misc.Unsafe.putLong(Ljava/lang/Object;JJ)V @ 7 c2
Event: 0.204 Thread 0x00007f227c028e90 DEOPT PACKING pc=0x00007f226c800660 sp=0x00007f2283332470
Event: 0.204 Thread 0x00007f227c028e90 DEOPT UNPACKING pc=0x00007f2264d65125 sp=0x00007f2283332408 mode 2
Event: 0.204 Thread 0x00007f227c028e90 Uncommon trap: trap_request=0xffffff54 fr.pc=0x00007f226c8017d8 relative=0x0000000000000058
Event: 0.204 Thread 0x00007f227c028e90 Uncommon trap: reason=speculate_null_assert action=make_not_entrant pc=0x00007f226c8017d8 method=sun.misc.Unsafe.getLong(Ljava/lang/Object;J)J @ 5 c2
Event: 0.204 Thread 0x00007f227c028e90 DEOPT PACKING pc=0x00007f226c8017d8 sp=0x00007f2283332370
Event: 0.204 Thread 0x00007f227c028e90 DEOPT UNPACKING pc=0x00007f2264d65125 sp=0x00007f2283332318 mode 2

Classes unloaded (0 events):
No events

Classes redefined (0 events):
No events

Internal exceptions (11 events):
Event: 0.067 Thread 0x00007f227c028e90 Exception <a 'java/lang/NoSuchMethodError'{0x00000007168b20f0}: 'java.lang.Object java.lang.invoke.DirectMethodHandle$Holder.invokeStatic(java.lang.Object)'> (0x00000007168b20f0) 
thrown [open/src/hotspot/share/interpreter/linkResolver.cpp, line 781]
Event: 0.067 Thread 0x00007f227c028e90 Exception <a 'java/lang/NoSuchMethodError'{0x00000007168b5840}: 'java.lang.Object java.lang.invoke.DirectMethodHandle$Holder.invokeStaticInit(java.lang.Object)'> (0x00000007168b5840) 
thrown [open/src/hotspot/share/interpreter/linkResolver.cpp, line 781]
Event: 0.074 Thread 0x00007f227c028e90 Exception <a 'java/lang/NoSuchMethodError'{0x000000071690c9a0}: 'void java.lang.invoke.DirectMethodHandle$Holder.invokeStatic(java.lang.Object, java.lang.Object)'> (0x000000071690c9a0) 
thrown [open/src/hotspot/share/interpreter/linkResolver.cpp, line 781]
Event: 0.075 Thread 0x00007f227c028e90 Exception <a 'java/lang/NoSuchMethodError'{0x0000000716912068}: 'void java.lang.invoke.DirectMethodHandle$Holder.invokeSpecial(java.lang.Object, java.lang.Object, java.lang.Object)'> (0x0000000716912068) 
thrown [open/src/hotspot/share/interpreter/linkResolver.cpp, line 781]
Event: 0.077 Thread 0x00007f227c028e90 Exception <a 'java/lang/NoSuchMethodError'{0x00000007169268b0}: 'java.lang.Object java.lang.invoke.DirectMethodHandle$Holder.invokeStatic(java.lang.Object, java.lang.Object, int)'> (0x00000007169268b0) 
thrown [open/src/hotspot/share/interpreter/linkResolver.cpp, line 781]
Event: 0.078 Thread 0x00007f227c028e90 Exception <a 'java/lang/NoSuchMethodError'{0x00000007169329f8}: 'void java.lang.invoke.DelegatingMethodHandle$Holder.delegate(java.lang.Object, java.lang.Object, int, java.lang.Object)'> (0x00000007169329f8) 
thrown [open/src/hotspot/share/interpreter/linkResolver.cpp, line 781]
Event: 0.078 Thread 0x00007f227c028e90 Exception <a 'java/lang/NoSuchMethodError'{0x0000000716936d40}: 'int java.lang.invoke.DirectMethodHandle$Holder.invokeSpecial(java.lang.Object, java.lang.Object, java.lang.Object)'> (0x0000000716936d40) 
thrown [open/src/hotspot/share/interpreter/linkResolver.cpp, line 781]
Event: 0.093 Thread 0x00007f227c028e90 Exception <a 'sun/nio/fs/UnixException'{0x00000007169d5198}> (0x00000007169d5198) 
thrown [open/src/hotspot/share/prims/jni.cpp, line 578]
Event: 0.109 Thread 0x00007f227c028e90 Exception <a 'sun/nio/fs/UnixException'{0x00000007166b4d40}> (0x00000007166b4d40) 
thrown [open/src/hotspot/share/prims/jni.cpp, line 578]
Event: 0.183 Thread 0x00007f227c028e90 Exception <a 'sun/nio/fs/UnixException'{0x0000000716763988}> (0x0000000716763988) 
thrown [open/src/hotspot/share/prims/jni.cpp, line 578]
Event: 0.184 Thread 0x00007f227c028e90 Exception <a 'sun/nio/fs/UnixException'{0x00000007167718f8}> (0x00000007167718f8) 
thrown [open/src/hotspot/share/prims/jni.cpp, line 578]

Events (20 events):
Event: 0.099 loading class java/nio/BufferOverflowException
Event: 0.099 loading class java/nio/BufferOverflowException done
Event: 0.099 loading class java/nio/InvalidMarkException
Event: 0.099 loading class java/nio/InvalidMarkException done
Event: 0.099 loading class java/nio/BufferUnderflowException
Event: 0.099 loading class java/nio/BufferUnderflowException done
Event: 0.104 loading class java/util/function/BiPredicate
Event: 0.104 loading class java/util/function/BiPredicate done
Event: 0.109 loading class java/lang/NoSuchFieldError
Event: 0.109 loading class java/lang/NoSuchFieldError done
Event: 0.111 loading class jdk/internal/reflect/UnsafeQualifiedStaticIntegerFieldAccessorImpl
Event: 0.111 loading class jdk/internal/reflect/UnsafeQualifiedStaticIntegerFieldAccessorImpl done
Event: 0.183 Loaded shared library /tmp/lwjglpeershaul/3.2.3-build-13/liblwjgl_opengl.so
Event: 0.189 Executing VM operation: HandshakeAllThreads
Event: 0.189 Executing VM operation: HandshakeAllThreads done
Event: 0.206 Loaded shared library /tmp/lwjglpeershaul/3.2.3-build-13/liblwjgl.so
Event: 0.286 loading class jdk/internal/reflect/UnsafeQualifiedLongFieldAccessorImpl
Event: 0.286 loading class jdk/internal/reflect/UnsafeQualifiedFieldAccessorImpl
Event: 0.286 loading class jdk/internal/reflect/UnsafeQualifiedFieldAccessorImpl done
Event: 0.286 loading class jdk/internal/reflect/UnsafeQualifiedLongFieldAccessorImpl done


Dynamic libraries:
413c3000-413c5000 r-xs 00000000 00:01 5231                               /memfd:/.glXXXXXX (deleted)
419ce000-41a7d000 rw-p 00000000 00:00 0 
707200000-716c00000 rw-p 00000000 00:00 0 
716c00000-7ffc00000 ---p 00000000 00:00 0 
7ffc00000-7ffd00000 rw-p 00000000 00:00 0 
7ffd00000-7ffd52000 rw-p 00be4000 103:05 4101281                         /home/peershaul/.jdks/openjdk-15.0.2/lib/server/classes.jsa
7ffd52000-7ffe00000 rw-p 00000000 00:00 0 
7ffe00000-7ffe7c000 rw-p 00b68000 103:05 4101281                         /home/peershaul/.jdks/openjdk-15.0.2/lib/server/classes.jsa
7ffe7c000-800000000 rw-p 00000000 00:00 0 
800000000-800003000 rwxp 00001000 103:05 4101281                         /home/peershaul/.jdks/openjdk-15.0.2/lib/server/classes.jsa
800003000-8003e6000 rw-p 00004000 103:05 4101281                         /home/peershaul/.jdks/openjdk-15.0.2/lib/server/classes.jsa
8003e6000-800b33000 r--p 003e7000 103:05 4101281                         /home/peershaul/.jdks/openjdk-15.0.2/lib/server/classes.jsa
800b33000-800b34000 ---p 00000000 00:00 0 
800b34000-800bd4000 rw-p 00000000 00:00 0 
800bd4000-840b34000 ---p 00000000 00:00 0 
55d8e5287000-55d8e5288000 r-xp 00000000 103:05 3805711                   /home/peershaul/.jdks/openjdk-15.0.2/bin/java
55d8e5289000-55d8e528a000 r--p 00001000 103:05 3805711                   /home/peershaul/.jdks/openjdk-15.0.2/bin/java
55d8e528a000-55d8e528b000 rw-p 00002000 103:05 3805711                   /home/peershaul/.jdks/openjdk-15.0.2/bin/java
55d8e6bcf000-55d8e6bf0000 rw-p 00000000 00:00 0                          [heap]
7f22160f6000-7f2217285000 r-xp 00000000 103:05 4093881                   /usr/lib/libnvidia-glcore.so.460.56
7f2217285000-7f22172a6000 rwxp 0118f000 103:05 4093881                   /usr/lib/libnvidia-glcore.so.460.56
7f22172a6000-7f22177b5000 r-xp 011b0000 103:05 4093881                   /usr/lib/libnvidia-glcore.so.460.56
7f22177b5000-7f22179b5000 ---p 016bf000 103:05 4093881                   /usr/lib/libnvidia-glcore.so.460.56
7f22179b5000-7f2217ef2000 r--p 016bf000 103:05 4093881                   /usr/lib/libnvidia-glcore.so.460.56
7f2217ef2000-7f2217fe1000 rw-p 01bfc000 103:05 4093881                   /usr/lib/libnvidia-glcore.so.460.56
7f2217fe1000-7f2218000000 rw-p 00000000 00:00 0 
7f2218000000-7f2218021000 rw-p 00000000 00:00 0 
7f2218021000-7f221c000000 ---p 00000000 00:00 0 
7f221c000000-7f221c021000 rw-p 00000000 00:00 0 
7f221c021000-7f2220000000 ---p 00000000 00:00 0 
7f2220000000-7f2220021000 rw-p 00000000 00:00 0 
7f2220021000-7f2224000000 ---p 00000000 00:00 0 
7f2224000000-7f2224021000 rw-p 00000000 00:00 0 
7f2224021000-7f2228000000 ---p 00000000 00:00 0 
7f2228000000-7f2228340000 rw-p 00000000 00:00 0 
7f2228340000-7f222c000000 ---p 00000000 00:00 0 
7f222c000000-7f222c24b000 rw-p 00000000 00:00 0 
7f222c24b000-7f2230000000 ---p 00000000 00:00 0 
7f2230000000-7f2230021000 rw-p 00000000 00:00 0 
7f2230021000-7f2234000000 ---p 00000000 00:00 0 
7f2234000000-7f2234021000 rw-p 00000000 00:00 0 
7f2234021000-7f2238000000 ---p 00000000 00:00 0 
7f2238000000-7f2238021000 rw-p 00000000 00:00 0 
7f2238021000-7f223c000000 ---p 00000000 00:00 0 
7f223c000000-7f223c021000 rw-p 00000000 00:00 0 
7f223c021000-7f2240000000 ---p 00000000 00:00 0 
7f2240000000-7f2240021000 rw-p 00000000 00:00 0 
7f2240021000-7f2244000000 ---p 00000000 00:00 0 
7f2244000000-7f2244021000 rw-p 00000000 00:00 0 
7f2244021000-7f2248000000 ---p 00000000 00:00 0 
7f2248000000-7f2248021000 rw-p 00000000 00:00 0 
7f2248021000-7f224c000000 ---p 00000000 00:00 0 
7f224c90c000-7f224c94c000 rw-p 00000000 00:00 0 
7f224c94c000-7f224cb0c000 ---p 00000000 00:00 0 
7f224cb0f000-7f224cb67000 r-xp 00000000 00:2e 99                         /tmp/lwjglpeershaul/3.2.3-build-13/liblwjgl_opengl.so
7f224cb67000-7f224cd66000 ---p 00058000 00:2e 99                         /tmp/lwjglpeershaul/3.2.3-build-13/liblwjgl_opengl.so
7f224cd66000-7f224cd67000 r--p 00057000 00:2e 99                         /tmp/lwjglpeershaul/3.2.3-build-13/liblwjgl_opengl.so
7f224cd67000-7f224cd68000 rw-p 00058000 00:2e 99                         /tmp/lwjglpeershaul/3.2.3-build-13/liblwjgl_opengl.so
7f224cd68000-7f224cd6b000 r--p 00000000 103:05 4087315                   /usr/lib/libxcb-sync.so.1.0.0
7f224cd6b000-7f224cd6e000 r-xp 00003000 103:05 4087315                   /usr/lib/libxcb-sync.so.1.0.0
7f224cd6e000-7f224cd6f000 r--p 00006000 103:05 4087315                   /usr/lib/libxcb-sync.so.1.0.0
7f224cd6f000-7f224cd70000 ---p 00007000 103:05 4087315                   /usr/lib/libxcb-sync.so.1.0.0
7f224cd70000-7f224cd71000 r--p 00007000 103:05 4087315                   /usr/lib/libxcb-sync.so.1.0.0
7f224cd71000-7f224cd72000 rw-p 00008000 103:05 4087315                   /usr/lib/libxcb-sync.so.1.0.0
7f224cd72000-7f224cd73000 r--p 00000000 103:05 4087291                   /usr/lib/libxcb-present.so.0.0.0
7f224cd73000-7f224cd74000 r-xp 00001000 103:05 4087291                   /usr/lib/libxcb-present.so.0.0.0
7f224cd74000-7f224cd75000 r--p 00002000 103:05 4087291                   /usr/lib/libxcb-present.so.0.0.0
7f224cd75000-7f224cd76000 r--p 00002000 103:05 4087291                   /usr/lib/libxcb-present.so.0.0.0
7f224cd76000-7f224cd77000 rw-p 00003000 103:05 4087291                   /usr/lib/libxcb-present.so.0.0.0
7f224cd77000-7f224cd79000 r--p 00000000 103:05 4087285                   /usr/lib/libxcb-dri3.so.0.0.0
7f224cd79000-7f224cd7a000 r-xp 00002000 103:05 4087285                   /usr/lib/libxcb-dri3.so.0.0.0
7f224cd7a000-7f224cd7b000 r--p 00003000 103:05 4087285                   /usr/lib/libxcb-dri3.so.0.0.0
7f224cd7b000-7f224cd7c000 r--p 00003000 103:05 4087285                   /usr/lib/libxcb-dri3.so.0.0.0
7f224cd7c000-7f224cd7d000 rw-p 00004000 103:05 4087285                   /usr/lib/libxcb-dri3.so.0.0.0
7f224cd7d000-7f224cdfd000 rw-s 00000000 00:05 694                        /dev/nvidiactl
7f224cdfd000-7f224cefd000 rw-s 00000000 00:05 694                        /dev/nvidiactl
7f224cefd000-7f224cf10000 rw-s 00000000 00:05 694                        /dev/nvidiactl
7f224cf10000-7f224cf50000 rw-s 00000000 00:05 694                        /dev/nvidiactl
7f224cf50000-7f224cf70000 rw-s 00000000 00:05 694                        /dev/nvidiactl
7f224cf70000-7f224cfb0000 rw-s 00000000 00:05 694                        /dev/nvidiactl
7f224cfb0000-7f224cfd0000 rw-s 00000000 00:05 694                        /dev/nvidiactl
7f224cfd0000-7f224d050000 rw-s 00000000 00:05 695                        /dev/nvidia0
7f224d050000-7f224d090000 rw-s 00000000 00:05 694                        /dev/nvidiactl
7f224d090000-7f224d0b0000 rw-s 00000000 00:05 694                        /dev/nvidiactl
7f224d0b0000-7f224d255000 rw-s 00000000 00:01 3072                       /memfd:/.nvidia_drv.XXXXXX (deleted)
7f224d255000-7f224d25a000 r--p 00000000 103:05 4091423                   /usr/lib/libdrm.so.2.4.0
7f224d25a000-7f224d264000 r-xp 00005000 103:05 4091423                   /usr/lib/libdrm.so.2.4.0
7f224d264000-7f224d268000 r--p 0000f000 103:05 4091423                   /usr/lib/libdrm.so.2.4.0
7f224d268000-7f224d269000 r--p 00012000 103:05 4091423                   /usr/lib/libdrm.so.2.4.0
7f224d269000-7f224d26a000 rw-p 00013000 103:05 4091423                   /usr/lib/libdrm.so.2.4.0
7f224d279000-7f224d27c000 rw-s 00000000 00:05 694                        /dev/nvidiactl
7f224d27c000-7f224d288000 r--p 00000000 103:05 4087288                   /usr/lib/libxcb-glx.so.0.0.0
7f224d288000-7f224d291000 r-xp 0000c000 103:05 4087288                   /usr/lib/libxcb-glx.so.0.0.0
7f224d291000-7f224d296000 r--p 00015000 103:05 4087288                   /usr/lib/libxcb-glx.so.0.0.0
7f224d296000-7f224d297000 ---p 0001a000 103:05 4087288                   /usr/lib/libxcb-glx.so.0.0.0
7f224d297000-7f224d299000 r--p 0001a000 103:05 4087288                   /usr/lib/libxcb-glx.so.0.0.0
7f224d299000-7f224d29a000 rw-p 0001c000 103:05 4087288                   /usr/lib/libxcb-glx.so.0.0.0
7f224d29a000-7f224d29d000 r-xp 00000000 103:05 4093904                   /usr/lib/libnvidia-tls.so.460.56
7f224d29d000-7f224d49d000 ---p 00003000 103:05 4093904                   /usr/lib/libnvidia-tls.so.460.56
7f224d49d000-7f224d49e000 r--p 00003000 103:05 4093904                   /usr/lib/libnvidia-tls.so.460.56
7f224d49e000-7f224d49f000 rw-p 00004000 103:05 4093904                   /usr/lib/libnvidia-tls.so.460.56
7f224d49f000-7f224d53f000 r-xp 00000000 103:05 4093860                   /usr/lib/libGLX_nvidia.so.460.56
7f224d53f000-7f224d574000 rwxp 000a0000 103:05 4093860                   /usr/lib/libGLX_nvidia.so.460.56
7f224d574000-7f224d57b000 r-xp 000d5000 103:05 4093860                   /usr/lib/libGLX_nvidia.so.460.56
7f224d57b000-7f224d77a000 ---p 000dc000 103:05 4093860                   /usr/lib/libGLX_nvidia.so.460.56
7f224d77a000-7f224d7c2000 r--p 000db000 103:05 4093860                   /usr/lib/libGLX_nvidia.so.460.56
7f224d7c2000-7f224d7c7000 rw-p 00123000 103:05 4093860                   /usr/lib/libGLX_nvidia.so.460.56
7f224d7c7000-7f224d7c9000 rw-p 00000000 00:00 0 
7f224d7c9000-7f224d809000 r--p 00000000 103:05 4091698                   /usr/lib/libGLdispatch.so.0.0.0
7f224d809000-7f224d80b000 r-xp 00040000 103:05 4091698                   /usr/lib/libGLdispatch.so.0.0.0
7f224d80b000-7f224d846000 r-xp 00042000 103:05 4091698                   /usr/lib/libGLdispatch.so.0.0.0
7f224d846000-7f224d847000 r-xp 0007d000 103:05 4091698                   /usr/lib/libGLdispatch.so.0.0.0
7f224d847000-7f224d85a000 r--p 0007e000 103:05 4091698                   /usr/lib/libGLdispatch.so.0.0.0
7f224d85a000-7f224d85b000 ---p 00091000 103:05 4091698                   /usr/lib/libGLdispatch.so.0.0.0
7f224d85b000-7f224d877000 r--p 00091000 103:05 4091698                   /usr/lib/libGLdispatch.so.0.0.0
7f224d877000-7f224d878000 rw-p 000ad000 103:05 4091698                   /usr/lib/libGLdispatch.so.0.0.0
7f224d878000-7f224d880000 rw-p 00000000 00:00 0 
7f224d880000-7f224d8c2000 r--p 00000000 103:05 4091687                   /usr/lib/libGL.so.1.7.0
7f224d8c2000-7f224d8c5000 r-xp 00042000 103:05 4091687                   /usr/lib/libGL.so.1.7.0
7f224d8c5000-7f224d8e0000 r-xp 00045000 103:05 4091687                   /usr/lib/libGL.so.1.7.0
7f224d8e0000-7f224d8e1000 r-xp 00060000 103:05 4091687                   /usr/lib/libGL.so.1.7.0
7f224d8e1000-7f224d8f6000 r--p 00061000 103:05 4091687                   /usr/lib/libGL.so.1.7.0
7f224d8f6000-7f224d904000 r--p 00075000 103:05 4091687                   /usr/lib/libGL.so.1.7.0
7f224d904000-7f224d905000 rw-p 00083000 103:05 4091687                   /usr/lib/libGL.so.1.7.0
7f224d905000-7f224d906000 rw-p 00000000 00:00 0 
7f224d906000-7f224d922000 r--p 00000000 103:05 4089646                   /usr/lib/libX11.so.6.4.0
7f224d922000-7f224d9ac000 r-xp 0001c000 103:05 4089646                   /usr/lib/libX11.so.6.4.0
7f224d9ac000-7f224da40000 r--p 000a6000 103:05 4089646                   /usr/lib/libX11.so.6.4.0
7f224da40000-7f224da43000 r--p 00139000 103:05 4089646                   /usr/lib/libX11.so.6.4.0
7f224da43000-7f224da47000 rw-p 0013c000 103:05 4089646                   /usr/lib/libX11.so.6.4.0
7f224da47000-7f224da8a000 r-xp 00000000 00:2e 98                         /tmp/lwjglpeershaul/3.2.3-build-13/libglfw.so
7f224da8a000-7f224dc89000 ---p 00043000 00:2e 98                         /tmp/lwjglpeershaul/3.2.3-build-13/libglfw.so
7f224dc89000-7f224dc8a000 r--p 00042000 00:2e 98                         /tmp/lwjglpeershaul/3.2.3-build-13/libglfw.so
7f224dc8a000-7f224dc8c000 rw-p 00043000 00:2e 98                         /tmp/lwjglpeershaul/3.2.3-build-13/libglfw.so
7f224dc8c000-7f224dcad000 rw-p 00000000 00:00 0 
7f224dcad000-7f224dcfe000 r-xp 00000000 00:2e 97                         /tmp/lwjglpeershaul/3.2.3-build-13/liblwjgl.so
7f224dcfe000-7f224defd000 ---p 00051000 00:2e 97                         /tmp/lwjglpeershaul/3.2.3-build-13/liblwjgl.so
7f224defd000-7f224defe000 r--p 00050000 00:2e 97                         /tmp/lwjglpeershaul/3.2.3-build-13/liblwjgl.so
7f224defe000-7f224deff000 rw-p 00051000 00:2e 97                         /tmp/lwjglpeershaul/3.2.3-build-13/liblwjgl.so
7f224deff000-7f224df03000 ---p 00000000 00:00 0 
7f224df03000-7f2250000000 rw-p 00000000 00:00 0 
7f2250000000-7f2250021000 rw-p 00000000 00:00 0 
7f2250021000-7f2254000000 ---p 00000000 00:00 0 
7f2254000000-7f2254021000 rw-p 00000000 00:00 0 
7f2254021000-7f2258000000 ---p 00000000 00:00 0 
7f2258000000-7f2258021000 rw-p 00000000 00:00 0 
7f2258021000-7f225c000000 ---p 00000000 00:00 0 
7f225c000000-7f225c001000 r-xp 00000000 00:00 0 
7f225c001000-7f225c005000 rw-s 00000000 00:05 694                        /dev/nvidiactl
7f225c005000-7f225c009000 rw-s 00000000 00:05 694                        /dev/nvidiactl
7f225c009000-7f225c00c000 r--p 00000000 103:05 4091694                   /usr/lib/libGLX.so.0.0.0
7f225c00c000-7f225c026000 r-xp 00003000 103:05 4091694                   /usr/lib/libGLX.so.0.0.0
7f225c026000-7f225c029000 r--p 0001d000 103:05 4091694                   /usr/lib/libGLX.so.0.0.0
7f225c029000-7f225c02a000 ---p 00020000 103:05 4091694                   /usr/lib/libGLX.so.0.0.0
7f225c02a000-7f225c02b000 r--p 00020000 103:05 4091694                   /usr/lib/libGLX.so.0.0.0
7f225c02b000-7f225c02c000 rw-p 00021000 103:05 4091694                   /usr/lib/libGLX.so.0.0.0
7f225c02c000-7f225c03c000 rw-p 00000000 00:00 0 
7f225c03c000-7f225c03d000 r--p 00000000 103:05 4089642                   /usr/lib/libX11-xcb.so.1.0.0
7f225c03d000-7f225c03e000 r-xp 00001000 103:05 4089642                   /usr/lib/libX11-xcb.so.1.0.0
7f225c03e000-7f225c03f000 r--p 00002000 103:05 4089642                   /usr/lib/libX11-xcb.so.1.0.0
7f225c03f000-7f225c040000 r--p 00002000 103:05 4089642                   /usr/lib/libX11-xcb.so.1.0.0
7f225c040000-7f225c041000 rw-p 00003000 103:05 4089642                   /usr/lib/libX11-xcb.so.1.0.0
7f225c041000-7f225c043000 r--p 00000000 103:05 4090573                   /usr/lib/libXfixes.so.3.1.0
7f225c043000-7f225c046000 r-xp 00002000 103:05 4090573                   /usr/lib/libXfixes.so.3.1.0
7f225c046000-7f225c047000 r--p 00005000 103:05 4090573                   /usr/lib/libXfixes.so.3.1.0
7f225c047000-7f225c048000 ---p 00006000 103:05 4090573                   /usr/lib/libXfixes.so.3.1.0
7f225c048000-7f225c049000 r--p 00006000 103:05 4090573                   /usr/lib/libXfixes.so.3.1.0
7f225c049000-7f225c04a000 rw-p 00007000 103:05 4090573                   /usr/lib/libXfixes.so.3.1.0
7f225c04a000-7f225c04d000 r--p 00000000 103:05 4090578                   /usr/lib/libXcursor.so.1.0.2
7f225c04d000-7f225c052000 r-xp 00003000 103:05 4090578                   /usr/lib/libXcursor.so.1.0.2
7f225c052000-7f225c054000 r--p 00008000 103:05 4090578                   /usr/lib/libXcursor.so.1.0.2
7f225c054000-7f225c055000 r--p 00009000 103:05 4090578                   /usr/lib/libXcursor.so.1.0.2
7f225c055000-7f225c056000 rw-p 0000a000 103:05 4090578                   /usr/lib/libXcursor.so.1.0.2
7f225c056000-7f225c058000 r--p 00000000 103:05 4090535                   /usr/lib/libXrender.so.1.3.0
7f225c058000-7f225c05f000 r-xp 00002000 103:05 4090535                   /usr/lib/libXrender.so.1.3.0
7f225c05f000-7f225c061000 r--p 00009000 103:05 4090535                   /usr/lib/libXrender.so.1.3.0
7f225c061000-7f225c062000 r--p 0000a000 103:05 4090535                   /usr/lib/libXrender.so.1.3.0
7f225c062000-7f225c063000 rw-p 0000b000 103:05 4090535                   /usr/lib/libXrender.so.1.3.0
7f225c063000-7f225c066000 r--p 00000000 103:05 4090642                   /usr/lib/libXi.so.6.1.0
7f225c066000-7f225c071000 r-xp 00003000 103:05 4090642                   /usr/lib/libXi.so.6.1.0
7f225c071000-7f225c074000 r--p 0000e000 103:05 4090642                   /usr/lib/libXi.so.6.1.0
7f225c074000-7f225c075000 r--p 00010000 103:05 4090642                   /usr/lib/libXi.so.6.1.0
7f225c075000-7f225c076000 rw-p 00011000 103:05 4090642                   /usr/lib/libXi.so.6.1.0
7f225c076000-7f225c07a000 r--p 00000000 103:05 4090470                   /usr/lib/libXext.so.6.4.0
7f225c07a000-7f225c085000 r-xp 00004000 103:05 4090470                   /usr/lib/libXext.so.6.4.0
7f225c085000-7f225c089000 r--p 0000f000 103:05 4090470                   /usr/lib/libXext.so.6.4.0
7f225c089000-7f225c08a000 r--p 00012000 103:05 4090470                   /usr/lib/libXext.so.6.4.0
7f225c08a000-7f225c08b000 rw-p 00013000 103:05 4090470                   /usr/lib/libXext.so.6.4.0
7f225c08b000-7f225c097000 r--p 00000000 103:05 4087342                   /usr/lib/libxcb.so.1.1.0
7f225c097000-7f225c0aa000 r-xp 0000c000 103:05 4087342                   /usr/lib/libxcb.so.1.1.0
7f225c0aa000-7f225c0b3000 r--p 0001f000 103:05 4087342                   /usr/lib/libxcb.so.1.1.0
7f225c0b3000-7f225c0b4000 r--p 00027000 103:05 4087342                   /usr/lib/libxcb.so.1.1.0
7f225c0b4000-7f225c0b5000 rw-p 00028000 103:05 4087342                   /usr/lib/libxcb.so.1.1.0
7f225c0b5000-7f225c0b6000 ---p 00000000 00:00 0 
7f225c0b6000-7f225c1b7000 rw-p 00000000 00:00 0 
7f225c1b7000-7f225c1bb000 ---p 00000000 00:00 0 
7f225c1bb000-7f225c2b8000 rw-p 00000000 00:00 0 
7f225c2b8000-7f225c2bc000 ---p 00000000 00:00 0 
7f225c2bc000-7f225c3b9000 rw-p 00000000 00:00 0 
7f225c3b9000-7f225c3bd000 ---p 00000000 00:00 0 
7f225c3bd000-7f225c4ba000 rw-p 00000000 00:00 0 
7f225c4ba000-7f225c4be000 ---p 00000000 00:00 0 
7f225c4be000-7f225c5bb000 rw-p 00000000 00:00 0 
7f225c5bb000-7f225c8a4000 r--p 00000000 103:05 4093562                   /usr/lib/locale/locale-archive
7f225c8a4000-7f225d0a4000 rw-p 00000000 00:00 0 
7f225d0a4000-7f225d0a6000 rw-s 00000000 00:01 5231                       /memfd:/.glXXXXXX (deleted)
7f225d0a6000-7f225d0a7000 rw-s 00000000 00:05 695                        /dev/nvidia0
7f225d0a7000-7f225d48f000 rw-p 00000000 00:00 0 
7f225d48f000-7f2260ecf000 ---p 00000000 00:00 0 
7f2260ecf000-7f22612c7000 rw-p 00000000 00:00 0 
7f22612c7000-7f2264d07000 ---p 00000000 00:00 0 
7f2264d07000-7f2264d17000 rw-p 00000000 00:00 0 
7f2264d17000-7f2264f87000 rwxp 00000000 00:00 0 
7f2264f87000-7f22652a8000 ---p 00000000 00:00 0 
7f22652a8000-7f2265518000 rwxp 00000000 00:00 0 
7f2265518000-7f226c7df000 ---p 00000000 00:00 0 
7f226c7df000-7f226ca4f000 rwxp 00000000 00:00 0 
7f226ca4f000-7f2273d17000 ---p 00000000 00:00 0 
7f2273d17000-7f227c000000 r--s 00000000 103:05 3937530                   /home/peershaul/.jdks/openjdk-15.0.2/lib/modules
7f227c000000-7f227cac3000 rw-p 00000000 00:00 0 
7f227cac3000-7f2280000000 ---p 00000000 00:00 0 
7f2280000000-7f2280002000 r--p 00000000 103:05 4090623                   /usr/lib/libXrandr.so.2.2.0
7f2280002000-7f2280009000 r-xp 00002000 103:05 4090623                   /usr/lib/libXrandr.so.2.2.0
7f2280009000-7f228000b000 r--p 00009000 103:05 4090623                   /usr/lib/libXrandr.so.2.2.0
7f228000b000-7f228000c000 r--p 0000a000 103:05 4090623                   /usr/lib/libXrandr.so.2.2.0
7f228000c000-7f228000d000 rw-p 0000b000 103:05 4090623                   /usr/lib/libXrandr.so.2.2.0
7f228000d000-7f228000e000 r--p 00000000 103:05 4091453                   /usr/lib/libXxf86vm.so.1.0.0
7f228000e000-7f2280011000 r-xp 00001000 103:05 4091453                   /usr/lib/libXxf86vm.so.1.0.0
7f2280011000-7f2280012000 r--p 00004000 103:05 4091453                   /usr/lib/libXxf86vm.so.1.0.0
7f2280012000-7f2280013000 r--p 00004000 103:05 4091453                   /usr/lib/libXxf86vm.so.1.0.0
7f2280013000-7f2280014000 rw-p 00005000 103:05 4091453                   /usr/lib/libXxf86vm.so.1.0.0
7f2280014000-7f2280016000 r--p 00000000 103:05 4087256                   /usr/lib/libXdmcp.so.6.0.0
7f2280016000-7f2280018000 r-xp 00002000 103:05 4087256                   /usr/lib/libXdmcp.so.6.0.0
7f2280018000-7f228001a000 r--p 00004000 103:05 4087256                   /usr/lib/libXdmcp.so.6.0.0
7f228001a000-7f228001b000 r--p 00005000 103:05 4087256                   /usr/lib/libXdmcp.so.6.0.0
7f228001b000-7f228001c000 rw-p 00006000 103:05 4087256                   /usr/lib/libXdmcp.so.6.0.0
7f228001c000-7f228001e000 rw-s 00000000 00:05 694                        /dev/nvidiactl
7f228001e000-7f228002e000 rw-s 00000000 00:05 695                        /dev/nvidia0
7f228002e000-7f2280035000 r-xp 00000000 103:05 3937529                   /home/peershaul/.jdks/openjdk-15.0.2/lib/libzip.so
7f2280035000-7f2280036000 ---p 00007000 103:05 3937529                   /home/peershaul/.jdks/openjdk-15.0.2/lib/libzip.so
7f2280036000-7f2280037000 r--p 00007000 103:05 3937529                   /home/peershaul/.jdks/openjdk-15.0.2/lib/libzip.so
7f2280037000-7f2280038000 rw-p 00008000 103:05 3937529                   /home/peershaul/.jdks/openjdk-15.0.2/lib/libzip.so
7f2280038000-7f2280069000 rw-p 00000000 00:00 0 
7f2280069000-7f228007e000 r-xp 00000000 103:05 3937520                   /home/peershaul/.jdks/openjdk-15.0.2/lib/libnet.so
7f228007e000-7f228007f000 r--p 00014000 103:05 3937520                   /home/peershaul/.jdks/openjdk-15.0.2/lib/libnet.so
7f228007f000-7f2280080000 rw-p 00015000 103:05 3937520                   /home/peershaul/.jdks/openjdk-15.0.2/lib/libnet.so
7f2280080000-7f2280092000 r-xp 00000000 103:05 3937521                   /home/peershaul/.jdks/openjdk-15.0.2/lib/libnio.so
7f2280092000-7f2280093000 r--p 00011000 103:05 3937521                   /home/peershaul/.jdks/openjdk-15.0.2/lib/libnio.so
7f2280093000-7f2280094000 rw-p 00012000 103:05 3937521                   /home/peershaul/.jdks/openjdk-15.0.2/lib/libnio.so
7f2280094000-7f2280098000 ---p 00000000 00:00 0 
7f2280098000-7f2280195000 rw-p 00000000 00:00 0 
7f2280195000-7f2280199000 ---p 00000000 00:00 0 
7f2280199000-7f2280296000 rw-p 00000000 00:00 0 
7f2280296000-7f228029a000 ---p 00000000 00:00 0 
7f228029a000-7f2280397000 rw-p 00000000 00:00 0 
7f2280397000-7f228039b000 ---p 00000000 00:00 0 
7f228039b000-7f2280498000 rw-p 00000000 00:00 0 
7f2280498000-7f2280499000 ---p 00000000 00:00 0 
7f2280499000-7f22806f9000 rw-p 00000000 00:00 0 
7f22806f9000-7f22806fa000 ---p 00000000 00:00 0 
7f22806fa000-7f22807fb000 rw-p 00000000 00:00 0 
7f22807fb000-7f22807fc000 ---p 00000000 00:00 0 
7f22807fc000-7f2280f03000 rw-p 00000000 00:00 0 
7f2280f03000-7f2280f04000 ---p 00000000 00:00 0 
7f2280f04000-7f2281005000 rw-p 00000000 00:00 0 
7f2281005000-7f2281006000 ---p 00000000 00:00 0 
7f2281006000-7f2281107000 rw-p 00000000 00:00 0 
7f2281107000-7f2281108000 ---p 00000000 00:00 0 
7f2281108000-7f2281307000 rw-p 00000000 00:00 0 
7f2281307000-7f2281a4f000 ---p 00000000 00:00 0 
7f2281a4f000-7f2281ace000 rw-p 00000000 00:00 0 
7f2281ace000-7f2282216000 ---p 00000000 00:00 0 
7f2282216000-7f2282295000 rw-p 00000000 00:00 0 
7f2282295000-7f22829dd000 ---p 00000000 00:00 0 
7f22829dd000-7f2282fea000 rw-p 00000000 00:00 0 
7f2282fea000-7f22830d0000 ---p 00000000 00:00 0 
7f22830d0000-7f22830d5000 rw-p 00000000 00:00 0 
7f22830d5000-7f22831bb000 ---p 00000000 00:00 0 
7f22831bb000-7f22831df000 r-xp 00000000 103:05 3937507                   /home/peershaul/.jdks/openjdk-15.0.2/lib/libjava.so
7f22831df000-7f22831e0000 ---p 00024000 103:05 3937507                   /home/peershaul/.jdks/openjdk-15.0.2/lib/libjava.so
7f22831e0000-7f22831e1000 r--p 00024000 103:05 3937507                   /home/peershaul/.jdks/openjdk-15.0.2/lib/libjava.so
7f22831e1000-7f22831e2000 rw-p 00025000 103:05 3937507                   /home/peershaul/.jdks/openjdk-15.0.2/lib/libjava.so
7f22831e2000-7f22831e3000 rw-p 00000000 00:00 0 
7f22831e3000-7f22831e6000 r--p 00000000 103:05 4066702                   /usr/lib/libnss_files-2.33.so
7f22831e6000-7f22831ed000 r-xp 00003000 103:05 4066702                   /usr/lib/libnss_files-2.33.so
7f22831ed000-7f22831ef000 r--p 0000a000 103:05 4066702                   /usr/lib/libnss_files-2.33.so
7f22831ef000-7f22831f0000 r--p 0000b000 103:05 4066702                   /usr/lib/libnss_files-2.33.so
7f22831f0000-7f22831f1000 rw-p 0000c000 103:05 4066702                   /usr/lib/libnss_files-2.33.so
7f22831f1000-7f22831f7000 rw-p 00000000 00:00 0 
7f22831f7000-7f22831f8000 rw-s 00000000 00:05 694                        /dev/nvidiactl
7f22831f8000-7f22831f9000 r--p 00000000 103:05 4090614                   /usr/lib/libXinerama.so.1.0.0
7f22831f9000-7f22831fa000 r-xp 00001000 103:05 4090614                   /usr/lib/libXinerama.so.1.0.0
7f22831fa000-7f22831fb000 r--p 00002000 103:05 4090614                   /usr/lib/libXinerama.so.1.0.0
7f22831fb000-7f22831fc000 r--p 00002000 103:05 4090614                   /usr/lib/libXinerama.so.1.0.0
7f22831fc000-7f22831fd000 rw-p 00003000 103:05 4090614                   /usr/lib/libXinerama.so.1.0.0
7f22831fd000-7f2283202000 rw-p 00000000 00:00 0 
7f2283202000-7f2283209000 ---p 00000000 00:00 0 
7f2283209000-7f2283225000 r-xp 00000000 103:05 3937511                   /home/peershaul/.jdks/openjdk-15.0.2/lib/libjimage.so
7f2283225000-7f2283227000 r--p 0001b000 103:05 3937511                   /home/peershaul/.jdks/openjdk-15.0.2/lib/libjimage.so
7f2283227000-7f2283228000 rw-p 0001d000 103:05 3937511                   /home/peershaul/.jdks/openjdk-15.0.2/lib/libjimage.so
7f2283228000-7f228322b000 r--p 00000000 103:05 4066717                   /usr/lib/librt-2.33.so
7f228322b000-7f228322f000 r-xp 00003000 103:05 4066717                   /usr/lib/librt-2.33.so
7f228322f000-7f2283231000 r--p 00007000 103:05 4066717                   /usr/lib/librt-2.33.so
7f2283231000-7f2283232000 r--p 00008000 103:05 4066717                   /usr/lib/librt-2.33.so
7f2283232000-7f2283233000 rw-p 00009000 103:05 4066717                   /usr/lib/librt-2.33.so
7f2283233000-7f2283237000 ---p 00000000 00:00 0 
7f2283237000-7f2283334000 rw-p 00000000 00:00 0 
7f2283334000-7f2283343000 r--p 00000000 103:05 4066681                   /usr/lib/libm-2.33.so
7f2283343000-7f22833de000 r-xp 0000f000 103:05 4066681                   /usr/lib/libm-2.33.so
7f22833de000-7f2283476000 r--p 000aa000 103:05 4066681                   /usr/lib/libm-2.33.so
7f2283476000-7f2283477000 ---p 00142000 103:05 4066681                   /usr/lib/libm-2.33.so
7f2283477000-7f2283478000 r--p 00142000 103:05 4066681                   /usr/lib/libm-2.33.so
7f2283478000-7f2283479000 rw-p 00143000 103:05 4066681                   /usr/lib/libm-2.33.so
7f2283479000-7f22844c0000 r-xp 00000000 103:05 4101284                   /home/peershaul/.jdks/openjdk-15.0.2/lib/server/libjvm.so
7f22844c0000-7f22844c1000 ---p 01047000 103:05 4101284                   /home/peershaul/.jdks/openjdk-15.0.2/lib/server/libjvm.so
7f22844c1000-7f228455b000 r--p 01047000 103:05 4101284                   /home/peershaul/.jdks/openjdk-15.0.2/lib/server/libjvm.so
7f228455b000-7f2284592000 rw-p 010e1000 103:05 4101284                   /home/peershaul/.jdks/openjdk-15.0.2/lib/server/libjvm.so
7f2284592000-7f228461d000 rw-p 00000000 00:00 0 
7f228461d000-7f2284643000 r--p 00000000 103:05 4066668                   /usr/lib/libc-2.33.so
7f2284643000-7f228478f000 r-xp 00026000 103:05 4066668                   /usr/lib/libc-2.33.so
7f228478f000-7f22847db000 r--p 00172000 103:05 4066668                   /usr/lib/libc-2.33.so
7f22847db000-7f22847de000 r--p 001bd000 103:05 4066668                   /usr/lib/libc-2.33.so
7f22847de000-7f22847e1000 rw-p 001c0000 103:05 4066668                   /usr/lib/libc-2.33.so
7f22847e1000-7f22847ea000 rw-p 00000000 00:00 0 
7f22847ea000-7f22847ec000 r--p 00000000 103:05 4066675                   /usr/lib/libdl-2.33.so
7f22847ec000-7f22847ee000 r-xp 00002000 103:05 4066675                   /usr/lib/libdl-2.33.so
7f22847ee000-7f22847ef000 r--p 00004000 103:05 4066675                   /usr/lib/libdl-2.33.so
7f22847ef000-7f22847f0000 r--p 00004000 103:05 4066675                   /usr/lib/libdl-2.33.so
7f22847f0000-7f22847f1000 rw-p 00005000 103:05 4066675                   /usr/lib/libdl-2.33.so
7f22847f1000-7f22847f8000 r--p 00000000 103:05 4066709                   /usr/lib/libpthread-2.33.so
7f22847f8000-7f2284807000 r-xp 00007000 103:05 4066709                   /usr/lib/libpthread-2.33.so
7f2284807000-7f228480c000 r--p 00016000 103:05 4066709                   /usr/lib/libpthread-2.33.so
7f228480c000-7f228480d000 r--p 0001a000 103:05 4066709                   /usr/lib/libpthread-2.33.so
7f228480d000-7f228480e000 rw-p 0001b000 103:05 4066709                   /usr/lib/libpthread-2.33.so
7f228480e000-7f2284812000 rw-p 00000000 00:00 0 
7f2284812000-7f2284821000 r-xp 00000000 103:05 3937512                   /home/peershaul/.jdks/openjdk-15.0.2/lib/libjli.so
7f2284821000-7f2284822000 r--p 0000e000 103:05 3937512                   /home/peershaul/.jdks/openjdk-15.0.2/lib/libjli.so
7f2284822000-7f2284823000 rw-p 0000f000 103:05 3937512                   /home/peershaul/.jdks/openjdk-15.0.2/lib/libjli.so
7f2284823000-7f2284826000 r--p 00000000 103:05 4076472                   /usr/lib/libz.so.1.2.11
7f2284826000-7f2284834000 r-xp 00003000 103:05 4076472                   /usr/lib/libz.so.1.2.11
7f2284834000-7f228483a000 r--p 00011000 103:05 4076472                   /usr/lib/libz.so.1.2.11
7f228483a000-7f228483b000 ---p 00017000 103:05 4076472                   /usr/lib/libz.so.1.2.11
7f228483b000-7f228483c000 r--p 00017000 103:05 4076472                   /usr/lib/libz.so.1.2.11
7f228483c000-7f228483d000 rw-p 00018000 103:05 4076472                   /usr/lib/libz.so.1.2.11
7f228483d000-7f228483f000 rw-p 00000000 00:00 0 
7f228483f000-7f2284840000 rw-s 00000000 00:05 694                        /dev/nvidiactl
7f2284840000-7f2284841000 rw-s 00000000 00:05 694                        /dev/nvidiactl
7f2284841000-7f2284842000 r--p 00000000 103:05 4087260                   /usr/lib/libXau.so.6.0.0
7f2284842000-7f2284843000 r-xp 00001000 103:05 4087260                   /usr/lib/libXau.so.6.0.0
7f2284843000-7f2284844000 r--p 00002000 103:05 4087260                   /usr/lib/libXau.so.6.0.0
7f2284844000-7f2284845000 r--p 00002000 103:05 4087260                   /usr/lib/libXau.so.6.0.0
7f2284845000-7f2284846000 rw-p 00003000 103:05 4087260                   /usr/lib/libXau.so.6.0.0
7f2284846000-7f2284847000 r-xp 00000000 00:00 0 
7f2284847000-7f228484f000 rw-s 00000000 00:2e 108                        /tmp/hsperfdata_peershaul/1816
7f228484f000-7f2284850000 ---p 00000000 00:00 0 
7f2284850000-7f2284851000 r--p 00000000 00:00 0 
7f2284851000-7f2284852000 r--p 00000000 103:05 4066657                   /usr/lib/ld-2.33.so
7f2284852000-7f2284876000 r-xp 00001000 103:05 4066657                   /usr/lib/ld-2.33.so
7f2284876000-7f228487f000 r--p 00025000 103:05 4066657                   /usr/lib/ld-2.33.so
7f228487f000-7f2284880000 ---p 00000000 00:00 0 
7f2284880000-7f2284882000 r--p 0002e000 103:05 4066657                   /usr/lib/ld-2.33.so
7f2284882000-7f2284884000 rw-p 00030000 103:05 4066657                   /usr/lib/ld-2.33.so
7fff4785a000-7fff4787c000 rw-p 00000000 00:00 0                          [stack]
7fff47894000-7fff47898000 r--p 00000000 00:00 0                          [vvar]
7fff47898000-7fff4789a000 r-xp 00000000 00:00 0                          [vdso]
ffffffffff600000-ffffffffff601000 --xp 00000000 00:00 0                  [vsyscall]


VM Arguments:
jvm_args: -Dfile.encoding=US-ASCII -Duser.country=US -Duser.language=en -Duser.variant 
java_command: Main
java_class_path (initial): /volume/dev/OpenGL/Java/EngineTest/build/classes/java/main:/volume/dev/OpenGL/Java/EngineTest/build/resources/main:/home/peershaul/.gradle/caches/modules-2/files-2.1/org.lwjgl/lwjgl-assimp/3.2.3/f62aa07a20afbdd3097efc296c4841e0d29700eb/lwjgl-assimp-3.2.3.jar:/home/peershaul/.gradle/caches/modules-2/files-2.1/org.lwjgl/lwjgl-assimp/3.2.3/9ecc218db17c49f2819a5a80dee7efea65a9ac4f/lwjgl-assimp-3.2.3-natives-linux.jar:/home/peershaul/.gradle/caches/modules-2/files-2.1/org.lwjgl/lwjgl-bgfx/3.2.3/433883c4040fa8df47244dffa1d42c96ce2143de/lwjgl-bgfx-3.2.3.jar:/home/peershaul/.gradle/caches/modules-2/files-2.1/org.lwjgl/lwjgl-bgfx/3.2.3/b30a656e8833ab98cc9434686c17390dbfa12531/lwjgl-bgfx-3.2.3-natives-linux.jar:/home/peershaul/.gradle/caches/modules-2/files-2.1/org.lwjgl/lwjgl-glfw/3.2.3/5e520d5c290c8b012545a8d34fa5db5ab051ea53/lwjgl-glfw-3.2.3.jar:/home/peershaul/.gradle/caches/modules-2/files-2.1/org.lwjgl/lwjgl-glfw/3.2.3/62b044d9b0a057444bef2ab70b9afc288ec09dba/lwjgl-glfw-3.2.3-natives-linux.jar:/home/peershaul/.gradle/caches/modules-2/files-2.1/org.lwjgl/lwjgl-nanovg/3.2.3/718be4a13691d1cd276fa852326e9e837d65204e/lwjgl-nanovg-3.2.3.jar:/home/peershaul/.gradle/caches/modules-2/files-2.1/org.lwjgl/lwjgl-nanovg/3.2.3/73a623c979331cac61050c36ebeabee5a5b8eae6/lwjgl-nanovg-3.2.3-natives-linux.jar:/home/peershaul/.gradle/caches/modules-2/files-2.1/org.lwjgl/lwjgl-nuklear/3.2.3/45bfab23e975201bf3cb81287be6034adec64a86/lwjgl-nuklear-3.2.3.jar:/home/peershaul/.gradle/caches/modules-2/files-2.1/org.lwjgl/lwjgl-nuklear/3.2.3/cbc2898b60a5f85368dc2f6999df7fc33926d83e/lwjgl-nuklear-3.2.3-natives-linux.jar:/home/peershaul/.gradle/caches/modules-2/files-2.1/org.lwjgl/lwjgl-openal/3.2.3/106742e805803ab9eab8e343f0fb31a3d263903c/lwjgl-openal-3.2.3.jar:/home/peershaul/.gradle/caches/modules-2/files-2.1/org.lwjgl/lwjgl-openal/3.2.3/869ddd9dbbf92a7d1be7f5942ca0adbde068d999/lwjgl-openal-3.2.3-natives-linux.jar:/home/peershaul/.gradle/caches/modules-2/files-2.1/org.l
Launcher Type: SUN_STANDARD

[Global flags]
     intx CICompilerCount                          = 3                                         {product} {ergonomic}
     uint ConcGCThreads                            = 2                                         {product} {ergonomic}
     uint G1ConcRefinementThreads                  = 6                                         {product} {ergonomic}
   size_t G1HeapRegionSize                         = 2097152                                   {product} {ergonomic}
    uintx GCDrainStackTargetSize                   = 64                                        {product} {ergonomic}
   size_t InitialHeapSize                          = 262144000                                 {product} {ergonomic}
   size_t MarkStackSize                            = 4194304                                   {product} {ergonomic}
   size_t MaxHeapSize                              = 4175429632                                {product} {ergonomic}
   size_t MaxNewSize                               = 2503999488                                {product} {ergonomic}
   size_t MinHeapDeltaBytes                        = 2097152                                   {product} {ergonomic}
   size_t MinHeapSize                              = 8388608                                   {product} {ergonomic}
    uintx NonNMethodCodeHeapSize                   = 5832780                                {pd product} {ergonomic}
    uintx NonProfiledCodeHeapSize                  = 122912730                              {pd product} {ergonomic}
    uintx ProfiledCodeHeapSize                     = 122912730                              {pd product} {ergonomic}
    uintx ReservedCodeCacheSize                    = 251658240                              {pd product} {ergonomic}
     bool SegmentedCodeCache                       = true                                      {product} {ergonomic}
   size_t SoftMaxHeapSize                          = 4175429632                             {manageable} {ergonomic}
     bool UseCompressedClassPointers               = true                                 {lp64_product} {ergonomic}
     bool UseCompressedOops                        = true                                 {lp64_product} {ergonomic}
     bool UseG1GC                                  = true                                      {product} {ergonomic}

Logging:
Log output configuration:
 #0: stdout all=warning uptime,level,tags
 #1: stderr all=off uptime,level,tags

Environment Variables:
PATH=/usr/local/bin:/usr/bin:/bin:/usr/local/sbin:/usr/lib/jvm/default/bin:/usr/bin/site_perl:/usr/bin/vendor_perl:/usr/bin/core_perl:/var/lib/snapd/snap/bin
SHELL=/usr/bin/zsh
DISPLAY=:0
LANG=en_US

Signal Handlers:
SIGSEGV: [libjvm.so+0xd64200], sa_mask[0]=11111111011111111101111111111110, sa_flags=SA_RESTART|SA_SIGINFO
SIGBUS: [libjvm.so+0xd64200], sa_mask[0]=11111111011111111101111111111110, sa_flags=SA_RESTART|SA_SIGINFO
SIGFPE: [libjvm.so+0xd64200], sa_mask[0]=11111111011111111101111111111110, sa_flags=SA_RESTART|SA_SIGINFO
SIGPIPE: [libjvm.so+0xb419c0], sa_mask[0]=11111111011111111101111111111110, sa_flags=SA_RESTART|SA_SIGINFO
SIGXFSZ: [libjvm.so+0xb419c0], sa_mask[0]=11111111011111111101111111111110, sa_flags=SA_RESTART|SA_SIGINFO
SIGILL: [libjvm.so+0xd64200], sa_mask[0]=11111111011111111101111111111110, sa_flags=SA_RESTART|SA_SIGINFO
SIGUSR2: [libjvm.so+0xb41860], sa_mask[0]=00100000000000000000000000000000, sa_flags=SA_RESTART|SA_SIGINFO
SIGHUP: [libjvm.so+0xb420d0], sa_mask[0]=11111111011111111101111111111110, sa_flags=SA_RESTART|SA_SIGINFO
SIGINT: [libjvm.so+0xb420d0], sa_mask[0]=11111111011111111101111111111110, sa_flags=SA_RESTART|SA_SIGINFO
SIGTERM: [libjvm.so+0xb420d0], sa_mask[0]=11111111011111111101111111111110, sa_flags=SA_RESTART|SA_SIGINFO
SIGQUIT: [libjvm.so+0xb420d0], sa_mask[0]=11111111011111111101111111111110, sa_flags=SA_RESTART|SA_SIGINFO


---------------  S Y S T E M  ---------------

OS:
NAME="Arch Linux"
PRETTY_NAME="Arch Linux"
ID=arch
BUILD_ID=rolling
ANSI_COLOR="38;2;23;147;209"
HOME_URL="https://www.archlinux.org/"
DOCUMENTATION_URL="https://wiki.archlinux.org/"
SUPPORT_URL="https://bbs.archlinux.org/"
BUG_REPORT_URL="https://bugs.archlinux.org/"
LOGO=archlinux
uname: Linux 5.11.6-arch1-1 #1 SMP PREEMPT Thu, 11 Mar 2021 13:48:23 +0000 x86_64
OS uptime: 0 days 0:23 hours
libc: glibc 2.33 NPTL 2.33 
rlimit (soft/hard): STACK 8192k/infinity , CORE infinity/infinity , NPROC 63623/63623 , NOFILE 524288/524288 , AS infinity/infinity , CPU infinity/infinity , DATA infinity/infinity , FSIZE infinity/infinity , MEMLOCK 64k/64k
load average: 0.96 0.72 0.51

/proc/meminfo:
MemTotal:       16302448 kB
MemFree:        11561508 kB
MemAvailable:   13157432 kB
Buffers:           62756 kB
Cached:          1826336 kB
SwapCached:            0 kB
Active:           433924 kB
Inactive:        3963932 kB
Active(anon):       4916 kB
Inactive(anon):  2576476 kB
Active(file):     429008 kB
Inactive(file):  1387456 kB
Unevictable:          32 kB
Mlocked:              32 kB
SwapTotal:             0 kB
SwapFree:              0 kB
Dirty:             10192 kB
Writeback:             0 kB
AnonPages:       2508560 kB
Mapped:           490412 kB
Shmem:             72712 kB
KReclaimable:      71992 kB
Slab:             141900 kB
SReclaimable:      71992 kB
SUnreclaim:        69908 kB
KernelStack:        8224 kB
PageTables:        22084 kB
NFS_Unstable:          0 kB
Bounce:                0 kB
WritebackTmp:          0 kB
CommitLimit:     8151224 kB
Committed_AS:    5355228 kB
VmallocTotal:   34359738367 kB
VmallocUsed:       68192 kB
VmallocChunk:          0 kB
Percpu:             3968 kB
HardwareCorrupted:     0 kB
AnonHugePages:         0 kB
ShmemHugePages:        0 kB
ShmemPmdMapped:        0 kB
FileHugePages:         0 kB
FilePmdMapped:         0 kB
CmaTotal:              0 kB
CmaFree:               0 kB
HugePages_Total:       0
HugePages_Free:        0
HugePages_Rsvd:        0
HugePages_Surp:        0
Hugepagesize:       2048 kB
Hugetlb:               0 kB
DirectMap4k:      272312 kB
DirectMap2M:     8028160 kB
DirectMap1G:     8388608 kB

/sys/kernel/mm/transparent_hugepage/enabled: always [madvise] never
/sys/kernel/mm/transparent_hugepage/defrag (defrag/compaction efforts parameter): always defer defer+madvise [madvise] never

/proc/sys/kernel/threads-max (system-wide limit on the number of threads): 127246
/proc/sys/vm/max_map_count (maximum number of memory map areas a process may have): 65530
/proc/sys/kernel/pid_max (system-wide limit on number of process identifiers): 4194304

container (cgroup) information:
container_type: cgroupv1
cpu_cpuset_cpus: 0-5
cpu_memory_nodes: 0
active_processor_count: 6
cpu_quota: no quota
cpu_period: 100000
cpu_shares: no shares
memory_limit_in_bytes: unlimited
memory_and_swap_limit_in_bytes: unlimited
memory_soft_limit_in_bytes: unlimited
memory_usage_in_bytes: 2997067776
memory_max_usage_in_bytes: 2997198848

Steal ticks since vm start: 0
Steal ticks percentage since vm start:  0.000

CPU: total 6 (initial active 6) (6 cores per cpu, 1 threads per core) family 6 model 158 stepping 10 microcode 0x84, cmov, cx8, fxsr, mmx, sse, sse2, sse3, ssse3, sse4.1, sse4.2, popcnt, vzeroupper, avx, avx2, aes, clmul, erms, 3dnowpref, lzcnt, tsc, tscinvbit, bmi1, bmi2, adx, fma, clflush, clflushopt
CPU Model and flags from /proc/cpuinfo:
model name	: Intel(R) Core(TM) i5-8400 CPU @ 2.80GHz
flags		: fpu vme de pse tsc msr pae mce cx8 apic sep mtrr pge mca cmov pat pse36 clflush dts acpi mmx fxsr sse sse2 ss ht tm pbe syscall nx pdpe1gb rdtscp lm constant_tsc art arch_perfmon pebs bts rep_good nopl xtopology nonstop_tsc cpuid aperfmperf pni pclmulqdq dtes64 monitor ds_cpl vmx est tm2 ssse3 sdbg fma cx16 xtpr pdcm pcid sse4_1 sse4_2 x2apic movbe popcnt tsc_deadline_timer aes xsave avx f16c rdrand lahf_lm abm 3dnowprefetch cpuid_fault epb invpcid_single pti ibrs ibpb stibp tpr_shadow vnmi flexpriority ept vpid ept_ad fsgsbase tsc_adjust bmi1 avx2 smep bmi2 erms invpcid mpx rdseed adx smap clflushopt intel_pt xsaveopt xsavec xgetbv1 xsaves dtherm ida arat pln pts hwp hwp_notify hwp_act_window hwp_epp

Online cpus: 0-5
Offline cpus: 
BIOS frequency limitation: <Not Available>
Frequency switch latency (ns): 0
Available cpu frequencies: <Not Available>
Current governor: powersave
Core performance/turbo boost: <Not Available>

Memory: 4k page, physical 16302448k(11561508k free), swap 0k(0k free)

vm_info: OpenJDK 64-Bit Server VM (15.0.2+7-27) for linux-amd64 JRE (15.0.2+7-27), built on Dec  7 2020 19:54:59 by "mach5one" with gcc 9.2.0

END.
