#
# A fatal error has been detected by the Java Runtime Environment:
#
#  SIGSEGV (0xb) at pc=0x0000000041e41f27, pid=1748, tid=1749
#
# JRE version: OpenJDK Runtime Environment (15.0.2+7) (build 15.0.2+7-27)
# Java VM: OpenJDK 64-Bit Server VM (15.0.2+7-27, mixed mode, sharing, tiered, compressed oops, g1 gc, linux-amd64)
# Problematic frame:
# C  0x0000000041e41f27
#
# Core dump will be written. Default location: Core dumps may be processed with "/usr/lib/systemd/systemd-coredump %P %u %g %s %t %c %h" (or dumping to /volume/dev/OpenGL/Java/EngineTest/core.1748)
#
# If you would like to submit a bug report, please visit:
#   https://bugreport.java.com/bugreport/crash.jsp
# The crash happened outside the Java Virtual Machine in native code.
# See problematic frame for where to report the bug.
#

---------------  S U M M A R Y ------------

Command Line: -Dfile.encoding=US-ASCII -Duser.country=US -Duser.language=en -Duser.variant Main

Host: Intel(R) Core(TM) i5-8400 CPU @ 2.80GHz, 6 cores, 15G, Arch Linux
Time: Wed Mar 17 10:04:10 2021 IST elapsed time: 0.332507 seconds (0d 0h 0m 0s)

---------------  T H R E A D  ---------------

Current thread (0x00007f7720028e90):  JavaThread "main" [_thread_in_native, id=1749, stack(0x00007f7727278000,0x00007f7727379000)]

Stack: [0x00007f7727278000,0x00007f7727379000],  sp=0x00007f7727377388,  free space=1020k
Native frames: (J=compiled Java code, A=aot compiled Java code, j=interpreted, Vv=VM code, C=native code)
C  0x0000000041e41f27

Java frames: (J=compiled Java code, j=interpreted, Vv=VM code)
j  org.lwjgl.opengl.GL11C.nglDrawElements(IIIJ)V+0
j  org.lwjgl.opengl.GL11C.glDrawElements(IIIJ)V+4
j  org.lwjgl.opengl.GL11.glDrawElements(IIIJ)V+4
j  utils.Window.loop()V+45
j  Main.main([Ljava/lang/String;)V+13
v  ~StubRoutines::call_stub

siginfo: si_signo: 11 (SIGSEGV), si_code: 1 (SEGV_MAPERR), si_addr: 0x0000000000000000

Register to memory mapping:

RAX=0x00007f76f0e448e0 points into unknown readable memory: 0x0000000000000000 | 00 00 00 00 00 00 00 00
RBX=0x00000000404c0000 points into unknown readable memory: 0x00007f7720487e80 | 80 7e 48 20 77 7f 00 00
RCX=0x0000000000000006 is an unknown value
RDX=0x0 is NULL
RSP=0x00007f7727377388 is pointing into the stack for thread: 0x00007f7720028e90
RBP=0x0000000000000018 is an unknown value
RSI=0x00007f76f0e448e0 points into unknown readable memory: 0x0000000000000000 | 00 00 00 00 00 00 00 00
RDI=0x00000000404c0000 points into unknown readable memory: 0x00007f7720487e80 | 80 7e 48 20 77 7f 00 00
R8 =0x0 is NULL
R9 =0x0 is NULL
R10=0x0000000000000001 is an unknown value
R11=0x0000000000000018 is an unknown value
R12=0x00007f772075ad10 points into unknown readable memory: 0x0100100400000009 | 09 00 00 00 04 10 00 01
R13=0x0 is NULL
R14=0x0000000000000006 is an unknown value
R15=0x0 is NULL


Registers:
RAX=0x00007f76f0e448e0, RBX=0x00000000404c0000, RCX=0x0000000000000006, RDX=0x0000000000000000
RSP=0x00007f7727377388, RBP=0x0000000000000018, RSI=0x00007f76f0e448e0, RDI=0x00000000404c0000
R8 =0x0000000000000000, R9 =0x0000000000000000, R10=0x0000000000000001, R11=0x0000000000000018
R12=0x00007f772075ad10, R13=0x0000000000000000, R14=0x0000000000000006, R15=0x0000000000000000
RIP=0x0000000041e41f27, EFLAGS=0x0000000000010202, CSGSFS=0x002b000000000033, ERR=0x0000000000000004
  TRAPNO=0x000000000000000e

Top of Stack: (sp=0x00007f7727377388)
0x00007f7727377388:   00007f76bb013339 0000000627377420
0x00007f7727377398:   0000000000000000 0000000000000000
0x00007f77273773a8:   00000000404c0000 00007f7700000006
0x00007f77273773b8:   0000000041e41f00 00007f7720761bd8 

Instructions: (pc=0x0000000041e41f27)
0x0000000041e41e27:   00 00 00 00 00 00 00 00 00 00 00 00 00 00 00 00
0x0000000041e41e37:   00 00 00 00 00 00 00 00 00 00 00 00 00 00 00 00
0x0000000041e41e47:   00 00 00 00 00 00 00 00 00 00 00 00 00 00 00 00
0x0000000041e41e57:   00 00 00 00 00 00 00 00 00 00 00 00 00 00 00 00
0x0000000041e41e67:   00 00 00 00 00 00 00 00 00 00 00 00 00 00 00 00
0x0000000041e41e77:   00 00 00 00 00 00 00 00 00 00 00 00 00 00 00 00
0x0000000041e41e87:   00 00 00 00 00 00 00 00 00 00 00 00 00 00 00 00
0x0000000041e41e97:   00 00 00 00 00 00 00 00 00 00 00 00 00 00 00 00
0x0000000041e41ea7:   00 00 00 00 00 00 00 00 00 00 00 00 00 00 00 00
0x0000000041e41eb7:   00 00 00 00 00 00 00 00 00 00 00 00 00 00 00 00
0x0000000041e41ec7:   00 00 00 00 00 00 00 00 00 00 00 00 00 00 00 00
0x0000000041e41ed7:   00 00 00 00 00 00 00 00 00 00 00 00 00 00 00 00
0x0000000041e41ee7:   00 00 00 00 00 00 00 00 00 00 00 00 00 00 00 00
0x0000000041e41ef7:   00 40 ff ff ff c0 1e 00 00 48 89 6c 24 f8 48 89
0x0000000041e41f07:   5c 24 f0 48 89 74 24 e8 48 89 7c 24 e0 48 8b df
0x0000000041e41f17:   48 8b c6 48 8b e9 48 8b d2 48 8d 2c aa 4c 8b dd
0x0000000041e41f27:   8b 0a 49 ba c0 de 53 40 00 00 00 00 41 03 0a 48
0x0000000041e41f37:   83 c2 04 48 be 38 7c 51 40 00 00 00 00 48 8b 36
0x0000000041e41f47:   48 8b b6 08 03 00 00 48 8d 3c 49 48 8d 34 fe 8b
0x0000000041e41f57:   3e 8b 6e 04 89 38 89 68 04 48 be 38 7c 51 40 00
0x0000000041e41f67:   00 00 00 48 8b 36 48 8b b6 38 03 00 00 48 8b f9
0x0000000041e41f77:   48 c1 e7 04 48 03 f7 8b 3e 8b 6e 04 89 78 08 89
0x0000000041e41f87:   68 0c 8b 7e 08 8b 6e 0c 89 78 10 89 68 14 48 83
0x0000000041e41f97:   c0 18 49 3b d3 75 89 48 8b 7c 24 e0 48 8b 74 24
0x0000000041e41fa7:   e8 48 8b 5c 24 f0 48 8b 6c 24 f8 c3 00 00 00 00
0x0000000041e41fb7:   00 c0 ff ff ff c0 00 00 00 48 b8 50 85 55 40 00
0x0000000041e41fc7:   00 00 00 48 8b 00 49 ba 10 c7 50 40 00 00 00 00
0x0000000041e41fd7:   48 83 ec 28 48 83 c4 28 c3 00 00 00 00 00 00 00
0x0000000041e41fe7:   00 00 00 00 00 00 00 00 00 00 00 00 00 00 00 00
0x0000000041e41ff7:   00 00 00 00 00 40 00 00 00 ?? ?? ?? ?? ?? ?? ??
0x0000000041e42007:   ?? ?? ?? ?? ?? ?? ?? ?? ?? ?? ?? ?? ?? ?? ?? ??
0x0000000041e42017:   ?? ?? ?? ?? ?? ?? ?? ?? ?? ?? ?? ?? ?? ?? ?? ?? 


Stack slot to memory mapping:
stack at sp + 0 slots: 0x00007f76bb013339: <offset 0x0000000000f1d339> in /usr/lib/libnvidia-glcore.so.460.56 at 0x00007f76ba0f6000
stack at sp + 1 slots: 0x0000000627377420 is an unknown value
stack at sp + 2 slots: 0x0 is NULL
stack at sp + 3 slots: 0x0 is NULL
stack at sp + 4 slots: 0x00000000404c0000 points into unknown readable memory: 0x00007f7720487e80 | 80 7e 48 20 77 7f 00 00
stack at sp + 5 slots: 0x00007f7700000006 is an unknown value
stack at sp + 6 slots: 0x0000000041e41f00 points into unknown readable memory: 0x5c8948f8246c8948 | 48 89 6c 24 f8 48 89 5c
stack at sp + 7 slots: 0x00007f7720761bd8 points into unknown readable memory: 0x00007f772084c290 | 90 c2 84 20 77 7f 00 00


---------------  P R O C E S S  ---------------

Threads class SMR info:
_java_thread_list=0x00007f77201c7740, length=10, elements={
0x00007f7720028e90, 0x00007f7720170650, 0x00007f7720171d90, 0x00007f77201778b0,
0x00007f7720178fc0, 0x00007f772017abe0, 0x00007f772017c410, 0x00007f772017db10,
0x00007f77201c2fd0, 0x00007f77201c6480
}

Java Threads: ( => current thread )
=>0x00007f7720028e90 JavaThread "main" [_thread_in_native, id=1749, stack(0x00007f7727278000,0x00007f7727379000)]
  0x00007f7720170650 JavaThread "Reference Handler" daemon [_thread_blocked, id=1761, stack(0x00007f77243dc000,0x00007f77244dd000)]
  0x00007f7720171d90 JavaThread "Finalizer" daemon [_thread_blocked, id=1762, stack(0x00007f77242db000,0x00007f77243dc000)]
  0x00007f77201778b0 JavaThread "Signal Dispatcher" daemon [_thread_blocked, id=1763, stack(0x00007f77241da000,0x00007f77242db000)]
  0x00007f7720178fc0 JavaThread "Service Thread" daemon [_thread_blocked, id=1764, stack(0x00007f77240d9000,0x00007f77241da000)]
  0x00007f772017abe0 JavaThread "C2 CompilerThread0" daemon [_thread_blocked, id=1765, stack(0x00007f77004ba000,0x00007f77005bb000)]
  0x00007f772017c410 JavaThread "C1 CompilerThread0" daemon [_thread_blocked, id=1766, stack(0x00007f77003b9000,0x00007f77004ba000)]
  0x00007f772017db10 JavaThread "Sweeper thread" daemon [_thread_blocked, id=1767, stack(0x00007f77002b8000,0x00007f77003b9000)]
  0x00007f77201c2fd0 JavaThread "Notification Thread" daemon [_thread_blocked, id=1768, stack(0x00007f77001b7000,0x00007f77002b8000)]
  0x00007f77201c6480 JavaThread "Common-Cleaner" daemon [_thread_blocked, id=1770, stack(0x00007f76f1eff000,0x00007f76f2000000)]

Other Threads:
  0x00007f772016d900 VMThread "VM Thread" [stack: 0x00007f77244df000,0x00007f77245df000] [id=1760]
  0x00007f77201c4b90 WatcherThread [stack: 0x00007f77000b7000,0x00007f77001b7000] [id=1769]
  0x00007f7720078870 GCTaskThread "GC Thread#0" [stack: 0x00007f772514e000,0x00007f772524e000] [id=1755]
  0x00007f7720089ab0 ConcurrentGCThread "G1 Main Marker" [stack: 0x00007f772504c000,0x00007f772514c000] [id=1756]
  0x00007f772008ad40 ConcurrentGCThread "G1 Conc#0" [stack: 0x00007f7724f4a000,0x00007f772504a000] [id=1757]
  0x00007f77201382e0 ConcurrentGCThread "G1 Refine#0" [stack: 0x00007f7724842000,0x00007f7724942000] [id=1758]
  0x00007f77201394f0 ConcurrentGCThread "G1 Young RemSet Sampling" [stack: 0x00007f7724740000,0x00007f7724840000] [id=1759]

Threads with active compile tasks:

VM state: not at safepoint (normal execution)

VM Mutex/Monitor currently owned by a thread: None

Heap address: 0x0000000707200000, size: 3982 MB, Compressed Oops mode: Zero based, Oop shift amount: 3
CDS archive(s) mapped at: [0x0000000800000000-0x0000000800b33000-0x0000000800b33000), size 11743232, SharedBaseAddress: 0x0000000800000000, ArchiveRelocationMode: 0.
Compressed class space mapped at: 0x0000000800b34000-0x0000000840b34000, size: 1073741824
Narrow klass base: 0x0000000800000000, Narrow klass shift: 3, Narrow klass range: 0x100000000

GC Precious Log:
 CPUs: 6 total, 6 available
 Memory: 15920M
 Large Page Support: Disabled
 NUMA Support: Disabled
 Compressed Oops: Enabled (Zero based)
 Heap Region Size: 2M
 Heap Min Capacity: 8M
 Heap Initial Capacity: 250M
 Heap Max Capacity: 3982M
 Pre-touch: Disabled
 Parallel Workers: 6
 Concurrent Workers: 2
 Concurrent Refinement Workers: 6
 Periodic GC: Disabled

Heap:
 garbage-first heap   total 260096K, used 16184K [0x0000000707200000, 0x0000000800000000)
  region size 2048K, 8 young (16384K), 0 survivors (0K)
 Metaspace       used 5837K, capacity 8802K, committed 9088K, reserved 1058816K
  class space    used 285K, capacity 571K, committed 640K, reserved 1048576K

Heap Regions: E=young(eden), S=young(survivor), O=old, HS=humongous(starts), HC=humongous(continues), CS=collection set, F=free, OA=open archive, CA=closed archive, TAMS=top-at-mark-start (previous, next)
|   0|0x0000000707200000, 0x0000000707200000, 0x0000000707400000|  0%| F|  |TAMS 0x0000000707200000, 0x0000000707200000| Untracked 
|   1|0x0000000707400000, 0x0000000707400000, 0x0000000707600000|  0%| F|  |TAMS 0x0000000707400000, 0x0000000707400000| Untracked 
|   2|0x0000000707600000, 0x0000000707600000, 0x0000000707800000|  0%| F|  |TAMS 0x0000000707600000, 0x0000000707600000| Untracked 
|   3|0x0000000707800000, 0x0000000707800000, 0x0000000707a00000|  0%| F|  |TAMS 0x0000000707800000, 0x0000000707800000| Untracked 
|   4|0x0000000707a00000, 0x0000000707a00000, 0x0000000707c00000|  0%| F|  |TAMS 0x0000000707a00000, 0x0000000707a00000| Untracked 
|   5|0x0000000707c00000, 0x0000000707c00000, 0x0000000707e00000|  0%| F|  |TAMS 0x0000000707c00000, 0x0000000707c00000| Untracked 
|   6|0x0000000707e00000, 0x0000000707e00000, 0x0000000708000000|  0%| F|  |TAMS 0x0000000707e00000, 0x0000000707e00000| Untracked 
|   7|0x0000000708000000, 0x0000000708000000, 0x0000000708200000|  0%| F|  |TAMS 0x0000000708000000, 0x0000000708000000| Untracked 
|   8|0x0000000708200000, 0x0000000708200000, 0x0000000708400000|  0%| F|  |TAMS 0x0000000708200000, 0x0000000708200000| Untracked 
|   9|0x0000000708400000, 0x0000000708400000, 0x0000000708600000|  0%| F|  |TAMS 0x0000000708400000, 0x0000000708400000| Untracked 
|  10|0x0000000708600000, 0x0000000708600000, 0x0000000708800000|  0%| F|  |TAMS 0x0000000708600000, 0x0000000708600000| Untracked 
|  11|0x0000000708800000, 0x0000000708800000, 0x0000000708a00000|  0%| F|  |TAMS 0x0000000708800000, 0x0000000708800000| Untracked 
|  12|0x0000000708a00000, 0x0000000708a00000, 0x0000000708c00000|  0%| F|  |TAMS 0x0000000708a00000, 0x0000000708a00000| Untracked 
|  13|0x0000000708c00000, 0x0000000708c00000, 0x0000000708e00000|  0%| F|  |TAMS 0x0000000708c00000, 0x0000000708c00000| Untracked 
|  14|0x0000000708e00000, 0x0000000708e00000, 0x0000000709000000|  0%| F|  |TAMS 0x0000000708e00000, 0x0000000708e00000| Untracked 
|  15|0x0000000709000000, 0x0000000709000000, 0x0000000709200000|  0%| F|  |TAMS 0x0000000709000000, 0x0000000709000000| Untracked 
|  16|0x0000000709200000, 0x0000000709200000, 0x0000000709400000|  0%| F|  |TAMS 0x0000000709200000, 0x0000000709200000| Untracked 
|  17|0x0000000709400000, 0x0000000709400000, 0x0000000709600000|  0%| F|  |TAMS 0x0000000709400000, 0x0000000709400000| Untracked 
|  18|0x0000000709600000, 0x0000000709600000, 0x0000000709800000|  0%| F|  |TAMS 0x0000000709600000, 0x0000000709600000| Untracked 
|  19|0x0000000709800000, 0x0000000709800000, 0x0000000709a00000|  0%| F|  |TAMS 0x0000000709800000, 0x0000000709800000| Untracked 
|  20|0x0000000709a00000, 0x0000000709a00000, 0x0000000709c00000|  0%| F|  |TAMS 0x0000000709a00000, 0x0000000709a00000| Untracked 
|  21|0x0000000709c00000, 0x0000000709c00000, 0x0000000709e00000|  0%| F|  |TAMS 0x0000000709c00000, 0x0000000709c00000| Untracked 
|  22|0x0000000709e00000, 0x0000000709e00000, 0x000000070a000000|  0%| F|  |TAMS 0x0000000709e00000, 0x0000000709e00000| Untracked 
|  23|0x000000070a000000, 0x000000070a000000, 0x000000070a200000|  0%| F|  |TAMS 0x000000070a000000, 0x000000070a000000| Untracked 
|  24|0x000000070a200000, 0x000000070a200000, 0x000000070a400000|  0%| F|  |TAMS 0x000000070a200000, 0x000000070a200000| Untracked 
|  25|0x000000070a400000, 0x000000070a400000, 0x000000070a600000|  0%| F|  |TAMS 0x000000070a400000, 0x000000070a400000| Untracked 
|  26|0x000000070a600000, 0x000000070a600000, 0x000000070a800000|  0%| F|  |TAMS 0x000000070a600000, 0x000000070a600000| Untracked 
|  27|0x000000070a800000, 0x000000070a800000, 0x000000070aa00000|  0%| F|  |TAMS 0x000000070a800000, 0x000000070a800000| Untracked 
|  28|0x000000070aa00000, 0x000000070aa00000, 0x000000070ac00000|  0%| F|  |TAMS 0x000000070aa00000, 0x000000070aa00000| Untracked 
|  29|0x000000070ac00000, 0x000000070ac00000, 0x000000070ae00000|  0%| F|  |TAMS 0x000000070ac00000, 0x000000070ac00000| Untracked 
|  30|0x000000070ae00000, 0x000000070ae00000, 0x000000070b000000|  0%| F|  |TAMS 0x000000070ae00000, 0x000000070ae00000| Untracked 
|  31|0x000000070b000000, 0x000000070b000000, 0x000000070b200000|  0%| F|  |TAMS 0x000000070b000000, 0x000000070b000000| Untracked 
|  32|0x000000070b200000, 0x000000070b200000, 0x000000070b400000|  0%| F|  |TAMS 0x000000070b200000, 0x000000070b200000| Untracked 
|  33|0x000000070b400000, 0x000000070b400000, 0x000000070b600000|  0%| F|  |TAMS 0x000000070b400000, 0x000000070b400000| Untracked 
|  34|0x000000070b600000, 0x000000070b600000, 0x000000070b800000|  0%| F|  |TAMS 0x000000070b600000, 0x000000070b600000| Untracked 
|  35|0x000000070b800000, 0x000000070b800000, 0x000000070ba00000|  0%| F|  |TAMS 0x000000070b800000, 0x000000070b800000| Untracked 
|  36|0x000000070ba00000, 0x000000070ba00000, 0x000000070bc00000|  0%| F|  |TAMS 0x000000070ba00000, 0x000000070ba00000| Untracked 
|  37|0x000000070bc00000, 0x000000070bc00000, 0x000000070be00000|  0%| F|  |TAMS 0x000000070bc00000, 0x000000070bc00000| Untracked 
|  38|0x000000070be00000, 0x000000070be00000, 0x000000070c000000|  0%| F|  |TAMS 0x000000070be00000, 0x000000070be00000| Untracked 
|  39|0x000000070c000000, 0x000000070c000000, 0x000000070c200000|  0%| F|  |TAMS 0x000000070c000000, 0x000000070c000000| Untracked 
|  40|0x000000070c200000, 0x000000070c200000, 0x000000070c400000|  0%| F|  |TAMS 0x000000070c200000, 0x000000070c200000| Untracked 
|  41|0x000000070c400000, 0x000000070c400000, 0x000000070c600000|  0%| F|  |TAMS 0x000000070c400000, 0x000000070c400000| Untracked 
|  42|0x000000070c600000, 0x000000070c600000, 0x000000070c800000|  0%| F|  |TAMS 0x000000070c600000, 0x000000070c600000| Untracked 
|  43|0x000000070c800000, 0x000000070c800000, 0x000000070ca00000|  0%| F|  |TAMS 0x000000070c800000, 0x000000070c800000| Untracked 
|  44|0x000000070ca00000, 0x000000070ca00000, 0x000000070cc00000|  0%| F|  |TAMS 0x000000070ca00000, 0x000000070ca00000| Untracked 
|  45|0x000000070cc00000, 0x000000070cc00000, 0x000000070ce00000|  0%| F|  |TAMS 0x000000070cc00000, 0x000000070cc00000| Untracked 
|  46|0x000000070ce00000, 0x000000070ce00000, 0x000000070d000000|  0%| F|  |TAMS 0x000000070ce00000, 0x000000070ce00000| Untracked 
|  47|0x000000070d000000, 0x000000070d000000, 0x000000070d200000|  0%| F|  |TAMS 0x000000070d000000, 0x000000070d000000| Untracked 
|  48|0x000000070d200000, 0x000000070d200000, 0x000000070d400000|  0%| F|  |TAMS 0x000000070d200000, 0x000000070d200000| Untracked 
|  49|0x000000070d400000, 0x000000070d400000, 0x000000070d600000|  0%| F|  |TAMS 0x000000070d400000, 0x000000070d400000| Untracked 
|  50|0x000000070d600000, 0x000000070d600000, 0x000000070d800000|  0%| F|  |TAMS 0x000000070d600000, 0x000000070d600000| Untracked 
|  51|0x000000070d800000, 0x000000070d800000, 0x000000070da00000|  0%| F|  |TAMS 0x000000070d800000, 0x000000070d800000| Untracked 
|  52|0x000000070da00000, 0x000000070da00000, 0x000000070dc00000|  0%| F|  |TAMS 0x000000070da00000, 0x000000070da00000| Untracked 
|  53|0x000000070dc00000, 0x000000070dc00000, 0x000000070de00000|  0%| F|  |TAMS 0x000000070dc00000, 0x000000070dc00000| Untracked 
|  54|0x000000070de00000, 0x000000070de00000, 0x000000070e000000|  0%| F|  |TAMS 0x000000070de00000, 0x000000070de00000| Untracked 
|  55|0x000000070e000000, 0x000000070e000000, 0x000000070e200000|  0%| F|  |TAMS 0x000000070e000000, 0x000000070e000000| Untracked 
|  56|0x000000070e200000, 0x000000070e200000, 0x000000070e400000|  0%| F|  |TAMS 0x000000070e200000, 0x000000070e200000| Untracked 
|  57|0x000000070e400000, 0x000000070e400000, 0x000000070e600000|  0%| F|  |TAMS 0x000000070e400000, 0x000000070e400000| Untracked 
|  58|0x000000070e600000, 0x000000070e600000, 0x000000070e800000|  0%| F|  |TAMS 0x000000070e600000, 0x000000070e600000| Untracked 
|  59|0x000000070e800000, 0x000000070e800000, 0x000000070ea00000|  0%| F|  |TAMS 0x000000070e800000, 0x000000070e800000| Untracked 
|  60|0x000000070ea00000, 0x000000070ea00000, 0x000000070ec00000|  0%| F|  |TAMS 0x000000070ea00000, 0x000000070ea00000| Untracked 
|  61|0x000000070ec00000, 0x000000070ec00000, 0x000000070ee00000|  0%| F|  |TAMS 0x000000070ec00000, 0x000000070ec00000| Untracked 
|  62|0x000000070ee00000, 0x000000070ee00000, 0x000000070f000000|  0%| F|  |TAMS 0x000000070ee00000, 0x000000070ee00000| Untracked 
|  63|0x000000070f000000, 0x000000070f000000, 0x000000070f200000|  0%| F|  |TAMS 0x000000070f000000, 0x000000070f000000| Untracked 
|  64|0x000000070f200000, 0x000000070f200000, 0x000000070f400000|  0%| F|  |TAMS 0x000000070f200000, 0x000000070f200000| Untracked 
|  65|0x000000070f400000, 0x000000070f400000, 0x000000070f600000|  0%| F|  |TAMS 0x000000070f400000, 0x000000070f400000| Untracked 
|  66|0x000000070f600000, 0x000000070f600000, 0x000000070f800000|  0%| F|  |TAMS 0x000000070f600000, 0x000000070f600000| Untracked 
|  67|0x000000070f800000, 0x000000070f800000, 0x000000070fa00000|  0%| F|  |TAMS 0x000000070f800000, 0x000000070f800000| Untracked 
|  68|0x000000070fa00000, 0x000000070fa00000, 0x000000070fc00000|  0%| F|  |TAMS 0x000000070fa00000, 0x000000070fa00000| Untracked 
|  69|0x000000070fc00000, 0x000000070fc00000, 0x000000070fe00000|  0%| F|  |TAMS 0x000000070fc00000, 0x000000070fc00000| Untracked 
|  70|0x000000070fe00000, 0x000000070fe00000, 0x0000000710000000|  0%| F|  |TAMS 0x000000070fe00000, 0x000000070fe00000| Untracked 
|  71|0x0000000710000000, 0x0000000710000000, 0x0000000710200000|  0%| F|  |TAMS 0x0000000710000000, 0x0000000710000000| Untracked 
|  72|0x0000000710200000, 0x0000000710200000, 0x0000000710400000|  0%| F|  |TAMS 0x0000000710200000, 0x0000000710200000| Untracked 
|  73|0x0000000710400000, 0x0000000710400000, 0x0000000710600000|  0%| F|  |TAMS 0x0000000710400000, 0x0000000710400000| Untracked 
|  74|0x0000000710600000, 0x0000000710600000, 0x0000000710800000|  0%| F|  |TAMS 0x0000000710600000, 0x0000000710600000| Untracked 
|  75|0x0000000710800000, 0x0000000710800000, 0x0000000710a00000|  0%| F|  |TAMS 0x0000000710800000, 0x0000000710800000| Untracked 
|  76|0x0000000710a00000, 0x0000000710a00000, 0x0000000710c00000|  0%| F|  |TAMS 0x0000000710a00000, 0x0000000710a00000| Untracked 
|  77|0x0000000710c00000, 0x0000000710c00000, 0x0000000710e00000|  0%| F|  |TAMS 0x0000000710c00000, 0x0000000710c00000| Untracked 
|  78|0x0000000710e00000, 0x0000000710e00000, 0x0000000711000000|  0%| F|  |TAMS 0x0000000710e00000, 0x0000000710e00000| Untracked 
|  79|0x0000000711000000, 0x0000000711000000, 0x0000000711200000|  0%| F|  |TAMS 0x0000000711000000, 0x0000000711000000| Untracked 
|  80|0x0000000711200000, 0x0000000711200000, 0x0000000711400000|  0%| F|  |TAMS 0x0000000711200000, 0x0000000711200000| Untracked 
|  81|0x0000000711400000, 0x0000000711400000, 0x0000000711600000|  0%| F|  |TAMS 0x0000000711400000, 0x0000000711400000| Untracked 
|  82|0x0000000711600000, 0x0000000711600000, 0x0000000711800000|  0%| F|  |TAMS 0x0000000711600000, 0x0000000711600000| Untracked 
|  83|0x0000000711800000, 0x0000000711800000, 0x0000000711a00000|  0%| F|  |TAMS 0x0000000711800000, 0x0000000711800000| Untracked 
|  84|0x0000000711a00000, 0x0000000711a00000, 0x0000000711c00000|  0%| F|  |TAMS 0x0000000711a00000, 0x0000000711a00000| Untracked 
|  85|0x0000000711c00000, 0x0000000711c00000, 0x0000000711e00000|  0%| F|  |TAMS 0x0000000711c00000, 0x0000000711c00000| Untracked 
|  86|0x0000000711e00000, 0x0000000711e00000, 0x0000000712000000|  0%| F|  |TAMS 0x0000000711e00000, 0x0000000711e00000| Untracked 
|  87|0x0000000712000000, 0x0000000712000000, 0x0000000712200000|  0%| F|  |TAMS 0x0000000712000000, 0x0000000712000000| Untracked 
|  88|0x0000000712200000, 0x0000000712200000, 0x0000000712400000|  0%| F|  |TAMS 0x0000000712200000, 0x0000000712200000| Untracked 
|  89|0x0000000712400000, 0x0000000712400000, 0x0000000712600000|  0%| F|  |TAMS 0x0000000712400000, 0x0000000712400000| Untracked 
|  90|0x0000000712600000, 0x0000000712600000, 0x0000000712800000|  0%| F|  |TAMS 0x0000000712600000, 0x0000000712600000| Untracked 
|  91|0x0000000712800000, 0x0000000712800000, 0x0000000712a00000|  0%| F|  |TAMS 0x0000000712800000, 0x0000000712800000| Untracked 
|  92|0x0000000712a00000, 0x0000000712a00000, 0x0000000712c00000|  0%| F|  |TAMS 0x0000000712a00000, 0x0000000712a00000| Untracked 
|  93|0x0000000712c00000, 0x0000000712c00000, 0x0000000712e00000|  0%| F|  |TAMS 0x0000000712c00000, 0x0000000712c00000| Untracked 
|  94|0x0000000712e00000, 0x0000000712e00000, 0x0000000713000000|  0%| F|  |TAMS 0x0000000712e00000, 0x0000000712e00000| Untracked 
|  95|0x0000000713000000, 0x0000000713000000, 0x0000000713200000|  0%| F|  |TAMS 0x0000000713000000, 0x0000000713000000| Untracked 
|  96|0x0000000713200000, 0x0000000713200000, 0x0000000713400000|  0%| F|  |TAMS 0x0000000713200000, 0x0000000713200000| Untracked 
|  97|0x0000000713400000, 0x0000000713400000, 0x0000000713600000|  0%| F|  |TAMS 0x0000000713400000, 0x0000000713400000| Untracked 
|  98|0x0000000713600000, 0x0000000713600000, 0x0000000713800000|  0%| F|  |TAMS 0x0000000713600000, 0x0000000713600000| Untracked 
|  99|0x0000000713800000, 0x0000000713800000, 0x0000000713a00000|  0%| F|  |TAMS 0x0000000713800000, 0x0000000713800000| Untracked 
| 100|0x0000000713a00000, 0x0000000713a00000, 0x0000000713c00000|  0%| F|  |TAMS 0x0000000713a00000, 0x0000000713a00000| Untracked 
| 101|0x0000000713c00000, 0x0000000713c00000, 0x0000000713e00000|  0%| F|  |TAMS 0x0000000713c00000, 0x0000000713c00000| Untracked 
| 102|0x0000000713e00000, 0x0000000713e00000, 0x0000000714000000|  0%| F|  |TAMS 0x0000000713e00000, 0x0000000713e00000| Untracked 
| 103|0x0000000714000000, 0x0000000714000000, 0x0000000714200000|  0%| F|  |TAMS 0x0000000714000000, 0x0000000714000000| Untracked 
| 104|0x0000000714200000, 0x0000000714200000, 0x0000000714400000|  0%| F|  |TAMS 0x0000000714200000, 0x0000000714200000| Untracked 
| 105|0x0000000714400000, 0x0000000714400000, 0x0000000714600000|  0%| F|  |TAMS 0x0000000714400000, 0x0000000714400000| Untracked 
| 106|0x0000000714600000, 0x0000000714600000, 0x0000000714800000|  0%| F|  |TAMS 0x0000000714600000, 0x0000000714600000| Untracked 
| 107|0x0000000714800000, 0x0000000714800000, 0x0000000714a00000|  0%| F|  |TAMS 0x0000000714800000, 0x0000000714800000| Untracked 
| 108|0x0000000714a00000, 0x0000000714a00000, 0x0000000714c00000|  0%| F|  |TAMS 0x0000000714a00000, 0x0000000714a00000| Untracked 
| 109|0x0000000714c00000, 0x0000000714c00000, 0x0000000714e00000|  0%| F|  |TAMS 0x0000000714c00000, 0x0000000714c00000| Untracked 
| 110|0x0000000714e00000, 0x0000000714e00000, 0x0000000715000000|  0%| F|  |TAMS 0x0000000714e00000, 0x0000000714e00000| Untracked 
| 111|0x0000000715000000, 0x0000000715000000, 0x0000000715200000|  0%| F|  |TAMS 0x0000000715000000, 0x0000000715000000| Untracked 
| 112|0x0000000715200000, 0x0000000715200000, 0x0000000715400000|  0%| F|  |TAMS 0x0000000715200000, 0x0000000715200000| Untracked 
| 113|0x0000000715400000, 0x0000000715400000, 0x0000000715600000|  0%| F|  |TAMS 0x0000000715400000, 0x0000000715400000| Untracked 
| 114|0x0000000715600000, 0x0000000715600000, 0x0000000715800000|  0%| F|  |TAMS 0x0000000715600000, 0x0000000715600000| Untracked 
| 115|0x0000000715800000, 0x0000000715800000, 0x0000000715a00000|  0%| F|  |TAMS 0x0000000715800000, 0x0000000715800000| Untracked 
| 116|0x0000000715a00000, 0x0000000715a00000, 0x0000000715c00000|  0%| F|  |TAMS 0x0000000715a00000, 0x0000000715a00000| Untracked 
| 117|0x0000000715c00000, 0x0000000715cd5210, 0x0000000715e00000| 41%| E|  |TAMS 0x0000000715c00000, 0x0000000715c00000| Complete 
| 118|0x0000000715e00000, 0x0000000716000000, 0x0000000716000000|100%| E|CS|TAMS 0x0000000715e00000, 0x0000000715e00000| Complete 
| 119|0x0000000716000000, 0x0000000716200000, 0x0000000716200000|100%| E|CS|TAMS 0x0000000716000000, 0x0000000716000000| Complete 
| 120|0x0000000716200000, 0x0000000716400000, 0x0000000716400000|100%| E|CS|TAMS 0x0000000716200000, 0x0000000716200000| Complete 
| 121|0x0000000716400000, 0x0000000716600000, 0x0000000716600000|100%| E|CS|TAMS 0x0000000716400000, 0x0000000716400000| Complete 
| 122|0x0000000716600000, 0x0000000716800000, 0x0000000716800000|100%| E|CS|TAMS 0x0000000716600000, 0x0000000716600000| Complete 
| 123|0x0000000716800000, 0x0000000716a00000, 0x0000000716a00000|100%| E|CS|TAMS 0x0000000716800000, 0x0000000716800000| Complete 
| 124|0x0000000716a00000, 0x0000000716c00000, 0x0000000716c00000|100%| E|CS|TAMS 0x0000000716a00000, 0x0000000716a00000| Complete 
|1989|0x00000007ffc00000, 0x00000007ffd52000, 0x00000007ffe00000| 66%|OA|  |TAMS 0x00000007ffc00000, 0x00000007ffc00000| Untracked 
|1990|0x00000007ffe00000, 0x00000007ffe7c000, 0x0000000800000000| 24%|CA|  |TAMS 0x00000007ffe00000, 0x00000007ffe00000| Untracked 

Card table byte_map: [0x00007f7725a96000,0x00007f772625d000] _byte_map_base: 0x00007f772225d000

Marking Bits (Prev, Next): (CMBitMap*) 0x00007f7720079610, (CMBitMap*) 0x00007f7720079650
 Prev Bits: [0x00007f7704edf000, 0x00007f7708d17000)
 Next Bits: [0x00007f77010a7000, 0x00007f7704edf000)

Polling page: 0x00007f7728894000

Metaspace:

Usage:
  Non-class:      8.04 MB capacity,     5.42 MB ( 67%) used,     2.61 MB ( 32%) free+waste,     6.50 KB ( <1%) overhead. 
      Class:    571.00 KB capacity,   285.05 KB ( 50%) used,   284.14 KB ( 50%) free+waste,     1.81 KB ( <1%) overhead. 
       Both:      8.60 MB capacity,     5.70 MB ( 66%) used,     2.89 MB ( 34%) free+waste,     8.31 KB ( <1%) overhead. 

Virtual space:
  Non-class space:       10.00 MB reserved,       8.25 MB ( 82%) committed 
      Class space:        1.00 GB reserved,     640.00 KB ( <1%) committed 
             Both:        1.01 GB reserved,       8.88 MB ( <1%) committed 

Chunk freelists:
   Non-Class:  169.00 KB
       Class:  21.00 KB
        Both:  190.00 KB

MaxMetaspaceSize: 17179869184.00 GB
CompressedClassSpaceSize: 1.00 GB

CodeHeap 'non-profiled nmethods': size=120032Kb used=187Kb max_used=187Kb free=119844Kb
 bounds [0x00007f77107df000, 0x00007f7710a4f000, 0x00007f7717d17000]
CodeHeap 'profiled nmethods': size=120028Kb used=1124Kb max_used=1124Kb free=118903Kb
 bounds [0x00007f77092a8000, 0x00007f7709518000, 0x00007f77107df000]
CodeHeap 'non-nmethods': size=5700Kb used=1568Kb max_used=1585Kb free=4131Kb
 bounds [0x00007f7708d17000, 0x00007f7708f87000, 0x00007f77092a8000]
 total_blobs=1619 nmethods=664 adapters=869
 compilation: enabled
              stopped_count=0, restarted_count=0
 full_count=0

Compilation events (20 events):
Event: 0.309 Thread 0x00007f772017c410  649       3       jdk.internal.reflect.Reflection::verifyModuleAccess (24 bytes)
Event: 0.309 Thread 0x00007f772017c410 nmethod 649 0x00007f77093bcf10 code [0x00007f77093bd100, 0x00007f77093bd610]
Event: 0.309 Thread 0x00007f772017c410  653       3       jdk.internal.misc.Unsafe::objectFieldOffset (18 bytes)
Event: 0.309 Thread 0x00007f772017c410 nmethod 653 0x00007f77093bd810 code [0x00007f77093bd9c0, 0x00007f77093bdbf0]
Event: 0.309 Thread 0x00007f772017c410  656       3       jdk.internal.reflect.UnsafeQualifiedLongFieldAccessorImpl::<init> (7 bytes)
Event: 0.309 Thread 0x00007f772017c410 nmethod 656 0x00007f77093bdd10 code [0x00007f77093bdec0, 0x00007f77093be060]
Event: 0.309 Thread 0x00007f772017c410  657       3       jdk.internal.reflect.UnsafeQualifiedFieldAccessorImpl::<init> (11 bytes)
Event: 0.309 Thread 0x00007f772017c410 nmethod 657 0x00007f77093be190 code [0x00007f77093be320, 0x00007f77093be460]
Event: 0.309 Thread 0x00007f772017c410  658       3       jdk.internal.reflect.UnsafeQualifiedLongFieldAccessorImpl::getLong (17 bytes)
Event: 0.309 Thread 0x00007f772017c410 nmethod 658 0x00007f77093be510 code [0x00007f77093be700, 0x00007f77093bed00]
Event: 0.309 Thread 0x00007f772017c410  659       3       jdk.internal.reflect.UnsafeFieldAccessorImpl::ensureObj (23 bytes)
Event: 0.310 Thread 0x00007f772017c410 nmethod 659 0x00007f77093bef10 code [0x00007f77093bf100, 0x00007f77093bf600]
Event: 0.310 Thread 0x00007f772017c410  660       3       org.lwjgl.PointerBuffer::put (24 bytes)
Event: 0.310 Thread 0x00007f772017c410 nmethod 660 0x00007f77093bf790 code [0x00007f77093bf960, 0x00007f77093bfd90]
Event: 0.310 Thread 0x00007f772017c410  661       3       org.lwjgl.system.Checks::check (17 bytes)
Event: 0.310 Thread 0x00007f772017c410 nmethod 661 0x00007f77093bff90 code [0x00007f77093c0160, 0x00007f77093c0480]
Event: 0.310 Thread 0x00007f772017c410  662       3       org.lwjgl.system.CheckIntrinsics::checkIndex (6 bytes)
Event: 0.310 Thread 0x00007f772017c410 nmethod 662 0x00007f77093c0610 code [0x00007f77093c07c0, 0x00007f77093c0a20]
Event: 0.310 Thread 0x00007f772017c410  655       3       java.lang.reflect.Field::getLong (29 bytes)
Event: 0.310 Thread 0x00007f772017c410 nmethod 655 0x00007f77093c0b90 code [0x00007f77093c0d60, 0x00007f77093c1110]

GC Heap History (0 events):
No events

Deoptimization events (10 events):
Event: 0.122 Thread 0x00007f7720028e90 DEOPT PACKING pc=0x00007f77092c1468 sp=0x00007f7727375da0
Event: 0.122 Thread 0x00007f7720028e90 DEOPT UNPACKING pc=0x00007f7708d64f2b sp=0x00007f7727375210 mode 0
Event: 0.217 Thread 0x00007f7720028e90 Uncommon trap: trap_request=0xffffff54 fr.pc=0x00007f7710801ae0 relative=0x0000000000000060
Event: 0.217 Thread 0x00007f7720028e90 Uncommon trap: reason=speculate_null_assert action=make_not_entrant pc=0x00007f7710801ae0 method=sun.misc.Unsafe.putLong(Ljava/lang/Object;JJ)V @ 7 c2
Event: 0.217 Thread 0x00007f7720028e90 DEOPT PACKING pc=0x00007f7710801ae0 sp=0x00007f7727377470
Event: 0.217 Thread 0x00007f7720028e90 DEOPT UNPACKING pc=0x00007f7708d65125 sp=0x00007f7727377408 mode 2
Event: 0.218 Thread 0x00007f7720028e90 Uncommon trap: trap_request=0xffffff54 fr.pc=0x00007f77108020d8 relative=0x0000000000000058
Event: 0.218 Thread 0x00007f7720028e90 Uncommon trap: reason=speculate_null_assert action=make_not_entrant pc=0x00007f77108020d8 method=sun.misc.Unsafe.getLong(Ljava/lang/Object;J)J @ 5 c2
Event: 0.218 Thread 0x00007f7720028e90 DEOPT PACKING pc=0x00007f77108020d8 sp=0x00007f7727377370
Event: 0.218 Thread 0x00007f7720028e90 DEOPT UNPACKING pc=0x00007f7708d65125 sp=0x00007f7727377318 mode 2

Classes unloaded (0 events):
No events

Classes redefined (0 events):
No events

Internal exceptions (19 events):
Event: 0.071 Thread 0x00007f7720028e90 Exception <a 'java/lang/NoSuchMethodError'{0x00000007168b20f0}: 'java.lang.Object java.lang.invoke.DirectMethodHandle$Holder.invokeStatic(java.lang.Object)'> (0x00000007168b20f0) 
thrown [open/src/hotspot/share/interpreter/linkResolver.cpp, line 781]
Event: 0.072 Thread 0x00007f7720028e90 Exception <a 'java/lang/NoSuchMethodError'{0x00000007168b5840}: 'java.lang.Object java.lang.invoke.DirectMethodHandle$Holder.invokeStaticInit(java.lang.Object)'> (0x00000007168b5840) 
thrown [open/src/hotspot/share/interpreter/linkResolver.cpp, line 781]
Event: 0.080 Thread 0x00007f7720028e90 Exception <a 'java/lang/NoSuchMethodError'{0x000000071690c9a0}: 'void java.lang.invoke.DirectMethodHandle$Holder.invokeStatic(java.lang.Object, java.lang.Object)'> (0x000000071690c9a0) 
thrown [open/src/hotspot/share/interpreter/linkResolver.cpp, line 781]
Event: 0.081 Thread 0x00007f7720028e90 Exception <a 'java/lang/NoSuchMethodError'{0x0000000716912068}: 'void java.lang.invoke.DirectMethodHandle$Holder.invokeSpecial(java.lang.Object, java.lang.Object, java.lang.Object)'> (0x0000000716912068) 
thrown [open/src/hotspot/share/interpreter/linkResolver.cpp, line 781]
Event: 0.083 Thread 0x00007f7720028e90 Exception <a 'java/lang/NoSuchMethodError'{0x00000007169268b0}: 'java.lang.Object java.lang.invoke.DirectMethodHandle$Holder.invokeStatic(java.lang.Object, java.lang.Object, int)'> (0x00000007169268b0) 
thrown [open/src/hotspot/share/interpreter/linkResolver.cpp, line 781]
Event: 0.084 Thread 0x00007f7720028e90 Exception <a 'java/lang/NoSuchMethodError'{0x00000007169329f8}: 'void java.lang.invoke.DelegatingMethodHandle$Holder.delegate(java.lang.Object, java.lang.Object, int, java.lang.Object)'> (0x00000007169329f8) 
thrown [open/src/hotspot/share/interpreter/linkResolver.cpp, line 781]
Event: 0.085 Thread 0x00007f7720028e90 Exception <a 'java/lang/NoSuchMethodError'{0x0000000716936d40}: 'int java.lang.invoke.DirectMethodHandle$Holder.invokeSpecial(java.lang.Object, java.lang.Object, java.lang.Object)'> (0x0000000716936d40) 
thrown [open/src/hotspot/share/interpreter/linkResolver.cpp, line 781]
Event: 0.097 Thread 0x00007f7720028e90 Exception <a 'sun/nio/fs/UnixException'{0x00000007169c5ec0}> (0x00000007169c5ec0) 
thrown [open/src/hotspot/share/prims/jni.cpp, line 578]
Event: 0.098 Thread 0x00007f7720028e90 Exception <a 'sun/nio/fs/UnixException'{0x00000007169c65d0}> (0x00000007169c65d0) 
thrown [open/src/hotspot/share/prims/jni.cpp, line 578]
Event: 0.100 Thread 0x00007f7720028e90 Exception <a 'sun/nio/fs/UnixException'{0x00000007169cdfd8}> (0x00000007169cdfd8) 
thrown [open/src/hotspot/share/prims/jni.cpp, line 578]
Event: 0.101 Thread 0x00007f7720028e90 Exception <a 'sun/nio/fs/UnixException'{0x00000007169d5328}> (0x00000007169d5328) 
thrown [open/src/hotspot/share/prims/jni.cpp, line 578]
Event: 0.104 Thread 0x00007f7720028e90 Exception <a 'sun/nio/fs/UnixException'{0x00000007169d9e58}> (0x00000007169d9e58) 
thrown [open/src/hotspot/share/prims/jni.cpp, line 578]
Event: 0.119 Thread 0x00007f7720028e90 Exception <a 'sun/nio/fs/UnixException'{0x00000007166a7ec8}> (0x00000007166a7ec8) 
thrown [open/src/hotspot/share/prims/jni.cpp, line 578]
Event: 0.120 Thread 0x00007f7720028e90 Exception <a 'sun/nio/fs/UnixException'{0x00000007166ae838}> (0x00000007166ae838) 
thrown [open/src/hotspot/share/prims/jni.cpp, line 578]
Event: 0.121 Thread 0x00007f7720028e90 Exception <a 'sun/nio/fs/UnixException'{0x00000007166b1440}> (0x00000007166b1440) 
thrown [open/src/hotspot/share/prims/jni.cpp, line 578]
Event: 0.193 Thread 0x00007f7720028e90 Exception <a 'sun/nio/fs/UnixException'{0x00000007167553e0}> (0x00000007167553e0) 
thrown [open/src/hotspot/share/prims/jni.cpp, line 578]
Event: 0.194 Thread 0x00007f7720028e90 Exception <a 'sun/nio/fs/UnixException'{0x000000071675bda8}> (0x000000071675bda8) 
thrown [open/src/hotspot/share/prims/jni.cpp, line 578]
Event: 0.195 Thread 0x00007f7720028e90 Exception <a 'sun/nio/fs/UnixException'{0x000000071675eae8}> (0x000000071675eae8) 
thrown [open/src/hotspot/share/prims/jni.cpp, line 578]
Event: 0.197 Thread 0x00007f7720028e90 Exception <a 'sun/nio/fs/UnixException'{0x000000071676cce8}> (0x000000071676cce8) 
thrown [open/src/hotspot/share/prims/jni.cpp, line 578]

Events (20 events):
Event: 0.109 loading class java/nio/BufferOverflowException
Event: 0.109 loading class java/nio/BufferOverflowException done
Event: 0.110 loading class java/nio/InvalidMarkException
Event: 0.110 loading class java/nio/InvalidMarkException done
Event: 0.110 loading class java/nio/BufferUnderflowException
Event: 0.110 loading class java/nio/BufferUnderflowException done
Event: 0.116 loading class java/util/function/BiPredicate
Event: 0.116 loading class java/util/function/BiPredicate done
Event: 0.122 loading class java/lang/NoSuchFieldError
Event: 0.122 loading class java/lang/NoSuchFieldError done
Event: 0.124 loading class jdk/internal/reflect/UnsafeQualifiedStaticIntegerFieldAccessorImpl
Event: 0.124 loading class jdk/internal/reflect/UnsafeQualifiedStaticIntegerFieldAccessorImpl done
Event: 0.196 Loaded shared library /tmp/lwjglpeershaul/3.2.3-build-13/liblwjgl_opengl.so
Event: 0.202 Executing VM operation: HandshakeAllThreads
Event: 0.203 Executing VM operation: HandshakeAllThreads done
Event: 0.224 Loaded shared library /tmp/lwjglpeershaul/3.2.3-build-13/liblwjgl.so
Event: 0.302 loading class jdk/internal/reflect/UnsafeQualifiedLongFieldAccessorImpl
Event: 0.302 loading class jdk/internal/reflect/UnsafeQualifiedFieldAccessorImpl
Event: 0.302 loading class jdk/internal/reflect/UnsafeQualifiedFieldAccessorImpl done
Event: 0.302 loading class jdk/internal/reflect/UnsafeQualifiedLongFieldAccessorImpl done


Dynamic libraries:
404c0000-4056f000 rw-p 00000000 00:00 0 
41e40000-41e42000 r-xs 00000000 00:01 4186                               /memfd:/.glXXXXXX (deleted)
707200000-716c00000 rw-p 00000000 00:00 0 
716c00000-7ffc00000 ---p 00000000 00:00 0 
7ffc00000-7ffd00000 rw-p 00000000 00:00 0 
7ffd00000-7ffd52000 rw-p 00be4000 103:05 4101281                         /home/peershaul/.jdks/openjdk-15.0.2/lib/server/classes.jsa
7ffd52000-7ffe00000 rw-p 00000000 00:00 0 
7ffe00000-7ffe7c000 rw-p 00b68000 103:05 4101281                         /home/peershaul/.jdks/openjdk-15.0.2/lib/server/classes.jsa
7ffe7c000-800000000 rw-p 00000000 00:00 0 
800000000-800003000 rwxp 00001000 103:05 4101281                         /home/peershaul/.jdks/openjdk-15.0.2/lib/server/classes.jsa
800003000-8003e6000 rw-p 00004000 103:05 4101281                         /home/peershaul/.jdks/openjdk-15.0.2/lib/server/classes.jsa
8003e6000-800b33000 r--p 003e7000 103:05 4101281                         /home/peershaul/.jdks/openjdk-15.0.2/lib/server/classes.jsa
800b33000-800b34000 ---p 00000000 00:00 0 
800b34000-800bd4000 rw-p 00000000 00:00 0 
800bd4000-840b34000 ---p 00000000 00:00 0 
55f39a739000-55f39a73a000 r-xp 00000000 103:05 3805711                   /home/peershaul/.jdks/openjdk-15.0.2/bin/java
55f39a73b000-55f39a73c000 r--p 00001000 103:05 3805711                   /home/peershaul/.jdks/openjdk-15.0.2/bin/java
55f39a73c000-55f39a73d000 rw-p 00002000 103:05 3805711                   /home/peershaul/.jdks/openjdk-15.0.2/bin/java
55f39aa3b000-55f39aa5c000 rw-p 00000000 00:00 0                          [heap]
7f76ba0f6000-7f76bb285000 r-xp 00000000 103:05 4093881                   /usr/lib/libnvidia-glcore.so.460.56
7f76bb285000-7f76bb2a6000 rwxp 0118f000 103:05 4093881                   /usr/lib/libnvidia-glcore.so.460.56
7f76bb2a6000-7f76bb7b5000 r-xp 011b0000 103:05 4093881                   /usr/lib/libnvidia-glcore.so.460.56
7f76bb7b5000-7f76bb9b5000 ---p 016bf000 103:05 4093881                   /usr/lib/libnvidia-glcore.so.460.56
7f76bb9b5000-7f76bbef2000 r--p 016bf000 103:05 4093881                   /usr/lib/libnvidia-glcore.so.460.56
7f76bbef2000-7f76bbfe1000 rw-p 01bfc000 103:05 4093881                   /usr/lib/libnvidia-glcore.so.460.56
7f76bbfe1000-7f76bc000000 rw-p 00000000 00:00 0 
7f76bc000000-7f76bc021000 rw-p 00000000 00:00 0 
7f76bc021000-7f76c0000000 ---p 00000000 00:00 0 
7f76c0000000-7f76c0021000 rw-p 00000000 00:00 0 
7f76c0021000-7f76c4000000 ---p 00000000 00:00 0 
7f76c4000000-7f76c4021000 rw-p 00000000 00:00 0 
7f76c4021000-7f76c8000000 ---p 00000000 00:00 0 
7f76c8000000-7f76c8021000 rw-p 00000000 00:00 0 
7f76c8021000-7f76cc000000 ---p 00000000 00:00 0 
7f76cc000000-7f76cc2ea000 rw-p 00000000 00:00 0 
7f76cc2ea000-7f76d0000000 ---p 00000000 00:00 0 
7f76d0000000-7f76d037e000 rw-p 00000000 00:00 0 
7f76d037e000-7f76d4000000 ---p 00000000 00:00 0 
7f76d4000000-7f76d4021000 rw-p 00000000 00:00 0 
7f76d4021000-7f76d8000000 ---p 00000000 00:00 0 
7f76d8000000-7f76d8021000 rw-p 00000000 00:00 0 
7f76d8021000-7f76dc000000 ---p 00000000 00:00 0 
7f76dc000000-7f76dc021000 rw-p 00000000 00:00 0 
7f76dc021000-7f76e0000000 ---p 00000000 00:00 0 
7f76e0000000-7f76e0021000 rw-p 00000000 00:00 0 
7f76e0021000-7f76e4000000 ---p 00000000 00:00 0 
7f76e4000000-7f76e4021000 rw-p 00000000 00:00 0 
7f76e4021000-7f76e8000000 ---p 00000000 00:00 0 
7f76e8000000-7f76e8021000 rw-p 00000000 00:00 0 
7f76e8021000-7f76ec000000 ---p 00000000 00:00 0 
7f76ec000000-7f76ec021000 rw-p 00000000 00:00 0 
7f76ec021000-7f76f0000000 ---p 00000000 00:00 0 
7f76f094c000-7f76f098c000 rw-p 00000000 00:00 0 
7f76f098c000-7f76f0b4c000 ---p 00000000 00:00 0 
7f76f0b4d000-7f76f0ba5000 r-xp 00000000 00:2e 99                         /tmp/lwjglpeershaul/3.2.3-build-13/liblwjgl_opengl.so
7f76f0ba5000-7f76f0da4000 ---p 00058000 00:2e 99                         /tmp/lwjglpeershaul/3.2.3-build-13/liblwjgl_opengl.so
7f76f0da4000-7f76f0da5000 r--p 00057000 00:2e 99                         /tmp/lwjglpeershaul/3.2.3-build-13/liblwjgl_opengl.so
7f76f0da5000-7f76f0da6000 rw-p 00058000 00:2e 99                         /tmp/lwjglpeershaul/3.2.3-build-13/liblwjgl_opengl.so
7f76f0da6000-7f76f0da9000 r--p 00000000 103:05 4087315                   /usr/lib/libxcb-sync.so.1.0.0
7f76f0da9000-7f76f0dac000 r-xp 00003000 103:05 4087315                   /usr/lib/libxcb-sync.so.1.0.0
7f76f0dac000-7f76f0dad000 r--p 00006000 103:05 4087315                   /usr/lib/libxcb-sync.so.1.0.0
7f76f0dad000-7f76f0dae000 ---p 00007000 103:05 4087315                   /usr/lib/libxcb-sync.so.1.0.0
7f76f0dae000-7f76f0daf000 r--p 00007000 103:05 4087315                   /usr/lib/libxcb-sync.so.1.0.0
7f76f0daf000-7f76f0db0000 rw-p 00008000 103:05 4087315                   /usr/lib/libxcb-sync.so.1.0.0
7f76f0dc2000-7f76f0e42000 rw-s 00000000 00:05 694                        /dev/nvidiactl
7f76f0e42000-7f76f0f42000 rw-s 00000000 00:05 694                        /dev/nvidiactl
7f76f0f42000-7f76f0f55000 rw-s 00000000 00:05 694                        /dev/nvidiactl
7f76f0f55000-7f76f0f95000 rw-s 00000000 00:05 694                        /dev/nvidiactl
7f76f0f95000-7f76f0fb5000 rw-s 00000000 00:05 694                        /dev/nvidiactl
7f76f0fb5000-7f76f0ff5000 rw-s 00000000 00:05 694                        /dev/nvidiactl
7f76f0ff5000-7f76f1015000 rw-s 00000000 00:05 694                        /dev/nvidiactl
7f76f1015000-7f76f1095000 rw-s 00000000 00:05 695                        /dev/nvidia0
7f76f1095000-7f76f10d5000 rw-s 00000000 00:05 694                        /dev/nvidiactl
7f76f10d5000-7f76f10f5000 rw-s 00000000 00:05 694                        /dev/nvidiactl
7f76f10f5000-7f76f129a000 rw-s 00000000 00:01 3072                       /memfd:/.nvidia_drv.XXXXXX (deleted)
7f76f129a000-7f76f129d000 r-xp 00000000 103:05 4093904                   /usr/lib/libnvidia-tls.so.460.56
7f76f129d000-7f76f149d000 ---p 00003000 103:05 4093904                   /usr/lib/libnvidia-tls.so.460.56
7f76f149d000-7f76f149e000 r--p 00003000 103:05 4093904                   /usr/lib/libnvidia-tls.so.460.56
7f76f149e000-7f76f149f000 rw-p 00004000 103:05 4093904                   /usr/lib/libnvidia-tls.so.460.56
7f76f149f000-7f76f153f000 r-xp 00000000 103:05 4093860                   /usr/lib/libGLX_nvidia.so.460.56
7f76f153f000-7f76f1574000 rwxp 000a0000 103:05 4093860                   /usr/lib/libGLX_nvidia.so.460.56
7f76f1574000-7f76f157b000 r-xp 000d5000 103:05 4093860                   /usr/lib/libGLX_nvidia.so.460.56
7f76f157b000-7f76f177a000 ---p 000dc000 103:05 4093860                   /usr/lib/libGLX_nvidia.so.460.56
7f76f177a000-7f76f17c2000 r--p 000db000 103:05 4093860                   /usr/lib/libGLX_nvidia.so.460.56
7f76f17c2000-7f76f17c7000 rw-p 00123000 103:05 4093860                   /usr/lib/libGLX_nvidia.so.460.56
7f76f17c7000-7f76f17c9000 rw-p 00000000 00:00 0 
7f76f17c9000-7f76f1809000 r--p 00000000 103:05 4091698                   /usr/lib/libGLdispatch.so.0.0.0
7f76f1809000-7f76f180b000 r-xp 00040000 103:05 4091698                   /usr/lib/libGLdispatch.so.0.0.0
7f76f180b000-7f76f1846000 r-xp 00042000 103:05 4091698                   /usr/lib/libGLdispatch.so.0.0.0
7f76f1846000-7f76f1847000 r-xp 0007d000 103:05 4091698                   /usr/lib/libGLdispatch.so.0.0.0
7f76f1847000-7f76f185a000 r--p 0007e000 103:05 4091698                   /usr/lib/libGLdispatch.so.0.0.0
7f76f185a000-7f76f185b000 ---p 00091000 103:05 4091698                   /usr/lib/libGLdispatch.so.0.0.0
7f76f185b000-7f76f1877000 r--p 00091000 103:05 4091698                   /usr/lib/libGLdispatch.so.0.0.0
7f76f1877000-7f76f1878000 rw-p 000ad000 103:05 4091698                   /usr/lib/libGLdispatch.so.0.0.0
7f76f1878000-7f76f1880000 rw-p 00000000 00:00 0 
7f76f1880000-7f76f18c2000 r--p 00000000 103:05 4091687                   /usr/lib/libGL.so.1.7.0
7f76f18c2000-7f76f18c5000 r-xp 00042000 103:05 4091687                   /usr/lib/libGL.so.1.7.0
7f76f18c5000-7f76f18e0000 r-xp 00045000 103:05 4091687                   /usr/lib/libGL.so.1.7.0
7f76f18e0000-7f76f18e1000 r-xp 00060000 103:05 4091687                   /usr/lib/libGL.so.1.7.0
7f76f18e1000-7f76f18f6000 r--p 00061000 103:05 4091687                   /usr/lib/libGL.so.1.7.0
7f76f18f6000-7f76f1904000 r--p 00075000 103:05 4091687                   /usr/lib/libGL.so.1.7.0
7f76f1904000-7f76f1905000 rw-p 00083000 103:05 4091687                   /usr/lib/libGL.so.1.7.0
7f76f1905000-7f76f1906000 rw-p 00000000 00:00 0 
7f76f1906000-7f76f1922000 r--p 00000000 103:05 4089646                   /usr/lib/libX11.so.6.4.0
7f76f1922000-7f76f19ac000 r-xp 0001c000 103:05 4089646                   /usr/lib/libX11.so.6.4.0
7f76f19ac000-7f76f1a40000 r--p 000a6000 103:05 4089646                   /usr/lib/libX11.so.6.4.0
7f76f1a40000-7f76f1a43000 r--p 00139000 103:05 4089646                   /usr/lib/libX11.so.6.4.0
7f76f1a43000-7f76f1a47000 rw-p 0013c000 103:05 4089646                   /usr/lib/libX11.so.6.4.0
7f76f1a47000-7f76f1a8a000 r-xp 00000000 00:2e 98                         /tmp/lwjglpeershaul/3.2.3-build-13/libglfw.so
7f76f1a8a000-7f76f1c89000 ---p 00043000 00:2e 98                         /tmp/lwjglpeershaul/3.2.3-build-13/libglfw.so
7f76f1c89000-7f76f1c8a000 r--p 00042000 00:2e 98                         /tmp/lwjglpeershaul/3.2.3-build-13/libglfw.so
7f76f1c8a000-7f76f1c8c000 rw-p 00043000 00:2e 98                         /tmp/lwjglpeershaul/3.2.3-build-13/libglfw.so
7f76f1c8c000-7f76f1cad000 rw-p 00000000 00:00 0 
7f76f1cad000-7f76f1cfe000 r-xp 00000000 00:2e 97                         /tmp/lwjglpeershaul/3.2.3-build-13/liblwjgl.so
7f76f1cfe000-7f76f1efd000 ---p 00051000 00:2e 97                         /tmp/lwjglpeershaul/3.2.3-build-13/liblwjgl.so
7f76f1efd000-7f76f1efe000 r--p 00050000 00:2e 97                         /tmp/lwjglpeershaul/3.2.3-build-13/liblwjgl.so
7f76f1efe000-7f76f1eff000 rw-p 00051000 00:2e 97                         /tmp/lwjglpeershaul/3.2.3-build-13/liblwjgl.so
7f76f1eff000-7f76f1f03000 ---p 00000000 00:00 0 
7f76f1f03000-7f76f4000000 rw-p 00000000 00:00 0 
7f76f4000000-7f76f4021000 rw-p 00000000 00:00 0 
7f76f4021000-7f76f8000000 ---p 00000000 00:00 0 
7f76f8000000-7f76f8021000 rw-p 00000000 00:00 0 
7f76f8021000-7f76fc000000 ---p 00000000 00:00 0 
7f76fc000000-7f76fc021000 rw-p 00000000 00:00 0 
7f76fc021000-7f7700000000 ---p 00000000 00:00 0 
7f7700004000-7f7700005000 r--p 00000000 103:05 4087291                   /usr/lib/libxcb-present.so.0.0.0
7f7700005000-7f7700006000 r-xp 00001000 103:05 4087291                   /usr/lib/libxcb-present.so.0.0.0
7f7700006000-7f7700007000 r--p 00002000 103:05 4087291                   /usr/lib/libxcb-present.so.0.0.0
7f7700007000-7f7700008000 r--p 00002000 103:05 4087291                   /usr/lib/libxcb-present.so.0.0.0
7f7700008000-7f7700009000 rw-p 00003000 103:05 4087291                   /usr/lib/libxcb-present.so.0.0.0
7f7700009000-7f770000e000 r--p 00000000 103:05 4091423                   /usr/lib/libdrm.so.2.4.0
7f770000e000-7f7700018000 r-xp 00005000 103:05 4091423                   /usr/lib/libdrm.so.2.4.0
7f7700018000-7f770001c000 r--p 0000f000 103:05 4091423                   /usr/lib/libdrm.so.2.4.0
7f770001c000-7f770001d000 r--p 00012000 103:05 4091423                   /usr/lib/libdrm.so.2.4.0
7f770001d000-7f770001e000 rw-p 00013000 103:05 4091423                   /usr/lib/libdrm.so.2.4.0
7f770001e000-7f770001f000 r-xp 00000000 00:00 0 
7f770001f000-7f7700022000 rw-s 00000000 00:05 694                        /dev/nvidiactl
7f7700022000-7f7700024000 r--p 00000000 103:05 4087285                   /usr/lib/libxcb-dri3.so.0.0.0
7f7700024000-7f7700025000 r-xp 00002000 103:05 4087285                   /usr/lib/libxcb-dri3.so.0.0.0
7f7700025000-7f7700026000 r--p 00003000 103:05 4087285                   /usr/lib/libxcb-dri3.so.0.0.0
7f7700026000-7f7700027000 r--p 00003000 103:05 4087285                   /usr/lib/libxcb-dri3.so.0.0.0
7f7700027000-7f7700028000 rw-p 00004000 103:05 4087285                   /usr/lib/libxcb-dri3.so.0.0.0
7f7700028000-7f770002c000 rw-s 00000000 00:05 694                        /dev/nvidiactl
7f770002c000-7f7700030000 rw-s 00000000 00:05 694                        /dev/nvidiactl
7f7700030000-7f770003c000 r--p 00000000 103:05 4087288                   /usr/lib/libxcb-glx.so.0.0.0
7f770003c000-7f7700045000 r-xp 0000c000 103:05 4087288                   /usr/lib/libxcb-glx.so.0.0.0
7f7700045000-7f770004a000 r--p 00015000 103:05 4087288                   /usr/lib/libxcb-glx.so.0.0.0
7f770004a000-7f770004b000 ---p 0001a000 103:05 4087288                   /usr/lib/libxcb-glx.so.0.0.0
7f770004b000-7f770004d000 r--p 0001a000 103:05 4087288                   /usr/lib/libxcb-glx.so.0.0.0
7f770004d000-7f770004e000 rw-p 0001c000 103:05 4087288                   /usr/lib/libxcb-glx.so.0.0.0
7f770004e000-7f7700051000 r--p 00000000 103:05 4091694                   /usr/lib/libGLX.so.0.0.0
7f7700051000-7f770006b000 r-xp 00003000 103:05 4091694                   /usr/lib/libGLX.so.0.0.0
7f770006b000-7f770006e000 r--p 0001d000 103:05 4091694                   /usr/lib/libGLX.so.0.0.0
7f770006e000-7f770006f000 ---p 00020000 103:05 4091694                   /usr/lib/libGLX.so.0.0.0
7f770006f000-7f7700070000 r--p 00020000 103:05 4091694                   /usr/lib/libGLX.so.0.0.0
7f7700070000-7f7700071000 rw-p 00021000 103:05 4091694                   /usr/lib/libGLX.so.0.0.0
7f7700071000-7f7700081000 rw-p 00000000 00:00 0 
7f7700081000-7f7700082000 r--p 00000000 103:05 4089642                   /usr/lib/libX11-xcb.so.1.0.0
7f7700082000-7f7700083000 r-xp 00001000 103:05 4089642                   /usr/lib/libX11-xcb.so.1.0.0
7f7700083000-7f7700084000 r--p 00002000 103:05 4089642                   /usr/lib/libX11-xcb.so.1.0.0
7f7700084000-7f7700085000 r--p 00002000 103:05 4089642                   /usr/lib/libX11-xcb.so.1.0.0
7f7700085000-7f7700086000 rw-p 00003000 103:05 4089642                   /usr/lib/libX11-xcb.so.1.0.0
7f7700086000-7f7700088000 r--p 00000000 103:05 4090573                   /usr/lib/libXfixes.so.3.1.0
7f7700088000-7f770008b000 r-xp 00002000 103:05 4090573                   /usr/lib/libXfixes.so.3.1.0
7f770008b000-7f770008c000 r--p 00005000 103:05 4090573                   /usr/lib/libXfixes.so.3.1.0
7f770008c000-7f770008d000 ---p 00006000 103:05 4090573                   /usr/lib/libXfixes.so.3.1.0
7f770008d000-7f770008e000 r--p 00006000 103:05 4090573                   /usr/lib/libXfixes.so.3.1.0
7f770008e000-7f770008f000 rw-p 00007000 103:05 4090573                   /usr/lib/libXfixes.so.3.1.0
7f770008f000-7f7700092000 r--p 00000000 103:05 4090578                   /usr/lib/libXcursor.so.1.0.2
7f7700092000-7f7700097000 r-xp 00003000 103:05 4090578                   /usr/lib/libXcursor.so.1.0.2
7f7700097000-7f7700099000 r--p 00008000 103:05 4090578                   /usr/lib/libXcursor.so.1.0.2
7f7700099000-7f770009a000 r--p 00009000 103:05 4090578                   /usr/lib/libXcursor.so.1.0.2
7f770009a000-7f770009b000 rw-p 0000a000 103:05 4090578                   /usr/lib/libXcursor.so.1.0.2
7f770009b000-7f770009d000 r--p 00000000 103:05 4090535                   /usr/lib/libXrender.so.1.3.0
7f770009d000-7f77000a4000 r-xp 00002000 103:05 4090535                   /usr/lib/libXrender.so.1.3.0
7f77000a4000-7f77000a6000 r--p 00009000 103:05 4090535                   /usr/lib/libXrender.so.1.3.0
7f77000a6000-7f77000a7000 r--p 0000a000 103:05 4090535                   /usr/lib/libXrender.so.1.3.0
7f77000a7000-7f77000a8000 rw-p 0000b000 103:05 4090535                   /usr/lib/libXrender.so.1.3.0
7f77000a8000-7f77000aa000 r--p 00000000 103:05 4090623                   /usr/lib/libXrandr.so.2.2.0
7f77000aa000-7f77000b1000 r-xp 00002000 103:05 4090623                   /usr/lib/libXrandr.so.2.2.0
7f77000b1000-7f77000b3000 r--p 00009000 103:05 4090623                   /usr/lib/libXrandr.so.2.2.0
7f77000b3000-7f77000b4000 r--p 0000a000 103:05 4090623                   /usr/lib/libXrandr.so.2.2.0
7f77000b4000-7f77000b5000 rw-p 0000b000 103:05 4090623                   /usr/lib/libXrandr.so.2.2.0
7f77000b5000-7f77000b6000 ---p 00000000 00:00 0 
7f77000b6000-7f77001b7000 rw-p 00000000 00:00 0 
7f77001b7000-7f77001bb000 ---p 00000000 00:00 0 
7f77001bb000-7f77002b8000 rw-p 00000000 00:00 0 
7f77002b8000-7f77002bc000 ---p 00000000 00:00 0 
7f77002bc000-7f77003b9000 rw-p 00000000 00:00 0 
7f77003b9000-7f77003bd000 ---p 00000000 00:00 0 
7f77003bd000-7f77004ba000 rw-p 00000000 00:00 0 
7f77004ba000-7f77004be000 ---p 00000000 00:00 0 
7f77004be000-7f77005bb000 rw-p 00000000 00:00 0 
7f77005bb000-7f77008a4000 r--p 00000000 103:05 4093562                   /usr/lib/locale/locale-archive
7f77008a4000-7f77010a4000 rw-p 00000000 00:00 0 
7f77010a4000-7f77010a6000 rw-s 00000000 00:01 4186                       /memfd:/.glXXXXXX (deleted)
7f77010a6000-7f77010a7000 rw-s 00000000 00:05 695                        /dev/nvidia0
7f77010a7000-7f770148f000 rw-p 00000000 00:00 0 
7f770148f000-7f7704ecf000 ---p 00000000 00:00 0 
7f7704ecf000-7f77052c7000 rw-p 00000000 00:00 0 
7f77052c7000-7f7708d07000 ---p 00000000 00:00 0 
7f7708d07000-7f7708d17000 rw-p 00000000 00:00 0 
7f7708d17000-7f7708f87000 rwxp 00000000 00:00 0 
7f7708f87000-7f77092a8000 ---p 00000000 00:00 0 
7f77092a8000-7f7709518000 rwxp 00000000 00:00 0 
7f7709518000-7f77107df000 ---p 00000000 00:00 0 
7f77107df000-7f7710a4f000 rwxp 00000000 00:00 0 
7f7710a4f000-7f7717d17000 ---p 00000000 00:00 0 
7f7717d17000-7f7720000000 r--s 00000000 103:05 3937530                   /home/peershaul/.jdks/openjdk-15.0.2/lib/modules
7f7720000000-7f7720a14000 rw-p 00000000 00:00 0 
7f7720a14000-7f7724000000 ---p 00000000 00:00 0 
7f7724000000-7f7724003000 r--p 00000000 103:05 4090642                   /usr/lib/libXi.so.6.1.0
7f7724003000-7f772400e000 r-xp 00003000 103:05 4090642                   /usr/lib/libXi.so.6.1.0
7f772400e000-7f7724011000 r--p 0000e000 103:05 4090642                   /usr/lib/libXi.so.6.1.0
7f7724011000-7f7724012000 r--p 00010000 103:05 4090642                   /usr/lib/libXi.so.6.1.0
7f7724012000-7f7724013000 rw-p 00011000 103:05 4090642                   /usr/lib/libXi.so.6.1.0
7f7724013000-7f7724017000 r--p 00000000 103:05 4090470                   /usr/lib/libXext.so.6.4.0
7f7724017000-7f7724022000 r-xp 00004000 103:05 4090470                   /usr/lib/libXext.so.6.4.0
7f7724022000-7f7724026000 r--p 0000f000 103:05 4090470                   /usr/lib/libXext.so.6.4.0
7f7724026000-7f7724027000 r--p 00012000 103:05 4090470                   /usr/lib/libXext.so.6.4.0
7f7724027000-7f7724028000 rw-p 00013000 103:05 4090470                   /usr/lib/libXext.so.6.4.0
7f7724028000-7f7724029000 r--p 00000000 103:05 4091453                   /usr/lib/libXxf86vm.so.1.0.0
7f7724029000-7f772402c000 r-xp 00001000 103:05 4091453                   /usr/lib/libXxf86vm.so.1.0.0
7f772402c000-7f772402d000 r--p 00004000 103:05 4091453                   /usr/lib/libXxf86vm.so.1.0.0
7f772402d000-7f772402e000 r--p 00004000 103:05 4091453                   /usr/lib/libXxf86vm.so.1.0.0
7f772402e000-7f772402f000 rw-p 00005000 103:05 4091453                   /usr/lib/libXxf86vm.so.1.0.0
7f772402f000-7f7724031000 r--p 00000000 103:05 4087256                   /usr/lib/libXdmcp.so.6.0.0
7f7724031000-7f7724033000 r-xp 00002000 103:05 4087256                   /usr/lib/libXdmcp.so.6.0.0
7f7724033000-7f7724035000 r--p 00004000 103:05 4087256                   /usr/lib/libXdmcp.so.6.0.0
7f7724035000-7f7724036000 r--p 00005000 103:05 4087256                   /usr/lib/libXdmcp.so.6.0.0
7f7724036000-7f7724037000 rw-p 00006000 103:05 4087256                   /usr/lib/libXdmcp.so.6.0.0
7f7724037000-7f7724043000 r--p 00000000 103:05 4087342                   /usr/lib/libxcb.so.1.1.0
7f7724043000-7f7724056000 r-xp 0000c000 103:05 4087342                   /usr/lib/libxcb.so.1.1.0
7f7724056000-7f772405f000 r--p 0001f000 103:05 4087342                   /usr/lib/libxcb.so.1.1.0
7f772405f000-7f7724060000 r--p 00027000 103:05 4087342                   /usr/lib/libxcb.so.1.1.0
7f7724060000-7f7724061000 rw-p 00028000 103:05 4087342                   /usr/lib/libxcb.so.1.1.0
7f7724061000-7f7724063000 rw-s 00000000 00:05 694                        /dev/nvidiactl
7f7724063000-7f7724073000 rw-s 00000000 00:05 695                        /dev/nvidia0
7f7724073000-7f772407a000 r-xp 00000000 103:05 3937529                   /home/peershaul/.jdks/openjdk-15.0.2/lib/libzip.so
7f772407a000-7f772407b000 ---p 00007000 103:05 3937529                   /home/peershaul/.jdks/openjdk-15.0.2/lib/libzip.so
7f772407b000-7f772407c000 r--p 00007000 103:05 3937529                   /home/peershaul/.jdks/openjdk-15.0.2/lib/libzip.so
7f772407c000-7f772407d000 rw-p 00008000 103:05 3937529                   /home/peershaul/.jdks/openjdk-15.0.2/lib/libzip.so
7f772407d000-7f77240ae000 rw-p 00000000 00:00 0 
7f77240ae000-7f77240c3000 r-xp 00000000 103:05 3937520                   /home/peershaul/.jdks/openjdk-15.0.2/lib/libnet.so
7f77240c3000-7f77240c4000 r--p 00014000 103:05 3937520                   /home/peershaul/.jdks/openjdk-15.0.2/lib/libnet.so
7f77240c4000-7f77240c5000 rw-p 00015000 103:05 3937520                   /home/peershaul/.jdks/openjdk-15.0.2/lib/libnet.so
7f77240c5000-7f77240d7000 r-xp 00000000 103:05 3937521                   /home/peershaul/.jdks/openjdk-15.0.2/lib/libnio.so
7f77240d7000-7f77240d8000 r--p 00011000 103:05 3937521                   /home/peershaul/.jdks/openjdk-15.0.2/lib/libnio.so
7f77240d8000-7f77240d9000 rw-p 00012000 103:05 3937521                   /home/peershaul/.jdks/openjdk-15.0.2/lib/libnio.so
7f77240d9000-7f77240dd000 ---p 00000000 00:00 0 
7f77240dd000-7f77241da000 rw-p 00000000 00:00 0 
7f77241da000-7f77241de000 ---p 00000000 00:00 0 
7f77241de000-7f77242db000 rw-p 00000000 00:00 0 
7f77242db000-7f77242df000 ---p 00000000 00:00 0 
7f77242df000-7f77243dc000 rw-p 00000000 00:00 0 
7f77243dc000-7f77243e0000 ---p 00000000 00:00 0 
7f77243e0000-7f77244dd000 rw-p 00000000 00:00 0 
7f77244dd000-7f77244de000 ---p 00000000 00:00 0 
7f77244de000-7f772473e000 rw-p 00000000 00:00 0 
7f772473e000-7f772473f000 ---p 00000000 00:00 0 
7f772473f000-7f7724840000 rw-p 00000000 00:00 0 
7f7724840000-7f7724841000 ---p 00000000 00:00 0 
7f7724841000-7f7724f48000 rw-p 00000000 00:00 0 
7f7724f48000-7f7724f49000 ---p 00000000 00:00 0 
7f7724f49000-7f772504a000 rw-p 00000000 00:00 0 
7f772504a000-7f772504b000 ---p 00000000 00:00 0 
7f772504b000-7f772514c000 rw-p 00000000 00:00 0 
7f772514c000-7f772514d000 ---p 00000000 00:00 0 
7f772514d000-7f772534c000 rw-p 00000000 00:00 0 
7f772534c000-7f7725a94000 ---p 00000000 00:00 0 
7f7725a94000-7f7725b13000 rw-p 00000000 00:00 0 
7f7725b13000-7f772625b000 ---p 00000000 00:00 0 
7f772625b000-7f77262da000 rw-p 00000000 00:00 0 
7f77262da000-7f7726a22000 ---p 00000000 00:00 0 
7f7726a22000-7f772702f000 rw-p 00000000 00:00 0 
7f772702f000-7f7727115000 ---p 00000000 00:00 0 
7f7727115000-7f772711a000 rw-p 00000000 00:00 0 
7f772711a000-7f7727200000 ---p 00000000 00:00 0 
7f7727200000-7f7727224000 r-xp 00000000 103:05 3937507                   /home/peershaul/.jdks/openjdk-15.0.2/lib/libjava.so
7f7727224000-7f7727225000 ---p 00024000 103:05 3937507                   /home/peershaul/.jdks/openjdk-15.0.2/lib/libjava.so
7f7727225000-7f7727226000 r--p 00024000 103:05 3937507                   /home/peershaul/.jdks/openjdk-15.0.2/lib/libjava.so
7f7727226000-7f7727227000 rw-p 00025000 103:05 3937507                   /home/peershaul/.jdks/openjdk-15.0.2/lib/libjava.so
7f7727227000-7f7727228000 rw-p 00000000 00:00 0 
7f7727228000-7f772722b000 r--p 00000000 103:05 4066702                   /usr/lib/libnss_files-2.33.so
7f772722b000-7f7727232000 r-xp 00003000 103:05 4066702                   /usr/lib/libnss_files-2.33.so
7f7727232000-7f7727234000 r--p 0000a000 103:05 4066702                   /usr/lib/libnss_files-2.33.so
7f7727234000-7f7727235000 r--p 0000b000 103:05 4066702                   /usr/lib/libnss_files-2.33.so
7f7727235000-7f7727236000 rw-p 0000c000 103:05 4066702                   /usr/lib/libnss_files-2.33.so
7f7727236000-7f772723c000 rw-p 00000000 00:00 0 
7f772723c000-7f772723d000 rw-s 00000000 00:05 694                        /dev/nvidiactl
7f772723d000-7f772723e000 r--p 00000000 103:05 4090614                   /usr/lib/libXinerama.so.1.0.0
7f772723e000-7f772723f000 r-xp 00001000 103:05 4090614                   /usr/lib/libXinerama.so.1.0.0
7f772723f000-7f7727240000 r--p 00002000 103:05 4090614                   /usr/lib/libXinerama.so.1.0.0
7f7727240000-7f7727241000 r--p 00002000 103:05 4090614                   /usr/lib/libXinerama.so.1.0.0
7f7727241000-7f7727242000 rw-p 00003000 103:05 4090614                   /usr/lib/libXinerama.so.1.0.0
7f7727242000-7f7727247000 rw-p 00000000 00:00 0 
7f7727247000-7f772724e000 ---p 00000000 00:00 0 
7f772724e000-7f772726a000 r-xp 00000000 103:05 3937511                   /home/peershaul/.jdks/openjdk-15.0.2/lib/libjimage.so
7f772726a000-7f772726c000 r--p 0001b000 103:05 3937511                   /home/peershaul/.jdks/openjdk-15.0.2/lib/libjimage.so
7f772726c000-7f772726d000 rw-p 0001d000 103:05 3937511                   /home/peershaul/.jdks/openjdk-15.0.2/lib/libjimage.so
7f772726d000-7f7727270000 r--p 00000000 103:05 4066717                   /usr/lib/librt-2.33.so
7f7727270000-7f7727274000 r-xp 00003000 103:05 4066717                   /usr/lib/librt-2.33.so
7f7727274000-7f7727276000 r--p 00007000 103:05 4066717                   /usr/lib/librt-2.33.so
7f7727276000-7f7727277000 r--p 00008000 103:05 4066717                   /usr/lib/librt-2.33.so
7f7727277000-7f7727278000 rw-p 00009000 103:05 4066717                   /usr/lib/librt-2.33.so
7f7727278000-7f772727c000 ---p 00000000 00:00 0 
7f772727c000-7f7727379000 rw-p 00000000 00:00 0 
7f7727379000-7f7727388000 r--p 00000000 103:05 4066681                   /usr/lib/libm-2.33.so
7f7727388000-7f7727423000 r-xp 0000f000 103:05 4066681                   /usr/lib/libm-2.33.so
7f7727423000-7f77274bb000 r--p 000aa000 103:05 4066681                   /usr/lib/libm-2.33.so
7f77274bb000-7f77274bc000 ---p 00142000 103:05 4066681                   /usr/lib/libm-2.33.so
7f77274bc000-7f77274bd000 r--p 00142000 103:05 4066681                   /usr/lib/libm-2.33.so
7f77274bd000-7f77274be000 rw-p 00143000 103:05 4066681                   /usr/lib/libm-2.33.so
7f77274be000-7f7728505000 r-xp 00000000 103:05 4101284                   /home/peershaul/.jdks/openjdk-15.0.2/lib/server/libjvm.so
7f7728505000-7f7728506000 ---p 01047000 103:05 4101284                   /home/peershaul/.jdks/openjdk-15.0.2/lib/server/libjvm.so
7f7728506000-7f77285a0000 r--p 01047000 103:05 4101284                   /home/peershaul/.jdks/openjdk-15.0.2/lib/server/libjvm.so
7f77285a0000-7f77285d7000 rw-p 010e1000 103:05 4101284                   /home/peershaul/.jdks/openjdk-15.0.2/lib/server/libjvm.so
7f77285d7000-7f7728662000 rw-p 00000000 00:00 0 
7f7728662000-7f7728688000 r--p 00000000 103:05 4066668                   /usr/lib/libc-2.33.so
7f7728688000-7f77287d4000 r-xp 00026000 103:05 4066668                   /usr/lib/libc-2.33.so
7f77287d4000-7f7728820000 r--p 00172000 103:05 4066668                   /usr/lib/libc-2.33.so
7f7728820000-7f7728823000 r--p 001bd000 103:05 4066668                   /usr/lib/libc-2.33.so
7f7728823000-7f7728826000 rw-p 001c0000 103:05 4066668                   /usr/lib/libc-2.33.so
7f7728826000-7f772882f000 rw-p 00000000 00:00 0 
7f772882f000-7f7728831000 r--p 00000000 103:05 4066675                   /usr/lib/libdl-2.33.so
7f7728831000-7f7728833000 r-xp 00002000 103:05 4066675                   /usr/lib/libdl-2.33.so
7f7728833000-7f7728834000 r--p 00004000 103:05 4066675                   /usr/lib/libdl-2.33.so
7f7728834000-7f7728835000 r--p 00004000 103:05 4066675                   /usr/lib/libdl-2.33.so
7f7728835000-7f7728836000 rw-p 00005000 103:05 4066675                   /usr/lib/libdl-2.33.so
7f7728836000-7f772883d000 r--p 00000000 103:05 4066709                   /usr/lib/libpthread-2.33.so
7f772883d000-7f772884c000 r-xp 00007000 103:05 4066709                   /usr/lib/libpthread-2.33.so
7f772884c000-7f7728851000 r--p 00016000 103:05 4066709                   /usr/lib/libpthread-2.33.so
7f7728851000-7f7728852000 r--p 0001a000 103:05 4066709                   /usr/lib/libpthread-2.33.so
7f7728852000-7f7728853000 rw-p 0001b000 103:05 4066709                   /usr/lib/libpthread-2.33.so
7f7728853000-7f7728857000 rw-p 00000000 00:00 0 
7f7728857000-7f7728866000 r-xp 00000000 103:05 3937512                   /home/peershaul/.jdks/openjdk-15.0.2/lib/libjli.so
7f7728866000-7f7728867000 r--p 0000e000 103:05 3937512                   /home/peershaul/.jdks/openjdk-15.0.2/lib/libjli.so
7f7728867000-7f7728868000 rw-p 0000f000 103:05 3937512                   /home/peershaul/.jdks/openjdk-15.0.2/lib/libjli.so
7f7728868000-7f772886b000 r--p 00000000 103:05 4076472                   /usr/lib/libz.so.1.2.11
7f772886b000-7f7728879000 r-xp 00003000 103:05 4076472                   /usr/lib/libz.so.1.2.11
7f7728879000-7f772887f000 r--p 00011000 103:05 4076472                   /usr/lib/libz.so.1.2.11
7f772887f000-7f7728880000 ---p 00017000 103:05 4076472                   /usr/lib/libz.so.1.2.11
7f7728880000-7f7728881000 r--p 00017000 103:05 4076472                   /usr/lib/libz.so.1.2.11
7f7728881000-7f7728882000 rw-p 00018000 103:05 4076472                   /usr/lib/libz.so.1.2.11
7f7728882000-7f7728884000 rw-p 00000000 00:00 0 
7f7728884000-7f7728885000 rw-s 00000000 00:05 694                        /dev/nvidiactl
7f7728885000-7f7728886000 rw-s 00000000 00:05 694                        /dev/nvidiactl
7f7728886000-7f7728887000 r--p 00000000 103:05 4087260                   /usr/lib/libXau.so.6.0.0
7f7728887000-7f7728888000 r-xp 00001000 103:05 4087260                   /usr/lib/libXau.so.6.0.0
7f7728888000-7f7728889000 r--p 00002000 103:05 4087260                   /usr/lib/libXau.so.6.0.0
7f7728889000-7f772888a000 r--p 00002000 103:05 4087260                   /usr/lib/libXau.so.6.0.0
7f772888a000-7f772888b000 rw-p 00003000 103:05 4087260                   /usr/lib/libXau.so.6.0.0
7f772888b000-7f772888c000 r-xp 00000000 00:00 0 
7f772888c000-7f7728894000 rw-s 00000000 00:2e 93                         /tmp/hsperfdata_peershaul/1748
7f7728894000-7f7728895000 ---p 00000000 00:00 0 
7f7728895000-7f7728896000 r--p 00000000 00:00 0 
7f7728896000-7f7728897000 r--p 00000000 103:05 4066657                   /usr/lib/ld-2.33.so
7f7728897000-7f77288bb000 r-xp 00001000 103:05 4066657                   /usr/lib/ld-2.33.so
7f77288bb000-7f77288c4000 r--p 00025000 103:05 4066657                   /usr/lib/ld-2.33.so
7f77288c4000-7f77288c5000 ---p 00000000 00:00 0 
7f77288c5000-7f77288c7000 r--p 0002e000 103:05 4066657                   /usr/lib/ld-2.33.so
7f77288c7000-7f77288c9000 rw-p 00030000 103:05 4066657                   /usr/lib/ld-2.33.so
7ffc72451000-7ffc72473000 rw-p 00000000 00:00 0                          [stack]
7ffc72483000-7ffc72487000 r--p 00000000 00:00 0                          [vvar]
7ffc72487000-7ffc72489000 r-xp 00000000 00:00 0                          [vdso]
ffffffffff600000-ffffffffff601000 --xp 00000000 00:00 0                  [vsyscall]


VM Arguments:
jvm_args: -Dfile.encoding=US-ASCII -Duser.country=US -Duser.language=en -Duser.variant 
java_command: Main
java_class_path (initial): /volume/dev/OpenGL/Java/EngineTest/build/classes/java/main:/volume/dev/OpenGL/Java/EngineTest/build/resources/main:/home/peershaul/.gradle/caches/modules-2/files-2.1/org.lwjgl/lwjgl-assimp/3.2.3/f62aa07a20afbdd3097efc296c4841e0d29700eb/lwjgl-assimp-3.2.3.jar:/home/peershaul/.gradle/caches/modules-2/files-2.1/org.lwjgl/lwjgl-assimp/3.2.3/9ecc218db17c49f2819a5a80dee7efea65a9ac4f/lwjgl-assimp-3.2.3-natives-linux.jar:/home/peershaul/.gradle/caches/modules-2/files-2.1/org.lwjgl/lwjgl-bgfx/3.2.3/433883c4040fa8df47244dffa1d42c96ce2143de/lwjgl-bgfx-3.2.3.jar:/home/peershaul/.gradle/caches/modules-2/files-2.1/org.lwjgl/lwjgl-bgfx/3.2.3/b30a656e8833ab98cc9434686c17390dbfa12531/lwjgl-bgfx-3.2.3-natives-linux.jar:/home/peershaul/.gradle/caches/modules-2/files-2.1/org.lwjgl/lwjgl-glfw/3.2.3/5e520d5c290c8b012545a8d34fa5db5ab051ea53/lwjgl-glfw-3.2.3.jar:/home/peershaul/.gradle/caches/modules-2/files-2.1/org.lwjgl/lwjgl-glfw/3.2.3/62b044d9b0a057444bef2ab70b9afc288ec09dba/lwjgl-glfw-3.2.3-natives-linux.jar:/home/peershaul/.gradle/caches/modules-2/files-2.1/org.lwjgl/lwjgl-nanovg/3.2.3/718be4a13691d1cd276fa852326e9e837d65204e/lwjgl-nanovg-3.2.3.jar:/home/peershaul/.gradle/caches/modules-2/files-2.1/org.lwjgl/lwjgl-nanovg/3.2.3/73a623c979331cac61050c36ebeabee5a5b8eae6/lwjgl-nanovg-3.2.3-natives-linux.jar:/home/peershaul/.gradle/caches/modules-2/files-2.1/org.lwjgl/lwjgl-nuklear/3.2.3/45bfab23e975201bf3cb81287be6034adec64a86/lwjgl-nuklear-3.2.3.jar:/home/peershaul/.gradle/caches/modules-2/files-2.1/org.lwjgl/lwjgl-nuklear/3.2.3/cbc2898b60a5f85368dc2f6999df7fc33926d83e/lwjgl-nuklear-3.2.3-natives-linux.jar:/home/peershaul/.gradle/caches/modules-2/files-2.1/org.lwjgl/lwjgl-openal/3.2.3/106742e805803ab9eab8e343f0fb31a3d263903c/lwjgl-openal-3.2.3.jar:/home/peershaul/.gradle/caches/modules-2/files-2.1/org.lwjgl/lwjgl-openal/3.2.3/869ddd9dbbf92a7d1be7f5942ca0adbde068d999/lwjgl-openal-3.2.3-natives-linux.jar:/home/peershaul/.gradle/caches/modules-2/files-2.1/org.l
Launcher Type: SUN_STANDARD

[Global flags]
     intx CICompilerCount                          = 3                                         {product} {ergonomic}
     uint ConcGCThreads                            = 2                                         {product} {ergonomic}
     uint G1ConcRefinementThreads                  = 6                                         {product} {ergonomic}
   size_t G1HeapRegionSize                         = 2097152                                   {product} {ergonomic}
    uintx GCDrainStackTargetSize                   = 64                                        {product} {ergonomic}
   size_t InitialHeapSize                          = 262144000                                 {product} {ergonomic}
   size_t MarkStackSize                            = 4194304                                   {product} {ergonomic}
   size_t MaxHeapSize                              = 4175429632                                {product} {ergonomic}
   size_t MaxNewSize                               = 2503999488                                {product} {ergonomic}
   size_t MinHeapDeltaBytes                        = 2097152                                   {product} {ergonomic}
   size_t MinHeapSize                              = 8388608                                   {product} {ergonomic}
    uintx NonNMethodCodeHeapSize                   = 5832780                                {pd product} {ergonomic}
    uintx NonProfiledCodeHeapSize                  = 122912730                              {pd product} {ergonomic}
    uintx ProfiledCodeHeapSize                     = 122912730                              {pd product} {ergonomic}
    uintx ReservedCodeCacheSize                    = 251658240                              {pd product} {ergonomic}
     bool SegmentedCodeCache                       = true                                      {product} {ergonomic}
   size_t SoftMaxHeapSize                          = 4175429632                             {manageable} {ergonomic}
     bool UseCompressedClassPointers               = true                                 {lp64_product} {ergonomic}
     bool UseCompressedOops                        = true                                 {lp64_product} {ergonomic}
     bool UseG1GC                                  = true                                      {product} {ergonomic}

Logging:
Log output configuration:
 #0: stdout all=warning uptime,level,tags
 #1: stderr all=off uptime,level,tags

Environment Variables:
PATH=/usr/local/bin:/usr/bin:/bin:/usr/local/sbin:/usr/lib/jvm/default/bin:/usr/bin/site_perl:/usr/bin/vendor_perl:/usr/bin/core_perl:/var/lib/snapd/snap/bin
SHELL=/usr/bin/zsh
DISPLAY=:0
LANG=en_US

Signal Handlers:
SIGSEGV: [libjvm.so+0xd64200], sa_mask[0]=11111111011111111101111111111110, sa_flags=SA_RESTART|SA_SIGINFO
SIGBUS: [libjvm.so+0xd64200], sa_mask[0]=11111111011111111101111111111110, sa_flags=SA_RESTART|SA_SIGINFO
SIGFPE: [libjvm.so+0xd64200], sa_mask[0]=11111111011111111101111111111110, sa_flags=SA_RESTART|SA_SIGINFO
SIGPIPE: [libjvm.so+0xb419c0], sa_mask[0]=11111111011111111101111111111110, sa_flags=SA_RESTART|SA_SIGINFO
SIGXFSZ: [libjvm.so+0xb419c0], sa_mask[0]=11111111011111111101111111111110, sa_flags=SA_RESTART|SA_SIGINFO
SIGILL: [libjvm.so+0xd64200], sa_mask[0]=11111111011111111101111111111110, sa_flags=SA_RESTART|SA_SIGINFO
SIGUSR2: [libjvm.so+0xb41860], sa_mask[0]=00100000000000000000000000000000, sa_flags=SA_RESTART|SA_SIGINFO
SIGHUP: [libjvm.so+0xb420d0], sa_mask[0]=11111111011111111101111111111110, sa_flags=SA_RESTART|SA_SIGINFO
SIGINT: [libjvm.so+0xb420d0], sa_mask[0]=11111111011111111101111111111110, sa_flags=SA_RESTART|SA_SIGINFO
SIGTERM: [libjvm.so+0xb420d0], sa_mask[0]=11111111011111111101111111111110, sa_flags=SA_RESTART|SA_SIGINFO
SIGQUIT: [libjvm.so+0xb420d0], sa_mask[0]=11111111011111111101111111111110, sa_flags=SA_RESTART|SA_SIGINFO


---------------  S Y S T E M  ---------------

OS:
NAME="Arch Linux"
PRETTY_NAME="Arch Linux"
ID=arch
BUILD_ID=rolling
ANSI_COLOR="38;2;23;147;209"
HOME_URL="https://www.archlinux.org/"
DOCUMENTATION_URL="https://wiki.archlinux.org/"
SUPPORT_URL="https://bbs.archlinux.org/"
BUG_REPORT_URL="https://bugs.archlinux.org/"
LOGO=archlinux
uname: Linux 5.11.6-arch1-1 #1 SMP PREEMPT Thu, 11 Mar 2021 13:48:23 +0000 x86_64
OS uptime: 0 days 0:22 hours
libc: glibc 2.33 NPTL 2.33 
rlimit (soft/hard): STACK 8192k/infinity , CORE infinity/infinity , NPROC 63623/63623 , NOFILE 524288/524288 , AS infinity/infinity , CPU infinity/infinity , DATA infinity/infinity , FSIZE infinity/infinity , MEMLOCK 64k/64k
load average: 0.77 0.67 0.49

/proc/meminfo:
MemTotal:       16302448 kB
MemFree:        11783752 kB
MemAvailable:   13182964 kB
Buffers:           62564 kB
Cached:          1631276 kB
SwapCached:            0 kB
Active:           402304 kB
Inactive:        3777340 kB
Active(anon):       4192 kB
Inactive(anon):  2554488 kB
Active(file):     398112 kB
Inactive(file):  1222852 kB
Unevictable:          32 kB
Mlocked:              32 kB
SwapTotal:             0 kB
SwapFree:              0 kB
Dirty:             13628 kB
Writeback:             0 kB
AnonPages:       2486156 kB
Mapped:           489096 kB
Shmem:             72676 kB
KReclaimable:      69564 kB
Slab:             138712 kB
SReclaimable:      69564 kB
SUnreclaim:        69148 kB
KernelStack:        8208 kB
PageTables:        22136 kB
NFS_Unstable:          0 kB
Bounce:                0 kB
WritebackTmp:          0 kB
CommitLimit:     8151224 kB
Committed_AS:    5351164 kB
VmallocTotal:   34359738367 kB
VmallocUsed:       68144 kB
VmallocChunk:          0 kB
Percpu:             3904 kB
HardwareCorrupted:     0 kB
AnonHugePages:         0 kB
ShmemHugePages:        0 kB
ShmemPmdMapped:        0 kB
FileHugePages:         0 kB
FilePmdMapped:         0 kB
CmaTotal:              0 kB
CmaFree:               0 kB
HugePages_Total:       0
HugePages_Free:        0
HugePages_Rsvd:        0
HugePages_Surp:        0
Hugepagesize:       2048 kB
Hugetlb:               0 kB
DirectMap4k:      266168 kB
DirectMap2M:     8034304 kB
DirectMap1G:     8388608 kB

/sys/kernel/mm/transparent_hugepage/enabled: always [madvise] never
/sys/kernel/mm/transparent_hugepage/defrag (defrag/compaction efforts parameter): always defer defer+madvise [madvise] never

/proc/sys/kernel/threads-max (system-wide limit on the number of threads): 127246
/proc/sys/vm/max_map_count (maximum number of memory map areas a process may have): 65530
/proc/sys/kernel/pid_max (system-wide limit on number of process identifiers): 4194304

container (cgroup) information:
container_type: cgroupv1
cpu_cpuset_cpus: 0-5
cpu_memory_nodes: 0
active_processor_count: 6
cpu_quota: no quota
cpu_period: 100000
cpu_shares: no shares
memory_limit_in_bytes: unlimited
memory_and_swap_limit_in_bytes: unlimited
memory_soft_limit_in_bytes: unlimited
memory_usage_in_bytes: 2846638080
memory_max_usage_in_bytes: 2846896128

Steal ticks since vm start: 0
Steal ticks percentage since vm start:  0.000

CPU: total 6 (initial active 6) (6 cores per cpu, 1 threads per core) family 6 model 158 stepping 10 microcode 0x84, cmov, cx8, fxsr, mmx, sse, sse2, sse3, ssse3, sse4.1, sse4.2, popcnt, vzeroupper, avx, avx2, aes, clmul, erms, 3dnowpref, lzcnt, tsc, tscinvbit, bmi1, bmi2, adx, fma, clflush, clflushopt
CPU Model and flags from /proc/cpuinfo:
model name	: Intel(R) Core(TM) i5-8400 CPU @ 2.80GHz
flags		: fpu vme de pse tsc msr pae mce cx8 apic sep mtrr pge mca cmov pat pse36 clflush dts acpi mmx fxsr sse sse2 ss ht tm pbe syscall nx pdpe1gb rdtscp lm constant_tsc art arch_perfmon pebs bts rep_good nopl xtopology nonstop_tsc cpuid aperfmperf pni pclmulqdq dtes64 monitor ds_cpl vmx est tm2 ssse3 sdbg fma cx16 xtpr pdcm pcid sse4_1 sse4_2 x2apic movbe popcnt tsc_deadline_timer aes xsave avx f16c rdrand lahf_lm abm 3dnowprefetch cpuid_fault epb invpcid_single pti ibrs ibpb stibp tpr_shadow vnmi flexpriority ept vpid ept_ad fsgsbase tsc_adjust bmi1 avx2 smep bmi2 erms invpcid mpx rdseed adx smap clflushopt intel_pt xsaveopt xsavec xgetbv1 xsaves dtherm ida arat pln pts hwp hwp_notify hwp_act_window hwp_epp

Online cpus: 0-5
Offline cpus: 
BIOS frequency limitation: <Not Available>
Frequency switch latency (ns): 0
Available cpu frequencies: <Not Available>
Current governor: powersave
Core performance/turbo boost: <Not Available>

Memory: 4k page, physical 16302448k(11783752k free), swap 0k(0k free)

vm_info: OpenJDK 64-Bit Server VM (15.0.2+7-27) for linux-amd64 JRE (15.0.2+7-27), built on Dec  7 2020 19:54:59 by "mach5one" with gcc 9.2.0

END.
