#
# A fatal error has been detected by the Java Runtime Environment:
#
#  SIGSEGV (0xb) at pc=0x00000000403adf56, pid=60367, tid=60371
#
# JRE version: OpenJDK Runtime Environment (15.0.2+7) (build 15.0.2+7-27)
# Java VM: OpenJDK 64-Bit Server VM (15.0.2+7-27, mixed mode, sharing, tiered, compressed oops, g1 gc, linux-amd64)
# Problematic frame:
# C  0x00000000403adf56
#
# Core dump will be written. Default location: Core dumps may be processed with "/usr/lib/systemd/systemd-coredump %P %u %g %s %t %c %h" (or dumping to /volume/dev/OpenGL/Java/EngineTest/core.60367)
#
# If you would like to submit a bug report, please visit:
#   https://bugreport.java.com/bugreport/crash.jsp
# The crash happened outside the Java Virtual Machine in native code.
# See problematic frame for where to report the bug.
#

---------------  S U M M A R Y ------------

Command Line: -Dfile.encoding=US-ASCII -Duser.country=US -Duser.language=en -Duser.variant Main

Host: Intel(R) Core(TM) i5-8400 CPU @ 2.80GHz, 6 cores, 15G, Arch Linux
Time: Tue Apr  6 00:30:35 2021 IDT elapsed time: 0.371743 seconds (0d 0h 0m 0s)

---------------  T H R E A D  ---------------

Current thread (0x00007f4394028dc0):  JavaThread "main" [_thread_in_native, id=60371, stack(0x00007f4398f4c000,0x00007f439904d000)]

Stack: [0x00007f4398f4c000,0x00007f439904d000],  sp=0x00007f439904b108,  free space=1020k
Native frames: (J=compiled Java code, A=aot compiled Java code, j=interpreted, Vv=VM code, C=native code)
C  0x00000000403adf56

Java frames: (J=compiled Java code, j=interpreted, Vv=VM code)
j  org.lwjgl.opengl.GL11C.nglDrawElements(IIIJ)V+0
j  org.lwjgl.opengl.GL11C.glDrawElements(IIIJ)V+4
j  org.lwjgl.opengl.GL11.glDrawElements(IIIJ)V+4
j  graphics.Renderer.draw()Z+58
j  Scenes.Scene.update(F)V+70
j  utils.Window.loop()V+82
j  Main.main([Ljava/lang/String;)V+54
v  ~StubRoutines::call_stub

siginfo: si_signo: 11 (SIGSEGV), si_code: 1 (SEGV_MAPERR), si_addr: 0x0000000000000000

Register to memory mapping:

RAX=0x00007f4338c19c80 points into unknown readable memory: 0x0000000000000000 | 00 00 00 00 00 00 00 00
RBX=0x0000000041e07000 points into unknown readable memory: 0x00007f4394486fd0 | d0 6f 48 94 43 7f 00 00
RCX=0x0 is NULL
RDX=0x00007f4394a3f804 points into unknown readable memory: 02 00 00 00
RSP=0x00007f439904b108 is pointing into the stack for thread: 0x00007f4394028dc0
RBP=0x00007f4394a3f830 points into unknown readable memory: 0x2e6c676a776c6269 | 69 62 6c 77 6a 67 6c 2e
RSI=0x0 is NULL
RDI=0x0 is NULL
R8 =0x0000000000000002 is an unknown value
R9 =0x0 is NULL
R10=0x0000000041e84ec0 points into unknown readable memory: 0x0000000000000000 | 00 00 00 00 00 00 00 00
R11=0x00007f4394a3f830 points into unknown readable memory: 0x2e6c676a776c6269 | 69 62 6c 77 6a 67 6c 2e
R12=0x00007f4394759b70 points into unknown readable memory: 0x0100100400000009 | 09 00 00 00 04 10 00 01
R13=0x0 is NULL
R14=0x000000000000000c is an unknown value
R15=0x0 is NULL


Registers:
RAX=0x00007f4338c19c80, RBX=0x0000000041e07000, RCX=0x0000000000000000, RDX=0x00007f4394a3f804
RSP=0x00007f439904b108, RBP=0x00007f4394a3f830, RSI=0x0000000000000000, RDI=0x0000000000000000
R8 =0x0000000000000002, R9 =0x0000000000000000, R10=0x0000000041e84ec0, R11=0x00007f4394a3f830
R12=0x00007f4394759b70, R13=0x0000000000000000, R14=0x000000000000000c, R15=0x0000000000000000
RIP=0x00000000403adf56, EFLAGS=0x0000000000010202, CSGSFS=0x002b000000000033, ERR=0x0000000000000004
  TRAPNO=0x000000000000000e

Top of Stack: (sp=0x00007f439904b108)
0x00007f439904b108:   00007f4339fc7339 0000000c00000000
0x00007f439904b118:   00007f4394a3f800 0000000000000000
0x00007f439904b128:   0000000041e07000 000000000000000c
0x00007f439904b138:   00000000403adf00 00007f4394760a38 

Instructions: (pc=0x00000000403adf56)
0x00000000403ade56:   00 00 00 00 00 00 00 00 00 00 00 00 00 00 00 00
0x00000000403ade66:   00 00 00 00 00 00 00 00 00 00 00 00 00 00 00 00
0x00000000403ade76:   00 00 00 00 00 00 00 00 00 00 00 00 00 00 00 00
0x00000000403ade86:   00 00 00 00 00 00 00 00 00 00 00 00 00 00 00 00
0x00000000403ade96:   00 00 00 00 00 00 00 00 00 00 00 00 00 00 00 00
0x00000000403adea6:   00 00 00 00 00 00 00 00 00 00 00 00 00 00 00 00
0x00000000403adeb6:   00 00 00 00 00 00 00 00 00 00 00 00 00 00 00 00
0x00000000403adec6:   00 00 00 00 00 00 00 00 00 00 00 00 00 00 00 00
0x00000000403aded6:   00 00 00 00 00 00 00 00 00 00 00 00 00 00 00 00
0x00000000403adee6:   00 00 00 00 00 00 00 00 00 00 00 00 00 00 00 00
0x00000000403adef6:   00 00 40 ff ff ff c0 1e 00 00 48 89 6c 24 f8 48
0x00000000403adf06:   89 5c 24 f0 48 89 74 24 e8 48 89 7c 24 e0 48 8b
0x00000000403adf16:   df 48 8b c6 48 8b e9 48 8b d2 48 8d 2c aa 4c 8b
0x00000000403adf26:   dd 8b 0a 49 ba c0 4e e8 41 00 00 00 00 41 03 0a
0x00000000403adf36:   48 83 c2 04 48 be 38 ec e5 41 00 00 00 00 48 8b
0x00000000403adf46:   36 48 8b b6 08 03 00 00 48 8d 3c 49 48 8d 34 fe
0x00000000403adf56:   8b 3e 8b 6e 04 89 38 89 68 04 48 be 38 ec e5 41
0x00000000403adf66:   00 00 00 00 48 8b 36 48 8b b6 38 03 00 00 48 8d
0x00000000403adf76:   3c 49 48 8d 34 fe 8b 3e 8b 6e 04 89 78 08 89 68
0x00000000403adf86:   0c 8b 7e 08 8b 6e 0c 89 78 10 89 68 14 48 83 c0
0x00000000403adf96:   18 49 3b d3 75 8b 48 8b 7c 24 e0 48 8b 74 24 e8
0x00000000403adfa6:   48 8b 5c 24 f0 48 8b 6c 24 f8 c3 00 00 00 00 00
0x00000000403adfb6:   00 00 c0 ff ff ff c0 00 00 00 48 b8 50 f5 e9 41
0x00000000403adfc6:   00 00 00 00 48 8b 00 49 ba 10 37 e5 41 00 00 00
0x00000000403adfd6:   00 48 83 ec 28 48 83 c4 28 c3 00 00 00 00 00 00
0x00000000403adfe6:   00 00 00 00 00 00 00 00 00 00 00 00 00 00 00 00
0x00000000403adff6:   00 00 00 00 00 00 40 00 00 00 ?? ?? ?? ?? ?? ??
0x00000000403ae006:   ?? ?? ?? ?? ?? ?? ?? ?? ?? ?? ?? ?? ?? ?? ?? ??
0x00000000403ae016:   ?? ?? ?? ?? ?? ?? ?? ?? ?? ?? ?? ?? ?? ?? ?? ??
0x00000000403ae026:   ?? ?? ?? ?? ?? ?? ?? ?? ?? ?? ?? ?? ?? ?? ?? ??
0x00000000403ae036:   ?? ?? ?? ?? ?? ?? ?? ?? ?? ?? ?? ?? ?? ?? ?? ??
0x00000000403ae046:   ?? ?? ?? ?? ?? ?? ?? ?? ?? ?? ?? ?? ?? ?? ?? ?? 


Stack slot to memory mapping:
stack at sp + 0 slots: 0x00007f4339fc7339: <offset 0x0000000000f1d339> in /usr/lib/libnvidia-glcore.so.460.67 at 0x00007f43390aa000
stack at sp + 1 slots: 0x0000000c00000000 is an unknown value
stack at sp + 2 slots: 0x00007f4394a3f800 points into unknown readable memory: 0x0000000200000000 | 00 00 00 00 02 00 00 00
stack at sp + 3 slots: 0x0 is NULL
stack at sp + 4 slots: 0x0000000041e07000 points into unknown readable memory: 0x00007f4394486fd0 | d0 6f 48 94 43 7f 00 00
stack at sp + 5 slots: 0x000000000000000c is an unknown value
stack at sp + 6 slots: 0x00000000403adf00 points into unknown readable memory: 0x5c8948f8246c8948 | 48 89 6c 24 f8 48 89 5c
stack at sp + 7 slots: 0x00007f4394760a38 points into unknown readable memory: 0x00007f439484b0d0 | d0 b0 84 94 43 7f 00 00


---------------  P R O C E S S  ---------------

Threads class SMR info:
_java_thread_list=0x00007f433c103c90, length=11, elements={
0x00007f4394028dc0, 0x00007f43941704c0, 0x00007f4394171c00, 0x00007f4394177720,
0x00007f4394178e30, 0x00007f439417aa50, 0x00007f439417c280, 0x00007f439417d980,
0x00007f43941d2f60, 0x00007f43941d6410, 0x00007f433c1029b0
}

Java Threads: ( => current thread )
=>0x00007f4394028dc0 JavaThread "main" [_thread_in_native, id=60371, stack(0x00007f4398f4c000,0x00007f439904d000)]
  0x00007f43941704c0 JavaThread "Reference Handler" daemon [_thread_blocked, id=60380, stack(0x00007f4370928000,0x00007f4370a29000)]
  0x00007f4394171c00 JavaThread "Finalizer" daemon [_thread_blocked, id=60381, stack(0x00007f4370827000,0x00007f4370928000)]
  0x00007f4394177720 JavaThread "Signal Dispatcher" daemon [_thread_blocked, id=60382, stack(0x00007f437043d000,0x00007f437053e000)]
  0x00007f4394178e30 JavaThread "Service Thread" daemon [_thread_blocked, id=60383, stack(0x00007f437033c000,0x00007f437043d000)]
  0x00007f439417aa50 JavaThread "C2 CompilerThread0" daemon [_thread_blocked, id=60384, stack(0x00007f437023b000,0x00007f437033c000)]
  0x00007f439417c280 JavaThread "C1 CompilerThread0" daemon [_thread_blocked, id=60385, stack(0x00007f437013a000,0x00007f437023b000)]
  0x00007f439417d980 JavaThread "Sweeper thread" daemon [_thread_blocked, id=60386, stack(0x00007f4370039000,0x00007f437013a000)]
  0x00007f43941d2f60 JavaThread "Notification Thread" daemon [_thread_blocked, id=60387, stack(0x00007f433beff000,0x00007f433c000000)]
  0x00007f43941d6410 JavaThread "Common-Cleaner" daemon [_thread_blocked, id=60389, stack(0x00007f433bcfc000,0x00007f433bdfd000)]
  0x00007f433c1029b0 JavaThread "C2 CompilerThread1" daemon [_thread_blocked, id=60399, stack(0x00007f4338617000,0x00007f4338718000)]

Other Threads:
  0x00007f439416d770 VMThread "VM Thread" [stack: 0x00007f4370a2b000,0x00007f4370b2b000] [id=60379]
  0x00007f43941d4b20 WatcherThread [stack: 0x00007f433bdff000,0x00007f433beff000] [id=60388]
  0x00007f43940786e0 GCTaskThread "GC Thread#0" [stack: 0x00007f4398589000,0x00007f4398689000] [id=60374]
  0x00007f4394089920 ConcurrentGCThread "G1 Main Marker" [stack: 0x00007f4398487000,0x00007f4398587000] [id=60375]
  0x00007f439408abb0 ConcurrentGCThread "G1 Conc#0" [stack: 0x00007f4398385000,0x00007f4398485000] [id=60376]
  0x00007f4394138150 ConcurrentGCThread "G1 Refine#0" [stack: 0x00007f437154f000,0x00007f437164f000] [id=60377]
  0x00007f4394139360 ConcurrentGCThread "G1 Young RemSet Sampling" [stack: 0x00007f437144d000,0x00007f437154d000] [id=60378]

Threads with active compile tasks:

VM state: not at safepoint (normal execution)

VM Mutex/Monitor currently owned by a thread: None

Heap address: 0x0000000707200000, size: 3982 MB, Compressed Oops mode: Zero based, Oop shift amount: 3
CDS archive(s) mapped at: [0x0000000800000000-0x0000000800b33000-0x0000000800b33000), size 11743232, SharedBaseAddress: 0x0000000800000000, ArchiveRelocationMode: 0.
Compressed class space mapped at: 0x0000000800b34000-0x0000000840b34000, size: 1073741824
Narrow klass base: 0x0000000800000000, Narrow klass shift: 3, Narrow klass range: 0x100000000

GC Precious Log:
 CPUs: 6 total, 6 available
 Memory: 15920M
 Large Page Support: Disabled
 NUMA Support: Disabled
 Compressed Oops: Enabled (Zero based)
 Heap Region Size: 2M
 Heap Min Capacity: 8M
 Heap Initial Capacity: 250M
 Heap Max Capacity: 3982M
 Pre-touch: Disabled
 Parallel Workers: 6
 Concurrent Workers: 2
 Concurrent Refinement Workers: 6
 Periodic GC: Disabled

Heap:
 garbage-first heap   total 260096K, used 18232K [0x0000000707200000, 0x0000000800000000)
  region size 2048K, 9 young (18432K), 0 survivors (0K)
 Metaspace       used 6535K, capacity 9249K, committed 9600K, reserved 1058816K
  class space    used 361K, capacity 633K, committed 640K, reserved 1048576K

Heap Regions: E=young(eden), S=young(survivor), O=old, HS=humongous(starts), HC=humongous(continues), CS=collection set, F=free, OA=open archive, CA=closed archive, TAMS=top-at-mark-start (previous, next)
|   0|0x0000000707200000, 0x0000000707200000, 0x0000000707400000|  0%| F|  |TAMS 0x0000000707200000, 0x0000000707200000| Untracked 
|   1|0x0000000707400000, 0x0000000707400000, 0x0000000707600000|  0%| F|  |TAMS 0x0000000707400000, 0x0000000707400000| Untracked 
|   2|0x0000000707600000, 0x0000000707600000, 0x0000000707800000|  0%| F|  |TAMS 0x0000000707600000, 0x0000000707600000| Untracked 
|   3|0x0000000707800000, 0x0000000707800000, 0x0000000707a00000|  0%| F|  |TAMS 0x0000000707800000, 0x0000000707800000| Untracked 
|   4|0x0000000707a00000, 0x0000000707a00000, 0x0000000707c00000|  0%| F|  |TAMS 0x0000000707a00000, 0x0000000707a00000| Untracked 
|   5|0x0000000707c00000, 0x0000000707c00000, 0x0000000707e00000|  0%| F|  |TAMS 0x0000000707c00000, 0x0000000707c00000| Untracked 
|   6|0x0000000707e00000, 0x0000000707e00000, 0x0000000708000000|  0%| F|  |TAMS 0x0000000707e00000, 0x0000000707e00000| Untracked 
|   7|0x0000000708000000, 0x0000000708000000, 0x0000000708200000|  0%| F|  |TAMS 0x0000000708000000, 0x0000000708000000| Untracked 
|   8|0x0000000708200000, 0x0000000708200000, 0x0000000708400000|  0%| F|  |TAMS 0x0000000708200000, 0x0000000708200000| Untracked 
|   9|0x0000000708400000, 0x0000000708400000, 0x0000000708600000|  0%| F|  |TAMS 0x0000000708400000, 0x0000000708400000| Untracked 
|  10|0x0000000708600000, 0x0000000708600000, 0x0000000708800000|  0%| F|  |TAMS 0x0000000708600000, 0x0000000708600000| Untracked 
|  11|0x0000000708800000, 0x0000000708800000, 0x0000000708a00000|  0%| F|  |TAMS 0x0000000708800000, 0x0000000708800000| Untracked 
|  12|0x0000000708a00000, 0x0000000708a00000, 0x0000000708c00000|  0%| F|  |TAMS 0x0000000708a00000, 0x0000000708a00000| Untracked 
|  13|0x0000000708c00000, 0x0000000708c00000, 0x0000000708e00000|  0%| F|  |TAMS 0x0000000708c00000, 0x0000000708c00000| Untracked 
|  14|0x0000000708e00000, 0x0000000708e00000, 0x0000000709000000|  0%| F|  |TAMS 0x0000000708e00000, 0x0000000708e00000| Untracked 
|  15|0x0000000709000000, 0x0000000709000000, 0x0000000709200000|  0%| F|  |TAMS 0x0000000709000000, 0x0000000709000000| Untracked 
|  16|0x0000000709200000, 0x0000000709200000, 0x0000000709400000|  0%| F|  |TAMS 0x0000000709200000, 0x0000000709200000| Untracked 
|  17|0x0000000709400000, 0x0000000709400000, 0x0000000709600000|  0%| F|  |TAMS 0x0000000709400000, 0x0000000709400000| Untracked 
|  18|0x0000000709600000, 0x0000000709600000, 0x0000000709800000|  0%| F|  |TAMS 0x0000000709600000, 0x0000000709600000| Untracked 
|  19|0x0000000709800000, 0x0000000709800000, 0x0000000709a00000|  0%| F|  |TAMS 0x0000000709800000, 0x0000000709800000| Untracked 
|  20|0x0000000709a00000, 0x0000000709a00000, 0x0000000709c00000|  0%| F|  |TAMS 0x0000000709a00000, 0x0000000709a00000| Untracked 
|  21|0x0000000709c00000, 0x0000000709c00000, 0x0000000709e00000|  0%| F|  |TAMS 0x0000000709c00000, 0x0000000709c00000| Untracked 
|  22|0x0000000709e00000, 0x0000000709e00000, 0x000000070a000000|  0%| F|  |TAMS 0x0000000709e00000, 0x0000000709e00000| Untracked 
|  23|0x000000070a000000, 0x000000070a000000, 0x000000070a200000|  0%| F|  |TAMS 0x000000070a000000, 0x000000070a000000| Untracked 
|  24|0x000000070a200000, 0x000000070a200000, 0x000000070a400000|  0%| F|  |TAMS 0x000000070a200000, 0x000000070a200000| Untracked 
|  25|0x000000070a400000, 0x000000070a400000, 0x000000070a600000|  0%| F|  |TAMS 0x000000070a400000, 0x000000070a400000| Untracked 
|  26|0x000000070a600000, 0x000000070a600000, 0x000000070a800000|  0%| F|  |TAMS 0x000000070a600000, 0x000000070a600000| Untracked 
|  27|0x000000070a800000, 0x000000070a800000, 0x000000070aa00000|  0%| F|  |TAMS 0x000000070a800000, 0x000000070a800000| Untracked 
|  28|0x000000070aa00000, 0x000000070aa00000, 0x000000070ac00000|  0%| F|  |TAMS 0x000000070aa00000, 0x000000070aa00000| Untracked 
|  29|0x000000070ac00000, 0x000000070ac00000, 0x000000070ae00000|  0%| F|  |TAMS 0x000000070ac00000, 0x000000070ac00000| Untracked 
|  30|0x000000070ae00000, 0x000000070ae00000, 0x000000070b000000|  0%| F|  |TAMS 0x000000070ae00000, 0x000000070ae00000| Untracked 
|  31|0x000000070b000000, 0x000000070b000000, 0x000000070b200000|  0%| F|  |TAMS 0x000000070b000000, 0x000000070b000000| Untracked 
|  32|0x000000070b200000, 0x000000070b200000, 0x000000070b400000|  0%| F|  |TAMS 0x000000070b200000, 0x000000070b200000| Untracked 
|  33|0x000000070b400000, 0x000000070b400000, 0x000000070b600000|  0%| F|  |TAMS 0x000000070b400000, 0x000000070b400000| Untracked 
|  34|0x000000070b600000, 0x000000070b600000, 0x000000070b800000|  0%| F|  |TAMS 0x000000070b600000, 0x000000070b600000| Untracked 
|  35|0x000000070b800000, 0x000000070b800000, 0x000000070ba00000|  0%| F|  |TAMS 0x000000070b800000, 0x000000070b800000| Untracked 
|  36|0x000000070ba00000, 0x000000070ba00000, 0x000000070bc00000|  0%| F|  |TAMS 0x000000070ba00000, 0x000000070ba00000| Untracked 
|  37|0x000000070bc00000, 0x000000070bc00000, 0x000000070be00000|  0%| F|  |TAMS 0x000000070bc00000, 0x000000070bc00000| Untracked 
|  38|0x000000070be00000, 0x000000070be00000, 0x000000070c000000|  0%| F|  |TAMS 0x000000070be00000, 0x000000070be00000| Untracked 
|  39|0x000000070c000000, 0x000000070c000000, 0x000000070c200000|  0%| F|  |TAMS 0x000000070c000000, 0x000000070c000000| Untracked 
|  40|0x000000070c200000, 0x000000070c200000, 0x000000070c400000|  0%| F|  |TAMS 0x000000070c200000, 0x000000070c200000| Untracked 
|  41|0x000000070c400000, 0x000000070c400000, 0x000000070c600000|  0%| F|  |TAMS 0x000000070c400000, 0x000000070c400000| Untracked 
|  42|0x000000070c600000, 0x000000070c600000, 0x000000070c800000|  0%| F|  |TAMS 0x000000070c600000, 0x000000070c600000| Untracked 
|  43|0x000000070c800000, 0x000000070c800000, 0x000000070ca00000|  0%| F|  |TAMS 0x000000070c800000, 0x000000070c800000| Untracked 
|  44|0x000000070ca00000, 0x000000070ca00000, 0x000000070cc00000|  0%| F|  |TAMS 0x000000070ca00000, 0x000000070ca00000| Untracked 
|  45|0x000000070cc00000, 0x000000070cc00000, 0x000000070ce00000|  0%| F|  |TAMS 0x000000070cc00000, 0x000000070cc00000| Untracked 
|  46|0x000000070ce00000, 0x000000070ce00000, 0x000000070d000000|  0%| F|  |TAMS 0x000000070ce00000, 0x000000070ce00000| Untracked 
|  47|0x000000070d000000, 0x000000070d000000, 0x000000070d200000|  0%| F|  |TAMS 0x000000070d000000, 0x000000070d000000| Untracked 
|  48|0x000000070d200000, 0x000000070d200000, 0x000000070d400000|  0%| F|  |TAMS 0x000000070d200000, 0x000000070d200000| Untracked 
|  49|0x000000070d400000, 0x000000070d400000, 0x000000070d600000|  0%| F|  |TAMS 0x000000070d400000, 0x000000070d400000| Untracked 
|  50|0x000000070d600000, 0x000000070d600000, 0x000000070d800000|  0%| F|  |TAMS 0x000000070d600000, 0x000000070d600000| Untracked 
|  51|0x000000070d800000, 0x000000070d800000, 0x000000070da00000|  0%| F|  |TAMS 0x000000070d800000, 0x000000070d800000| Untracked 
|  52|0x000000070da00000, 0x000000070da00000, 0x000000070dc00000|  0%| F|  |TAMS 0x000000070da00000, 0x000000070da00000| Untracked 
|  53|0x000000070dc00000, 0x000000070dc00000, 0x000000070de00000|  0%| F|  |TAMS 0x000000070dc00000, 0x000000070dc00000| Untracked 
|  54|0x000000070de00000, 0x000000070de00000, 0x000000070e000000|  0%| F|  |TAMS 0x000000070de00000, 0x000000070de00000| Untracked 
|  55|0x000000070e000000, 0x000000070e000000, 0x000000070e200000|  0%| F|  |TAMS 0x000000070e000000, 0x000000070e000000| Untracked 
|  56|0x000000070e200000, 0x000000070e200000, 0x000000070e400000|  0%| F|  |TAMS 0x000000070e200000, 0x000000070e200000| Untracked 
|  57|0x000000070e400000, 0x000000070e400000, 0x000000070e600000|  0%| F|  |TAMS 0x000000070e400000, 0x000000070e400000| Untracked 
|  58|0x000000070e600000, 0x000000070e600000, 0x000000070e800000|  0%| F|  |TAMS 0x000000070e600000, 0x000000070e600000| Untracked 
|  59|0x000000070e800000, 0x000000070e800000, 0x000000070ea00000|  0%| F|  |TAMS 0x000000070e800000, 0x000000070e800000| Untracked 
|  60|0x000000070ea00000, 0x000000070ea00000, 0x000000070ec00000|  0%| F|  |TAMS 0x000000070ea00000, 0x000000070ea00000| Untracked 
|  61|0x000000070ec00000, 0x000000070ec00000, 0x000000070ee00000|  0%| F|  |TAMS 0x000000070ec00000, 0x000000070ec00000| Untracked 
|  62|0x000000070ee00000, 0x000000070ee00000, 0x000000070f000000|  0%| F|  |TAMS 0x000000070ee00000, 0x000000070ee00000| Untracked 
|  63|0x000000070f000000, 0x000000070f000000, 0x000000070f200000|  0%| F|  |TAMS 0x000000070f000000, 0x000000070f000000| Untracked 
|  64|0x000000070f200000, 0x000000070f200000, 0x000000070f400000|  0%| F|  |TAMS 0x000000070f200000, 0x000000070f200000| Untracked 
|  65|0x000000070f400000, 0x000000070f400000, 0x000000070f600000|  0%| F|  |TAMS 0x000000070f400000, 0x000000070f400000| Untracked 
|  66|0x000000070f600000, 0x000000070f600000, 0x000000070f800000|  0%| F|  |TAMS 0x000000070f600000, 0x000000070f600000| Untracked 
|  67|0x000000070f800000, 0x000000070f800000, 0x000000070fa00000|  0%| F|  |TAMS 0x000000070f800000, 0x000000070f800000| Untracked 
|  68|0x000000070fa00000, 0x000000070fa00000, 0x000000070fc00000|  0%| F|  |TAMS 0x000000070fa00000, 0x000000070fa00000| Untracked 
|  69|0x000000070fc00000, 0x000000070fc00000, 0x000000070fe00000|  0%| F|  |TAMS 0x000000070fc00000, 0x000000070fc00000| Untracked 
|  70|0x000000070fe00000, 0x000000070fe00000, 0x0000000710000000|  0%| F|  |TAMS 0x000000070fe00000, 0x000000070fe00000| Untracked 
|  71|0x0000000710000000, 0x0000000710000000, 0x0000000710200000|  0%| F|  |TAMS 0x0000000710000000, 0x0000000710000000| Untracked 
|  72|0x0000000710200000, 0x0000000710200000, 0x0000000710400000|  0%| F|  |TAMS 0x0000000710200000, 0x0000000710200000| Untracked 
|  73|0x0000000710400000, 0x0000000710400000, 0x0000000710600000|  0%| F|  |TAMS 0x0000000710400000, 0x0000000710400000| Untracked 
|  74|0x0000000710600000, 0x0000000710600000, 0x0000000710800000|  0%| F|  |TAMS 0x0000000710600000, 0x0000000710600000| Untracked 
|  75|0x0000000710800000, 0x0000000710800000, 0x0000000710a00000|  0%| F|  |TAMS 0x0000000710800000, 0x0000000710800000| Untracked 
|  76|0x0000000710a00000, 0x0000000710a00000, 0x0000000710c00000|  0%| F|  |TAMS 0x0000000710a00000, 0x0000000710a00000| Untracked 
|  77|0x0000000710c00000, 0x0000000710c00000, 0x0000000710e00000|  0%| F|  |TAMS 0x0000000710c00000, 0x0000000710c00000| Untracked 
|  78|0x0000000710e00000, 0x0000000710e00000, 0x0000000711000000|  0%| F|  |TAMS 0x0000000710e00000, 0x0000000710e00000| Untracked 
|  79|0x0000000711000000, 0x0000000711000000, 0x0000000711200000|  0%| F|  |TAMS 0x0000000711000000, 0x0000000711000000| Untracked 
|  80|0x0000000711200000, 0x0000000711200000, 0x0000000711400000|  0%| F|  |TAMS 0x0000000711200000, 0x0000000711200000| Untracked 
|  81|0x0000000711400000, 0x0000000711400000, 0x0000000711600000|  0%| F|  |TAMS 0x0000000711400000, 0x0000000711400000| Untracked 
|  82|0x0000000711600000, 0x0000000711600000, 0x0000000711800000|  0%| F|  |TAMS 0x0000000711600000, 0x0000000711600000| Untracked 
|  83|0x0000000711800000, 0x0000000711800000, 0x0000000711a00000|  0%| F|  |TAMS 0x0000000711800000, 0x0000000711800000| Untracked 
|  84|0x0000000711a00000, 0x0000000711a00000, 0x0000000711c00000|  0%| F|  |TAMS 0x0000000711a00000, 0x0000000711a00000| Untracked 
|  85|0x0000000711c00000, 0x0000000711c00000, 0x0000000711e00000|  0%| F|  |TAMS 0x0000000711c00000, 0x0000000711c00000| Untracked 
|  86|0x0000000711e00000, 0x0000000711e00000, 0x0000000712000000|  0%| F|  |TAMS 0x0000000711e00000, 0x0000000711e00000| Untracked 
|  87|0x0000000712000000, 0x0000000712000000, 0x0000000712200000|  0%| F|  |TAMS 0x0000000712000000, 0x0000000712000000| Untracked 
|  88|0x0000000712200000, 0x0000000712200000, 0x0000000712400000|  0%| F|  |TAMS 0x0000000712200000, 0x0000000712200000| Untracked 
|  89|0x0000000712400000, 0x0000000712400000, 0x0000000712600000|  0%| F|  |TAMS 0x0000000712400000, 0x0000000712400000| Untracked 
|  90|0x0000000712600000, 0x0000000712600000, 0x0000000712800000|  0%| F|  |TAMS 0x0000000712600000, 0x0000000712600000| Untracked 
|  91|0x0000000712800000, 0x0000000712800000, 0x0000000712a00000|  0%| F|  |TAMS 0x0000000712800000, 0x0000000712800000| Untracked 
|  92|0x0000000712a00000, 0x0000000712a00000, 0x0000000712c00000|  0%| F|  |TAMS 0x0000000712a00000, 0x0000000712a00000| Untracked 
|  93|0x0000000712c00000, 0x0000000712c00000, 0x0000000712e00000|  0%| F|  |TAMS 0x0000000712c00000, 0x0000000712c00000| Untracked 
|  94|0x0000000712e00000, 0x0000000712e00000, 0x0000000713000000|  0%| F|  |TAMS 0x0000000712e00000, 0x0000000712e00000| Untracked 
|  95|0x0000000713000000, 0x0000000713000000, 0x0000000713200000|  0%| F|  |TAMS 0x0000000713000000, 0x0000000713000000| Untracked 
|  96|0x0000000713200000, 0x0000000713200000, 0x0000000713400000|  0%| F|  |TAMS 0x0000000713200000, 0x0000000713200000| Untracked 
|  97|0x0000000713400000, 0x0000000713400000, 0x0000000713600000|  0%| F|  |TAMS 0x0000000713400000, 0x0000000713400000| Untracked 
|  98|0x0000000713600000, 0x0000000713600000, 0x0000000713800000|  0%| F|  |TAMS 0x0000000713600000, 0x0000000713600000| Untracked 
|  99|0x0000000713800000, 0x0000000713800000, 0x0000000713a00000|  0%| F|  |TAMS 0x0000000713800000, 0x0000000713800000| Untracked 
| 100|0x0000000713a00000, 0x0000000713a00000, 0x0000000713c00000|  0%| F|  |TAMS 0x0000000713a00000, 0x0000000713a00000| Untracked 
| 101|0x0000000713c00000, 0x0000000713c00000, 0x0000000713e00000|  0%| F|  |TAMS 0x0000000713c00000, 0x0000000713c00000| Untracked 
| 102|0x0000000713e00000, 0x0000000713e00000, 0x0000000714000000|  0%| F|  |TAMS 0x0000000713e00000, 0x0000000713e00000| Untracked 
| 103|0x0000000714000000, 0x0000000714000000, 0x0000000714200000|  0%| F|  |TAMS 0x0000000714000000, 0x0000000714000000| Untracked 
| 104|0x0000000714200000, 0x0000000714200000, 0x0000000714400000|  0%| F|  |TAMS 0x0000000714200000, 0x0000000714200000| Untracked 
| 105|0x0000000714400000, 0x0000000714400000, 0x0000000714600000|  0%| F|  |TAMS 0x0000000714400000, 0x0000000714400000| Untracked 
| 106|0x0000000714600000, 0x0000000714600000, 0x0000000714800000|  0%| F|  |TAMS 0x0000000714600000, 0x0000000714600000| Untracked 
| 107|0x0000000714800000, 0x0000000714800000, 0x0000000714a00000|  0%| F|  |TAMS 0x0000000714800000, 0x0000000714800000| Untracked 
| 108|0x0000000714a00000, 0x0000000714a00000, 0x0000000714c00000|  0%| F|  |TAMS 0x0000000714a00000, 0x0000000714a00000| Untracked 
| 109|0x0000000714c00000, 0x0000000714c00000, 0x0000000714e00000|  0%| F|  |TAMS 0x0000000714c00000, 0x0000000714c00000| Untracked 
| 110|0x0000000714e00000, 0x0000000714e00000, 0x0000000715000000|  0%| F|  |TAMS 0x0000000714e00000, 0x0000000714e00000| Untracked 
| 111|0x0000000715000000, 0x0000000715000000, 0x0000000715200000|  0%| F|  |TAMS 0x0000000715000000, 0x0000000715000000| Untracked 
| 112|0x0000000715200000, 0x0000000715200000, 0x0000000715400000|  0%| F|  |TAMS 0x0000000715200000, 0x0000000715200000| Untracked 
| 113|0x0000000715400000, 0x0000000715400000, 0x0000000715600000|  0%| F|  |TAMS 0x0000000715400000, 0x0000000715400000| Untracked 
| 114|0x0000000715600000, 0x0000000715600000, 0x0000000715800000|  0%| F|  |TAMS 0x0000000715600000, 0x0000000715600000| Untracked 
| 115|0x0000000715800000, 0x0000000715800000, 0x0000000715a00000|  0%| F|  |TAMS 0x0000000715800000, 0x0000000715800000| Untracked 
| 116|0x0000000715a00000, 0x0000000715a6b120, 0x0000000715c00000| 20%| E|  |TAMS 0x0000000715a00000, 0x0000000715a00000| Complete 
| 117|0x0000000715c00000, 0x0000000715e00000, 0x0000000715e00000|100%| E|CS|TAMS 0x0000000715c00000, 0x0000000715c00000| Complete 
| 118|0x0000000715e00000, 0x0000000716000000, 0x0000000716000000|100%| E|CS|TAMS 0x0000000715e00000, 0x0000000715e00000| Complete 
| 119|0x0000000716000000, 0x0000000716200000, 0x0000000716200000|100%| E|CS|TAMS 0x0000000716000000, 0x0000000716000000| Complete 
| 120|0x0000000716200000, 0x0000000716400000, 0x0000000716400000|100%| E|CS|TAMS 0x0000000716200000, 0x0000000716200000| Complete 
| 121|0x0000000716400000, 0x0000000716600000, 0x0000000716600000|100%| E|CS|TAMS 0x0000000716400000, 0x0000000716400000| Complete 
| 122|0x0000000716600000, 0x0000000716800000, 0x0000000716800000|100%| E|CS|TAMS 0x0000000716600000, 0x0000000716600000| Complete 
| 123|0x0000000716800000, 0x0000000716a00000, 0x0000000716a00000|100%| E|CS|TAMS 0x0000000716800000, 0x0000000716800000| Complete 
| 124|0x0000000716a00000, 0x0000000716c00000, 0x0000000716c00000|100%| E|CS|TAMS 0x0000000716a00000, 0x0000000716a00000| Complete 
|1989|0x00000007ffc00000, 0x00000007ffd52000, 0x00000007ffe00000| 66%|OA|  |TAMS 0x00000007ffc00000, 0x00000007ffc00000| Untracked 
|1990|0x00000007ffe00000, 0x00000007ffe7c000, 0x0000000800000000| 24%|CA|  |TAMS 0x00000007ffe00000, 0x00000007ffe00000| Untracked 

Card table byte_map: [0x00007f437bd89000,0x00007f437c550000] _byte_map_base: 0x00007f4378550000

Marking Bits (Prev, Next): (CMBitMap*) 0x00007f4394079480, (CMBitMap*) 0x00007f43940794c0
 Prev Bits: [0x00007f437778a000, 0x00007f437b5c2000)
 Next Bits: [0x00007f4373952000, 0x00007f437778a000)

Polling page: 0x00007f439a571000

Metaspace:

Usage:
  Non-class:      8.41 MB capacity,     6.03 MB ( 72%) used,     2.37 MB ( 28%) free+waste,    10.69 KB ( <1%) overhead. 
      Class:    633.00 KB capacity,   361.51 KB ( 57%) used,   267.80 KB ( 42%) free+waste,     3.69 KB ( <1%) overhead. 
       Both:      9.03 MB capacity,     6.38 MB ( 71%) used,     2.64 MB ( 29%) free+waste,    14.38 KB ( <1%) overhead. 

Virtual space:
  Non-class space:       10.00 MB reserved,       8.75 MB ( 88%) committed 
      Class space:        1.00 GB reserved,     640.00 KB ( <1%) committed 
             Both:        1.01 GB reserved,       9.38 MB ( <1%) committed 

Chunk freelists:
   Non-Class:  120.00 KB
       Class:  0 bytes
        Both:  120.00 KB

MaxMetaspaceSize: 17179869184.00 GB
CompressedClassSpaceSize: 1.00 GB

CodeHeap 'non-profiled nmethods': size=120032Kb used=259Kb max_used=259Kb free=119772Kb
 bounds [0x00007f43847df000, 0x00007f4384a4f000, 0x00007f438bd17000]
CodeHeap 'profiled nmethods': size=120028Kb used=1338Kb max_used=1338Kb free=118689Kb
 bounds [0x00007f437d2a8000, 0x00007f437d518000, 0x00007f43847df000]
CodeHeap 'non-nmethods': size=5700Kb used=1595Kb max_used=1618Kb free=4104Kb
 bounds [0x00007f437cd17000, 0x00007f437cf87000, 0x00007f437d2a8000]
 total_blobs=1808 nmethods=817 adapters=905
 compilation: enabled
              stopped_count=0, restarted_count=0
 full_count=0

Compilation events (20 events):
Event: 0.349 Thread 0x00007f439417c280  808       3       java.nio.HeapCharBuffer::ix (7 bytes)
Event: 0.349 Thread 0x00007f439417c280 nmethod 808 0x00007f437d3f2c90 code [0x00007f437d3f2e20, 0x00007f437d3f2f10]
Event: 0.349 Thread 0x00007f439417c280  809       3       java.nio.CharBuffer::charAt (16 bytes)
Event: 0.349 Thread 0x00007f439417c280 nmethod 809 0x00007f437d3f2f90 code [0x00007f437d3f3160, 0x00007f437d3f34f0]
Event: 0.349 Thread 0x00007f439417c280  810       3       java.nio.Buffer::checkIndex (24 bytes)
Event: 0.350 Thread 0x00007f439417c280 nmethod 810 0x00007f437d3f3610 code [0x00007f437d3f37c0, 0x00007f437d3f3a00]
Event: 0.350 Thread 0x00007f439417c280  811       3       java.nio.HeapCharBuffer::get (19 bytes)
Event: 0.350 Thread 0x00007f439417c280 nmethod 811 0x00007f437d3f3b10 code [0x00007f437d3f3cc0, 0x00007f437d3f3f60]
Event: 0.350 Thread 0x00007f439417c280  812       3       java.lang.Character::isHighSurrogate (18 bytes)
Event: 0.350 Thread 0x00007f439417c280 nmethod 812 0x00007f437d3f4110 code [0x00007f437d3f42a0, 0x00007f437d3f4410]
Event: 0.350 Thread 0x00007f439417c280  813       3       java.net.URLStreamHandler::toExternalForm (156 bytes)
Event: 0.350 Thread 0x00007f439417aa50  814 %     4       java.lang.StringCoding::encodeASCII @ 11 (158 bytes)
Event: 0.351 Thread 0x00007f433c1029b0 nmethod 786 0x00007f438481d790 code [0x00007f438481d920, 0x00007f438481de58]
Event: 0.351 Thread 0x00007f433c1029b0  815   !   4       java.util.zip.ZipFile$Source::getEntryPos (174 bytes)
Event: 0.351 Thread 0x00007f439417c280 nmethod 813 0x00007f437d3f4490 code [0x00007f437d3f48a0, 0x00007f437d3f6010]
Event: 0.352 Thread 0x00007f439417c280  816       3       java.lang.invoke.MethodHandleNatives::refKindIsField (32 bytes)
Event: 0.352 Thread 0x00007f439417c280 nmethod 816 0x00007f437d3f6790 code [0x00007f437d3f6920, 0x00007f437d3f6a70]
Event: 0.353 Thread 0x00007f439417aa50 nmethod 814% 0x00007f438481e190 code [0x00007f438481e320, 0x00007f438481e5f8]
Event: 0.353 Thread 0x00007f439417aa50  817       4       sun.misc.Unsafe::putByte (9 bytes)
Event: 0.353 Thread 0x00007f439417aa50 nmethod 817 0x00007f438481e790 code [0x00007f438481e900, 0x00007f438481e978]

GC Heap History (0 events):
No events

Deoptimization events (20 events):
Event: 0.336 Thread 0x00007f4394028dc0 Uncommon trap: trap_request=0xffffff45 fr.pc=0x00007f43847e37d8 relative=0x0000000000000058
Event: 0.336 Thread 0x00007f4394028dc0 Uncommon trap: reason=unstable_if action=reinterpret pc=0x00007f43847e37d8 method=java.lang.String.isLatin1()Z @ 10 c2
Event: 0.336 Thread 0x00007f4394028dc0 DEOPT PACKING pc=0x00007f43847e37d8 sp=0x00007f439904a9f0
Event: 0.336 Thread 0x00007f4394028dc0 DEOPT UNPACKING pc=0x00007f437cd65125 sp=0x00007f439904a9a0 mode 2
Event: 0.345 Thread 0x00007f4394028dc0 Uncommon trap: trap_request=0xffffff45 fr.pc=0x00007f43847f9abc relative=0x000000000000049c
Event: 0.345 Thread 0x00007f4394028dc0 Uncommon trap: reason=unstable_if action=reinterpret pc=0x00007f43847f9abc method=java.lang.AbstractStringBuilder.putStringAt(ILjava/lang/String;)V @ 8 c2
Event: 0.345 Thread 0x00007f4394028dc0 DEOPT PACKING pc=0x00007f43847f9abc sp=0x00007f439904b440
Event: 0.345 Thread 0x00007f4394028dc0 DEOPT UNPACKING pc=0x00007f437cd65125 sp=0x00007f439904b358 mode 2
Event: 0.345 Thread 0x00007f4394028dc0 Uncommon trap: trap_request=0xffffff45 fr.pc=0x00007f43847fbdac relative=0x000000000000048c
Event: 0.345 Thread 0x00007f4394028dc0 Uncommon trap: reason=unstable_if action=reinterpret pc=0x00007f43847fbdac method=java.lang.AbstractStringBuilder.putStringAt(ILjava/lang/String;)V @ 8 c2
Event: 0.345 Thread 0x00007f4394028dc0 DEOPT PACKING pc=0x00007f43847fbdac sp=0x00007f439904b3f0
Event: 0.345 Thread 0x00007f4394028dc0 DEOPT UNPACKING pc=0x00007f437cd65125 sp=0x00007f439904b360 mode 2
Event: 0.345 Thread 0x00007f4394028dc0 Uncommon trap: trap_request=0xffffff45 fr.pc=0x00007f43847f8ce4 relative=0x00000000000000e4
Event: 0.345 Thread 0x00007f4394028dc0 Uncommon trap: reason=unstable_if action=reinterpret pc=0x00007f43847f8ce4 method=java.lang.String.getBytes([BIB)V @ 5 c2
Event: 0.345 Thread 0x00007f4394028dc0 DEOPT PACKING pc=0x00007f43847f8ce4 sp=0x00007f439904b310
Event: 0.345 Thread 0x00007f4394028dc0 DEOPT UNPACKING pc=0x00007f437cd65125 sp=0x00007f439904b2d8 mode 2
Event: 0.345 Thread 0x00007f4394028dc0 Uncommon trap: trap_request=0xffffff45 fr.pc=0x00007f438480d11c relative=0x000000000000037c
Event: 0.345 Thread 0x00007f4394028dc0 Uncommon trap: reason=unstable_if action=reinterpret pc=0x00007f438480d11c method=java.lang.AbstractStringBuilder.isLatin1()Z @ 10 c2
Event: 0.345 Thread 0x00007f4394028dc0 DEOPT PACKING pc=0x00007f438480d11c sp=0x00007f439904b470
Event: 0.345 Thread 0x00007f4394028dc0 DEOPT UNPACKING pc=0x00007f437cd65125 sp=0x00007f439904b3f0 mode 2

Classes unloaded (0 events):
No events

Classes redefined (0 events):
No events

Internal exceptions (14 events):
Event: 0.070 Thread 0x00007f4394028dc0 Exception <a 'java/lang/NoSuchMethodError'{0x00000007168b29f0}: 'java.lang.Object java.lang.invoke.DirectMethodHandle$Holder.invokeStatic(java.lang.Object)'> (0x00000007168b29f0) 
thrown [open/src/hotspot/share/interpreter/linkResolver.cpp, line 781]
Event: 0.070 Thread 0x00007f4394028dc0 Exception <a 'java/lang/NoSuchMethodError'{0x00000007168b6140}: 'java.lang.Object java.lang.invoke.DirectMethodHandle$Holder.invokeStaticInit(java.lang.Object)'> (0x00000007168b6140) 
thrown [open/src/hotspot/share/interpreter/linkResolver.cpp, line 781]
Event: 0.077 Thread 0x00007f4394028dc0 Exception <a 'java/lang/NoSuchMethodError'{0x000000071690e770}: 'void java.lang.invoke.DirectMethodHandle$Holder.invokeStatic(java.lang.Object, java.lang.Object)'> (0x000000071690e770) 
thrown [open/src/hotspot/share/interpreter/linkResolver.cpp, line 781]
Event: 0.078 Thread 0x00007f4394028dc0 Exception <a 'java/lang/NoSuchMethodError'{0x0000000716913e38}: 'void java.lang.invoke.DirectMethodHandle$Holder.invokeSpecial(java.lang.Object, java.lang.Object, java.lang.Object)'> (0x0000000716913e38) 
thrown [open/src/hotspot/share/interpreter/linkResolver.cpp, line 781]
Event: 0.080 Thread 0x00007f4394028dc0 Exception <a 'java/lang/NoSuchMethodError'{0x0000000716928680}: 'java.lang.Object java.lang.invoke.DirectMethodHandle$Holder.invokeStatic(java.lang.Object, java.lang.Object, int)'> (0x0000000716928680) 
thrown [open/src/hotspot/share/interpreter/linkResolver.cpp, line 781]
Event: 0.081 Thread 0x00007f4394028dc0 Exception <a 'java/lang/NoSuchMethodError'{0x00000007169347c8}: 'void java.lang.invoke.DelegatingMethodHandle$Holder.delegate(java.lang.Object, java.lang.Object, int, java.lang.Object)'> (0x00000007169347c8) 
thrown [open/src/hotspot/share/interpreter/linkResolver.cpp, line 781]
Event: 0.081 Thread 0x00007f4394028dc0 Exception <a 'java/lang/NoSuchMethodError'{0x0000000716938d58}: 'int java.lang.invoke.DirectMethodHandle$Holder.invokeSpecial(java.lang.Object, java.lang.Object, java.lang.Object)'> (0x0000000716938d58) 
thrown [open/src/hotspot/share/interpreter/linkResolver.cpp, line 781]
Event: 0.097 Thread 0x00007f4394028dc0 Exception <a 'sun/nio/fs/UnixException'{0x00000007169d6f58}> (0x00000007169d6f58) 
thrown [open/src/hotspot/share/prims/jni.cpp, line 578]
Event: 0.115 Thread 0x00007f4394028dc0 Exception <a 'sun/nio/fs/UnixException'{0x00000007166bb7b0}> (0x00000007166bb7b0) 
thrown [open/src/hotspot/share/prims/jni.cpp, line 578]
Event: 0.183 Thread 0x00007f4394028dc0 Exception <a 'java/lang/NoSuchMethodError'{0x0000000716720bb8}: 'void java.lang.invoke.DirectMethodHandle$Holder.invokeStaticInit(java.lang.Object, long, double, double)'> (0x0000000716720bb8) 
thrown [open/src/hotspot/share/interpreter/linkResolver.cpp, line 781]
Event: 0.184 Thread 0x00007f4394028dc0 Exception <a 'java/lang/NoSuchMethodError'{0x0000000716731db8}: 'void java.lang.invoke.DirectMethodHandle$Holder.invokeStaticInit(java.lang.Object, long, int, int, int)'> (0x0000000716731db8) 
thrown [open/src/hotspot/share/interpreter/linkResolver.cpp, line 781]
Event: 0.187 Thread 0x00007f4394028dc0 Exception <a 'java/lang/NoSuchMethodError'{0x000000071674e430}: 'void java.lang.invoke.DirectMethodHandle$Holder.invokeStaticInit(java.lang.Object, long, int, int, int, int)'> (0x000000071674e430) 
thrown [open/src/hotspot/share/interpreter/linkResolver.cpp, line 781]
Event: 0.203 Thread 0x00007f4394028dc0 Exception <a 'sun/nio/fs/UnixException'{0x00000007167a5e80}> (0x00000007167a5e80) 
thrown [open/src/hotspot/share/prims/jni.cpp, line 578]
Event: 0.205 Thread 0x00007f4394028dc0 Exception <a 'sun/nio/fs/UnixException'{0x00000007167b3e68}> (0x00000007167b3e68) 
thrown [open/src/hotspot/share/prims/jni.cpp, line 578]

Events (20 events):
Event: 0.337 loading class java/lang/NumberFormatException
Event: 0.337 loading class java/lang/NumberFormatException done
Event: 0.338 Executing VM operation: HandshakeAllThreads
Event: 0.338 Executing VM operation: HandshakeAllThreads done
Event: 0.338 loading class java/text/DigitList$1
Event: 0.338 loading class java/text/DigitList$1 done
Event: 0.340 Thread 0x00007f433c1029b0 Thread added: 0x00007f433c1029b0
Event: 0.340 Protecting memory [0x00007f4338617000,0x00007f433861b000] with protection modes 0
Event: 0.342 loading class java/util/Scanner
Event: 0.342 loading class java/util/Scanner done
Event: 0.343 loading class sun/nio/cs/US_ASCII$Decoder
Event: 0.343 loading class sun/nio/cs/US_ASCII$Decoder done
Event: 0.343 loading class java/util/Scanner$PatternLRUCache
Event: 0.343 loading class java/util/Scanner$PatternLRUCache done
Event: 0.345 loading class java/nio/channels/spi/AbstractInterruptibleChannel$1
Event: 0.346 loading class sun/nio/ch/Interruptible
Event: 0.346 loading class sun/nio/ch/Interruptible done
Event: 0.346 loading class java/nio/channels/spi/AbstractInterruptibleChannel$1 done
Event: 0.346 loading class java/util/regex/Matcher$ImmutableMatchResult
Event: 0.346 loading class java/util/regex/Matcher$ImmutableMatchResult done


Dynamic libraries:
403ac000-403ae000 r-xs 00000000 00:01 3281                               /memfd:/.glXXXXXX (deleted)
41e07000-41eb6000 rw-p 00000000 00:00 0 
707200000-716c00000 rw-p 00000000 00:00 0 
716c00000-7ffc00000 ---p 00000000 00:00 0 
7ffc00000-7ffd00000 rw-p 00000000 00:00 0 
7ffd00000-7ffd52000 rw-p 00be4000 103:05 4101281                         /home/peershaul/.jdks/openjdk-15.0.2/lib/server/classes.jsa
7ffd52000-7ffe00000 rw-p 00000000 00:00 0 
7ffe00000-7ffe7c000 rw-p 00b68000 103:05 4101281                         /home/peershaul/.jdks/openjdk-15.0.2/lib/server/classes.jsa
7ffe7c000-800000000 rw-p 00000000 00:00 0 
800000000-800003000 rwxp 00001000 103:05 4101281                         /home/peershaul/.jdks/openjdk-15.0.2/lib/server/classes.jsa
800003000-8003e6000 rw-p 00004000 103:05 4101281                         /home/peershaul/.jdks/openjdk-15.0.2/lib/server/classes.jsa
8003e6000-800b33000 r--p 003e7000 103:05 4101281                         /home/peershaul/.jdks/openjdk-15.0.2/lib/server/classes.jsa
800b33000-800b34000 ---p 00000000 00:00 0 
800b34000-800bd4000 rw-p 00000000 00:00 0 
800bd4000-840b34000 ---p 00000000 00:00 0 
5594e4e94000-5594e4e95000 r-xp 00000000 103:05 3805711                   /home/peershaul/.jdks/openjdk-15.0.2/bin/java
5594e4e96000-5594e4e97000 r--p 00001000 103:05 3805711                   /home/peershaul/.jdks/openjdk-15.0.2/bin/java
5594e4e97000-5594e4e98000 rw-p 00002000 103:05 3805711                   /home/peershaul/.jdks/openjdk-15.0.2/bin/java
5594e4fac000-5594e4fcd000 rw-p 00000000 00:00 0                          [heap]
7f4324000000-7f432406d000 rw-p 00000000 00:00 0 
7f432406d000-7f4328000000 ---p 00000000 00:00 0 
7f432c000000-7f432c021000 rw-p 00000000 00:00 0 
7f432c021000-7f4330000000 ---p 00000000 00:00 0 
7f4330000000-7f4330021000 rw-p 00000000 00:00 0 
7f4330021000-7f4334000000 ---p 00000000 00:00 0 
7f4334000000-7f4334021000 rw-p 00000000 00:00 0 
7f4334021000-7f4338000000 ---p 00000000 00:00 0 
7f4338617000-7f433861b000 ---p 00000000 00:00 0 
7f433861b000-7f43387d8000 rw-p 00000000 00:00 0 
7f43387d8000-7f4338918000 ---p 00000000 00:00 0 
7f4338919000-7f4338971000 r-xp 00000000 00:21 81                         /tmp/lwjglpeershaul/3.2.3-build-13/liblwjgl_opengl.so
7f4338971000-7f4338b70000 ---p 00058000 00:21 81                         /tmp/lwjglpeershaul/3.2.3-build-13/liblwjgl_opengl.so
7f4338b70000-7f4338b71000 r--p 00057000 00:21 81                         /tmp/lwjglpeershaul/3.2.3-build-13/liblwjgl_opengl.so
7f4338b71000-7f4338b72000 rw-p 00058000 00:21 81                         /tmp/lwjglpeershaul/3.2.3-build-13/liblwjgl_opengl.so
7f4338b72000-7f4338b75000 r--p 00000000 103:05 4087315                   /usr/lib/libxcb-sync.so.1.0.0
7f4338b75000-7f4338b78000 r-xp 00003000 103:05 4087315                   /usr/lib/libxcb-sync.so.1.0.0
7f4338b78000-7f4338b79000 r--p 00006000 103:05 4087315                   /usr/lib/libxcb-sync.so.1.0.0
7f4338b79000-7f4338b7a000 ---p 00007000 103:05 4087315                   /usr/lib/libxcb-sync.so.1.0.0
7f4338b7a000-7f4338b7b000 r--p 00007000 103:05 4087315                   /usr/lib/libxcb-sync.so.1.0.0
7f4338b7b000-7f4338b7c000 rw-p 00008000 103:05 4087315                   /usr/lib/libxcb-sync.so.1.0.0
7f4338b83000-7f4338b90000 r-xp 00000000 103:05 3937528                   /home/peershaul/.jdks/openjdk-15.0.2/lib/libverify.so
7f4338b90000-7f4338b92000 r--p 0000c000 103:05 3937528                   /home/peershaul/.jdks/openjdk-15.0.2/lib/libverify.so
7f4338b92000-7f4338b93000 rw-p 0000e000 103:05 3937528                   /home/peershaul/.jdks/openjdk-15.0.2/lib/libverify.so
7f4338b93000-7f4338b94000 r-xp 00000000 00:00 0 
7f4338b94000-7f4338b97000 rw-s 00000000 00:05 1723                       /dev/nvidiactl
7f4338b97000-7f4338c17000 rw-s 00000000 00:05 1723                       /dev/nvidiactl
7f4338c17000-7f4338d17000 rw-s 00000000 00:05 1723                       /dev/nvidiactl
7f4338d17000-7f4338d57000 rw-s 00000000 00:05 1723                       /dev/nvidiactl
7f4338d57000-7f4338d77000 rw-s 00000000 00:05 1723                       /dev/nvidiactl
7f4338d77000-7f4338db7000 rw-s 00000000 00:05 1723                       /dev/nvidiactl
7f4338db7000-7f4338dd7000 rw-s 00000000 00:05 1723                       /dev/nvidiactl
7f4338dd7000-7f4338e57000 rw-s 00000000 00:05 1724                       /dev/nvidia0
7f4338e57000-7f4338e97000 rw-s 00000000 00:05 1723                       /dev/nvidiactl
7f4338e97000-7f4338eb7000 rw-s 00000000 00:05 1723                       /dev/nvidiactl
7f4338eb7000-7f433905c000 rw-s 00000000 00:01 1027                       /memfd:/.nvidia_drv.XXXXXX (deleted)
7f433905c000-7f4339061000 r--p 00000000 103:05 4091423                   /usr/lib/libdrm.so.2.4.0
7f4339061000-7f433906b000 r-xp 00005000 103:05 4091423                   /usr/lib/libdrm.so.2.4.0
7f433906b000-7f433906f000 r--p 0000f000 103:05 4091423                   /usr/lib/libdrm.so.2.4.0
7f433906f000-7f4339070000 r--p 00012000 103:05 4091423                   /usr/lib/libdrm.so.2.4.0
7f4339070000-7f4339071000 rw-p 00013000 103:05 4091423                   /usr/lib/libdrm.so.2.4.0
7f4339071000-7f4339072000 r-xp 00000000 00:00 0 
7f4339072000-7f4339074000 rw-s 00000000 00:01 3281                       /memfd:/.glXXXXXX (deleted)
7f4339074000-7f4339075000 r--p 00000000 103:05 4087291                   /usr/lib/libxcb-present.so.0.0.0
7f4339075000-7f4339076000 r-xp 00001000 103:05 4087291                   /usr/lib/libxcb-present.so.0.0.0
7f4339076000-7f4339077000 r--p 00002000 103:05 4087291                   /usr/lib/libxcb-present.so.0.0.0
7f4339077000-7f4339078000 r--p 00002000 103:05 4087291                   /usr/lib/libxcb-present.so.0.0.0
7f4339078000-7f4339079000 rw-p 00003000 103:05 4087291                   /usr/lib/libxcb-present.so.0.0.0
7f4339079000-7f433908c000 rw-s 00000000 00:05 1723                       /dev/nvidiactl
7f433908c000-7f4339098000 r--p 00000000 103:05 4087288                   /usr/lib/libxcb-glx.so.0.0.0
7f4339098000-7f43390a1000 r-xp 0000c000 103:05 4087288                   /usr/lib/libxcb-glx.so.0.0.0
7f43390a1000-7f43390a6000 r--p 00015000 103:05 4087288                   /usr/lib/libxcb-glx.so.0.0.0
7f43390a6000-7f43390a7000 ---p 0001a000 103:05 4087288                   /usr/lib/libxcb-glx.so.0.0.0
7f43390a7000-7f43390a9000 r--p 0001a000 103:05 4087288                   /usr/lib/libxcb-glx.so.0.0.0
7f43390a9000-7f43390aa000 rw-p 0001c000 103:05 4087288                   /usr/lib/libxcb-glx.so.0.0.0
7f43390aa000-7f433a23c000 r-xp 00000000 103:05 4093883                   /usr/lib/libnvidia-glcore.so.460.67
7f433a23c000-7f433a25d000 rwxp 01192000 103:05 4093883                   /usr/lib/libnvidia-glcore.so.460.67
7f433a25d000-7f433a76d000 r-xp 011b3000 103:05 4093883                   /usr/lib/libnvidia-glcore.so.460.67
7f433a76d000-7f433a96c000 ---p 016c3000 103:05 4093883                   /usr/lib/libnvidia-glcore.so.460.67
7f433a96c000-7f433aea9000 r--p 016c2000 103:05 4093883                   /usr/lib/libnvidia-glcore.so.460.67
7f433aea9000-7f433af98000 rw-p 01bff000 103:05 4093883                   /usr/lib/libnvidia-glcore.so.460.67
7f433af98000-7f433afb7000 rw-p 00000000 00:00 0 
7f433afb7000-7f433afba000 r-xp 00000000 103:05 4093907                   /usr/lib/libnvidia-tls.so.460.67
7f433afba000-7f433b1ba000 ---p 00003000 103:05 4093907                   /usr/lib/libnvidia-tls.so.460.67
7f433b1ba000-7f433b1bb000 r--p 00003000 103:05 4093907                   /usr/lib/libnvidia-tls.so.460.67
7f433b1bb000-7f433b1bc000 rw-p 00004000 103:05 4093907                   /usr/lib/libnvidia-tls.so.460.67
7f433b1bc000-7f433b25c000 r-xp 00000000 103:05 4093861                   /usr/lib/libGLX_nvidia.so.460.67
7f433b25c000-7f433b291000 rwxp 000a0000 103:05 4093861                   /usr/lib/libGLX_nvidia.so.460.67
7f433b291000-7f433b298000 r-xp 000d5000 103:05 4093861                   /usr/lib/libGLX_nvidia.so.460.67
7f433b298000-7f433b497000 ---p 000dc000 103:05 4093861                   /usr/lib/libGLX_nvidia.so.460.67
7f433b497000-7f433b4df000 r--p 000db000 103:05 4093861                   /usr/lib/libGLX_nvidia.so.460.67
7f433b4df000-7f433b4e4000 rw-p 00123000 103:05 4093861                   /usr/lib/libGLX_nvidia.so.460.67
7f433b4e4000-7f433b4e6000 rw-p 00000000 00:00 0 
7f433b4e6000-7f433b4e9000 r--p 00000000 103:05 4091694                   /usr/lib/libGLX.so.0.0.0
7f433b4e9000-7f433b503000 r-xp 00003000 103:05 4091694                   /usr/lib/libGLX.so.0.0.0
7f433b503000-7f433b506000 r--p 0001d000 103:05 4091694                   /usr/lib/libGLX.so.0.0.0
7f433b506000-7f433b507000 ---p 00020000 103:05 4091694                   /usr/lib/libGLX.so.0.0.0
7f433b507000-7f433b508000 r--p 00020000 103:05 4091694                   /usr/lib/libGLX.so.0.0.0
7f433b508000-7f433b509000 rw-p 00021000 103:05 4091694                   /usr/lib/libGLX.so.0.0.0
7f433b509000-7f433b519000 rw-p 00000000 00:00 0 
7f433b519000-7f433b559000 r--p 00000000 103:05 4091698                   /usr/lib/libGLdispatch.so.0.0.0
7f433b559000-7f433b55b000 r-xp 00040000 103:05 4091698                   /usr/lib/libGLdispatch.so.0.0.0
7f433b55b000-7f433b596000 r-xp 00042000 103:05 4091698                   /usr/lib/libGLdispatch.so.0.0.0
7f433b596000-7f433b597000 r-xp 0007d000 103:05 4091698                   /usr/lib/libGLdispatch.so.0.0.0
7f433b597000-7f433b5aa000 r--p 0007e000 103:05 4091698                   /usr/lib/libGLdispatch.so.0.0.0
7f433b5aa000-7f433b5ab000 ---p 00091000 103:05 4091698                   /usr/lib/libGLdispatch.so.0.0.0
7f433b5ab000-7f433b5c7000 r--p 00091000 103:05 4091698                   /usr/lib/libGLdispatch.so.0.0.0
7f433b5c7000-7f433b5c8000 rw-p 000ad000 103:05 4091698                   /usr/lib/libGLdispatch.so.0.0.0
7f433b5c8000-7f433b5d0000 rw-p 00000000 00:00 0 
7f433b5d0000-7f433b612000 r--p 00000000 103:05 4091687                   /usr/lib/libGL.so.1.7.0
7f433b612000-7f433b615000 r-xp 00042000 103:05 4091687                   /usr/lib/libGL.so.1.7.0
7f433b615000-7f433b630000 r-xp 00045000 103:05 4091687                   /usr/lib/libGL.so.1.7.0
7f433b630000-7f433b631000 r-xp 00060000 103:05 4091687                   /usr/lib/libGL.so.1.7.0
7f433b631000-7f433b646000 r--p 00061000 103:05 4091687                   /usr/lib/libGL.so.1.7.0
7f433b646000-7f433b654000 r--p 00075000 103:05 4091687                   /usr/lib/libGL.so.1.7.0
7f433b654000-7f433b655000 rw-p 00083000 103:05 4091687                   /usr/lib/libGL.so.1.7.0
7f433b655000-7f433b656000 rw-p 00000000 00:00 0 
7f433b656000-7f433b657000 r--p 00000000 103:05 4089642                   /usr/lib/libX11-xcb.so.1.0.0
7f433b657000-7f433b658000 r-xp 00001000 103:05 4089642                   /usr/lib/libX11-xcb.so.1.0.0
7f433b658000-7f433b659000 r--p 00002000 103:05 4089642                   /usr/lib/libX11-xcb.so.1.0.0
7f433b659000-7f433b65a000 r--p 00002000 103:05 4089642                   /usr/lib/libX11-xcb.so.1.0.0
7f433b65a000-7f433b65b000 rw-p 00003000 103:05 4089642                   /usr/lib/libX11-xcb.so.1.0.0
7f433b65b000-7f433b65c000 r--p 00000000 103:05 4090614                   /usr/lib/libXinerama.so.1.0.0
7f433b65c000-7f433b65d000 r-xp 00001000 103:05 4090614                   /usr/lib/libXinerama.so.1.0.0
7f433b65d000-7f433b65e000 r--p 00002000 103:05 4090614                   /usr/lib/libXinerama.so.1.0.0
7f433b65e000-7f433b65f000 r--p 00002000 103:05 4090614                   /usr/lib/libXinerama.so.1.0.0
7f433b65f000-7f433b660000 rw-p 00003000 103:05 4090614                   /usr/lib/libXinerama.so.1.0.0
7f433b660000-7f433b662000 r--p 00000000 103:05 4090573                   /usr/lib/libXfixes.so.3.1.0
7f433b662000-7f433b665000 r-xp 00002000 103:05 4090573                   /usr/lib/libXfixes.so.3.1.0
7f433b665000-7f433b666000 r--p 00005000 103:05 4090573                   /usr/lib/libXfixes.so.3.1.0
7f433b666000-7f433b667000 ---p 00006000 103:05 4090573                   /usr/lib/libXfixes.so.3.1.0
7f433b667000-7f433b668000 r--p 00006000 103:05 4090573                   /usr/lib/libXfixes.so.3.1.0
7f433b668000-7f433b669000 rw-p 00007000 103:05 4090573                   /usr/lib/libXfixes.so.3.1.0
7f433b669000-7f433b66c000 r--p 00000000 103:05 4090578                   /usr/lib/libXcursor.so.1.0.2
7f433b66c000-7f433b671000 r-xp 00003000 103:05 4090578                   /usr/lib/libXcursor.so.1.0.2
7f433b671000-7f433b673000 r--p 00008000 103:05 4090578                   /usr/lib/libXcursor.so.1.0.2
7f433b673000-7f433b674000 r--p 00009000 103:05 4090578                   /usr/lib/libXcursor.so.1.0.2
7f433b674000-7f433b675000 rw-p 0000a000 103:05 4090578                   /usr/lib/libXcursor.so.1.0.2
7f433b675000-7f433b677000 r--p 00000000 103:05 4090535                   /usr/lib/libXrender.so.1.3.0
7f433b677000-7f433b67e000 r-xp 00002000 103:05 4090535                   /usr/lib/libXrender.so.1.3.0
7f433b67e000-7f433b680000 r--p 00009000 103:05 4090535                   /usr/lib/libXrender.so.1.3.0
7f433b680000-7f433b681000 r--p 0000a000 103:05 4090535                   /usr/lib/libXrender.so.1.3.0
7f433b681000-7f433b682000 rw-p 0000b000 103:05 4090535                   /usr/lib/libXrender.so.1.3.0
7f433b682000-7f433b684000 r--p 00000000 103:05 4090623                   /usr/lib/libXrandr.so.2.2.0
7f433b684000-7f433b68b000 r-xp 00002000 103:05 4090623                   /usr/lib/libXrandr.so.2.2.0
7f433b68b000-7f433b68d000 r--p 00009000 103:05 4090623                   /usr/lib/libXrandr.so.2.2.0
7f433b68d000-7f433b68e000 r--p 0000a000 103:05 4090623                   /usr/lib/libXrandr.so.2.2.0
7f433b68e000-7f433b68f000 rw-p 0000b000 103:05 4090623                   /usr/lib/libXrandr.so.2.2.0
7f433b68f000-7f433b692000 r--p 00000000 103:05 4090642                   /usr/lib/libXi.so.6.1.0
7f433b692000-7f433b69d000 r-xp 00003000 103:05 4090642                   /usr/lib/libXi.so.6.1.0
7f433b69d000-7f433b6a0000 r--p 0000e000 103:05 4090642                   /usr/lib/libXi.so.6.1.0
7f433b6a0000-7f433b6a1000 r--p 00010000 103:05 4090642                   /usr/lib/libXi.so.6.1.0
7f433b6a1000-7f433b6a2000 rw-p 00011000 103:05 4090642                   /usr/lib/libXi.so.6.1.0
7f433b6a2000-7f433b6a6000 r--p 00000000 103:05 4090470                   /usr/lib/libXext.so.6.4.0
7f433b6a6000-7f433b6b1000 r-xp 00004000 103:05 4090470                   /usr/lib/libXext.so.6.4.0
7f433b6b1000-7f433b6b5000 r--p 0000f000 103:05 4090470                   /usr/lib/libXext.so.6.4.0
7f433b6b5000-7f433b6b6000 r--p 00012000 103:05 4090470                   /usr/lib/libXext.so.6.4.0
7f433b6b6000-7f433b6b7000 rw-p 00013000 103:05 4090470                   /usr/lib/libXext.so.6.4.0
7f433b6b7000-7f433b6b8000 r--p 00000000 103:05 4091453                   /usr/lib/libXxf86vm.so.1.0.0
7f433b6b8000-7f433b6bb000 r-xp 00001000 103:05 4091453                   /usr/lib/libXxf86vm.so.1.0.0
7f433b6bb000-7f433b6bc000 r--p 00004000 103:05 4091453                   /usr/lib/libXxf86vm.so.1.0.0
7f433b6bc000-7f433b6bd000 r--p 00004000 103:05 4091453                   /usr/lib/libXxf86vm.so.1.0.0
7f433b6bd000-7f433b6be000 rw-p 00005000 103:05 4091453                   /usr/lib/libXxf86vm.so.1.0.0
7f433b6be000-7f433b6ca000 r--p 00000000 103:05 4087342                   /usr/lib/libxcb.so.1.1.0
7f433b6ca000-7f433b6dd000 r-xp 0000c000 103:05 4087342                   /usr/lib/libxcb.so.1.1.0
7f433b6dd000-7f433b6e6000 r--p 0001f000 103:05 4087342                   /usr/lib/libxcb.so.1.1.0
7f433b6e6000-7f433b6e7000 r--p 00027000 103:05 4087342                   /usr/lib/libxcb.so.1.1.0
7f433b6e7000-7f433b6e8000 rw-p 00028000 103:05 4087342                   /usr/lib/libxcb.so.1.1.0
7f433b6e8000-7f433b704000 r--p 00000000 103:05 4089646                   /usr/lib/libX11.so.6.4.0
7f433b704000-7f433b78e000 r-xp 0001c000 103:05 4089646                   /usr/lib/libX11.so.6.4.0
7f433b78e000-7f433b822000 r--p 000a6000 103:05 4089646                   /usr/lib/libX11.so.6.4.0
7f433b822000-7f433b825000 r--p 00139000 103:05 4089646                   /usr/lib/libX11.so.6.4.0
7f433b825000-7f433b829000 rw-p 0013c000 103:05 4089646                   /usr/lib/libX11.so.6.4.0
7f433b829000-7f433b82a000 r-xp 00000000 00:00 0 
7f433b82a000-7f433b82c000 r--p 00000000 103:05 4087285                   /usr/lib/libxcb-dri3.so.0.0.0
7f433b82c000-7f433b82d000 r-xp 00002000 103:05 4087285                   /usr/lib/libxcb-dri3.so.0.0.0
7f433b82d000-7f433b82e000 r--p 00003000 103:05 4087285                   /usr/lib/libxcb-dri3.so.0.0.0
7f433b82e000-7f433b82f000 r--p 00003000 103:05 4087285                   /usr/lib/libxcb-dri3.so.0.0.0
7f433b82f000-7f433b830000 rw-p 00004000 103:05 4087285                   /usr/lib/libxcb-dri3.so.0.0.0
7f433b830000-7f433b834000 rw-s 00000000 00:05 1723                       /dev/nvidiactl
7f433b834000-7f433b844000 rw-s 00000000 00:05 1724                       /dev/nvidia0
7f433b844000-7f433b887000 r-xp 00000000 00:21 80                         /tmp/lwjglpeershaul/3.2.3-build-13/libglfw.so
7f433b887000-7f433ba86000 ---p 00043000 00:21 80                         /tmp/lwjglpeershaul/3.2.3-build-13/libglfw.so
7f433ba86000-7f433ba87000 r--p 00042000 00:21 80                         /tmp/lwjglpeershaul/3.2.3-build-13/libglfw.so
7f433ba87000-7f433ba89000 rw-p 00043000 00:21 80                         /tmp/lwjglpeershaul/3.2.3-build-13/libglfw.so
7f433ba89000-7f433baaa000 rw-p 00000000 00:00 0 
7f433baaa000-7f433bafb000 r-xp 00000000 00:21 79                         /tmp/lwjglpeershaul/3.2.3-build-13/liblwjgl.so
7f433bafb000-7f433bcfa000 ---p 00051000 00:21 79                         /tmp/lwjglpeershaul/3.2.3-build-13/liblwjgl.so
7f433bcfa000-7f433bcfb000 r--p 00050000 00:21 79                         /tmp/lwjglpeershaul/3.2.3-build-13/liblwjgl.so
7f433bcfb000-7f433bcfc000 rw-p 00051000 00:21 79                         /tmp/lwjglpeershaul/3.2.3-build-13/liblwjgl.so
7f433bcfc000-7f433bd00000 ---p 00000000 00:00 0 
7f433bd00000-7f433bdfd000 rw-p 00000000 00:00 0 
7f433bdfd000-7f433bdfe000 ---p 00000000 00:00 0 
7f433bdfe000-7f433beff000 rw-p 00000000 00:00 0 
7f433beff000-7f433bf03000 ---p 00000000 00:00 0 
7f433bf03000-7f433c000000 rw-p 00000000 00:00 0 
7f433c000000-7f433c22d000 rw-p 00000000 00:00 0 
7f433c22d000-7f4340000000 ---p 00000000 00:00 0 
7f4340000000-7f4340021000 rw-p 00000000 00:00 0 
7f4340021000-7f4344000000 ---p 00000000 00:00 0 
7f4344000000-7f4344021000 rw-p 00000000 00:00 0 
7f4344021000-7f4348000000 ---p 00000000 00:00 0 
7f4348000000-7f4348495000 rw-p 00000000 00:00 0 
7f4348495000-7f434c000000 ---p 00000000 00:00 0 
7f434c000000-7f434c021000 rw-p 00000000 00:00 0 
7f434c021000-7f4350000000 ---p 00000000 00:00 0 
7f4350000000-7f4350021000 rw-p 00000000 00:00 0 
7f4350021000-7f4354000000 ---p 00000000 00:00 0 
7f4354000000-7f4354021000 rw-p 00000000 00:00 0 
7f4354021000-7f4358000000 ---p 00000000 00:00 0 
7f4358000000-7f4358021000 rw-p 00000000 00:00 0 
7f4358021000-7f435c000000 ---p 00000000 00:00 0 
7f435c000000-7f435c021000 rw-p 00000000 00:00 0 
7f435c021000-7f4360000000 ---p 00000000 00:00 0 
7f4360000000-7f4360021000 rw-p 00000000 00:00 0 
7f4360021000-7f4364000000 ---p 00000000 00:00 0 
7f4364000000-7f4364021000 rw-p 00000000 00:00 0 
7f4364021000-7f4368000000 ---p 00000000 00:00 0 
7f4368000000-7f4368021000 rw-p 00000000 00:00 0 
7f4368021000-7f436c000000 ---p 00000000 00:00 0 
7f436c000000-7f436c021000 rw-p 00000000 00:00 0 
7f436c021000-7f4370000000 ---p 00000000 00:00 0 
7f4370000000-7f4370002000 r--p 00000000 103:05 4087256                   /usr/lib/libXdmcp.so.6.0.0
7f4370002000-7f4370004000 r-xp 00002000 103:05 4087256                   /usr/lib/libXdmcp.so.6.0.0
7f4370004000-7f4370006000 r--p 00004000 103:05 4087256                   /usr/lib/libXdmcp.so.6.0.0
7f4370006000-7f4370007000 r--p 00005000 103:05 4087256                   /usr/lib/libXdmcp.so.6.0.0
7f4370007000-7f4370008000 rw-p 00006000 103:05 4087256                   /usr/lib/libXdmcp.so.6.0.0
7f4370008000-7f4370039000 rw-p 00000000 00:00 0 
7f4370039000-7f437003d000 ---p 00000000 00:00 0 
7f437003d000-7f437013a000 rw-p 00000000 00:00 0 
7f437013a000-7f437013e000 ---p 00000000 00:00 0 
7f437013e000-7f437023b000 rw-p 00000000 00:00 0 
7f437023b000-7f437023f000 ---p 00000000 00:00 0 
7f437023f000-7f437033c000 rw-p 00000000 00:00 0 
7f437033c000-7f4370340000 ---p 00000000 00:00 0 
7f4370340000-7f437043d000 rw-p 00000000 00:00 0 
7f437043d000-7f4370441000 ---p 00000000 00:00 0 
7f4370441000-7f437053e000 rw-p 00000000 00:00 0 
7f437053e000-7f4370827000 r--p 00000000 103:05 4093562                   /usr/lib/locale/locale-archive
7f4370827000-7f437082b000 ---p 00000000 00:00 0 
7f437082b000-7f4370928000 rw-p 00000000 00:00 0 
7f4370928000-7f437092c000 ---p 00000000 00:00 0 
7f437092c000-7f4370a29000 rw-p 00000000 00:00 0 
7f4370a29000-7f4370a2a000 ---p 00000000 00:00 0 
7f4370a2a000-7f4371448000 rw-p 00000000 00:00 0 
7f4371448000-7f4371449000 r-xp 00000000 00:00 0 
7f4371449000-7f437144b000 rw-s 00000000 00:05 1723                       /dev/nvidiactl
7f437144b000-7f437144c000 ---p 00000000 00:00 0 
7f437144c000-7f437154d000 rw-p 00000000 00:00 0 
7f437154d000-7f437154e000 ---p 00000000 00:00 0 
7f437154e000-7f4373d3a000 rw-p 00000000 00:00 0 
7f4373d3a000-7f437777a000 ---p 00000000 00:00 0 
7f437777a000-7f4377b72000 rw-p 00000000 00:00 0 
7f4377b72000-7f437b5b2000 ---p 00000000 00:00 0 
7f437b5b2000-7f437b63f000 rw-p 00000000 00:00 0 
7f437b63f000-7f437bd87000 ---p 00000000 00:00 0 
7f437bd87000-7f437be06000 rw-p 00000000 00:00 0 
7f437be06000-7f437c54e000 ---p 00000000 00:00 0 
7f437c54e000-7f437c5cd000 rw-p 00000000 00:00 0 
7f437c5cd000-7f437cd15000 ---p 00000000 00:00 0 
7f437cd15000-7f437cd17000 rw-p 00000000 00:00 0 
7f437cd17000-7f437cf87000 rwxp 00000000 00:00 0 
7f437cf87000-7f437d2a8000 ---p 00000000 00:00 0 
7f437d2a8000-7f437d518000 rwxp 00000000 00:00 0 
7f437d518000-7f43847df000 ---p 00000000 00:00 0 
7f43847df000-7f4384a4f000 rwxp 00000000 00:00 0 
7f4384a4f000-7f438bd17000 ---p 00000000 00:00 0 
7f438bd17000-7f4394000000 r--s 00000000 103:05 3937530                   /home/peershaul/.jdks/openjdk-15.0.2/lib/modules
7f4394000000-7f4394a8b000 rw-p 00000000 00:00 0 
7f4394a8b000-7f4398000000 ---p 00000000 00:00 0 
7f4398000000-7f4398004000 rw-s 00000000 00:05 1723                       /dev/nvidiactl
7f4398004000-7f4398005000 r--p 00000000 103:05 4087260                   /usr/lib/libXau.so.6.0.0
7f4398005000-7f4398006000 r-xp 00001000 103:05 4087260                   /usr/lib/libXau.so.6.0.0
7f4398006000-7f4398007000 r--p 00002000 103:05 4087260                   /usr/lib/libXau.so.6.0.0
7f4398007000-7f4398008000 r--p 00002000 103:05 4087260                   /usr/lib/libXau.so.6.0.0
7f4398008000-7f4398009000 rw-p 00003000 103:05 4087260                   /usr/lib/libXau.so.6.0.0
7f4398009000-7f4398010000 r-xp 00000000 103:05 3937529                   /home/peershaul/.jdks/openjdk-15.0.2/lib/libzip.so
7f4398010000-7f4398011000 ---p 00007000 103:05 3937529                   /home/peershaul/.jdks/openjdk-15.0.2/lib/libzip.so
7f4398011000-7f4398012000 r--p 00007000 103:05 3937529                   /home/peershaul/.jdks/openjdk-15.0.2/lib/libzip.so
7f4398012000-7f4398013000 rw-p 00008000 103:05 3937529                   /home/peershaul/.jdks/openjdk-15.0.2/lib/libzip.so
7f4398013000-7f4398028000 r-xp 00000000 103:05 3937520                   /home/peershaul/.jdks/openjdk-15.0.2/lib/libnet.so
7f4398028000-7f4398029000 r--p 00014000 103:05 3937520                   /home/peershaul/.jdks/openjdk-15.0.2/lib/libnet.so
7f4398029000-7f439802a000 rw-p 00015000 103:05 3937520                   /home/peershaul/.jdks/openjdk-15.0.2/lib/libnet.so
7f439802a000-7f439803c000 r-xp 00000000 103:05 3937521                   /home/peershaul/.jdks/openjdk-15.0.2/lib/libnio.so
7f439803c000-7f439803d000 r--p 00011000 103:05 3937521                   /home/peershaul/.jdks/openjdk-15.0.2/lib/libnio.so
7f439803d000-7f439803e000 rw-p 00012000 103:05 3937521                   /home/peershaul/.jdks/openjdk-15.0.2/lib/libnio.so
7f439803e000-7f4398383000 rw-p 00000000 00:00 0 
7f4398383000-7f4398384000 ---p 00000000 00:00 0 
7f4398384000-7f4398485000 rw-p 00000000 00:00 0 
7f4398485000-7f4398486000 ---p 00000000 00:00 0 
7f4398486000-7f4398587000 rw-p 00000000 00:00 0 
7f4398587000-7f4398588000 ---p 00000000 00:00 0 
7f4398588000-7f4398d15000 rw-p 00000000 00:00 0 
7f4398d15000-7f4398dfb000 ---p 00000000 00:00 0 
7f4398dfb000-7f4398e00000 rw-p 00000000 00:00 0 
7f4398e00000-7f4398ee6000 ---p 00000000 00:00 0 
7f4398ee6000-7f4398eeb000 rw-p 00000000 00:00 0 
7f4398eeb000-7f4398ef2000 ---p 00000000 00:00 0 
7f4398ef2000-7f4398f16000 r-xp 00000000 103:05 3937507                   /home/peershaul/.jdks/openjdk-15.0.2/lib/libjava.so
7f4398f16000-7f4398f17000 ---p 00024000 103:05 3937507                   /home/peershaul/.jdks/openjdk-15.0.2/lib/libjava.so
7f4398f17000-7f4398f18000 r--p 00024000 103:05 3937507                   /home/peershaul/.jdks/openjdk-15.0.2/lib/libjava.so
7f4398f18000-7f4398f19000 rw-p 00025000 103:05 3937507                   /home/peershaul/.jdks/openjdk-15.0.2/lib/libjava.so
7f4398f19000-7f4398f1a000 rw-p 00000000 00:00 0 
7f4398f1a000-7f4398f22000 rw-s 00000000 00:21 253                        /tmp/hsperfdata_peershaul/60367
7f4398f22000-7f4398f3e000 r-xp 00000000 103:05 3937511                   /home/peershaul/.jdks/openjdk-15.0.2/lib/libjimage.so
7f4398f3e000-7f4398f40000 r--p 0001b000 103:05 3937511                   /home/peershaul/.jdks/openjdk-15.0.2/lib/libjimage.so
7f4398f40000-7f4398f41000 rw-p 0001d000 103:05 3937511                   /home/peershaul/.jdks/openjdk-15.0.2/lib/libjimage.so
7f4398f41000-7f4398f44000 r--p 00000000 103:05 4066717                   /usr/lib/librt-2.33.so
7f4398f44000-7f4398f48000 r-xp 00003000 103:05 4066717                   /usr/lib/librt-2.33.so
7f4398f48000-7f4398f4a000 r--p 00007000 103:05 4066717                   /usr/lib/librt-2.33.so
7f4398f4a000-7f4398f4b000 r--p 00008000 103:05 4066717                   /usr/lib/librt-2.33.so
7f4398f4b000-7f4398f4c000 rw-p 00009000 103:05 4066717                   /usr/lib/librt-2.33.so
7f4398f4c000-7f4398f50000 ---p 00000000 00:00 0 
7f4398f50000-7f439904d000 rw-p 00000000 00:00 0 
7f439904d000-7f439905c000 r--p 00000000 103:05 4066681                   /usr/lib/libm-2.33.so
7f439905c000-7f43990f7000 r-xp 0000f000 103:05 4066681                   /usr/lib/libm-2.33.so
7f43990f7000-7f439918f000 r--p 000aa000 103:05 4066681                   /usr/lib/libm-2.33.so
7f439918f000-7f4399190000 ---p 00142000 103:05 4066681                   /usr/lib/libm-2.33.so
7f4399190000-7f4399191000 r--p 00142000 103:05 4066681                   /usr/lib/libm-2.33.so
7f4399191000-7f4399192000 rw-p 00143000 103:05 4066681                   /usr/lib/libm-2.33.so
7f4399192000-7f439a1d9000 r-xp 00000000 103:05 4101284                   /home/peershaul/.jdks/openjdk-15.0.2/lib/server/libjvm.so
7f439a1d9000-7f439a1da000 ---p 01047000 103:05 4101284                   /home/peershaul/.jdks/openjdk-15.0.2/lib/server/libjvm.so
7f439a1da000-7f439a274000 r--p 01047000 103:05 4101284                   /home/peershaul/.jdks/openjdk-15.0.2/lib/server/libjvm.so
7f439a274000-7f439a2ab000 rw-p 010e1000 103:05 4101284                   /home/peershaul/.jdks/openjdk-15.0.2/lib/server/libjvm.so
7f439a2ab000-7f439a336000 rw-p 00000000 00:00 0 
7f439a336000-7f439a35c000 r--p 00000000 103:05 4066668                   /usr/lib/libc-2.33.so
7f439a35c000-7f439a4a8000 r-xp 00026000 103:05 4066668                   /usr/lib/libc-2.33.so
7f439a4a8000-7f439a4f4000 r--p 00172000 103:05 4066668                   /usr/lib/libc-2.33.so
7f439a4f4000-7f439a4f7000 r--p 001bd000 103:05 4066668                   /usr/lib/libc-2.33.so
7f439a4f7000-7f439a4fa000 rw-p 001c0000 103:05 4066668                   /usr/lib/libc-2.33.so
7f439a4fa000-7f439a503000 rw-p 00000000 00:00 0 
7f439a503000-7f439a505000 r--p 00000000 103:05 4066675                   /usr/lib/libdl-2.33.so
7f439a505000-7f439a507000 r-xp 00002000 103:05 4066675                   /usr/lib/libdl-2.33.so
7f439a507000-7f439a508000 r--p 00004000 103:05 4066675                   /usr/lib/libdl-2.33.so
7f439a508000-7f439a509000 r--p 00004000 103:05 4066675                   /usr/lib/libdl-2.33.so
7f439a509000-7f439a50a000 rw-p 00005000 103:05 4066675                   /usr/lib/libdl-2.33.so
7f439a50a000-7f439a511000 r--p 00000000 103:05 4066709                   /usr/lib/libpthread-2.33.so
7f439a511000-7f439a520000 r-xp 00007000 103:05 4066709                   /usr/lib/libpthread-2.33.so
7f439a520000-7f439a525000 r--p 00016000 103:05 4066709                   /usr/lib/libpthread-2.33.so
7f439a525000-7f439a526000 r--p 0001a000 103:05 4066709                   /usr/lib/libpthread-2.33.so
7f439a526000-7f439a527000 rw-p 0001b000 103:05 4066709                   /usr/lib/libpthread-2.33.so
7f439a527000-7f439a52b000 rw-p 00000000 00:00 0 
7f439a52b000-7f439a53a000 r-xp 00000000 103:05 3937512                   /home/peershaul/.jdks/openjdk-15.0.2/lib/libjli.so
7f439a53a000-7f439a53b000 r--p 0000e000 103:05 3937512                   /home/peershaul/.jdks/openjdk-15.0.2/lib/libjli.so
7f439a53b000-7f439a53c000 rw-p 0000f000 103:05 3937512                   /home/peershaul/.jdks/openjdk-15.0.2/lib/libjli.so
7f439a53c000-7f439a53f000 r--p 00000000 103:05 4076472                   /usr/lib/libz.so.1.2.11
7f439a53f000-7f439a54d000 r-xp 00003000 103:05 4076472                   /usr/lib/libz.so.1.2.11
7f439a54d000-7f439a553000 r--p 00011000 103:05 4076472                   /usr/lib/libz.so.1.2.11
7f439a553000-7f439a554000 ---p 00017000 103:05 4076472                   /usr/lib/libz.so.1.2.11
7f439a554000-7f439a555000 r--p 00017000 103:05 4076472                   /usr/lib/libz.so.1.2.11
7f439a555000-7f439a556000 rw-p 00018000 103:05 4076472                   /usr/lib/libz.so.1.2.11
7f439a556000-7f439a558000 rw-p 00000000 00:00 0 
7f439a558000-7f439a559000 rw-s 00000000 00:05 1724                       /dev/nvidia0
7f439a559000-7f439a55a000 rw-s 00000000 00:05 1723                       /dev/nvidiactl
7f439a55a000-7f439a55b000 rw-s 00000000 00:05 1723                       /dev/nvidiactl
7f439a55b000-7f439a55c000 rw-s 00000000 00:05 1723                       /dev/nvidiactl
7f439a55c000-7f439a55d000 r-xp 00000000 00:00 0 
7f439a55d000-7f439a560000 r--p 00000000 103:05 4066702                   /usr/lib/libnss_files-2.33.so
7f439a560000-7f439a567000 r-xp 00003000 103:05 4066702                   /usr/lib/libnss_files-2.33.so
7f439a567000-7f439a569000 r--p 0000a000 103:05 4066702                   /usr/lib/libnss_files-2.33.so
7f439a569000-7f439a56a000 r--p 0000b000 103:05 4066702                   /usr/lib/libnss_files-2.33.so
7f439a56a000-7f439a56b000 rw-p 0000c000 103:05 4066702                   /usr/lib/libnss_files-2.33.so
7f439a56b000-7f439a571000 rw-p 00000000 00:00 0 
7f439a571000-7f439a572000 ---p 00000000 00:00 0 
7f439a572000-7f439a573000 r--p 00000000 00:00 0 
7f439a573000-7f439a574000 r--p 00000000 103:05 4066657                   /usr/lib/ld-2.33.so
7f439a574000-7f439a598000 r-xp 00001000 103:05 4066657                   /usr/lib/ld-2.33.so
7f439a598000-7f439a5a1000 r--p 00025000 103:05 4066657                   /usr/lib/ld-2.33.so
7f439a5a1000-7f439a5a2000 ---p 00000000 00:00 0 
7f439a5a2000-7f439a5a4000 r--p 0002e000 103:05 4066657                   /usr/lib/ld-2.33.so
7f439a5a4000-7f439a5a6000 rw-p 00030000 103:05 4066657                   /usr/lib/ld-2.33.so
7ffdbdab8000-7ffdbdada000 rw-p 00000000 00:00 0                          [stack]
7ffdbdbed000-7ffdbdbf1000 r--p 00000000 00:00 0                          [vvar]
7ffdbdbf1000-7ffdbdbf3000 r-xp 00000000 00:00 0                          [vdso]
ffffffffff600000-ffffffffff601000 --xp 00000000 00:00 0                  [vsyscall]


VM Arguments:
jvm_args: -Dfile.encoding=US-ASCII -Duser.country=US -Duser.language=en -Duser.variant 
java_command: Main
java_class_path (initial): /volume/dev/OpenGL/Java/EngineTest/build/classes/java/main:/volume/dev/OpenGL/Java/EngineTest/build/resources/main:/home/peershaul/.gradle/caches/modules-2/files-2.1/org.lwjgl/lwjgl-assimp/3.2.3/f62aa07a20afbdd3097efc296c4841e0d29700eb/lwjgl-assimp-3.2.3.jar:/home/peershaul/.gradle/caches/modules-2/files-2.1/org.lwjgl/lwjgl-assimp/3.2.3/9ecc218db17c49f2819a5a80dee7efea65a9ac4f/lwjgl-assimp-3.2.3-natives-linux.jar:/home/peershaul/.gradle/caches/modules-2/files-2.1/org.lwjgl/lwjgl-bgfx/3.2.3/433883c4040fa8df47244dffa1d42c96ce2143de/lwjgl-bgfx-3.2.3.jar:/home/peershaul/.gradle/caches/modules-2/files-2.1/org.lwjgl/lwjgl-bgfx/3.2.3/b30a656e8833ab98cc9434686c17390dbfa12531/lwjgl-bgfx-3.2.3-natives-linux.jar:/home/peershaul/.gradle/caches/modules-2/files-2.1/org.lwjgl/lwjgl-glfw/3.2.3/5e520d5c290c8b012545a8d34fa5db5ab051ea53/lwjgl-glfw-3.2.3.jar:/home/peershaul/.gradle/caches/modules-2/files-2.1/org.lwjgl/lwjgl-glfw/3.2.3/62b044d9b0a057444bef2ab70b9afc288ec09dba/lwjgl-glfw-3.2.3-natives-linux.jar:/home/peershaul/.gradle/caches/modules-2/files-2.1/org.lwjgl/lwjgl-nanovg/3.2.3/718be4a13691d1cd276fa852326e9e837d65204e/lwjgl-nanovg-3.2.3.jar:/home/peershaul/.gradle/caches/modules-2/files-2.1/org.lwjgl/lwjgl-nanovg/3.2.3/73a623c979331cac61050c36ebeabee5a5b8eae6/lwjgl-nanovg-3.2.3-natives-linux.jar:/home/peershaul/.gradle/caches/modules-2/files-2.1/org.lwjgl/lwjgl-nuklear/3.2.3/45bfab23e975201bf3cb81287be6034adec64a86/lwjgl-nuklear-3.2.3.jar:/home/peershaul/.gradle/caches/modules-2/files-2.1/org.lwjgl/lwjgl-nuklear/3.2.3/cbc2898b60a5f85368dc2f6999df7fc33926d83e/lwjgl-nuklear-3.2.3-natives-linux.jar:/home/peershaul/.gradle/caches/modules-2/files-2.1/org.lwjgl/lwjgl-openal/3.2.3/106742e805803ab9eab8e343f0fb31a3d263903c/lwjgl-openal-3.2.3.jar:/home/peershaul/.gradle/caches/modules-2/files-2.1/org.lwjgl/lwjgl-openal/3.2.3/869ddd9dbbf92a7d1be7f5942ca0adbde068d999/lwjgl-openal-3.2.3-natives-linux.jar:/home/peershaul/.gradle/caches/modules-2/files-2.1/org.l
Launcher Type: SUN_STANDARD

[Global flags]
     intx CICompilerCount                          = 3                                         {product} {ergonomic}
     uint ConcGCThreads                            = 2                                         {product} {ergonomic}
     uint G1ConcRefinementThreads                  = 6                                         {product} {ergonomic}
   size_t G1HeapRegionSize                         = 2097152                                   {product} {ergonomic}
    uintx GCDrainStackTargetSize                   = 64                                        {product} {ergonomic}
   size_t InitialHeapSize                          = 262144000                                 {product} {ergonomic}
   size_t MarkStackSize                            = 4194304                                   {product} {ergonomic}
   size_t MaxHeapSize                              = 4175429632                                {product} {ergonomic}
   size_t MaxNewSize                               = 2503999488                                {product} {ergonomic}
   size_t MinHeapDeltaBytes                        = 2097152                                   {product} {ergonomic}
   size_t MinHeapSize                              = 8388608                                   {product} {ergonomic}
    uintx NonNMethodCodeHeapSize                   = 5832780                                {pd product} {ergonomic}
    uintx NonProfiledCodeHeapSize                  = 122912730                              {pd product} {ergonomic}
    uintx ProfiledCodeHeapSize                     = 122912730                              {pd product} {ergonomic}
    uintx ReservedCodeCacheSize                    = 251658240                              {pd product} {ergonomic}
     bool SegmentedCodeCache                       = true                                      {product} {ergonomic}
   size_t SoftMaxHeapSize                          = 4175429632                             {manageable} {ergonomic}
     bool UseCompressedClassPointers               = true                                 {lp64_product} {ergonomic}
     bool UseCompressedOops                        = true                                 {lp64_product} {ergonomic}
     bool UseG1GC                                  = true                                      {product} {ergonomic}

Logging:
Log output configuration:
 #0: stdout all=warning uptime,level,tags
 #1: stderr all=off uptime,level,tags

Environment Variables:
PATH=/usr/sbin:/sbin:/usr/games:/usr/local/bin:/usr/bin:/bin:/usr/local/sbin:/usr/lib/jvm/default/bin:/usr/bin/site_perl:/usr/bin/vendor_perl:/usr/bin/core_perl:/var/lib/snapd/snap/bin
SHELL=/usr/bin/zsh
DISPLAY=:0
LANG=en_US

Signal Handlers:
SIGSEGV: [libjvm.so+0xd64200], sa_mask[0]=11111111011111111101111111111110, sa_flags=SA_RESTART|SA_SIGINFO
SIGBUS: [libjvm.so+0xd64200], sa_mask[0]=11111111011111111101111111111110, sa_flags=SA_RESTART|SA_SIGINFO
SIGFPE: [libjvm.so+0xd64200], sa_mask[0]=11111111011111111101111111111110, sa_flags=SA_RESTART|SA_SIGINFO
SIGPIPE: [libjvm.so+0xb419c0], sa_mask[0]=11111111011111111101111111111110, sa_flags=SA_RESTART|SA_SIGINFO
SIGXFSZ: [libjvm.so+0xb419c0], sa_mask[0]=11111111011111111101111111111110, sa_flags=SA_RESTART|SA_SIGINFO
SIGILL: [libjvm.so+0xd64200], sa_mask[0]=11111111011111111101111111111110, sa_flags=SA_RESTART|SA_SIGINFO
SIGUSR2: [libjvm.so+0xb41860], sa_mask[0]=00100000000000000000000000000000, sa_flags=SA_RESTART|SA_SIGINFO
SIGHUP: [libjvm.so+0xb420d0], sa_mask[0]=11111111011111111101111111111110, sa_flags=SA_RESTART|SA_SIGINFO
SIGINT: [libjvm.so+0xb420d0], sa_mask[0]=11111111011111111101111111111110, sa_flags=SA_RESTART|SA_SIGINFO
SIGTERM: [libjvm.so+0xb420d0], sa_mask[0]=11111111011111111101111111111110, sa_flags=SA_RESTART|SA_SIGINFO
SIGQUIT: [libjvm.so+0xb420d0], sa_mask[0]=11111111011111111101111111111110, sa_flags=SA_RESTART|SA_SIGINFO


---------------  S Y S T E M  ---------------

OS:
LSB_VERSION=1.4
DISTRIB_ID=Arch
DISTRIB_RELEASE=rolling
DISTRIB_DESCRIPTION="Arch Linux"
uname: Linux 5.11.11-arch1-1 #1 SMP PREEMPT Tue, 30 Mar 2021 14:10:17 +0000 x86_64
OS uptime: 0 days 3:32 hours
libc: glibc 2.33 NPTL 2.33 
rlimit (soft/hard): STACK 8192k/infinity , CORE infinity/infinity , NPROC 63622/63622 , NOFILE 524288/524288 , AS infinity/infinity , CPU infinity/infinity , DATA infinity/infinity , FSIZE infinity/infinity , MEMLOCK 64k/64k
load average: 0.53 0.78 0.78

/proc/meminfo:
MemTotal:       16302448 kB
MemFree:         9199836 kB
MemAvailable:   11548188 kB
Buffers:          146172 kB
Cached:          2924076 kB
SwapCached:            0 kB
Active:           969188 kB
Inactive:        5721016 kB
Active(anon):       9600 kB
Inactive(anon):  4141312 kB
Active(file):     959588 kB
Inactive(file):  1579704 kB
Unevictable:          32 kB
Mlocked:              32 kB
SwapTotal:             0 kB
SwapFree:              0 kB
Dirty:               416 kB
Writeback:             0 kB
AnonPages:       3620132 kB
Mapped:           919364 kB
Shmem:            530956 kB
KReclaimable:     131192 kB
Slab:             215428 kB
SReclaimable:     131192 kB
SUnreclaim:        84236 kB
KernelStack:        9616 kB
PageTables:        32400 kB
NFS_Unstable:          0 kB
Bounce:                0 kB
WritebackTmp:          0 kB
CommitLimit:     8151224 kB
Committed_AS:    8065604 kB
VmallocTotal:   34359738367 kB
VmallocUsed:       69924 kB
VmallocChunk:          0 kB
Percpu:             4576 kB
HardwareCorrupted:     0 kB
AnonHugePages:         0 kB
ShmemHugePages:        0 kB
ShmemPmdMapped:        0 kB
FileHugePages:         0 kB
FilePmdMapped:         0 kB
CmaTotal:              0 kB
CmaFree:               0 kB
HugePages_Total:       0
HugePages_Free:        0
HugePages_Rsvd:        0
HugePages_Surp:        0
Hugepagesize:       2048 kB
Hugetlb:               0 kB
DirectMap4k:      356280 kB
DirectMap2M:     7944192 kB
DirectMap1G:     8388608 kB

/sys/kernel/mm/transparent_hugepage/enabled: always [madvise] never
/sys/kernel/mm/transparent_hugepage/defrag (defrag/compaction efforts parameter): always defer defer+madvise [madvise] never

/proc/sys/kernel/threads-max (system-wide limit on the number of threads): 127245
/proc/sys/vm/max_map_count (maximum number of memory map areas a process may have): 65530
/proc/sys/kernel/pid_max (system-wide limit on number of process identifiers): 4194304

container (cgroup) information:
container_type: cgroupv2
cpu_cpuset_cpus: not supported
cpu_memory_nodes: not supported
active_processor_count: 6
cpu_quota: not supported
cpu_period: not supported
cpu_shares: not supported
memory_limit_in_bytes: unlimited
memory_and_swap_limit_in_bytes: unlimited
memory_soft_limit_in_bytes: unlimited
memory_usage_in_bytes: 3463823360
memory_max_usage_in_bytes: not supported

Steal ticks since vm start: 0
Steal ticks percentage since vm start:  0.000

CPU: total 6 (initial active 6) (6 cores per cpu, 1 threads per core) family 6 model 158 stepping 10 microcode 0x84, cmov, cx8, fxsr, mmx, sse, sse2, sse3, ssse3, sse4.1, sse4.2, popcnt, vzeroupper, avx, avx2, aes, clmul, erms, 3dnowpref, lzcnt, tsc, tscinvbit, bmi1, bmi2, adx, fma, clflush, clflushopt
CPU Model and flags from /proc/cpuinfo:
model name	: Intel(R) Core(TM) i5-8400 CPU @ 2.80GHz
flags		: fpu vme de pse tsc msr pae mce cx8 apic sep mtrr pge mca cmov pat pse36 clflush dts acpi mmx fxsr sse sse2 ss ht tm pbe syscall nx pdpe1gb rdtscp lm constant_tsc art arch_perfmon pebs bts rep_good nopl xtopology nonstop_tsc cpuid aperfmperf pni pclmulqdq dtes64 monitor ds_cpl vmx est tm2 ssse3 sdbg fma cx16 xtpr pdcm pcid sse4_1 sse4_2 x2apic movbe popcnt tsc_deadline_timer aes xsave avx f16c rdrand lahf_lm abm 3dnowprefetch cpuid_fault epb invpcid_single pti ibrs ibpb stibp tpr_shadow vnmi flexpriority ept vpid ept_ad fsgsbase tsc_adjust bmi1 avx2 smep bmi2 erms invpcid mpx rdseed adx smap clflushopt intel_pt xsaveopt xsavec xgetbv1 xsaves dtherm ida arat pln pts hwp hwp_notify hwp_act_window hwp_epp

Online cpus: 0-5
Offline cpus: 
BIOS frequency limitation: <Not Available>
Frequency switch latency (ns): 0
Available cpu frequencies: <Not Available>
Current governor: powersave
Core performance/turbo boost: <Not Available>

Memory: 4k page, physical 16302448k(9199836k free), swap 0k(0k free)

vm_info: OpenJDK 64-Bit Server VM (15.0.2+7-27) for linux-amd64 JRE (15.0.2+7-27), built on Dec  7 2020 19:54:59 by "mach5one" with gcc 9.2.0

END.
