#
# A fatal error has been detected by the Java Runtime Environment:
#
#  SIGSEGV (0xb) at pc=0x000000004057cf56, pid=60886, tid=60888
#
# JRE version: OpenJDK Runtime Environment (15.0.2+7) (build 15.0.2+7-27)
# Java VM: OpenJDK 64-Bit Server VM (15.0.2+7-27, mixed mode, sharing, tiered, compressed oops, g1 gc, linux-amd64)
# Problematic frame:
# C  0x000000004057cf56
#
# Core dump will be written. Default location: Core dumps may be processed with "/usr/lib/systemd/systemd-coredump %P %u %g %s %t %c %h" (or dumping to /volume/dev/OpenGL/Java/EngineTest/core.60886)
#
# If you would like to submit a bug report, please visit:
#   https://bugreport.java.com/bugreport/crash.jsp
# The crash happened outside the Java Virtual Machine in native code.
# See problematic frame for where to report the bug.
#

---------------  S U M M A R Y ------------

Command Line: -Dfile.encoding=US-ASCII -Duser.country=US -Duser.language=en -Duser.variant Main

Host: Intel(R) Core(TM) i5-8400 CPU @ 2.80GHz, 6 cores, 15G, Arch Linux
Time: Tue Apr  6 00:32:11 2021 IDT elapsed time: 0.333822 seconds (0d 0h 0m 0s)

---------------  T H R E A D  ---------------

Current thread (0x00007fcad8028dc0):  JavaThread "main" [_thread_in_native, id=60888, stack(0x00007fcadd7e5000,0x00007fcadd8e6000)]

Stack: [0x00007fcadd7e5000,0x00007fcadd8e6000],  sp=0x00007fcadd8e4108,  free space=1020k
Native frames: (J=compiled Java code, A=aot compiled Java code, j=interpreted, Vv=VM code, C=native code)
C  0x000000004057cf56

Java frames: (J=compiled Java code, j=interpreted, Vv=VM code)
j  org.lwjgl.opengl.GL11C.nglDrawElements(IIIJ)V+0
j  org.lwjgl.opengl.GL11C.glDrawElements(IIIJ)V+4
j  org.lwjgl.opengl.GL11.glDrawElements(IIIJ)V+4
j  graphics.Renderer.draw()Z+58
j  Scenes.Scene.update(F)V+70
j  utils.Window.loop()V+82
j  Main.main([Ljava/lang/String;)V+54
v  ~StubRoutines::call_stub

siginfo: si_signo: 11 (SIGSEGV), si_code: 1 (SEGV_MAPERR), si_addr: 0x0000000000000000

Register to memory mapping:

RAX=0x00007fca714a0c80 points into unknown readable memory: 0x0000000000000000 | 00 00 00 00 00 00 00 00
RBX=0x000000004187c000 points into unknown readable memory: 0x00007fcad84a7250 | 50 72 4a d8 ca 7f 00 00
RCX=0x0 is NULL
RDX=0x00007fcad8a6f784 points into unknown readable memory: 02 00 00 00
RSP=0x00007fcadd8e4108 is pointing into the stack for thread: 0x00007fcad8028dc0
RBP=0x00007fcad8a6f7b0 points into unknown readable memory: 0x2e6c676a776c6269 | 69 62 6c 77 6a 67 6c 2e
RSI=0x0 is NULL
RDI=0x0 is NULL
R8 =0x0000000000000002 is an unknown value
R9 =0x0 is NULL
R10=0x00000000418f9ec0 points into unknown readable memory: 0x0000000000000000 | 00 00 00 00 00 00 00 00
R11=0x00007fcad8a6f7b0 points into unknown readable memory: 0x2e6c676a776c6269 | 69 62 6c 77 6a 67 6c 2e
R12=0x00007fcad8779df0 points into unknown readable memory: 0x0100100400000009 | 09 00 00 00 04 10 00 01
R13=0x0 is NULL
R14=0x000000000000000c is an unknown value
R15=0x0 is NULL


Registers:
RAX=0x00007fca714a0c80, RBX=0x000000004187c000, RCX=0x0000000000000000, RDX=0x00007fcad8a6f784
RSP=0x00007fcadd8e4108, RBP=0x00007fcad8a6f7b0, RSI=0x0000000000000000, RDI=0x0000000000000000
R8 =0x0000000000000002, R9 =0x0000000000000000, R10=0x00000000418f9ec0, R11=0x00007fcad8a6f7b0
R12=0x00007fcad8779df0, R13=0x0000000000000000, R14=0x000000000000000c, R15=0x0000000000000000
RIP=0x000000004057cf56, EFLAGS=0x0000000000010206, CSGSFS=0x002b000000000033, ERR=0x0000000000000004
  TRAPNO=0x000000000000000e

Top of Stack: (sp=0x00007fcadd8e4108)
0x00007fcadd8e4108:   00007fca72830339 0000000c00000000
0x00007fcadd8e4118:   00007fcad8a6f780 0000000000000000
0x00007fcadd8e4128:   000000004187c000 000000000000000c
0x00007fcadd8e4138:   000000004057cf00 00007fcad8780cb8 

Instructions: (pc=0x000000004057cf56)
0x000000004057ce56:   00 00 00 00 00 00 00 00 00 00 00 00 00 00 00 00
0x000000004057ce66:   00 00 00 00 00 00 00 00 00 00 00 00 00 00 00 00
0x000000004057ce76:   00 00 00 00 00 00 00 00 00 00 00 00 00 00 00 00
0x000000004057ce86:   00 00 00 00 00 00 00 00 00 00 00 00 00 00 00 00
0x000000004057ce96:   00 00 00 00 00 00 00 00 00 00 00 00 00 00 00 00
0x000000004057cea6:   00 00 00 00 00 00 00 00 00 00 00 00 00 00 00 00
0x000000004057ceb6:   00 00 00 00 00 00 00 00 00 00 00 00 00 00 00 00
0x000000004057cec6:   00 00 00 00 00 00 00 00 00 00 00 00 00 00 00 00
0x000000004057ced6:   00 00 00 00 00 00 00 00 00 00 00 00 00 00 00 00
0x000000004057cee6:   00 00 00 00 00 00 00 00 00 00 00 00 00 00 00 00
0x000000004057cef6:   00 00 40 ff ff ff c0 1e 00 00 48 89 6c 24 f8 48
0x000000004057cf06:   89 5c 24 f0 48 89 74 24 e8 48 89 7c 24 e0 48 8b
0x000000004057cf16:   df 48 8b c6 48 8b e9 48 8b d2 48 8d 2c aa 4c 8b
0x000000004057cf26:   dd 8b 0a 49 ba c0 9e 8f 41 00 00 00 00 41 03 0a
0x000000004057cf36:   48 83 c2 04 48 be 38 3c 8d 41 00 00 00 00 48 8b
0x000000004057cf46:   36 48 8b b6 08 03 00 00 48 8d 3c 49 48 8d 34 fe
0x000000004057cf56:   8b 3e 8b 6e 04 89 38 89 68 04 48 be 38 3c 8d 41
0x000000004057cf66:   00 00 00 00 48 8b 36 48 8b b6 38 03 00 00 48 8d
0x000000004057cf76:   3c 49 48 8d 34 fe 8b 3e 8b 6e 04 89 78 08 89 68
0x000000004057cf86:   0c 8b 7e 08 8b 6e 0c 89 78 10 89 68 14 48 83 c0
0x000000004057cf96:   18 49 3b d3 75 8b 48 8b 7c 24 e0 48 8b 74 24 e8
0x000000004057cfa6:   48 8b 5c 24 f0 48 8b 6c 24 f8 c3 00 00 00 00 00
0x000000004057cfb6:   00 00 c0 ff ff ff c0 00 00 00 48 b8 50 45 91 41
0x000000004057cfc6:   00 00 00 00 48 8b 00 49 ba 10 87 8c 41 00 00 00
0x000000004057cfd6:   00 48 83 ec 28 48 83 c4 28 c3 00 00 00 00 00 00
0x000000004057cfe6:   00 00 00 00 00 00 00 00 00 00 00 00 00 00 00 00
0x000000004057cff6:   00 00 00 00 00 00 40 00 00 00 ?? ?? ?? ?? ?? ??
0x000000004057d006:   ?? ?? ?? ?? ?? ?? ?? ?? ?? ?? ?? ?? ?? ?? ?? ??
0x000000004057d016:   ?? ?? ?? ?? ?? ?? ?? ?? ?? ?? ?? ?? ?? ?? ?? ??
0x000000004057d026:   ?? ?? ?? ?? ?? ?? ?? ?? ?? ?? ?? ?? ?? ?? ?? ??
0x000000004057d036:   ?? ?? ?? ?? ?? ?? ?? ?? ?? ?? ?? ?? ?? ?? ?? ??
0x000000004057d046:   ?? ?? ?? ?? ?? ?? ?? ?? ?? ?? ?? ?? ?? ?? ?? ?? 


Stack slot to memory mapping:
stack at sp + 0 slots: 0x00007fca72830339: <offset 0x0000000000f1d339> in /usr/lib/libnvidia-glcore.so.460.67 at 0x00007fca71913000
stack at sp + 1 slots: 0x0000000c00000000 is an unknown value
stack at sp + 2 slots: 0x00007fcad8a6f780 points into unknown readable memory: 0x0000000200000000 | 00 00 00 00 02 00 00 00
stack at sp + 3 slots: 0x0 is NULL
stack at sp + 4 slots: 0x000000004187c000 points into unknown readable memory: 0x00007fcad84a7250 | 50 72 4a d8 ca 7f 00 00
stack at sp + 5 slots: 0x000000000000000c is an unknown value
stack at sp + 6 slots: 0x000000004057cf00 points into unknown readable memory: 0x5c8948f8246c8948 | 48 89 6c 24 f8 48 89 5c
stack at sp + 7 slots: 0x00007fcad8780cb8 points into unknown readable memory: 0x00007fcad886b350 | 50 b3 86 d8 ca 7f 00 00


---------------  P R O C E S S  ---------------

Threads class SMR info:
_java_thread_list=0x00007fca88281fe0, length=11, elements={
0x00007fcad8028dc0, 0x00007fcad81704c0, 0x00007fcad8171c00, 0x00007fcad8177720,
0x00007fcad8178e30, 0x00007fcad817aa50, 0x00007fcad817c280, 0x00007fcad817d980,
0x00007fcad81d2f60, 0x00007fcad81d6410, 0x00007fca88280d00
}

Java Threads: ( => current thread )
=>0x00007fcad8028dc0 JavaThread "main" [_thread_in_native, id=60888, stack(0x00007fcadd7e5000,0x00007fcadd8e6000)]
  0x00007fcad81704c0 JavaThread "Reference Handler" daemon [_thread_blocked, id=60895, stack(0x00007fcaa91d8000,0x00007fcaa92d9000)]
  0x00007fcad8171c00 JavaThread "Finalizer" daemon [_thread_blocked, id=60896, stack(0x00007fcaa90d7000,0x00007fcaa91d8000)]
  0x00007fcad8177720 JavaThread "Signal Dispatcher" daemon [_thread_blocked, id=60897, stack(0x00007fcaa8ced000,0x00007fcaa8dee000)]
  0x00007fcad8178e30 JavaThread "Service Thread" daemon [_thread_blocked, id=60898, stack(0x00007fcaa8bec000,0x00007fcaa8ced000)]
  0x00007fcad817aa50 JavaThread "C2 CompilerThread0" daemon [_thread_blocked, id=60899, stack(0x00007fcaa8aeb000,0x00007fcaa8bec000)]
  0x00007fcad817c280 JavaThread "C1 CompilerThread0" daemon [_thread_blocked, id=60900, stack(0x00007fcaa89ea000,0x00007fcaa8aeb000)]
  0x00007fcad817d980 JavaThread "Sweeper thread" daemon [_thread_blocked, id=60901, stack(0x00007fcaa88e9000,0x00007fcaa89ea000)]
  0x00007fcad81d2f60 JavaThread "Notification Thread" daemon [_thread_blocked, id=60902, stack(0x00007fcaa87e8000,0x00007fcaa88e9000)]
  0x00007fcad81d6410 JavaThread "Common-Cleaner" daemon [_thread_blocked, id=60904, stack(0x00007fcaa85e5000,0x00007fcaa86e6000)]
  0x00007fca88280d00 JavaThread "C2 CompilerThread1" daemon [_thread_blocked, id=60906, stack(0x00007fca70e9f000,0x00007fca70fa0000)]

Other Threads:
  0x00007fcad816d770 VMThread "VM Thread" [stack: 0x00007fcaa92db000,0x00007fcaa93db000] [id=60894]
  0x00007fcad81d4b20 WatcherThread [stack: 0x00007fcaa86e8000,0x00007fcaa87e8000] [id=60903]
  0x00007fcad80786e0 GCTaskThread "GC Thread#0" [stack: 0x00007fcab875f000,0x00007fcab885f000] [id=60889]
  0x00007fcad8089920 ConcurrentGCThread "G1 Main Marker" [stack: 0x00007fcab865d000,0x00007fcab875d000] [id=60890]
  0x00007fcad808abb0 ConcurrentGCThread "G1 Conc#0" [stack: 0x00007fcab855b000,0x00007fcab865b000] [id=60891]
  0x00007fcad8138150 ConcurrentGCThread "G1 Refine#0" [stack: 0x00007fcaa9dff000,0x00007fcaa9eff000] [id=60892]
  0x00007fcad8139360 ConcurrentGCThread "G1 Young RemSet Sampling" [stack: 0x00007fcaa9cfd000,0x00007fcaa9dfd000] [id=60893]

Threads with active compile tasks:

VM state: not at safepoint (normal execution)

VM Mutex/Monitor currently owned by a thread: None

Heap address: 0x0000000707200000, size: 3982 MB, Compressed Oops mode: Zero based, Oop shift amount: 3
CDS archive(s) mapped at: [0x0000000800000000-0x0000000800b33000-0x0000000800b33000), size 11743232, SharedBaseAddress: 0x0000000800000000, ArchiveRelocationMode: 0.
Compressed class space mapped at: 0x0000000800b34000-0x0000000840b34000, size: 1073741824
Narrow klass base: 0x0000000800000000, Narrow klass shift: 3, Narrow klass range: 0x100000000

GC Precious Log:
 CPUs: 6 total, 6 available
 Memory: 15920M
 Large Page Support: Disabled
 NUMA Support: Disabled
 Compressed Oops: Enabled (Zero based)
 Heap Region Size: 2M
 Heap Min Capacity: 8M
 Heap Initial Capacity: 250M
 Heap Max Capacity: 3982M
 Pre-touch: Disabled
 Parallel Workers: 6
 Concurrent Workers: 2
 Concurrent Refinement Workers: 6
 Periodic GC: Disabled

Heap:
 garbage-first heap   total 260096K, used 18232K [0x0000000707200000, 0x0000000800000000)
  region size 2048K, 9 young (18432K), 0 survivors (0K)
 Metaspace       used 6535K, capacity 9249K, committed 9344K, reserved 1058816K
  class space    used 361K, capacity 633K, committed 640K, reserved 1048576K

Heap Regions: E=young(eden), S=young(survivor), O=old, HS=humongous(starts), HC=humongous(continues), CS=collection set, F=free, OA=open archive, CA=closed archive, TAMS=top-at-mark-start (previous, next)
|   0|0x0000000707200000, 0x0000000707200000, 0x0000000707400000|  0%| F|  |TAMS 0x0000000707200000, 0x0000000707200000| Untracked 
|   1|0x0000000707400000, 0x0000000707400000, 0x0000000707600000|  0%| F|  |TAMS 0x0000000707400000, 0x0000000707400000| Untracked 
|   2|0x0000000707600000, 0x0000000707600000, 0x0000000707800000|  0%| F|  |TAMS 0x0000000707600000, 0x0000000707600000| Untracked 
|   3|0x0000000707800000, 0x0000000707800000, 0x0000000707a00000|  0%| F|  |TAMS 0x0000000707800000, 0x0000000707800000| Untracked 
|   4|0x0000000707a00000, 0x0000000707a00000, 0x0000000707c00000|  0%| F|  |TAMS 0x0000000707a00000, 0x0000000707a00000| Untracked 
|   5|0x0000000707c00000, 0x0000000707c00000, 0x0000000707e00000|  0%| F|  |TAMS 0x0000000707c00000, 0x0000000707c00000| Untracked 
|   6|0x0000000707e00000, 0x0000000707e00000, 0x0000000708000000|  0%| F|  |TAMS 0x0000000707e00000, 0x0000000707e00000| Untracked 
|   7|0x0000000708000000, 0x0000000708000000, 0x0000000708200000|  0%| F|  |TAMS 0x0000000708000000, 0x0000000708000000| Untracked 
|   8|0x0000000708200000, 0x0000000708200000, 0x0000000708400000|  0%| F|  |TAMS 0x0000000708200000, 0x0000000708200000| Untracked 
|   9|0x0000000708400000, 0x0000000708400000, 0x0000000708600000|  0%| F|  |TAMS 0x0000000708400000, 0x0000000708400000| Untracked 
|  10|0x0000000708600000, 0x0000000708600000, 0x0000000708800000|  0%| F|  |TAMS 0x0000000708600000, 0x0000000708600000| Untracked 
|  11|0x0000000708800000, 0x0000000708800000, 0x0000000708a00000|  0%| F|  |TAMS 0x0000000708800000, 0x0000000708800000| Untracked 
|  12|0x0000000708a00000, 0x0000000708a00000, 0x0000000708c00000|  0%| F|  |TAMS 0x0000000708a00000, 0x0000000708a00000| Untracked 
|  13|0x0000000708c00000, 0x0000000708c00000, 0x0000000708e00000|  0%| F|  |TAMS 0x0000000708c00000, 0x0000000708c00000| Untracked 
|  14|0x0000000708e00000, 0x0000000708e00000, 0x0000000709000000|  0%| F|  |TAMS 0x0000000708e00000, 0x0000000708e00000| Untracked 
|  15|0x0000000709000000, 0x0000000709000000, 0x0000000709200000|  0%| F|  |TAMS 0x0000000709000000, 0x0000000709000000| Untracked 
|  16|0x0000000709200000, 0x0000000709200000, 0x0000000709400000|  0%| F|  |TAMS 0x0000000709200000, 0x0000000709200000| Untracked 
|  17|0x0000000709400000, 0x0000000709400000, 0x0000000709600000|  0%| F|  |TAMS 0x0000000709400000, 0x0000000709400000| Untracked 
|  18|0x0000000709600000, 0x0000000709600000, 0x0000000709800000|  0%| F|  |TAMS 0x0000000709600000, 0x0000000709600000| Untracked 
|  19|0x0000000709800000, 0x0000000709800000, 0x0000000709a00000|  0%| F|  |TAMS 0x0000000709800000, 0x0000000709800000| Untracked 
|  20|0x0000000709a00000, 0x0000000709a00000, 0x0000000709c00000|  0%| F|  |TAMS 0x0000000709a00000, 0x0000000709a00000| Untracked 
|  21|0x0000000709c00000, 0x0000000709c00000, 0x0000000709e00000|  0%| F|  |TAMS 0x0000000709c00000, 0x0000000709c00000| Untracked 
|  22|0x0000000709e00000, 0x0000000709e00000, 0x000000070a000000|  0%| F|  |TAMS 0x0000000709e00000, 0x0000000709e00000| Untracked 
|  23|0x000000070a000000, 0x000000070a000000, 0x000000070a200000|  0%| F|  |TAMS 0x000000070a000000, 0x000000070a000000| Untracked 
|  24|0x000000070a200000, 0x000000070a200000, 0x000000070a400000|  0%| F|  |TAMS 0x000000070a200000, 0x000000070a200000| Untracked 
|  25|0x000000070a400000, 0x000000070a400000, 0x000000070a600000|  0%| F|  |TAMS 0x000000070a400000, 0x000000070a400000| Untracked 
|  26|0x000000070a600000, 0x000000070a600000, 0x000000070a800000|  0%| F|  |TAMS 0x000000070a600000, 0x000000070a600000| Untracked 
|  27|0x000000070a800000, 0x000000070a800000, 0x000000070aa00000|  0%| F|  |TAMS 0x000000070a800000, 0x000000070a800000| Untracked 
|  28|0x000000070aa00000, 0x000000070aa00000, 0x000000070ac00000|  0%| F|  |TAMS 0x000000070aa00000, 0x000000070aa00000| Untracked 
|  29|0x000000070ac00000, 0x000000070ac00000, 0x000000070ae00000|  0%| F|  |TAMS 0x000000070ac00000, 0x000000070ac00000| Untracked 
|  30|0x000000070ae00000, 0x000000070ae00000, 0x000000070b000000|  0%| F|  |TAMS 0x000000070ae00000, 0x000000070ae00000| Untracked 
|  31|0x000000070b000000, 0x000000070b000000, 0x000000070b200000|  0%| F|  |TAMS 0x000000070b000000, 0x000000070b000000| Untracked 
|  32|0x000000070b200000, 0x000000070b200000, 0x000000070b400000|  0%| F|  |TAMS 0x000000070b200000, 0x000000070b200000| Untracked 
|  33|0x000000070b400000, 0x000000070b400000, 0x000000070b600000|  0%| F|  |TAMS 0x000000070b400000, 0x000000070b400000| Untracked 
|  34|0x000000070b600000, 0x000000070b600000, 0x000000070b800000|  0%| F|  |TAMS 0x000000070b600000, 0x000000070b600000| Untracked 
|  35|0x000000070b800000, 0x000000070b800000, 0x000000070ba00000|  0%| F|  |TAMS 0x000000070b800000, 0x000000070b800000| Untracked 
|  36|0x000000070ba00000, 0x000000070ba00000, 0x000000070bc00000|  0%| F|  |TAMS 0x000000070ba00000, 0x000000070ba00000| Untracked 
|  37|0x000000070bc00000, 0x000000070bc00000, 0x000000070be00000|  0%| F|  |TAMS 0x000000070bc00000, 0x000000070bc00000| Untracked 
|  38|0x000000070be00000, 0x000000070be00000, 0x000000070c000000|  0%| F|  |TAMS 0x000000070be00000, 0x000000070be00000| Untracked 
|  39|0x000000070c000000, 0x000000070c000000, 0x000000070c200000|  0%| F|  |TAMS 0x000000070c000000, 0x000000070c000000| Untracked 
|  40|0x000000070c200000, 0x000000070c200000, 0x000000070c400000|  0%| F|  |TAMS 0x000000070c200000, 0x000000070c200000| Untracked 
|  41|0x000000070c400000, 0x000000070c400000, 0x000000070c600000|  0%| F|  |TAMS 0x000000070c400000, 0x000000070c400000| Untracked 
|  42|0x000000070c600000, 0x000000070c600000, 0x000000070c800000|  0%| F|  |TAMS 0x000000070c600000, 0x000000070c600000| Untracked 
|  43|0x000000070c800000, 0x000000070c800000, 0x000000070ca00000|  0%| F|  |TAMS 0x000000070c800000, 0x000000070c800000| Untracked 
|  44|0x000000070ca00000, 0x000000070ca00000, 0x000000070cc00000|  0%| F|  |TAMS 0x000000070ca00000, 0x000000070ca00000| Untracked 
|  45|0x000000070cc00000, 0x000000070cc00000, 0x000000070ce00000|  0%| F|  |TAMS 0x000000070cc00000, 0x000000070cc00000| Untracked 
|  46|0x000000070ce00000, 0x000000070ce00000, 0x000000070d000000|  0%| F|  |TAMS 0x000000070ce00000, 0x000000070ce00000| Untracked 
|  47|0x000000070d000000, 0x000000070d000000, 0x000000070d200000|  0%| F|  |TAMS 0x000000070d000000, 0x000000070d000000| Untracked 
|  48|0x000000070d200000, 0x000000070d200000, 0x000000070d400000|  0%| F|  |TAMS 0x000000070d200000, 0x000000070d200000| Untracked 
|  49|0x000000070d400000, 0x000000070d400000, 0x000000070d600000|  0%| F|  |TAMS 0x000000070d400000, 0x000000070d400000| Untracked 
|  50|0x000000070d600000, 0x000000070d600000, 0x000000070d800000|  0%| F|  |TAMS 0x000000070d600000, 0x000000070d600000| Untracked 
|  51|0x000000070d800000, 0x000000070d800000, 0x000000070da00000|  0%| F|  |TAMS 0x000000070d800000, 0x000000070d800000| Untracked 
|  52|0x000000070da00000, 0x000000070da00000, 0x000000070dc00000|  0%| F|  |TAMS 0x000000070da00000, 0x000000070da00000| Untracked 
|  53|0x000000070dc00000, 0x000000070dc00000, 0x000000070de00000|  0%| F|  |TAMS 0x000000070dc00000, 0x000000070dc00000| Untracked 
|  54|0x000000070de00000, 0x000000070de00000, 0x000000070e000000|  0%| F|  |TAMS 0x000000070de00000, 0x000000070de00000| Untracked 
|  55|0x000000070e000000, 0x000000070e000000, 0x000000070e200000|  0%| F|  |TAMS 0x000000070e000000, 0x000000070e000000| Untracked 
|  56|0x000000070e200000, 0x000000070e200000, 0x000000070e400000|  0%| F|  |TAMS 0x000000070e200000, 0x000000070e200000| Untracked 
|  57|0x000000070e400000, 0x000000070e400000, 0x000000070e600000|  0%| F|  |TAMS 0x000000070e400000, 0x000000070e400000| Untracked 
|  58|0x000000070e600000, 0x000000070e600000, 0x000000070e800000|  0%| F|  |TAMS 0x000000070e600000, 0x000000070e600000| Untracked 
|  59|0x000000070e800000, 0x000000070e800000, 0x000000070ea00000|  0%| F|  |TAMS 0x000000070e800000, 0x000000070e800000| Untracked 
|  60|0x000000070ea00000, 0x000000070ea00000, 0x000000070ec00000|  0%| F|  |TAMS 0x000000070ea00000, 0x000000070ea00000| Untracked 
|  61|0x000000070ec00000, 0x000000070ec00000, 0x000000070ee00000|  0%| F|  |TAMS 0x000000070ec00000, 0x000000070ec00000| Untracked 
|  62|0x000000070ee00000, 0x000000070ee00000, 0x000000070f000000|  0%| F|  |TAMS 0x000000070ee00000, 0x000000070ee00000| Untracked 
|  63|0x000000070f000000, 0x000000070f000000, 0x000000070f200000|  0%| F|  |TAMS 0x000000070f000000, 0x000000070f000000| Untracked 
|  64|0x000000070f200000, 0x000000070f200000, 0x000000070f400000|  0%| F|  |TAMS 0x000000070f200000, 0x000000070f200000| Untracked 
|  65|0x000000070f400000, 0x000000070f400000, 0x000000070f600000|  0%| F|  |TAMS 0x000000070f400000, 0x000000070f400000| Untracked 
|  66|0x000000070f600000, 0x000000070f600000, 0x000000070f800000|  0%| F|  |TAMS 0x000000070f600000, 0x000000070f600000| Untracked 
|  67|0x000000070f800000, 0x000000070f800000, 0x000000070fa00000|  0%| F|  |TAMS 0x000000070f800000, 0x000000070f800000| Untracked 
|  68|0x000000070fa00000, 0x000000070fa00000, 0x000000070fc00000|  0%| F|  |TAMS 0x000000070fa00000, 0x000000070fa00000| Untracked 
|  69|0x000000070fc00000, 0x000000070fc00000, 0x000000070fe00000|  0%| F|  |TAMS 0x000000070fc00000, 0x000000070fc00000| Untracked 
|  70|0x000000070fe00000, 0x000000070fe00000, 0x0000000710000000|  0%| F|  |TAMS 0x000000070fe00000, 0x000000070fe00000| Untracked 
|  71|0x0000000710000000, 0x0000000710000000, 0x0000000710200000|  0%| F|  |TAMS 0x0000000710000000, 0x0000000710000000| Untracked 
|  72|0x0000000710200000, 0x0000000710200000, 0x0000000710400000|  0%| F|  |TAMS 0x0000000710200000, 0x0000000710200000| Untracked 
|  73|0x0000000710400000, 0x0000000710400000, 0x0000000710600000|  0%| F|  |TAMS 0x0000000710400000, 0x0000000710400000| Untracked 
|  74|0x0000000710600000, 0x0000000710600000, 0x0000000710800000|  0%| F|  |TAMS 0x0000000710600000, 0x0000000710600000| Untracked 
|  75|0x0000000710800000, 0x0000000710800000, 0x0000000710a00000|  0%| F|  |TAMS 0x0000000710800000, 0x0000000710800000| Untracked 
|  76|0x0000000710a00000, 0x0000000710a00000, 0x0000000710c00000|  0%| F|  |TAMS 0x0000000710a00000, 0x0000000710a00000| Untracked 
|  77|0x0000000710c00000, 0x0000000710c00000, 0x0000000710e00000|  0%| F|  |TAMS 0x0000000710c00000, 0x0000000710c00000| Untracked 
|  78|0x0000000710e00000, 0x0000000710e00000, 0x0000000711000000|  0%| F|  |TAMS 0x0000000710e00000, 0x0000000710e00000| Untracked 
|  79|0x0000000711000000, 0x0000000711000000, 0x0000000711200000|  0%| F|  |TAMS 0x0000000711000000, 0x0000000711000000| Untracked 
|  80|0x0000000711200000, 0x0000000711200000, 0x0000000711400000|  0%| F|  |TAMS 0x0000000711200000, 0x0000000711200000| Untracked 
|  81|0x0000000711400000, 0x0000000711400000, 0x0000000711600000|  0%| F|  |TAMS 0x0000000711400000, 0x0000000711400000| Untracked 
|  82|0x0000000711600000, 0x0000000711600000, 0x0000000711800000|  0%| F|  |TAMS 0x0000000711600000, 0x0000000711600000| Untracked 
|  83|0x0000000711800000, 0x0000000711800000, 0x0000000711a00000|  0%| F|  |TAMS 0x0000000711800000, 0x0000000711800000| Untracked 
|  84|0x0000000711a00000, 0x0000000711a00000, 0x0000000711c00000|  0%| F|  |TAMS 0x0000000711a00000, 0x0000000711a00000| Untracked 
|  85|0x0000000711c00000, 0x0000000711c00000, 0x0000000711e00000|  0%| F|  |TAMS 0x0000000711c00000, 0x0000000711c00000| Untracked 
|  86|0x0000000711e00000, 0x0000000711e00000, 0x0000000712000000|  0%| F|  |TAMS 0x0000000711e00000, 0x0000000711e00000| Untracked 
|  87|0x0000000712000000, 0x0000000712000000, 0x0000000712200000|  0%| F|  |TAMS 0x0000000712000000, 0x0000000712000000| Untracked 
|  88|0x0000000712200000, 0x0000000712200000, 0x0000000712400000|  0%| F|  |TAMS 0x0000000712200000, 0x0000000712200000| Untracked 
|  89|0x0000000712400000, 0x0000000712400000, 0x0000000712600000|  0%| F|  |TAMS 0x0000000712400000, 0x0000000712400000| Untracked 
|  90|0x0000000712600000, 0x0000000712600000, 0x0000000712800000|  0%| F|  |TAMS 0x0000000712600000, 0x0000000712600000| Untracked 
|  91|0x0000000712800000, 0x0000000712800000, 0x0000000712a00000|  0%| F|  |TAMS 0x0000000712800000, 0x0000000712800000| Untracked 
|  92|0x0000000712a00000, 0x0000000712a00000, 0x0000000712c00000|  0%| F|  |TAMS 0x0000000712a00000, 0x0000000712a00000| Untracked 
|  93|0x0000000712c00000, 0x0000000712c00000, 0x0000000712e00000|  0%| F|  |TAMS 0x0000000712c00000, 0x0000000712c00000| Untracked 
|  94|0x0000000712e00000, 0x0000000712e00000, 0x0000000713000000|  0%| F|  |TAMS 0x0000000712e00000, 0x0000000712e00000| Untracked 
|  95|0x0000000713000000, 0x0000000713000000, 0x0000000713200000|  0%| F|  |TAMS 0x0000000713000000, 0x0000000713000000| Untracked 
|  96|0x0000000713200000, 0x0000000713200000, 0x0000000713400000|  0%| F|  |TAMS 0x0000000713200000, 0x0000000713200000| Untracked 
|  97|0x0000000713400000, 0x0000000713400000, 0x0000000713600000|  0%| F|  |TAMS 0x0000000713400000, 0x0000000713400000| Untracked 
|  98|0x0000000713600000, 0x0000000713600000, 0x0000000713800000|  0%| F|  |TAMS 0x0000000713600000, 0x0000000713600000| Untracked 
|  99|0x0000000713800000, 0x0000000713800000, 0x0000000713a00000|  0%| F|  |TAMS 0x0000000713800000, 0x0000000713800000| Untracked 
| 100|0x0000000713a00000, 0x0000000713a00000, 0x0000000713c00000|  0%| F|  |TAMS 0x0000000713a00000, 0x0000000713a00000| Untracked 
| 101|0x0000000713c00000, 0x0000000713c00000, 0x0000000713e00000|  0%| F|  |TAMS 0x0000000713c00000, 0x0000000713c00000| Untracked 
| 102|0x0000000713e00000, 0x0000000713e00000, 0x0000000714000000|  0%| F|  |TAMS 0x0000000713e00000, 0x0000000713e00000| Untracked 
| 103|0x0000000714000000, 0x0000000714000000, 0x0000000714200000|  0%| F|  |TAMS 0x0000000714000000, 0x0000000714000000| Untracked 
| 104|0x0000000714200000, 0x0000000714200000, 0x0000000714400000|  0%| F|  |TAMS 0x0000000714200000, 0x0000000714200000| Untracked 
| 105|0x0000000714400000, 0x0000000714400000, 0x0000000714600000|  0%| F|  |TAMS 0x0000000714400000, 0x0000000714400000| Untracked 
| 106|0x0000000714600000, 0x0000000714600000, 0x0000000714800000|  0%| F|  |TAMS 0x0000000714600000, 0x0000000714600000| Untracked 
| 107|0x0000000714800000, 0x0000000714800000, 0x0000000714a00000|  0%| F|  |TAMS 0x0000000714800000, 0x0000000714800000| Untracked 
| 108|0x0000000714a00000, 0x0000000714a00000, 0x0000000714c00000|  0%| F|  |TAMS 0x0000000714a00000, 0x0000000714a00000| Untracked 
| 109|0x0000000714c00000, 0x0000000714c00000, 0x0000000714e00000|  0%| F|  |TAMS 0x0000000714c00000, 0x0000000714c00000| Untracked 
| 110|0x0000000714e00000, 0x0000000714e00000, 0x0000000715000000|  0%| F|  |TAMS 0x0000000714e00000, 0x0000000714e00000| Untracked 
| 111|0x0000000715000000, 0x0000000715000000, 0x0000000715200000|  0%| F|  |TAMS 0x0000000715000000, 0x0000000715000000| Untracked 
| 112|0x0000000715200000, 0x0000000715200000, 0x0000000715400000|  0%| F|  |TAMS 0x0000000715200000, 0x0000000715200000| Untracked 
| 113|0x0000000715400000, 0x0000000715400000, 0x0000000715600000|  0%| F|  |TAMS 0x0000000715400000, 0x0000000715400000| Untracked 
| 114|0x0000000715600000, 0x0000000715600000, 0x0000000715800000|  0%| F|  |TAMS 0x0000000715600000, 0x0000000715600000| Untracked 
| 115|0x0000000715800000, 0x0000000715800000, 0x0000000715a00000|  0%| F|  |TAMS 0x0000000715800000, 0x0000000715800000| Untracked 
| 116|0x0000000715a00000, 0x0000000715a6b120, 0x0000000715c00000| 20%| E|  |TAMS 0x0000000715a00000, 0x0000000715a00000| Complete 
| 117|0x0000000715c00000, 0x0000000715e00000, 0x0000000715e00000|100%| E|CS|TAMS 0x0000000715c00000, 0x0000000715c00000| Complete 
| 118|0x0000000715e00000, 0x0000000716000000, 0x0000000716000000|100%| E|CS|TAMS 0x0000000715e00000, 0x0000000715e00000| Complete 
| 119|0x0000000716000000, 0x0000000716200000, 0x0000000716200000|100%| E|CS|TAMS 0x0000000716000000, 0x0000000716000000| Complete 
| 120|0x0000000716200000, 0x0000000716400000, 0x0000000716400000|100%| E|CS|TAMS 0x0000000716200000, 0x0000000716200000| Complete 
| 121|0x0000000716400000, 0x0000000716600000, 0x0000000716600000|100%| E|CS|TAMS 0x0000000716400000, 0x0000000716400000| Complete 
| 122|0x0000000716600000, 0x0000000716800000, 0x0000000716800000|100%| E|CS|TAMS 0x0000000716600000, 0x0000000716600000| Complete 
| 123|0x0000000716800000, 0x0000000716a00000, 0x0000000716a00000|100%| E|CS|TAMS 0x0000000716800000, 0x0000000716800000| Complete 
| 124|0x0000000716a00000, 0x0000000716c00000, 0x0000000716c00000|100%| E|CS|TAMS 0x0000000716a00000, 0x0000000716a00000| Complete 
|1989|0x00000007ffc00000, 0x00000007ffd52000, 0x00000007ffe00000| 66%|OA|  |TAMS 0x00000007ffc00000, 0x00000007ffc00000| Untracked 
|1990|0x00000007ffe00000, 0x00000007ffe7c000, 0x0000000800000000| 24%|CA|  |TAMS 0x00000007ffe00000, 0x00000007ffe00000| Untracked 

Card table byte_map: [0x00007fcadc015000,0x00007fcadc7dc000] _byte_map_base: 0x00007fcad87dc000

Marking Bits (Prev, Next): (CMBitMap*) 0x00007fcad8079480, (CMBitMap*) 0x00007fcad80794c0
 Prev Bits: [0x00007fcabc718000, 0x00007fcac0550000)
 Next Bits: [0x00007fcab88e0000, 0x00007fcabc718000)

Polling page: 0x00007fcadee0a000

Metaspace:

Usage:
  Non-class:      8.41 MB capacity,     6.03 MB ( 72%) used,     2.37 MB ( 28%) free+waste,    10.69 KB ( <1%) overhead. 
      Class:    633.00 KB capacity,   361.51 KB ( 57%) used,   267.80 KB ( 42%) free+waste,     3.69 KB ( <1%) overhead. 
       Both:      9.03 MB capacity,     6.38 MB ( 71%) used,     2.64 MB ( 29%) free+waste,    14.38 KB ( <1%) overhead. 

Virtual space:
  Non-class space:       10.00 MB reserved,       8.50 MB ( 85%) committed 
      Class space:        1.00 GB reserved,     640.00 KB ( <1%) committed 
             Both:        1.01 GB reserved,       9.12 MB ( <1%) committed 

Chunk freelists:
   Non-Class:  88.00 KB
       Class:  0 bytes
        Both:  88.00 KB

MaxMetaspaceSize: 17179869184.00 GB
CompressedClassSpaceSize: 1.00 GB

CodeHeap 'non-profiled nmethods': size=120032Kb used=260Kb max_used=260Kb free=119771Kb
 bounds [0x00007fcac87df000, 0x00007fcac8a4f000, 0x00007fcacfd17000]
CodeHeap 'profiled nmethods': size=120028Kb used=1323Kb max_used=1323Kb free=118704Kb
 bounds [0x00007fcac12a8000, 0x00007fcac1518000, 0x00007fcac87df000]
CodeHeap 'non-nmethods': size=5700Kb used=1597Kb max_used=1620Kb free=4102Kb
 bounds [0x00007fcac0d17000, 0x00007fcac0f87000, 0x00007fcac12a8000]
 total_blobs=1809 nmethods=818 adapters=905
 compilation: enabled
              stopped_count=0, restarted_count=0
 full_count=0

Compilation events (20 events):
Event: 0.326 Thread 0x00007fcad817c280  809       3       java.nio.CharBuffer::charAt (16 bytes)
Event: 0.326 Thread 0x00007fcad817c280 nmethod 809 0x00007fcac13ef310 code [0x00007fcac13ef4e0, 0x00007fcac13ef870]
Event: 0.326 Thread 0x00007fcad817c280  810       3       java.nio.Buffer::checkIndex (24 bytes)
Event: 0.326 Thread 0x00007fcad817c280 nmethod 810 0x00007fcac13ef990 code [0x00007fcac13efb40, 0x00007fcac13efd80]
Event: 0.326 Thread 0x00007fcad817c280  811       3       java.nio.HeapCharBuffer::get (19 bytes)
Event: 0.326 Thread 0x00007fcad817c280 nmethod 811 0x00007fcac13efe90 code [0x00007fcac13f0040, 0x00007fcac13f02e0]
Event: 0.326 Thread 0x00007fcad817c280  812       3       java.util.zip.ZipFile$Source::getEntryPos (9 bytes)
Event: 0.326 Thread 0x00007fcad817c280 nmethod 812 0x00007fcac13f0490 code [0x00007fcac13f0620, 0x00007fcac13f0750]
Event: 0.326 Thread 0x00007fcad817c280  813       3       java.net.URLStreamHandler::toExternalForm (156 bytes)
Event: 0.326 Thread 0x00007fca88280d00 nmethod 805 0x00007fcac881dc90 code [0x00007fcac881de00, 0x00007fcac881e078]
Event: 0.326 Thread 0x00007fcad817aa50  814   !   4       java.util.zip.ZipFile$Source::getEntryPos (174 bytes)
Event: 0.327 Thread 0x00007fca88280d00  815 %     4       java.lang.StringCoding::encodeASCII @ 11 (158 bytes)
Event: 0.327 Thread 0x00007fcad817c280 nmethod 813 0x00007fcac13f0810 code [0x00007fcac13f0c20, 0x00007fcac13f2390]
Event: 0.328 Thread 0x00007fcad817c280  817       3       java.lang.invoke.MethodHandleNatives::refKindIsField (32 bytes)
Event: 0.328 Thread 0x00007fcad817c280 nmethod 817 0x00007fcac13f2b10 code [0x00007fcac13f2ca0, 0x00007fcac13f2df0]
Event: 0.329 Thread 0x00007fca88280d00 nmethod 815% 0x00007fcac881e210 code [0x00007fcac881e3a0, 0x00007fcac881e678]
Event: 0.329 Thread 0x00007fca88280d00  818       4       sun.misc.Unsafe::putByte (9 bytes)
Event: 0.329 Thread 0x00007fca88280d00 nmethod 818 0x00007fcac881e810 code [0x00007fcac881e980, 0x00007fcac881e9f8]
Event: 0.329 Thread 0x00007fca88280d00  816       4       java.util.zip.ZipFile$Source::getEntryHash (7 bytes)
Event: 0.329 Thread 0x00007fca88280d00 nmethod 816 0x00007fcac881eb10 code [0x00007fcac881ec80, 0x00007fcac881ed18]

GC Heap History (0 events):
No events

Deoptimization events (20 events):
Event: 0.313 Thread 0x00007fcad8028dc0 Uncommon trap: trap_request=0xffffff45 fr.pc=0x00007fcac87e37d8 relative=0x0000000000000058
Event: 0.313 Thread 0x00007fcad8028dc0 Uncommon trap: reason=unstable_if action=reinterpret pc=0x00007fcac87e37d8 method=java.lang.String.isLatin1()Z @ 10 c2
Event: 0.313 Thread 0x00007fcad8028dc0 DEOPT PACKING pc=0x00007fcac87e37d8 sp=0x00007fcadd8e39f0
Event: 0.313 Thread 0x00007fcad8028dc0 DEOPT UNPACKING pc=0x00007fcac0d65125 sp=0x00007fcadd8e39a0 mode 2
Event: 0.321 Thread 0x00007fcad8028dc0 Uncommon trap: trap_request=0xffffff45 fr.pc=0x00007fcac87fc83c relative=0x000000000000049c
Event: 0.321 Thread 0x00007fcad8028dc0 Uncommon trap: reason=unstable_if action=reinterpret pc=0x00007fcac87fc83c method=java.lang.AbstractStringBuilder.putStringAt(ILjava/lang/String;)V @ 8 c2
Event: 0.322 Thread 0x00007fcad8028dc0 DEOPT PACKING pc=0x00007fcac87fc83c sp=0x00007fcadd8e4440
Event: 0.322 Thread 0x00007fcad8028dc0 DEOPT UNPACKING pc=0x00007fcac0d65125 sp=0x00007fcadd8e4358 mode 2
Event: 0.322 Thread 0x00007fcad8028dc0 Uncommon trap: trap_request=0xffffff45 fr.pc=0x00007fcac87fb52c relative=0x000000000000048c
Event: 0.322 Thread 0x00007fcad8028dc0 Uncommon trap: reason=unstable_if action=reinterpret pc=0x00007fcac87fb52c method=java.lang.AbstractStringBuilder.putStringAt(ILjava/lang/String;)V @ 8 c2
Event: 0.322 Thread 0x00007fcad8028dc0 DEOPT PACKING pc=0x00007fcac87fb52c sp=0x00007fcadd8e43f0
Event: 0.322 Thread 0x00007fcad8028dc0 DEOPT UNPACKING pc=0x00007fcac0d65125 sp=0x00007fcadd8e4360 mode 2
Event: 0.322 Thread 0x00007fcad8028dc0 Uncommon trap: trap_request=0xffffff45 fr.pc=0x00007fcac87f8be4 relative=0x00000000000000e4
Event: 0.322 Thread 0x00007fcad8028dc0 Uncommon trap: reason=unstable_if action=reinterpret pc=0x00007fcac87f8be4 method=java.lang.String.getBytes([BIB)V @ 5 c2
Event: 0.322 Thread 0x00007fcad8028dc0 DEOPT PACKING pc=0x00007fcac87f8be4 sp=0x00007fcadd8e4310
Event: 0.322 Thread 0x00007fcad8028dc0 DEOPT UNPACKING pc=0x00007fcac0d65125 sp=0x00007fcadd8e42d8 mode 2
Event: 0.322 Thread 0x00007fcad8028dc0 Uncommon trap: trap_request=0xffffff45 fr.pc=0x00007fcac8818c1c relative=0x000000000000037c
Event: 0.322 Thread 0x00007fcad8028dc0 Uncommon trap: reason=unstable_if action=reinterpret pc=0x00007fcac8818c1c method=java.lang.AbstractStringBuilder.isLatin1()Z @ 10 c2
Event: 0.322 Thread 0x00007fcad8028dc0 DEOPT PACKING pc=0x00007fcac8818c1c sp=0x00007fcadd8e4470
Event: 0.322 Thread 0x00007fcad8028dc0 DEOPT UNPACKING pc=0x00007fcac0d65125 sp=0x00007fcadd8e43f0 mode 2

Classes unloaded (0 events):
No events

Classes redefined (0 events):
No events

Internal exceptions (14 events):
Event: 0.069 Thread 0x00007fcad8028dc0 Exception <a 'java/lang/NoSuchMethodError'{0x00000007168b29f0}: 'java.lang.Object java.lang.invoke.DirectMethodHandle$Holder.invokeStatic(java.lang.Object)'> (0x00000007168b29f0) 
thrown [open/src/hotspot/share/interpreter/linkResolver.cpp, line 781]
Event: 0.070 Thread 0x00007fcad8028dc0 Exception <a 'java/lang/NoSuchMethodError'{0x00000007168b6140}: 'java.lang.Object java.lang.invoke.DirectMethodHandle$Holder.invokeStaticInit(java.lang.Object)'> (0x00000007168b6140) 
thrown [open/src/hotspot/share/interpreter/linkResolver.cpp, line 781]
Event: 0.077 Thread 0x00007fcad8028dc0 Exception <a 'java/lang/NoSuchMethodError'{0x000000071690e770}: 'void java.lang.invoke.DirectMethodHandle$Holder.invokeStatic(java.lang.Object, java.lang.Object)'> (0x000000071690e770) 
thrown [open/src/hotspot/share/interpreter/linkResolver.cpp, line 781]
Event: 0.078 Thread 0x00007fcad8028dc0 Exception <a 'java/lang/NoSuchMethodError'{0x0000000716913e38}: 'void java.lang.invoke.DirectMethodHandle$Holder.invokeSpecial(java.lang.Object, java.lang.Object, java.lang.Object)'> (0x0000000716913e38) 
thrown [open/src/hotspot/share/interpreter/linkResolver.cpp, line 781]
Event: 0.080 Thread 0x00007fcad8028dc0 Exception <a 'java/lang/NoSuchMethodError'{0x0000000716928680}: 'java.lang.Object java.lang.invoke.DirectMethodHandle$Holder.invokeStatic(java.lang.Object, java.lang.Object, int)'> (0x0000000716928680) 
thrown [open/src/hotspot/share/interpreter/linkResolver.cpp, line 781]
Event: 0.081 Thread 0x00007fcad8028dc0 Exception <a 'java/lang/NoSuchMethodError'{0x00000007169347c8}: 'void java.lang.invoke.DelegatingMethodHandle$Holder.delegate(java.lang.Object, java.lang.Object, int, java.lang.Object)'> (0x00000007169347c8) 
thrown [open/src/hotspot/share/interpreter/linkResolver.cpp, line 781]
Event: 0.081 Thread 0x00007fcad8028dc0 Exception <a 'java/lang/NoSuchMethodError'{0x0000000716938d58}: 'int java.lang.invoke.DirectMethodHandle$Holder.invokeSpecial(java.lang.Object, java.lang.Object, java.lang.Object)'> (0x0000000716938d58) 
thrown [open/src/hotspot/share/interpreter/linkResolver.cpp, line 781]
Event: 0.096 Thread 0x00007fcad8028dc0 Exception <a 'sun/nio/fs/UnixException'{0x00000007169d6f58}> (0x00000007169d6f58) 
thrown [open/src/hotspot/share/prims/jni.cpp, line 578]
Event: 0.113 Thread 0x00007fcad8028dc0 Exception <a 'sun/nio/fs/UnixException'{0x00000007166bb7b0}> (0x00000007166bb7b0) 
thrown [open/src/hotspot/share/prims/jni.cpp, line 578]
Event: 0.170 Thread 0x00007fcad8028dc0 Exception <a 'java/lang/NoSuchMethodError'{0x0000000716720bb8}: 'void java.lang.invoke.DirectMethodHandle$Holder.invokeStaticInit(java.lang.Object, long, double, double)'> (0x0000000716720bb8) 
thrown [open/src/hotspot/share/interpreter/linkResolver.cpp, line 781]
Event: 0.171 Thread 0x00007fcad8028dc0 Exception <a 'java/lang/NoSuchMethodError'{0x0000000716731db8}: 'void java.lang.invoke.DirectMethodHandle$Holder.invokeStaticInit(java.lang.Object, long, int, int, int)'> (0x0000000716731db8) 
thrown [open/src/hotspot/share/interpreter/linkResolver.cpp, line 781]
Event: 0.174 Thread 0x00007fcad8028dc0 Exception <a 'java/lang/NoSuchMethodError'{0x000000071674e430}: 'void java.lang.invoke.DirectMethodHandle$Holder.invokeStaticInit(java.lang.Object, long, int, int, int, int)'> (0x000000071674e430) 
thrown [open/src/hotspot/share/interpreter/linkResolver.cpp, line 781]
Event: 0.186 Thread 0x00007fcad8028dc0 Exception <a 'sun/nio/fs/UnixException'{0x00000007167a5e80}> (0x00000007167a5e80) 
thrown [open/src/hotspot/share/prims/jni.cpp, line 578]
Event: 0.187 Thread 0x00007fcad8028dc0 Exception <a 'sun/nio/fs/UnixException'{0x00000007167b3e68}> (0x00000007167b3e68) 
thrown [open/src/hotspot/share/prims/jni.cpp, line 578]

Events (20 events):
Event: 0.314 loading class java/lang/NumberFormatException
Event: 0.314 loading class java/lang/NumberFormatException done
Event: 0.314 Executing VM operation: HandshakeAllThreads
Event: 0.314 Executing VM operation: HandshakeAllThreads done
Event: 0.315 loading class java/text/DigitList$1
Event: 0.315 loading class java/text/DigitList$1 done
Event: 0.318 loading class java/util/Scanner
Event: 0.318 loading class java/util/Scanner done
Event: 0.319 loading class sun/nio/cs/US_ASCII$Decoder
Event: 0.319 loading class sun/nio/cs/US_ASCII$Decoder done
Event: 0.319 loading class java/util/Scanner$PatternLRUCache
Event: 0.319 loading class java/util/Scanner$PatternLRUCache done
Event: 0.321 Thread 0x00007fca88280d00 Thread added: 0x00007fca88280d00
Event: 0.321 Protecting memory [0x00007fca70e9f000,0x00007fca70ea3000] with protection modes 0
Event: 0.322 loading class java/nio/channels/spi/AbstractInterruptibleChannel$1
Event: 0.322 loading class sun/nio/ch/Interruptible
Event: 0.322 loading class sun/nio/ch/Interruptible done
Event: 0.322 loading class java/nio/channels/spi/AbstractInterruptibleChannel$1 done
Event: 0.322 loading class java/util/regex/Matcher$ImmutableMatchResult
Event: 0.322 loading class java/util/regex/Matcher$ImmutableMatchResult done


Dynamic libraries:
4057b000-4057d000 r-xs 00000000 00:01 188                                /memfd:/.glXXXXXX (deleted)
4187c000-4192b000 rw-p 00000000 00:00 0 
707200000-716c00000 rw-p 00000000 00:00 0 
716c00000-7ffc00000 ---p 00000000 00:00 0 
7ffc00000-7ffd00000 rw-p 00000000 00:00 0 
7ffd00000-7ffd52000 rw-p 00be4000 103:05 4101281                         /home/peershaul/.jdks/openjdk-15.0.2/lib/server/classes.jsa
7ffd52000-7ffe00000 rw-p 00000000 00:00 0 
7ffe00000-7ffe7c000 rw-p 00b68000 103:05 4101281                         /home/peershaul/.jdks/openjdk-15.0.2/lib/server/classes.jsa
7ffe7c000-800000000 rw-p 00000000 00:00 0 
800000000-800003000 rwxp 00001000 103:05 4101281                         /home/peershaul/.jdks/openjdk-15.0.2/lib/server/classes.jsa
800003000-8003e6000 rw-p 00004000 103:05 4101281                         /home/peershaul/.jdks/openjdk-15.0.2/lib/server/classes.jsa
8003e6000-800b33000 r--p 003e7000 103:05 4101281                         /home/peershaul/.jdks/openjdk-15.0.2/lib/server/classes.jsa
800b33000-800b34000 ---p 00000000 00:00 0 
800b34000-800bd4000 rw-p 00000000 00:00 0 
800bd4000-840b34000 ---p 00000000 00:00 0 
55c44aa81000-55c44aa82000 r-xp 00000000 103:05 3805711                   /home/peershaul/.jdks/openjdk-15.0.2/bin/java
55c44aa83000-55c44aa84000 r--p 00001000 103:05 3805711                   /home/peershaul/.jdks/openjdk-15.0.2/bin/java
55c44aa84000-55c44aa85000 rw-p 00002000 103:05 3805711                   /home/peershaul/.jdks/openjdk-15.0.2/bin/java
55c44bba9000-55c44bbca000 rw-p 00000000 00:00 0                          [heap]
7fca6c000000-7fca6c022000 rw-p 00000000 00:00 0 
7fca6c022000-7fca70000000 ---p 00000000 00:00 0 
7fca70e9f000-7fca70ea3000 ---p 00000000 00:00 0 
7fca70ea3000-7fca71020000 rw-p 00000000 00:00 0 
7fca71020000-7fca711a0000 ---p 00000000 00:00 0 
7fca711a0000-7fca711f8000 r-xp 00000000 00:21 81                         /tmp/lwjglpeershaul/3.2.3-build-13/liblwjgl_opengl.so
7fca711f8000-7fca713f7000 ---p 00058000 00:21 81                         /tmp/lwjglpeershaul/3.2.3-build-13/liblwjgl_opengl.so
7fca713f7000-7fca713f8000 r--p 00057000 00:21 81                         /tmp/lwjglpeershaul/3.2.3-build-13/liblwjgl_opengl.so
7fca713f8000-7fca713f9000 rw-p 00058000 00:21 81                         /tmp/lwjglpeershaul/3.2.3-build-13/liblwjgl_opengl.so
7fca713f9000-7fca713fc000 r--p 00000000 103:05 4087315                   /usr/lib/libxcb-sync.so.1.0.0
7fca713fc000-7fca713ff000 r-xp 00003000 103:05 4087315                   /usr/lib/libxcb-sync.so.1.0.0
7fca713ff000-7fca71400000 r--p 00006000 103:05 4087315                   /usr/lib/libxcb-sync.so.1.0.0
7fca71400000-7fca71401000 ---p 00007000 103:05 4087315                   /usr/lib/libxcb-sync.so.1.0.0
7fca71401000-7fca71402000 r--p 00007000 103:05 4087315                   /usr/lib/libxcb-sync.so.1.0.0
7fca71402000-7fca71403000 rw-p 00008000 103:05 4087315                   /usr/lib/libxcb-sync.so.1.0.0
7fca7140e000-7fca7141b000 r-xp 00000000 103:05 3937528                   /home/peershaul/.jdks/openjdk-15.0.2/lib/libverify.so
7fca7141b000-7fca7141d000 r--p 0000c000 103:05 3937528                   /home/peershaul/.jdks/openjdk-15.0.2/lib/libverify.so
7fca7141d000-7fca7141e000 rw-p 0000e000 103:05 3937528                   /home/peershaul/.jdks/openjdk-15.0.2/lib/libverify.so
7fca7141e000-7fca7149e000 rw-s 00000000 00:05 1723                       /dev/nvidiactl
7fca7149e000-7fca7159e000 rw-s 00000000 00:05 1723                       /dev/nvidiactl
7fca7159e000-7fca715de000 rw-s 00000000 00:05 1723                       /dev/nvidiactl
7fca715de000-7fca715fe000 rw-s 00000000 00:05 1723                       /dev/nvidiactl
7fca715fe000-7fca7163e000 rw-s 00000000 00:05 1723                       /dev/nvidiactl
7fca7163e000-7fca7165e000 rw-s 00000000 00:05 1723                       /dev/nvidiactl
7fca7165e000-7fca716de000 rw-s 00000000 00:05 1724                       /dev/nvidia0
7fca716de000-7fca7171e000 rw-s 00000000 00:05 1723                       /dev/nvidiactl
7fca7171e000-7fca7173e000 rw-s 00000000 00:05 1723                       /dev/nvidiactl
7fca7173e000-7fca718e3000 rw-s 00000000 00:01 1027                       /memfd:/.nvidia_drv.XXXXXX (deleted)
7fca718e3000-7fca718e8000 r--p 00000000 103:05 4091423                   /usr/lib/libdrm.so.2.4.0
7fca718e8000-7fca718f2000 r-xp 00005000 103:05 4091423                   /usr/lib/libdrm.so.2.4.0
7fca718f2000-7fca718f6000 r--p 0000f000 103:05 4091423                   /usr/lib/libdrm.so.2.4.0
7fca718f6000-7fca718f7000 r--p 00012000 103:05 4091423                   /usr/lib/libdrm.so.2.4.0
7fca718f7000-7fca718f8000 rw-p 00013000 103:05 4091423                   /usr/lib/libdrm.so.2.4.0
7fca71900000-7fca71913000 rw-s 00000000 00:05 1723                       /dev/nvidiactl
7fca71913000-7fca72aa5000 r-xp 00000000 103:05 4093883                   /usr/lib/libnvidia-glcore.so.460.67
7fca72aa5000-7fca72ac6000 rwxp 01192000 103:05 4093883                   /usr/lib/libnvidia-glcore.so.460.67
7fca72ac6000-7fca72fd6000 r-xp 011b3000 103:05 4093883                   /usr/lib/libnvidia-glcore.so.460.67
7fca72fd6000-7fca731d5000 ---p 016c3000 103:05 4093883                   /usr/lib/libnvidia-glcore.so.460.67
7fca731d5000-7fca73712000 r--p 016c2000 103:05 4093883                   /usr/lib/libnvidia-glcore.so.460.67
7fca73712000-7fca73801000 rw-p 01bff000 103:05 4093883                   /usr/lib/libnvidia-glcore.so.460.67
7fca73801000-7fca73820000 rw-p 00000000 00:00 0 
7fca73820000-7fca73823000 r-xp 00000000 103:05 4093907                   /usr/lib/libnvidia-tls.so.460.67
7fca73823000-7fca73a23000 ---p 00003000 103:05 4093907                   /usr/lib/libnvidia-tls.so.460.67
7fca73a23000-7fca73a24000 r--p 00003000 103:05 4093907                   /usr/lib/libnvidia-tls.so.460.67
7fca73a24000-7fca73a25000 rw-p 00004000 103:05 4093907                   /usr/lib/libnvidia-tls.so.460.67
7fca73a25000-7fca73ac5000 r-xp 00000000 103:05 4093861                   /usr/lib/libGLX_nvidia.so.460.67
7fca73ac5000-7fca73afa000 rwxp 000a0000 103:05 4093861                   /usr/lib/libGLX_nvidia.so.460.67
7fca73afa000-7fca73b01000 r-xp 000d5000 103:05 4093861                   /usr/lib/libGLX_nvidia.so.460.67
7fca73b01000-7fca73d00000 ---p 000dc000 103:05 4093861                   /usr/lib/libGLX_nvidia.so.460.67
7fca73d00000-7fca73d48000 r--p 000db000 103:05 4093861                   /usr/lib/libGLX_nvidia.so.460.67
7fca73d48000-7fca73d4d000 rw-p 00123000 103:05 4093861                   /usr/lib/libGLX_nvidia.so.460.67
7fca73d4d000-7fca73d4f000 rw-p 00000000 00:00 0 
7fca73d4f000-7fca73d52000 r--p 00000000 103:05 4091694                   /usr/lib/libGLX.so.0.0.0
7fca73d52000-7fca73d6c000 r-xp 00003000 103:05 4091694                   /usr/lib/libGLX.so.0.0.0
7fca73d6c000-7fca73d6f000 r--p 0001d000 103:05 4091694                   /usr/lib/libGLX.so.0.0.0
7fca73d6f000-7fca73d70000 ---p 00020000 103:05 4091694                   /usr/lib/libGLX.so.0.0.0
7fca73d70000-7fca73d71000 r--p 00020000 103:05 4091694                   /usr/lib/libGLX.so.0.0.0
7fca73d71000-7fca73d72000 rw-p 00021000 103:05 4091694                   /usr/lib/libGLX.so.0.0.0
7fca73d72000-7fca73d82000 rw-p 00000000 00:00 0 
7fca73d82000-7fca73dc2000 r--p 00000000 103:05 4091698                   /usr/lib/libGLdispatch.so.0.0.0
7fca73dc2000-7fca73dc4000 r-xp 00040000 103:05 4091698                   /usr/lib/libGLdispatch.so.0.0.0
7fca73dc4000-7fca73dff000 r-xp 00042000 103:05 4091698                   /usr/lib/libGLdispatch.so.0.0.0
7fca73dff000-7fca73e00000 r-xp 0007d000 103:05 4091698                   /usr/lib/libGLdispatch.so.0.0.0
7fca73e00000-7fca73e13000 r--p 0007e000 103:05 4091698                   /usr/lib/libGLdispatch.so.0.0.0
7fca73e13000-7fca73e14000 ---p 00091000 103:05 4091698                   /usr/lib/libGLdispatch.so.0.0.0
7fca73e14000-7fca73e30000 r--p 00091000 103:05 4091698                   /usr/lib/libGLdispatch.so.0.0.0
7fca73e30000-7fca73e31000 rw-p 000ad000 103:05 4091698                   /usr/lib/libGLdispatch.so.0.0.0
7fca73e31000-7fca73e39000 rw-p 00000000 00:00 0 
7fca73e39000-7fca73e7b000 r--p 00000000 103:05 4091687                   /usr/lib/libGL.so.1.7.0
7fca73e7b000-7fca73e7e000 r-xp 00042000 103:05 4091687                   /usr/lib/libGL.so.1.7.0
7fca73e7e000-7fca73e99000 r-xp 00045000 103:05 4091687                   /usr/lib/libGL.so.1.7.0
7fca73e99000-7fca73e9a000 r-xp 00060000 103:05 4091687                   /usr/lib/libGL.so.1.7.0
7fca73e9a000-7fca73eaf000 r--p 00061000 103:05 4091687                   /usr/lib/libGL.so.1.7.0
7fca73eaf000-7fca73ebd000 r--p 00075000 103:05 4091687                   /usr/lib/libGL.so.1.7.0
7fca73ebd000-7fca73ebe000 rw-p 00083000 103:05 4091687                   /usr/lib/libGL.so.1.7.0
7fca73ebe000-7fca73ebf000 rw-p 00000000 00:00 0 
7fca73ebf000-7fca73edb000 r--p 00000000 103:05 4089646                   /usr/lib/libX11.so.6.4.0
7fca73edb000-7fca73f65000 r-xp 0001c000 103:05 4089646                   /usr/lib/libX11.so.6.4.0
7fca73f65000-7fca73ff9000 r--p 000a6000 103:05 4089646                   /usr/lib/libX11.so.6.4.0
7fca73ff9000-7fca73ffc000 r--p 00139000 103:05 4089646                   /usr/lib/libX11.so.6.4.0
7fca73ffc000-7fca74000000 rw-p 0013c000 103:05 4089646                   /usr/lib/libX11.so.6.4.0
7fca74000000-7fca74021000 rw-p 00000000 00:00 0 
7fca74021000-7fca78000000 ---p 00000000 00:00 0 
7fca78000000-7fca78021000 rw-p 00000000 00:00 0 
7fca78021000-7fca7c000000 ---p 00000000 00:00 0 
7fca7c000000-7fca7c021000 rw-p 00000000 00:00 0 
7fca7c021000-7fca80000000 ---p 00000000 00:00 0 
7fca80000000-7fca80021000 rw-p 00000000 00:00 0 
7fca80021000-7fca84000000 ---p 00000000 00:00 0 
7fca84000000-7fca843f3000 rw-p 00000000 00:00 0 
7fca843f3000-7fca88000000 ---p 00000000 00:00 0 
7fca88000000-7fca8828d000 rw-p 00000000 00:00 0 
7fca8828d000-7fca8c000000 ---p 00000000 00:00 0 
7fca8c000000-7fca8c021000 rw-p 00000000 00:00 0 
7fca8c021000-7fca90000000 ---p 00000000 00:00 0 
7fca90000000-7fca90021000 rw-p 00000000 00:00 0 
7fca90021000-7fca94000000 ---p 00000000 00:00 0 
7fca94000000-7fca94021000 rw-p 00000000 00:00 0 
7fca94021000-7fca98000000 ---p 00000000 00:00 0 
7fca98000000-7fca98021000 rw-p 00000000 00:00 0 
7fca98021000-7fca9c000000 ---p 00000000 00:00 0 
7fca9c000000-7fca9c021000 rw-p 00000000 00:00 0 
7fca9c021000-7fcaa0000000 ---p 00000000 00:00 0 
7fcaa0000000-7fcaa0021000 rw-p 00000000 00:00 0 
7fcaa0021000-7fcaa4000000 ---p 00000000 00:00 0 
7fcaa4000000-7fcaa4021000 rw-p 00000000 00:00 0 
7fcaa4021000-7fcaa8000000 ---p 00000000 00:00 0 
7fcaa8006000-7fcaa8007000 r-xp 00000000 00:00 0 
7fcaa8007000-7fcaa8008000 r--p 00000000 103:05 4087291                   /usr/lib/libxcb-present.so.0.0.0
7fcaa8008000-7fcaa8009000 r-xp 00001000 103:05 4087291                   /usr/lib/libxcb-present.so.0.0.0
7fcaa8009000-7fcaa800a000 r--p 00002000 103:05 4087291                   /usr/lib/libxcb-present.so.0.0.0
7fcaa800a000-7fcaa800b000 r--p 00002000 103:05 4087291                   /usr/lib/libxcb-present.so.0.0.0
7fcaa800b000-7fcaa800c000 rw-p 00003000 103:05 4087291                   /usr/lib/libxcb-present.so.0.0.0
7fcaa800c000-7fcaa800e000 r--p 00000000 103:05 4087285                   /usr/lib/libxcb-dri3.so.0.0.0
7fcaa800e000-7fcaa800f000 r-xp 00002000 103:05 4087285                   /usr/lib/libxcb-dri3.so.0.0.0
7fcaa800f000-7fcaa8010000 r--p 00003000 103:05 4087285                   /usr/lib/libxcb-dri3.so.0.0.0
7fcaa8010000-7fcaa8011000 r--p 00003000 103:05 4087285                   /usr/lib/libxcb-dri3.so.0.0.0
7fcaa8011000-7fcaa8012000 rw-p 00004000 103:05 4087285                   /usr/lib/libxcb-dri3.so.0.0.0
7fcaa8012000-7fcaa801e000 r--p 00000000 103:05 4087288                   /usr/lib/libxcb-glx.so.0.0.0
7fcaa801e000-7fcaa8027000 r-xp 0000c000 103:05 4087288                   /usr/lib/libxcb-glx.so.0.0.0
7fcaa8027000-7fcaa802c000 r--p 00015000 103:05 4087288                   /usr/lib/libxcb-glx.so.0.0.0
7fcaa802c000-7fcaa802d000 ---p 0001a000 103:05 4087288                   /usr/lib/libxcb-glx.so.0.0.0
7fcaa802d000-7fcaa802f000 r--p 0001a000 103:05 4087288                   /usr/lib/libxcb-glx.so.0.0.0
7fcaa802f000-7fcaa8030000 rw-p 0001c000 103:05 4087288                   /usr/lib/libxcb-glx.so.0.0.0
7fcaa8030000-7fcaa8031000 r--p 00000000 103:05 4089642                   /usr/lib/libX11-xcb.so.1.0.0
7fcaa8031000-7fcaa8032000 r-xp 00001000 103:05 4089642                   /usr/lib/libX11-xcb.so.1.0.0
7fcaa8032000-7fcaa8033000 r--p 00002000 103:05 4089642                   /usr/lib/libX11-xcb.so.1.0.0
7fcaa8033000-7fcaa8034000 r--p 00002000 103:05 4089642                   /usr/lib/libX11-xcb.so.1.0.0
7fcaa8034000-7fcaa8035000 rw-p 00003000 103:05 4089642                   /usr/lib/libX11-xcb.so.1.0.0
7fcaa8035000-7fcaa8036000 r--p 00000000 103:05 4090614                   /usr/lib/libXinerama.so.1.0.0
7fcaa8036000-7fcaa8037000 r-xp 00001000 103:05 4090614                   /usr/lib/libXinerama.so.1.0.0
7fcaa8037000-7fcaa8038000 r--p 00002000 103:05 4090614                   /usr/lib/libXinerama.so.1.0.0
7fcaa8038000-7fcaa8039000 r--p 00002000 103:05 4090614                   /usr/lib/libXinerama.so.1.0.0
7fcaa8039000-7fcaa803a000 rw-p 00003000 103:05 4090614                   /usr/lib/libXinerama.so.1.0.0
7fcaa803a000-7fcaa803c000 r--p 00000000 103:05 4090573                   /usr/lib/libXfixes.so.3.1.0
7fcaa803c000-7fcaa803f000 r-xp 00002000 103:05 4090573                   /usr/lib/libXfixes.so.3.1.0
7fcaa803f000-7fcaa8040000 r--p 00005000 103:05 4090573                   /usr/lib/libXfixes.so.3.1.0
7fcaa8040000-7fcaa8041000 ---p 00006000 103:05 4090573                   /usr/lib/libXfixes.so.3.1.0
7fcaa8041000-7fcaa8042000 r--p 00006000 103:05 4090573                   /usr/lib/libXfixes.so.3.1.0
7fcaa8042000-7fcaa8043000 rw-p 00007000 103:05 4090573                   /usr/lib/libXfixes.so.3.1.0
7fcaa8043000-7fcaa8046000 r--p 00000000 103:05 4090578                   /usr/lib/libXcursor.so.1.0.2
7fcaa8046000-7fcaa804b000 r-xp 00003000 103:05 4090578                   /usr/lib/libXcursor.so.1.0.2
7fcaa804b000-7fcaa804d000 r--p 00008000 103:05 4090578                   /usr/lib/libXcursor.so.1.0.2
7fcaa804d000-7fcaa804e000 r--p 00009000 103:05 4090578                   /usr/lib/libXcursor.so.1.0.2
7fcaa804e000-7fcaa804f000 rw-p 0000a000 103:05 4090578                   /usr/lib/libXcursor.so.1.0.2
7fcaa804f000-7fcaa8051000 r--p 00000000 103:05 4090535                   /usr/lib/libXrender.so.1.3.0
7fcaa8051000-7fcaa8058000 r-xp 00002000 103:05 4090535                   /usr/lib/libXrender.so.1.3.0
7fcaa8058000-7fcaa805a000 r--p 00009000 103:05 4090535                   /usr/lib/libXrender.so.1.3.0
7fcaa805a000-7fcaa805b000 r--p 0000a000 103:05 4090535                   /usr/lib/libXrender.so.1.3.0
7fcaa805b000-7fcaa805c000 rw-p 0000b000 103:05 4090535                   /usr/lib/libXrender.so.1.3.0
7fcaa805c000-7fcaa805e000 r--p 00000000 103:05 4090623                   /usr/lib/libXrandr.so.2.2.0
7fcaa805e000-7fcaa8065000 r-xp 00002000 103:05 4090623                   /usr/lib/libXrandr.so.2.2.0
7fcaa8065000-7fcaa8067000 r--p 00009000 103:05 4090623                   /usr/lib/libXrandr.so.2.2.0
7fcaa8067000-7fcaa8068000 r--p 0000a000 103:05 4090623                   /usr/lib/libXrandr.so.2.2.0
7fcaa8068000-7fcaa8069000 rw-p 0000b000 103:05 4090623                   /usr/lib/libXrandr.so.2.2.0
7fcaa8069000-7fcaa806c000 r--p 00000000 103:05 4090642                   /usr/lib/libXi.so.6.1.0
7fcaa806c000-7fcaa8077000 r-xp 00003000 103:05 4090642                   /usr/lib/libXi.so.6.1.0
7fcaa8077000-7fcaa807a000 r--p 0000e000 103:05 4090642                   /usr/lib/libXi.so.6.1.0
7fcaa807a000-7fcaa807b000 r--p 00010000 103:05 4090642                   /usr/lib/libXi.so.6.1.0
7fcaa807b000-7fcaa807c000 rw-p 00011000 103:05 4090642                   /usr/lib/libXi.so.6.1.0
7fcaa807c000-7fcaa8080000 r--p 00000000 103:05 4090470                   /usr/lib/libXext.so.6.4.0
7fcaa8080000-7fcaa808b000 r-xp 00004000 103:05 4090470                   /usr/lib/libXext.so.6.4.0
7fcaa808b000-7fcaa808f000 r--p 0000f000 103:05 4090470                   /usr/lib/libXext.so.6.4.0
7fcaa808f000-7fcaa8090000 r--p 00012000 103:05 4090470                   /usr/lib/libXext.so.6.4.0
7fcaa8090000-7fcaa8091000 rw-p 00013000 103:05 4090470                   /usr/lib/libXext.so.6.4.0
7fcaa8091000-7fcaa8092000 r--p 00000000 103:05 4091453                   /usr/lib/libXxf86vm.so.1.0.0
7fcaa8092000-7fcaa8095000 r-xp 00001000 103:05 4091453                   /usr/lib/libXxf86vm.so.1.0.0
7fcaa8095000-7fcaa8096000 r--p 00004000 103:05 4091453                   /usr/lib/libXxf86vm.so.1.0.0
7fcaa8096000-7fcaa8097000 r--p 00004000 103:05 4091453                   /usr/lib/libXxf86vm.so.1.0.0
7fcaa8097000-7fcaa8098000 rw-p 00005000 103:05 4091453                   /usr/lib/libXxf86vm.so.1.0.0
7fcaa8098000-7fcaa809a000 r--p 00000000 103:05 4087256                   /usr/lib/libXdmcp.so.6.0.0
7fcaa809a000-7fcaa809c000 r-xp 00002000 103:05 4087256                   /usr/lib/libXdmcp.so.6.0.0
7fcaa809c000-7fcaa809e000 r--p 00004000 103:05 4087256                   /usr/lib/libXdmcp.so.6.0.0
7fcaa809e000-7fcaa809f000 r--p 00005000 103:05 4087256                   /usr/lib/libXdmcp.so.6.0.0
7fcaa809f000-7fcaa80a0000 rw-p 00006000 103:05 4087256                   /usr/lib/libXdmcp.so.6.0.0
7fcaa80a0000-7fcaa80ac000 r--p 00000000 103:05 4087342                   /usr/lib/libxcb.so.1.1.0
7fcaa80ac000-7fcaa80bf000 r-xp 0000c000 103:05 4087342                   /usr/lib/libxcb.so.1.1.0
7fcaa80bf000-7fcaa80c8000 r--p 0001f000 103:05 4087342                   /usr/lib/libxcb.so.1.1.0
7fcaa80c8000-7fcaa80c9000 r--p 00027000 103:05 4087342                   /usr/lib/libxcb.so.1.1.0
7fcaa80c9000-7fcaa80ca000 rw-p 00028000 103:05 4087342                   /usr/lib/libxcb.so.1.1.0
7fcaa80ca000-7fcaa80cd000 rw-s 00000000 00:05 1723                       /dev/nvidiactl
7fcaa80cd000-7fcaa80d1000 rw-s 00000000 00:05 1723                       /dev/nvidiactl
7fcaa80d1000-7fcaa80d5000 rw-s 00000000 00:05 1723                       /dev/nvidiactl
7fcaa80d5000-7fcaa80e5000 rw-s 00000000 00:05 1724                       /dev/nvidia0
7fcaa80e5000-7fcaa8128000 r-xp 00000000 00:21 80                         /tmp/lwjglpeershaul/3.2.3-build-13/libglfw.so
7fcaa8128000-7fcaa8327000 ---p 00043000 00:21 80                         /tmp/lwjglpeershaul/3.2.3-build-13/libglfw.so
7fcaa8327000-7fcaa8328000 r--p 00042000 00:21 80                         /tmp/lwjglpeershaul/3.2.3-build-13/libglfw.so
7fcaa8328000-7fcaa832a000 rw-p 00043000 00:21 80                         /tmp/lwjglpeershaul/3.2.3-build-13/libglfw.so
7fcaa832a000-7fcaa834b000 rw-p 00000000 00:00 0 
7fcaa834b000-7fcaa839c000 r-xp 00000000 00:21 79                         /tmp/lwjglpeershaul/3.2.3-build-13/liblwjgl.so
7fcaa839c000-7fcaa859b000 ---p 00051000 00:21 79                         /tmp/lwjglpeershaul/3.2.3-build-13/liblwjgl.so
7fcaa859b000-7fcaa859c000 r--p 00050000 00:21 79                         /tmp/lwjglpeershaul/3.2.3-build-13/liblwjgl.so
7fcaa859c000-7fcaa859d000 rw-p 00051000 00:21 79                         /tmp/lwjglpeershaul/3.2.3-build-13/liblwjgl.so
7fcaa859d000-7fcaa85ce000 rw-p 00000000 00:00 0 
7fcaa85ce000-7fcaa85e3000 r-xp 00000000 103:05 3937520                   /home/peershaul/.jdks/openjdk-15.0.2/lib/libnet.so
7fcaa85e3000-7fcaa85e4000 r--p 00014000 103:05 3937520                   /home/peershaul/.jdks/openjdk-15.0.2/lib/libnet.so
7fcaa85e4000-7fcaa85e5000 rw-p 00015000 103:05 3937520                   /home/peershaul/.jdks/openjdk-15.0.2/lib/libnet.so
7fcaa85e5000-7fcaa85e9000 ---p 00000000 00:00 0 
7fcaa85e9000-7fcaa86e6000 rw-p 00000000 00:00 0 
7fcaa86e6000-7fcaa86e7000 ---p 00000000 00:00 0 
7fcaa86e7000-7fcaa87e8000 rw-p 00000000 00:00 0 
7fcaa87e8000-7fcaa87ec000 ---p 00000000 00:00 0 
7fcaa87ec000-7fcaa88e9000 rw-p 00000000 00:00 0 
7fcaa88e9000-7fcaa88ed000 ---p 00000000 00:00 0 
7fcaa88ed000-7fcaa89ea000 rw-p 00000000 00:00 0 
7fcaa89ea000-7fcaa89ee000 ---p 00000000 00:00 0 
7fcaa89ee000-7fcaa8aeb000 rw-p 00000000 00:00 0 
7fcaa8aeb000-7fcaa8aef000 ---p 00000000 00:00 0 
7fcaa8aef000-7fcaa8bec000 rw-p 00000000 00:00 0 
7fcaa8bec000-7fcaa8bf0000 ---p 00000000 00:00 0 
7fcaa8bf0000-7fcaa8ced000 rw-p 00000000 00:00 0 
7fcaa8ced000-7fcaa8cf1000 ---p 00000000 00:00 0 
7fcaa8cf1000-7fcaa8dee000 rw-p 00000000 00:00 0 
7fcaa8dee000-7fcaa90d7000 r--p 00000000 103:05 4093562                   /usr/lib/locale/locale-archive
7fcaa90d7000-7fcaa90db000 ---p 00000000 00:00 0 
7fcaa90db000-7fcaa91d8000 rw-p 00000000 00:00 0 
7fcaa91d8000-7fcaa91dc000 ---p 00000000 00:00 0 
7fcaa91dc000-7fcaa92d9000 rw-p 00000000 00:00 0 
7fcaa92d9000-7fcaa92da000 ---p 00000000 00:00 0 
7fcaa92da000-7fcaa9cf8000 rw-p 00000000 00:00 0 
7fcaa9cf8000-7fcaa9cf9000 r-xp 00000000 00:00 0 
7fcaa9cf9000-7fcaa9cfb000 rw-s 00000000 00:01 188                        /memfd:/.glXXXXXX (deleted)
7fcaa9cfb000-7fcaa9cfc000 ---p 00000000 00:00 0 
7fcaa9cfc000-7fcaa9dfd000 rw-p 00000000 00:00 0 
7fcaa9dfd000-7fcaa9dfe000 ---p 00000000 00:00 0 
7fcaa9dfe000-7fcaac000000 rw-p 00000000 00:00 0 
7fcaac000000-7fcaac021000 rw-p 00000000 00:00 0 
7fcaac021000-7fcab0000000 ---p 00000000 00:00 0 
7fcab0000000-7fcab0021000 rw-p 00000000 00:00 0 
7fcab0021000-7fcab4000000 ---p 00000000 00:00 0 
7fcab4000000-7fcab4021000 rw-p 00000000 00:00 0 
7fcab4021000-7fcab8000000 ---p 00000000 00:00 0 
7fcab8000000-7fcab8001000 r-xp 00000000 00:00 0 
7fcab8001000-7fcab8003000 rw-s 00000000 00:05 1723                       /dev/nvidiactl
7fcab8003000-7fcab8004000 r--p 00000000 103:05 4087260                   /usr/lib/libXau.so.6.0.0
7fcab8004000-7fcab8005000 r-xp 00001000 103:05 4087260                   /usr/lib/libXau.so.6.0.0
7fcab8005000-7fcab8006000 r--p 00002000 103:05 4087260                   /usr/lib/libXau.so.6.0.0
7fcab8006000-7fcab8007000 r--p 00002000 103:05 4087260                   /usr/lib/libXau.so.6.0.0
7fcab8007000-7fcab8008000 rw-p 00003000 103:05 4087260                   /usr/lib/libXau.so.6.0.0
7fcab8008000-7fcab800f000 r-xp 00000000 103:05 3937529                   /home/peershaul/.jdks/openjdk-15.0.2/lib/libzip.so
7fcab800f000-7fcab8010000 ---p 00007000 103:05 3937529                   /home/peershaul/.jdks/openjdk-15.0.2/lib/libzip.so
7fcab8010000-7fcab8011000 r--p 00007000 103:05 3937529                   /home/peershaul/.jdks/openjdk-15.0.2/lib/libzip.so
7fcab8011000-7fcab8012000 rw-p 00008000 103:05 3937529                   /home/peershaul/.jdks/openjdk-15.0.2/lib/libzip.so
7fcab8012000-7fcab8559000 rw-p 00000000 00:00 0 
7fcab8559000-7fcab855a000 ---p 00000000 00:00 0 
7fcab855a000-7fcab865b000 rw-p 00000000 00:00 0 
7fcab865b000-7fcab865c000 ---p 00000000 00:00 0 
7fcab865c000-7fcab875d000 rw-p 00000000 00:00 0 
7fcab875d000-7fcab875e000 ---p 00000000 00:00 0 
7fcab875e000-7fcab8cc8000 rw-p 00000000 00:00 0 
7fcab8cc8000-7fcabc708000 ---p 00000000 00:00 0 
7fcabc708000-7fcabcb00000 rw-p 00000000 00:00 0 
7fcabcb00000-7fcac0540000 ---p 00000000 00:00 0 
7fcac0540000-7fcac05cd000 rw-p 00000000 00:00 0 
7fcac05cd000-7fcac0d15000 ---p 00000000 00:00 0 
7fcac0d15000-7fcac0d17000 rw-p 00000000 00:00 0 
7fcac0d17000-7fcac0f87000 rwxp 00000000 00:00 0 
7fcac0f87000-7fcac12a8000 ---p 00000000 00:00 0 
7fcac12a8000-7fcac1518000 rwxp 00000000 00:00 0 
7fcac1518000-7fcac87df000 ---p 00000000 00:00 0 
7fcac87df000-7fcac8a4f000 rwxp 00000000 00:00 0 
7fcac8a4f000-7fcacfd17000 ---p 00000000 00:00 0 
7fcacfd17000-7fcad8000000 r--s 00000000 103:05 3937530                   /home/peershaul/.jdks/openjdk-15.0.2/lib/modules
7fcad8000000-7fcad8abb000 rw-p 00000000 00:00 0 
7fcad8abb000-7fcadc000000 ---p 00000000 00:00 0 
7fcadc000000-7fcadc001000 r-xp 00000000 00:00 0 
7fcadc001000-7fcadc013000 r-xp 00000000 103:05 3937521                   /home/peershaul/.jdks/openjdk-15.0.2/lib/libnio.so
7fcadc013000-7fcadc014000 r--p 00011000 103:05 3937521                   /home/peershaul/.jdks/openjdk-15.0.2/lib/libnio.so
7fcadc014000-7fcadc015000 rw-p 00012000 103:05 3937521                   /home/peershaul/.jdks/openjdk-15.0.2/lib/libnio.so
7fcadc015000-7fcadc092000 rw-p 00000000 00:00 0 
7fcadc092000-7fcadc7da000 ---p 00000000 00:00 0 
7fcadc7da000-7fcadc859000 rw-p 00000000 00:00 0 
7fcadc859000-7fcadcfa1000 ---p 00000000 00:00 0 
7fcadcfa1000-7fcadd5ae000 rw-p 00000000 00:00 0 
7fcadd5ae000-7fcadd694000 ---p 00000000 00:00 0 
7fcadd694000-7fcadd699000 rw-p 00000000 00:00 0 
7fcadd699000-7fcadd77f000 ---p 00000000 00:00 0 
7fcadd77f000-7fcadd784000 rw-p 00000000 00:00 0 
7fcadd784000-7fcadd78b000 ---p 00000000 00:00 0 
7fcadd78b000-7fcadd7af000 r-xp 00000000 103:05 3937507                   /home/peershaul/.jdks/openjdk-15.0.2/lib/libjava.so
7fcadd7af000-7fcadd7b0000 ---p 00024000 103:05 3937507                   /home/peershaul/.jdks/openjdk-15.0.2/lib/libjava.so
7fcadd7b0000-7fcadd7b1000 r--p 00024000 103:05 3937507                   /home/peershaul/.jdks/openjdk-15.0.2/lib/libjava.so
7fcadd7b1000-7fcadd7b2000 rw-p 00025000 103:05 3937507                   /home/peershaul/.jdks/openjdk-15.0.2/lib/libjava.so
7fcadd7b2000-7fcadd7b3000 rw-p 00000000 00:00 0 
7fcadd7b3000-7fcadd7bb000 rw-s 00000000 00:21 271                        /tmp/hsperfdata_peershaul/60886
7fcadd7bb000-7fcadd7d7000 r-xp 00000000 103:05 3937511                   /home/peershaul/.jdks/openjdk-15.0.2/lib/libjimage.so
7fcadd7d7000-7fcadd7d9000 r--p 0001b000 103:05 3937511                   /home/peershaul/.jdks/openjdk-15.0.2/lib/libjimage.so
7fcadd7d9000-7fcadd7da000 rw-p 0001d000 103:05 3937511                   /home/peershaul/.jdks/openjdk-15.0.2/lib/libjimage.so
7fcadd7da000-7fcadd7dd000 r--p 00000000 103:05 4066717                   /usr/lib/librt-2.33.so
7fcadd7dd000-7fcadd7e1000 r-xp 00003000 103:05 4066717                   /usr/lib/librt-2.33.so
7fcadd7e1000-7fcadd7e3000 r--p 00007000 103:05 4066717                   /usr/lib/librt-2.33.so
7fcadd7e3000-7fcadd7e4000 r--p 00008000 103:05 4066717                   /usr/lib/librt-2.33.so
7fcadd7e4000-7fcadd7e5000 rw-p 00009000 103:05 4066717                   /usr/lib/librt-2.33.so
7fcadd7e5000-7fcadd7e9000 ---p 00000000 00:00 0 
7fcadd7e9000-7fcadd8e6000 rw-p 00000000 00:00 0 
7fcadd8e6000-7fcadd8f5000 r--p 00000000 103:05 4066681                   /usr/lib/libm-2.33.so
7fcadd8f5000-7fcadd990000 r-xp 0000f000 103:05 4066681                   /usr/lib/libm-2.33.so
7fcadd990000-7fcadda28000 r--p 000aa000 103:05 4066681                   /usr/lib/libm-2.33.so
7fcadda28000-7fcadda29000 ---p 00142000 103:05 4066681                   /usr/lib/libm-2.33.so
7fcadda29000-7fcadda2a000 r--p 00142000 103:05 4066681                   /usr/lib/libm-2.33.so
7fcadda2a000-7fcadda2b000 rw-p 00143000 103:05 4066681                   /usr/lib/libm-2.33.so
7fcadda2b000-7fcadea72000 r-xp 00000000 103:05 4101284                   /home/peershaul/.jdks/openjdk-15.0.2/lib/server/libjvm.so
7fcadea72000-7fcadea73000 ---p 01047000 103:05 4101284                   /home/peershaul/.jdks/openjdk-15.0.2/lib/server/libjvm.so
7fcadea73000-7fcadeb0d000 r--p 01047000 103:05 4101284                   /home/peershaul/.jdks/openjdk-15.0.2/lib/server/libjvm.so
7fcadeb0d000-7fcadeb44000 rw-p 010e1000 103:05 4101284                   /home/peershaul/.jdks/openjdk-15.0.2/lib/server/libjvm.so
7fcadeb44000-7fcadebcf000 rw-p 00000000 00:00 0 
7fcadebcf000-7fcadebf5000 r--p 00000000 103:05 4066668                   /usr/lib/libc-2.33.so
7fcadebf5000-7fcaded41000 r-xp 00026000 103:05 4066668                   /usr/lib/libc-2.33.so
7fcaded41000-7fcaded8d000 r--p 00172000 103:05 4066668                   /usr/lib/libc-2.33.so
7fcaded8d000-7fcaded90000 r--p 001bd000 103:05 4066668                   /usr/lib/libc-2.33.so
7fcaded90000-7fcaded93000 rw-p 001c0000 103:05 4066668                   /usr/lib/libc-2.33.so
7fcaded93000-7fcaded9c000 rw-p 00000000 00:00 0 
7fcaded9c000-7fcaded9e000 r--p 00000000 103:05 4066675                   /usr/lib/libdl-2.33.so
7fcaded9e000-7fcadeda0000 r-xp 00002000 103:05 4066675                   /usr/lib/libdl-2.33.so
7fcadeda0000-7fcadeda1000 r--p 00004000 103:05 4066675                   /usr/lib/libdl-2.33.so
7fcadeda1000-7fcadeda2000 r--p 00004000 103:05 4066675                   /usr/lib/libdl-2.33.so
7fcadeda2000-7fcadeda3000 rw-p 00005000 103:05 4066675                   /usr/lib/libdl-2.33.so
7fcadeda3000-7fcadedaa000 r--p 00000000 103:05 4066709                   /usr/lib/libpthread-2.33.so
7fcadedaa000-7fcadedb9000 r-xp 00007000 103:05 4066709                   /usr/lib/libpthread-2.33.so
7fcadedb9000-7fcadedbe000 r--p 00016000 103:05 4066709                   /usr/lib/libpthread-2.33.so
7fcadedbe000-7fcadedbf000 r--p 0001a000 103:05 4066709                   /usr/lib/libpthread-2.33.so
7fcadedbf000-7fcadedc0000 rw-p 0001b000 103:05 4066709                   /usr/lib/libpthread-2.33.so
7fcadedc0000-7fcadedc4000 rw-p 00000000 00:00 0 
7fcadedc4000-7fcadedd3000 r-xp 00000000 103:05 3937512                   /home/peershaul/.jdks/openjdk-15.0.2/lib/libjli.so
7fcadedd3000-7fcadedd4000 r--p 0000e000 103:05 3937512                   /home/peershaul/.jdks/openjdk-15.0.2/lib/libjli.so
7fcadedd4000-7fcadedd5000 rw-p 0000f000 103:05 3937512                   /home/peershaul/.jdks/openjdk-15.0.2/lib/libjli.so
7fcadedd5000-7fcadedd8000 r--p 00000000 103:05 4076472                   /usr/lib/libz.so.1.2.11
7fcadedd8000-7fcadede6000 r-xp 00003000 103:05 4076472                   /usr/lib/libz.so.1.2.11
7fcadede6000-7fcadedec000 r--p 00011000 103:05 4076472                   /usr/lib/libz.so.1.2.11
7fcadedec000-7fcadeded000 ---p 00017000 103:05 4076472                   /usr/lib/libz.so.1.2.11
7fcadeded000-7fcadedee000 r--p 00017000 103:05 4076472                   /usr/lib/libz.so.1.2.11
7fcadedee000-7fcadedef000 rw-p 00018000 103:05 4076472                   /usr/lib/libz.so.1.2.11
7fcadedef000-7fcadedf1000 rw-p 00000000 00:00 0 
7fcadedf1000-7fcadedf2000 rw-s 00000000 00:05 1724                       /dev/nvidia0
7fcadedf2000-7fcadedf3000 rw-s 00000000 00:05 1723                       /dev/nvidiactl
7fcadedf3000-7fcadedf4000 rw-s 00000000 00:05 1723                       /dev/nvidiactl
7fcadedf4000-7fcadedf5000 rw-s 00000000 00:05 1723                       /dev/nvidiactl
7fcadedf5000-7fcadedf6000 r-xp 00000000 00:00 0 
7fcadedf6000-7fcadedf9000 r--p 00000000 103:05 4066702                   /usr/lib/libnss_files-2.33.so
7fcadedf9000-7fcadee00000 r-xp 00003000 103:05 4066702                   /usr/lib/libnss_files-2.33.so
7fcadee00000-7fcadee02000 r--p 0000a000 103:05 4066702                   /usr/lib/libnss_files-2.33.so
7fcadee02000-7fcadee03000 r--p 0000b000 103:05 4066702                   /usr/lib/libnss_files-2.33.so
7fcadee03000-7fcadee04000 rw-p 0000c000 103:05 4066702                   /usr/lib/libnss_files-2.33.so
7fcadee04000-7fcadee0a000 rw-p 00000000 00:00 0 
7fcadee0a000-7fcadee0b000 ---p 00000000 00:00 0 
7fcadee0b000-7fcadee0c000 r--p 00000000 00:00 0 
7fcadee0c000-7fcadee0d000 r--p 00000000 103:05 4066657                   /usr/lib/ld-2.33.so
7fcadee0d000-7fcadee31000 r-xp 00001000 103:05 4066657                   /usr/lib/ld-2.33.so
7fcadee31000-7fcadee3a000 r--p 00025000 103:05 4066657                   /usr/lib/ld-2.33.so
7fcadee3a000-7fcadee3b000 ---p 00000000 00:00 0 
7fcadee3b000-7fcadee3d000 r--p 0002e000 103:05 4066657                   /usr/lib/ld-2.33.so
7fcadee3d000-7fcadee3f000 rw-p 00030000 103:05 4066657                   /usr/lib/ld-2.33.so
7ffe1f6a3000-7ffe1f6c5000 rw-p 00000000 00:00 0                          [stack]
7ffe1f6c8000-7ffe1f6cc000 r--p 00000000 00:00 0                          [vvar]
7ffe1f6cc000-7ffe1f6ce000 r-xp 00000000 00:00 0                          [vdso]
ffffffffff600000-ffffffffff601000 --xp 00000000 00:00 0                  [vsyscall]


VM Arguments:
jvm_args: -Dfile.encoding=US-ASCII -Duser.country=US -Duser.language=en -Duser.variant 
java_command: Main
java_class_path (initial): /volume/dev/OpenGL/Java/EngineTest/build/classes/java/main:/volume/dev/OpenGL/Java/EngineTest/build/resources/main:/home/peershaul/.gradle/caches/modules-2/files-2.1/org.lwjgl/lwjgl-assimp/3.2.3/f62aa07a20afbdd3097efc296c4841e0d29700eb/lwjgl-assimp-3.2.3.jar:/home/peershaul/.gradle/caches/modules-2/files-2.1/org.lwjgl/lwjgl-assimp/3.2.3/9ecc218db17c49f2819a5a80dee7efea65a9ac4f/lwjgl-assimp-3.2.3-natives-linux.jar:/home/peershaul/.gradle/caches/modules-2/files-2.1/org.lwjgl/lwjgl-bgfx/3.2.3/433883c4040fa8df47244dffa1d42c96ce2143de/lwjgl-bgfx-3.2.3.jar:/home/peershaul/.gradle/caches/modules-2/files-2.1/org.lwjgl/lwjgl-bgfx/3.2.3/b30a656e8833ab98cc9434686c17390dbfa12531/lwjgl-bgfx-3.2.3-natives-linux.jar:/home/peershaul/.gradle/caches/modules-2/files-2.1/org.lwjgl/lwjgl-glfw/3.2.3/5e520d5c290c8b012545a8d34fa5db5ab051ea53/lwjgl-glfw-3.2.3.jar:/home/peershaul/.gradle/caches/modules-2/files-2.1/org.lwjgl/lwjgl-glfw/3.2.3/62b044d9b0a057444bef2ab70b9afc288ec09dba/lwjgl-glfw-3.2.3-natives-linux.jar:/home/peershaul/.gradle/caches/modules-2/files-2.1/org.lwjgl/lwjgl-nanovg/3.2.3/718be4a13691d1cd276fa852326e9e837d65204e/lwjgl-nanovg-3.2.3.jar:/home/peershaul/.gradle/caches/modules-2/files-2.1/org.lwjgl/lwjgl-nanovg/3.2.3/73a623c979331cac61050c36ebeabee5a5b8eae6/lwjgl-nanovg-3.2.3-natives-linux.jar:/home/peershaul/.gradle/caches/modules-2/files-2.1/org.lwjgl/lwjgl-nuklear/3.2.3/45bfab23e975201bf3cb81287be6034adec64a86/lwjgl-nuklear-3.2.3.jar:/home/peershaul/.gradle/caches/modules-2/files-2.1/org.lwjgl/lwjgl-nuklear/3.2.3/cbc2898b60a5f85368dc2f6999df7fc33926d83e/lwjgl-nuklear-3.2.3-natives-linux.jar:/home/peershaul/.gradle/caches/modules-2/files-2.1/org.lwjgl/lwjgl-openal/3.2.3/106742e805803ab9eab8e343f0fb31a3d263903c/lwjgl-openal-3.2.3.jar:/home/peershaul/.gradle/caches/modules-2/files-2.1/org.lwjgl/lwjgl-openal/3.2.3/869ddd9dbbf92a7d1be7f5942ca0adbde068d999/lwjgl-openal-3.2.3-natives-linux.jar:/home/peershaul/.gradle/caches/modules-2/files-2.1/org.l
Launcher Type: SUN_STANDARD

[Global flags]
     intx CICompilerCount                          = 3                                         {product} {ergonomic}
     uint ConcGCThreads                            = 2                                         {product} {ergonomic}
     uint G1ConcRefinementThreads                  = 6                                         {product} {ergonomic}
   size_t G1HeapRegionSize                         = 2097152                                   {product} {ergonomic}
    uintx GCDrainStackTargetSize                   = 64                                        {product} {ergonomic}
   size_t InitialHeapSize                          = 262144000                                 {product} {ergonomic}
   size_t MarkStackSize                            = 4194304                                   {product} {ergonomic}
   size_t MaxHeapSize                              = 4175429632                                {product} {ergonomic}
   size_t MaxNewSize                               = 2503999488                                {product} {ergonomic}
   size_t MinHeapDeltaBytes                        = 2097152                                   {product} {ergonomic}
   size_t MinHeapSize                              = 8388608                                   {product} {ergonomic}
    uintx NonNMethodCodeHeapSize                   = 5832780                                {pd product} {ergonomic}
    uintx NonProfiledCodeHeapSize                  = 122912730                              {pd product} {ergonomic}
    uintx ProfiledCodeHeapSize                     = 122912730                              {pd product} {ergonomic}
    uintx ReservedCodeCacheSize                    = 251658240                              {pd product} {ergonomic}
     bool SegmentedCodeCache                       = true                                      {product} {ergonomic}
   size_t SoftMaxHeapSize                          = 4175429632                             {manageable} {ergonomic}
     bool UseCompressedClassPointers               = true                                 {lp64_product} {ergonomic}
     bool UseCompressedOops                        = true                                 {lp64_product} {ergonomic}
     bool UseG1GC                                  = true                                      {product} {ergonomic}

Logging:
Log output configuration:
 #0: stdout all=warning uptime,level,tags
 #1: stderr all=off uptime,level,tags

Environment Variables:
PATH=/usr/sbin:/sbin:/usr/games:/usr/local/bin:/usr/bin:/bin:/usr/local/sbin:/usr/lib/jvm/default/bin:/usr/bin/site_perl:/usr/bin/vendor_perl:/usr/bin/core_perl:/var/lib/snapd/snap/bin
SHELL=/usr/bin/zsh
DISPLAY=:0
LANG=en_US

Signal Handlers:
SIGSEGV: [libjvm.so+0xd64200], sa_mask[0]=11111111011111111101111111111110, sa_flags=SA_RESTART|SA_SIGINFO
SIGBUS: [libjvm.so+0xd64200], sa_mask[0]=11111111011111111101111111111110, sa_flags=SA_RESTART|SA_SIGINFO
SIGFPE: [libjvm.so+0xd64200], sa_mask[0]=11111111011111111101111111111110, sa_flags=SA_RESTART|SA_SIGINFO
SIGPIPE: [libjvm.so+0xb419c0], sa_mask[0]=11111111011111111101111111111110, sa_flags=SA_RESTART|SA_SIGINFO
SIGXFSZ: [libjvm.so+0xb419c0], sa_mask[0]=11111111011111111101111111111110, sa_flags=SA_RESTART|SA_SIGINFO
SIGILL: [libjvm.so+0xd64200], sa_mask[0]=11111111011111111101111111111110, sa_flags=SA_RESTART|SA_SIGINFO
SIGUSR2: [libjvm.so+0xb41860], sa_mask[0]=00100000000000000000000000000000, sa_flags=SA_RESTART|SA_SIGINFO
SIGHUP: [libjvm.so+0xb420d0], sa_mask[0]=11111111011111111101111111111110, sa_flags=SA_RESTART|SA_SIGINFO
SIGINT: [libjvm.so+0xb420d0], sa_mask[0]=11111111011111111101111111111110, sa_flags=SA_RESTART|SA_SIGINFO
SIGTERM: [libjvm.so+0xb420d0], sa_mask[0]=11111111011111111101111111111110, sa_flags=SA_RESTART|SA_SIGINFO
SIGQUIT: [libjvm.so+0xb420d0], sa_mask[0]=11111111011111111101111111111110, sa_flags=SA_RESTART|SA_SIGINFO


---------------  S Y S T E M  ---------------

OS:
LSB_VERSION=1.4
DISTRIB_ID=Arch
DISTRIB_RELEASE=rolling
DISTRIB_DESCRIPTION="Arch Linux"
uname: Linux 5.11.11-arch1-1 #1 SMP PREEMPT Tue, 30 Mar 2021 14:10:17 +0000 x86_64
OS uptime: 0 days 3:34 hours
libc: glibc 2.33 NPTL 2.33 
rlimit (soft/hard): STACK 8192k/infinity , CORE infinity/infinity , NPROC 63622/63622 , NOFILE 524288/524288 , AS infinity/infinity , CPU infinity/infinity , DATA infinity/infinity , FSIZE infinity/infinity , MEMLOCK 64k/64k
load average: 0.61 0.75 0.77

/proc/meminfo:
MemTotal:       16302448 kB
MemFree:         9062676 kB
MemAvailable:   11552808 kB
Buffers:          146672 kB
Cached:          3063224 kB
SwapCached:            0 kB
Active:           969560 kB
Inactive:        5853764 kB
Active(anon):       9612 kB
Inactive(anon):  4134776 kB
Active(file):     959948 kB
Inactive(file):  1718988 kB
Unevictable:          32 kB
Mlocked:              32 kB
SwapTotal:             0 kB
SwapFree:              0 kB
Dirty:               164 kB
Writeback:            36 kB
AnonPages:       3613540 kB
Mapped:           919384 kB
Shmem:            530948 kB
KReclaimable:     135460 kB
Slab:             220104 kB
SReclaimable:     135460 kB
SUnreclaim:        84644 kB
KernelStack:        9536 kB
PageTables:        32512 kB
NFS_Unstable:          0 kB
Bounce:                0 kB
WritebackTmp:          0 kB
CommitLimit:     8151224 kB
Committed_AS:    8067632 kB
VmallocTotal:   34359738367 kB
VmallocUsed:       69796 kB
VmallocChunk:          0 kB
Percpu:             4576 kB
HardwareCorrupted:     0 kB
AnonHugePages:         0 kB
ShmemHugePages:        0 kB
ShmemPmdMapped:        0 kB
FileHugePages:         0 kB
FilePmdMapped:         0 kB
CmaTotal:              0 kB
CmaFree:               0 kB
HugePages_Total:       0
HugePages_Free:        0
HugePages_Rsvd:        0
HugePages_Surp:        0
Hugepagesize:       2048 kB
Hugetlb:               0 kB
DirectMap4k:      356280 kB
DirectMap2M:     7944192 kB
DirectMap1G:     8388608 kB

/sys/kernel/mm/transparent_hugepage/enabled: always [madvise] never
/sys/kernel/mm/transparent_hugepage/defrag (defrag/compaction efforts parameter): always defer defer+madvise [madvise] never

/proc/sys/kernel/threads-max (system-wide limit on the number of threads): 127245
/proc/sys/vm/max_map_count (maximum number of memory map areas a process may have): 65530
/proc/sys/kernel/pid_max (system-wide limit on number of process identifiers): 4194304

container (cgroup) information:
container_type: cgroupv2
cpu_cpuset_cpus: not supported
cpu_memory_nodes: not supported
active_processor_count: 6
cpu_quota: not supported
cpu_period: not supported
cpu_shares: not supported
memory_limit_in_bytes: unlimited
memory_and_swap_limit_in_bytes: unlimited
memory_soft_limit_in_bytes: unlimited
memory_usage_in_bytes: 3458527232
memory_max_usage_in_bytes: not supported

Steal ticks since vm start: 0
Steal ticks percentage since vm start:  0.000

CPU: total 6 (initial active 6) (6 cores per cpu, 1 threads per core) family 6 model 158 stepping 10 microcode 0x84, cmov, cx8, fxsr, mmx, sse, sse2, sse3, ssse3, sse4.1, sse4.2, popcnt, vzeroupper, avx, avx2, aes, clmul, erms, 3dnowpref, lzcnt, tsc, tscinvbit, bmi1, bmi2, adx, fma, clflush, clflushopt
CPU Model and flags from /proc/cpuinfo:
model name	: Intel(R) Core(TM) i5-8400 CPU @ 2.80GHz
flags		: fpu vme de pse tsc msr pae mce cx8 apic sep mtrr pge mca cmov pat pse36 clflush dts acpi mmx fxsr sse sse2 ss ht tm pbe syscall nx pdpe1gb rdtscp lm constant_tsc art arch_perfmon pebs bts rep_good nopl xtopology nonstop_tsc cpuid aperfmperf pni pclmulqdq dtes64 monitor ds_cpl vmx est tm2 ssse3 sdbg fma cx16 xtpr pdcm pcid sse4_1 sse4_2 x2apic movbe popcnt tsc_deadline_timer aes xsave avx f16c rdrand lahf_lm abm 3dnowprefetch cpuid_fault epb invpcid_single pti ibrs ibpb stibp tpr_shadow vnmi flexpriority ept vpid ept_ad fsgsbase tsc_adjust bmi1 avx2 smep bmi2 erms invpcid mpx rdseed adx smap clflushopt intel_pt xsaveopt xsavec xgetbv1 xsaves dtherm ida arat pln pts hwp hwp_notify hwp_act_window hwp_epp

Online cpus: 0-5
Offline cpus: 
BIOS frequency limitation: <Not Available>
Frequency switch latency (ns): 0
Available cpu frequencies: <Not Available>
Current governor: powersave
Core performance/turbo boost: <Not Available>

Memory: 4k page, physical 16302448k(9062676k free), swap 0k(0k free)

vm_info: OpenJDK 64-Bit Server VM (15.0.2+7-27) for linux-amd64 JRE (15.0.2+7-27), built on Dec  7 2020 19:54:59 by "mach5one" with gcc 9.2.0

END.
