#
# A fatal error has been detected by the Java Runtime Environment:
#
#  SIGSEGV (0xb) at pc=0x0000000040e81f56, pid=60591, tid=60593
#
# JRE version: OpenJDK Runtime Environment (15.0.2+7) (build 15.0.2+7-27)
# Java VM: OpenJDK 64-Bit Server VM (15.0.2+7-27, mixed mode, sharing, tiered, compressed oops, g1 gc, linux-amd64)
# Problematic frame:
# C  0x0000000040e81f56
#
# Core dump will be written. Default location: Core dumps may be processed with "/usr/lib/systemd/systemd-coredump %P %u %g %s %t %c %h" (or dumping to /volume/dev/OpenGL/Java/EngineTest/core.60591)
#
# If you would like to submit a bug report, please visit:
#   https://bugreport.java.com/bugreport/crash.jsp
# The crash happened outside the Java Virtual Machine in native code.
# See problematic frame for where to report the bug.
#

---------------  S U M M A R Y ------------

Command Line: -Dfile.encoding=US-ASCII -Duser.country=US -Duser.language=en -Duser.variant Main

Host: Intel(R) Core(TM) i5-8400 CPU @ 2.80GHz, 6 cores, 15G, Arch Linux
Time: Tue Apr  6 00:31:12 2021 IDT elapsed time: 0.357371 seconds (0d 0h 0m 0s)

---------------  T H R E A D  ---------------

Current thread (0x00007f5230028dc0):  JavaThread "main" [_thread_in_native, id=60593, stack(0x00007f5234520000,0x00007f5234621000)]

Stack: [0x00007f5234520000,0x00007f5234621000],  sp=0x00007f523461f108,  free space=1020k
Native frames: (J=compiled Java code, A=aot compiled Java code, j=interpreted, Vv=VM code, C=native code)
C  0x0000000040e81f56

Java frames: (J=compiled Java code, j=interpreted, Vv=VM code)
j  org.lwjgl.opengl.GL11C.nglDrawElements(IIIJ)V+0
j  org.lwjgl.opengl.GL11C.glDrawElements(IIIJ)V+4
j  org.lwjgl.opengl.GL11.glDrawElements(IIIJ)V+4
j  graphics.Renderer.draw()Z+58
j  Scenes.Scene.update(F)V+70
j  utils.Window.loop()V+82
j  Main.main([Ljava/lang/String;)V+54
v  ~StubRoutines::call_stub

siginfo: si_signo: 11 (SIGSEGV), si_code: 1 (SEGV_MAPERR), si_addr: 0x0000000000000000

Register to memory mapping:

RAX=0x00007f51f41f0c80 points into unknown readable memory: 0x0000000000000000 | 00 00 00 00 00 00 00 00
RBX=0x00000000415b3000 points into unknown readable memory: 0x00007f52304472c0 | c0 72 44 30 52 7f 00 00
RCX=0x0 is NULL
RDX=0x00007f5230a43144 points into unknown readable memory: 02 00 00 00
RSP=0x00007f523461f108 is pointing into the stack for thread: 0x00007f5230028dc0
RBP=0x00007f5230a43180 points into unknown readable memory: 0x706f5f6c676a776c | 6c 77 6a 67 6c 5f 6f 70
RSI=0x0 is NULL
RDI=0x0 is NULL
R8 =0x0000000000000002 is an unknown value
R9 =0x0 is NULL
R10=0x0000000041630ec0 points into unknown readable memory: 0x0000000000000000 | 00 00 00 00 00 00 00 00
R11=0x00007f5230a43180 points into unknown readable memory: 0x706f5f6c676a776c | 6c 77 6a 67 6c 5f 6f 70
R12=0x00007f5230719e60 points into unknown readable memory: 0x0100100400000009 | 09 00 00 00 04 10 00 01
R13=0x0 is NULL
R14=0x0000000000000010 is an unknown value
R15=0x0 is NULL


Registers:
RAX=0x00007f51f41f0c80, RBX=0x00000000415b3000, RCX=0x0000000000000000, RDX=0x00007f5230a43144
RSP=0x00007f523461f108, RBP=0x00007f5230a43180, RSI=0x0000000000000000, RDI=0x0000000000000000
R8 =0x0000000000000002, R9 =0x0000000000000000, R10=0x0000000041630ec0, R11=0x00007f5230a43180
R12=0x00007f5230719e60, R13=0x0000000000000000, R14=0x0000000000000010, R15=0x0000000000000000
RIP=0x0000000040e81f56, EFLAGS=0x0000000000010206, CSGSFS=0x002b000000000033, ERR=0x0000000000000004
  TRAPNO=0x000000000000000e

Top of Stack: (sp=0x00007f523461f108)
0x00007f523461f108:   00007f51f559e339 0000001000000000
0x00007f523461f118:   00007f5230a43140 0000000000000000
0x00007f523461f128:   00000000415b3000 0000000000000010
0x00007f523461f138:   0000000040e81f00 00007f5230720d28 

Instructions: (pc=0x0000000040e81f56)
0x0000000040e81e56:   00 00 00 00 00 00 00 00 00 00 00 00 00 00 00 00
0x0000000040e81e66:   00 00 00 00 00 00 00 00 00 00 00 00 00 00 00 00
0x0000000040e81e76:   00 00 00 00 00 00 00 00 00 00 00 00 00 00 00 00
0x0000000040e81e86:   00 00 00 00 00 00 00 00 00 00 00 00 00 00 00 00
0x0000000040e81e96:   00 00 00 00 00 00 00 00 00 00 00 00 00 00 00 00
0x0000000040e81ea6:   00 00 00 00 00 00 00 00 00 00 00 00 00 00 00 00
0x0000000040e81eb6:   00 00 00 00 00 00 00 00 00 00 00 00 00 00 00 00
0x0000000040e81ec6:   00 00 00 00 00 00 00 00 00 00 00 00 00 00 00 00
0x0000000040e81ed6:   00 00 00 00 00 00 00 00 00 00 00 00 00 00 00 00
0x0000000040e81ee6:   00 00 00 00 00 00 00 00 00 00 00 00 00 00 00 00
0x0000000040e81ef6:   00 00 40 ff ff ff c0 1e 00 00 48 89 6c 24 f8 48
0x0000000040e81f06:   89 5c 24 f0 48 89 74 24 e8 48 89 7c 24 e0 48 8b
0x0000000040e81f16:   df 48 8b c6 48 8b e9 48 8b d2 48 8d 2c aa 4c 8b
0x0000000040e81f26:   dd 8b 0a 49 ba c0 0e 63 41 00 00 00 00 41 03 0a
0x0000000040e81f36:   48 83 c2 04 48 be 38 ac 60 41 00 00 00 00 48 8b
0x0000000040e81f46:   36 48 8b b6 08 03 00 00 48 8d 3c 49 48 8d 34 fe
0x0000000040e81f56:   8b 3e 8b 6e 04 89 38 89 68 04 48 be 38 ac 60 41
0x0000000040e81f66:   00 00 00 00 48 8b 36 48 8b b6 38 03 00 00 48 8d
0x0000000040e81f76:   3c 49 48 8d 34 fe 8b 3e 8b 6e 04 89 78 08 89 68
0x0000000040e81f86:   0c 8b 7e 08 8b 6e 0c 89 78 10 89 68 14 48 83 c0
0x0000000040e81f96:   18 49 3b d3 75 8b 48 8b 7c 24 e0 48 8b 74 24 e8
0x0000000040e81fa6:   48 8b 5c 24 f0 48 8b 6c 24 f8 c3 00 00 00 00 00
0x0000000040e81fb6:   00 00 c0 ff ff ff c0 00 00 00 48 b8 50 b5 64 41
0x0000000040e81fc6:   00 00 00 00 48 8b 00 49 ba 10 f7 5f 41 00 00 00
0x0000000040e81fd6:   00 48 83 ec 28 48 83 c4 28 c3 00 00 00 00 00 00
0x0000000040e81fe6:   00 00 00 00 00 00 00 00 00 00 00 00 00 00 00 00
0x0000000040e81ff6:   00 00 00 00 00 00 40 00 00 00 ?? ?? ?? ?? ?? ??
0x0000000040e82006:   ?? ?? ?? ?? ?? ?? ?? ?? ?? ?? ?? ?? ?? ?? ?? ??
0x0000000040e82016:   ?? ?? ?? ?? ?? ?? ?? ?? ?? ?? ?? ?? ?? ?? ?? ??
0x0000000040e82026:   ?? ?? ?? ?? ?? ?? ?? ?? ?? ?? ?? ?? ?? ?? ?? ??
0x0000000040e82036:   ?? ?? ?? ?? ?? ?? ?? ?? ?? ?? ?? ?? ?? ?? ?? ??
0x0000000040e82046:   ?? ?? ?? ?? ?? ?? ?? ?? ?? ?? ?? ?? ?? ?? ?? ?? 


Stack slot to memory mapping:
stack at sp + 0 slots: 0x00007f51f559e339: <offset 0x0000000000f1d339> in /usr/lib/libnvidia-glcore.so.460.67 at 0x00007f51f4681000
stack at sp + 1 slots: 0x0000001000000000 is an unknown value
stack at sp + 2 slots: 0x00007f5230a43140 points into unknown readable memory: 0x0000000200000000 | 00 00 00 00 02 00 00 00
stack at sp + 3 slots: 0x0 is NULL
stack at sp + 4 slots: 0x00000000415b3000 points into unknown readable memory: 0x00007f52304472c0 | c0 72 44 30 52 7f 00 00
stack at sp + 5 slots: 0x0000000000000010 is an unknown value
stack at sp + 6 slots: 0x0000000040e81f00 points into unknown readable memory: 0x5c8948f8246c8948 | 48 89 6c 24 f8 48 89 5c
stack at sp + 7 slots: 0x00007f5230720d28 points into unknown readable memory: 0x00007f523080b3c0 | c0 b3 80 30 52 7f 00 00


---------------  P R O C E S S  ---------------

Threads class SMR info:
_java_thread_list=0x00007f51d4173830, length=11, elements={
0x00007f5230028dc0, 0x00007f52301704c0, 0x00007f5230171c00, 0x00007f5230177720,
0x00007f5230178e30, 0x00007f523017aa50, 0x00007f523017c280, 0x00007f523017d980,
0x00007f52301c2fb0, 0x00007f52301c6460, 0x00007f51d4172510
}

Java Threads: ( => current thread )
=>0x00007f5230028dc0 JavaThread "main" [_thread_in_native, id=60593, stack(0x00007f5234520000,0x00007f5234621000)]
  0x00007f52301704c0 JavaThread "Reference Handler" daemon [_thread_blocked, id=60600, stack(0x00007f51f7eff000,0x00007f51f8000000)]
  0x00007f5230171c00 JavaThread "Finalizer" daemon [_thread_blocked, id=60601, stack(0x00007f51f7dfe000,0x00007f51f7eff000)]
  0x00007f5230177720 JavaThread "Signal Dispatcher" daemon [_thread_blocked, id=60602, stack(0x00007f51f7a14000,0x00007f51f7b15000)]
  0x00007f5230178e30 JavaThread "Service Thread" daemon [_thread_blocked, id=60603, stack(0x00007f51f7913000,0x00007f51f7a14000)]
  0x00007f523017aa50 JavaThread "C2 CompilerThread0" daemon [_thread_blocked, id=60604, stack(0x00007f51f7812000,0x00007f51f7913000)]
  0x00007f523017c280 JavaThread "C1 CompilerThread0" daemon [_thread_blocked, id=60605, stack(0x00007f51f7711000,0x00007f51f7812000)]
  0x00007f523017d980 JavaThread "Sweeper thread" daemon [_thread_blocked, id=60606, stack(0x00007f51f7610000,0x00007f51f7711000)]
  0x00007f52301c2fb0 JavaThread "Notification Thread" daemon [_thread_blocked, id=60607, stack(0x00007f51f750f000,0x00007f51f7610000)]
  0x00007f52301c6460 JavaThread "Common-Cleaner" daemon [_thread_blocked, id=60609, stack(0x00007f51f730c000,0x00007f51f740d000)]
  0x00007f51d4172510 JavaThread "C2 CompilerThread1" daemon [_thread_blocked, id=60611, stack(0x00007f51f4043000,0x00007f51f4144000)]

Other Threads:
  0x00007f523016d770 VMThread "VM Thread" [stack: 0x00007f520c01f000,0x00007f520c11f000] [id=60599]
  0x00007f52301c4b70 WatcherThread [stack: 0x00007f51f740f000,0x00007f51f750f000] [id=60608]
  0x00007f52300786e0 GCTaskThread "GC Thread#0" [stack: 0x00007f520f44e000,0x00007f520f54e000] [id=60594]
  0x00007f5230089920 ConcurrentGCThread "G1 Main Marker" [stack: 0x00007f520f34c000,0x00007f520f44c000] [id=60595]
  0x00007f523008abb0 ConcurrentGCThread "G1 Conc#0" [stack: 0x00007f520f24a000,0x00007f520f34a000] [id=60596]
  0x00007f5230138150 ConcurrentGCThread "G1 Refine#0" [stack: 0x00007f520cb42000,0x00007f520cc42000] [id=60597]
  0x00007f5230139360 ConcurrentGCThread "G1 Young RemSet Sampling" [stack: 0x00007f520ca40000,0x00007f520cb40000] [id=60598]

Threads with active compile tasks:

VM state: not at safepoint (normal execution)

VM Mutex/Monitor currently owned by a thread: None

Heap address: 0x0000000707200000, size: 3982 MB, Compressed Oops mode: Zero based, Oop shift amount: 3
CDS archive(s) mapped at: [0x0000000800000000-0x0000000800b33000-0x0000000800b33000), size 11743232, SharedBaseAddress: 0x0000000800000000, ArchiveRelocationMode: 0.
Compressed class space mapped at: 0x0000000800b34000-0x0000000840b34000, size: 1073741824
Narrow klass base: 0x0000000800000000, Narrow klass shift: 3, Narrow klass range: 0x100000000

GC Precious Log:
 CPUs: 6 total, 6 available
 Memory: 15920M
 Large Page Support: Disabled
 NUMA Support: Disabled
 Compressed Oops: Enabled (Zero based)
 Heap Region Size: 2M
 Heap Min Capacity: 8M
 Heap Initial Capacity: 250M
 Heap Max Capacity: 3982M
 Pre-touch: Disabled
 Parallel Workers: 6
 Concurrent Workers: 2
 Concurrent Refinement Workers: 6
 Periodic GC: Disabled

Heap:
 garbage-first heap   total 260096K, used 18232K [0x0000000707200000, 0x0000000800000000)
  region size 2048K, 9 young (18432K), 0 survivors (0K)
 Metaspace       used 6537K, capacity 9249K, committed 9600K, reserved 1058816K
  class space    used 361K, capacity 633K, committed 640K, reserved 1048576K

Heap Regions: E=young(eden), S=young(survivor), O=old, HS=humongous(starts), HC=humongous(continues), CS=collection set, F=free, OA=open archive, CA=closed archive, TAMS=top-at-mark-start (previous, next)
|   0|0x0000000707200000, 0x0000000707200000, 0x0000000707400000|  0%| F|  |TAMS 0x0000000707200000, 0x0000000707200000| Untracked 
|   1|0x0000000707400000, 0x0000000707400000, 0x0000000707600000|  0%| F|  |TAMS 0x0000000707400000, 0x0000000707400000| Untracked 
|   2|0x0000000707600000, 0x0000000707600000, 0x0000000707800000|  0%| F|  |TAMS 0x0000000707600000, 0x0000000707600000| Untracked 
|   3|0x0000000707800000, 0x0000000707800000, 0x0000000707a00000|  0%| F|  |TAMS 0x0000000707800000, 0x0000000707800000| Untracked 
|   4|0x0000000707a00000, 0x0000000707a00000, 0x0000000707c00000|  0%| F|  |TAMS 0x0000000707a00000, 0x0000000707a00000| Untracked 
|   5|0x0000000707c00000, 0x0000000707c00000, 0x0000000707e00000|  0%| F|  |TAMS 0x0000000707c00000, 0x0000000707c00000| Untracked 
|   6|0x0000000707e00000, 0x0000000707e00000, 0x0000000708000000|  0%| F|  |TAMS 0x0000000707e00000, 0x0000000707e00000| Untracked 
|   7|0x0000000708000000, 0x0000000708000000, 0x0000000708200000|  0%| F|  |TAMS 0x0000000708000000, 0x0000000708000000| Untracked 
|   8|0x0000000708200000, 0x0000000708200000, 0x0000000708400000|  0%| F|  |TAMS 0x0000000708200000, 0x0000000708200000| Untracked 
|   9|0x0000000708400000, 0x0000000708400000, 0x0000000708600000|  0%| F|  |TAMS 0x0000000708400000, 0x0000000708400000| Untracked 
|  10|0x0000000708600000, 0x0000000708600000, 0x0000000708800000|  0%| F|  |TAMS 0x0000000708600000, 0x0000000708600000| Untracked 
|  11|0x0000000708800000, 0x0000000708800000, 0x0000000708a00000|  0%| F|  |TAMS 0x0000000708800000, 0x0000000708800000| Untracked 
|  12|0x0000000708a00000, 0x0000000708a00000, 0x0000000708c00000|  0%| F|  |TAMS 0x0000000708a00000, 0x0000000708a00000| Untracked 
|  13|0x0000000708c00000, 0x0000000708c00000, 0x0000000708e00000|  0%| F|  |TAMS 0x0000000708c00000, 0x0000000708c00000| Untracked 
|  14|0x0000000708e00000, 0x0000000708e00000, 0x0000000709000000|  0%| F|  |TAMS 0x0000000708e00000, 0x0000000708e00000| Untracked 
|  15|0x0000000709000000, 0x0000000709000000, 0x0000000709200000|  0%| F|  |TAMS 0x0000000709000000, 0x0000000709000000| Untracked 
|  16|0x0000000709200000, 0x0000000709200000, 0x0000000709400000|  0%| F|  |TAMS 0x0000000709200000, 0x0000000709200000| Untracked 
|  17|0x0000000709400000, 0x0000000709400000, 0x0000000709600000|  0%| F|  |TAMS 0x0000000709400000, 0x0000000709400000| Untracked 
|  18|0x0000000709600000, 0x0000000709600000, 0x0000000709800000|  0%| F|  |TAMS 0x0000000709600000, 0x0000000709600000| Untracked 
|  19|0x0000000709800000, 0x0000000709800000, 0x0000000709a00000|  0%| F|  |TAMS 0x0000000709800000, 0x0000000709800000| Untracked 
|  20|0x0000000709a00000, 0x0000000709a00000, 0x0000000709c00000|  0%| F|  |TAMS 0x0000000709a00000, 0x0000000709a00000| Untracked 
|  21|0x0000000709c00000, 0x0000000709c00000, 0x0000000709e00000|  0%| F|  |TAMS 0x0000000709c00000, 0x0000000709c00000| Untracked 
|  22|0x0000000709e00000, 0x0000000709e00000, 0x000000070a000000|  0%| F|  |TAMS 0x0000000709e00000, 0x0000000709e00000| Untracked 
|  23|0x000000070a000000, 0x000000070a000000, 0x000000070a200000|  0%| F|  |TAMS 0x000000070a000000, 0x000000070a000000| Untracked 
|  24|0x000000070a200000, 0x000000070a200000, 0x000000070a400000|  0%| F|  |TAMS 0x000000070a200000, 0x000000070a200000| Untracked 
|  25|0x000000070a400000, 0x000000070a400000, 0x000000070a600000|  0%| F|  |TAMS 0x000000070a400000, 0x000000070a400000| Untracked 
|  26|0x000000070a600000, 0x000000070a600000, 0x000000070a800000|  0%| F|  |TAMS 0x000000070a600000, 0x000000070a600000| Untracked 
|  27|0x000000070a800000, 0x000000070a800000, 0x000000070aa00000|  0%| F|  |TAMS 0x000000070a800000, 0x000000070a800000| Untracked 
|  28|0x000000070aa00000, 0x000000070aa00000, 0x000000070ac00000|  0%| F|  |TAMS 0x000000070aa00000, 0x000000070aa00000| Untracked 
|  29|0x000000070ac00000, 0x000000070ac00000, 0x000000070ae00000|  0%| F|  |TAMS 0x000000070ac00000, 0x000000070ac00000| Untracked 
|  30|0x000000070ae00000, 0x000000070ae00000, 0x000000070b000000|  0%| F|  |TAMS 0x000000070ae00000, 0x000000070ae00000| Untracked 
|  31|0x000000070b000000, 0x000000070b000000, 0x000000070b200000|  0%| F|  |TAMS 0x000000070b000000, 0x000000070b000000| Untracked 
|  32|0x000000070b200000, 0x000000070b200000, 0x000000070b400000|  0%| F|  |TAMS 0x000000070b200000, 0x000000070b200000| Untracked 
|  33|0x000000070b400000, 0x000000070b400000, 0x000000070b600000|  0%| F|  |TAMS 0x000000070b400000, 0x000000070b400000| Untracked 
|  34|0x000000070b600000, 0x000000070b600000, 0x000000070b800000|  0%| F|  |TAMS 0x000000070b600000, 0x000000070b600000| Untracked 
|  35|0x000000070b800000, 0x000000070b800000, 0x000000070ba00000|  0%| F|  |TAMS 0x000000070b800000, 0x000000070b800000| Untracked 
|  36|0x000000070ba00000, 0x000000070ba00000, 0x000000070bc00000|  0%| F|  |TAMS 0x000000070ba00000, 0x000000070ba00000| Untracked 
|  37|0x000000070bc00000, 0x000000070bc00000, 0x000000070be00000|  0%| F|  |TAMS 0x000000070bc00000, 0x000000070bc00000| Untracked 
|  38|0x000000070be00000, 0x000000070be00000, 0x000000070c000000|  0%| F|  |TAMS 0x000000070be00000, 0x000000070be00000| Untracked 
|  39|0x000000070c000000, 0x000000070c000000, 0x000000070c200000|  0%| F|  |TAMS 0x000000070c000000, 0x000000070c000000| Untracked 
|  40|0x000000070c200000, 0x000000070c200000, 0x000000070c400000|  0%| F|  |TAMS 0x000000070c200000, 0x000000070c200000| Untracked 
|  41|0x000000070c400000, 0x000000070c400000, 0x000000070c600000|  0%| F|  |TAMS 0x000000070c400000, 0x000000070c400000| Untracked 
|  42|0x000000070c600000, 0x000000070c600000, 0x000000070c800000|  0%| F|  |TAMS 0x000000070c600000, 0x000000070c600000| Untracked 
|  43|0x000000070c800000, 0x000000070c800000, 0x000000070ca00000|  0%| F|  |TAMS 0x000000070c800000, 0x000000070c800000| Untracked 
|  44|0x000000070ca00000, 0x000000070ca00000, 0x000000070cc00000|  0%| F|  |TAMS 0x000000070ca00000, 0x000000070ca00000| Untracked 
|  45|0x000000070cc00000, 0x000000070cc00000, 0x000000070ce00000|  0%| F|  |TAMS 0x000000070cc00000, 0x000000070cc00000| Untracked 
|  46|0x000000070ce00000, 0x000000070ce00000, 0x000000070d000000|  0%| F|  |TAMS 0x000000070ce00000, 0x000000070ce00000| Untracked 
|  47|0x000000070d000000, 0x000000070d000000, 0x000000070d200000|  0%| F|  |TAMS 0x000000070d000000, 0x000000070d000000| Untracked 
|  48|0x000000070d200000, 0x000000070d200000, 0x000000070d400000|  0%| F|  |TAMS 0x000000070d200000, 0x000000070d200000| Untracked 
|  49|0x000000070d400000, 0x000000070d400000, 0x000000070d600000|  0%| F|  |TAMS 0x000000070d400000, 0x000000070d400000| Untracked 
|  50|0x000000070d600000, 0x000000070d600000, 0x000000070d800000|  0%| F|  |TAMS 0x000000070d600000, 0x000000070d600000| Untracked 
|  51|0x000000070d800000, 0x000000070d800000, 0x000000070da00000|  0%| F|  |TAMS 0x000000070d800000, 0x000000070d800000| Untracked 
|  52|0x000000070da00000, 0x000000070da00000, 0x000000070dc00000|  0%| F|  |TAMS 0x000000070da00000, 0x000000070da00000| Untracked 
|  53|0x000000070dc00000, 0x000000070dc00000, 0x000000070de00000|  0%| F|  |TAMS 0x000000070dc00000, 0x000000070dc00000| Untracked 
|  54|0x000000070de00000, 0x000000070de00000, 0x000000070e000000|  0%| F|  |TAMS 0x000000070de00000, 0x000000070de00000| Untracked 
|  55|0x000000070e000000, 0x000000070e000000, 0x000000070e200000|  0%| F|  |TAMS 0x000000070e000000, 0x000000070e000000| Untracked 
|  56|0x000000070e200000, 0x000000070e200000, 0x000000070e400000|  0%| F|  |TAMS 0x000000070e200000, 0x000000070e200000| Untracked 
|  57|0x000000070e400000, 0x000000070e400000, 0x000000070e600000|  0%| F|  |TAMS 0x000000070e400000, 0x000000070e400000| Untracked 
|  58|0x000000070e600000, 0x000000070e600000, 0x000000070e800000|  0%| F|  |TAMS 0x000000070e600000, 0x000000070e600000| Untracked 
|  59|0x000000070e800000, 0x000000070e800000, 0x000000070ea00000|  0%| F|  |TAMS 0x000000070e800000, 0x000000070e800000| Untracked 
|  60|0x000000070ea00000, 0x000000070ea00000, 0x000000070ec00000|  0%| F|  |TAMS 0x000000070ea00000, 0x000000070ea00000| Untracked 
|  61|0x000000070ec00000, 0x000000070ec00000, 0x000000070ee00000|  0%| F|  |TAMS 0x000000070ec00000, 0x000000070ec00000| Untracked 
|  62|0x000000070ee00000, 0x000000070ee00000, 0x000000070f000000|  0%| F|  |TAMS 0x000000070ee00000, 0x000000070ee00000| Untracked 
|  63|0x000000070f000000, 0x000000070f000000, 0x000000070f200000|  0%| F|  |TAMS 0x000000070f000000, 0x000000070f000000| Untracked 
|  64|0x000000070f200000, 0x000000070f200000, 0x000000070f400000|  0%| F|  |TAMS 0x000000070f200000, 0x000000070f200000| Untracked 
|  65|0x000000070f400000, 0x000000070f400000, 0x000000070f600000|  0%| F|  |TAMS 0x000000070f400000, 0x000000070f400000| Untracked 
|  66|0x000000070f600000, 0x000000070f600000, 0x000000070f800000|  0%| F|  |TAMS 0x000000070f600000, 0x000000070f600000| Untracked 
|  67|0x000000070f800000, 0x000000070f800000, 0x000000070fa00000|  0%| F|  |TAMS 0x000000070f800000, 0x000000070f800000| Untracked 
|  68|0x000000070fa00000, 0x000000070fa00000, 0x000000070fc00000|  0%| F|  |TAMS 0x000000070fa00000, 0x000000070fa00000| Untracked 
|  69|0x000000070fc00000, 0x000000070fc00000, 0x000000070fe00000|  0%| F|  |TAMS 0x000000070fc00000, 0x000000070fc00000| Untracked 
|  70|0x000000070fe00000, 0x000000070fe00000, 0x0000000710000000|  0%| F|  |TAMS 0x000000070fe00000, 0x000000070fe00000| Untracked 
|  71|0x0000000710000000, 0x0000000710000000, 0x0000000710200000|  0%| F|  |TAMS 0x0000000710000000, 0x0000000710000000| Untracked 
|  72|0x0000000710200000, 0x0000000710200000, 0x0000000710400000|  0%| F|  |TAMS 0x0000000710200000, 0x0000000710200000| Untracked 
|  73|0x0000000710400000, 0x0000000710400000, 0x0000000710600000|  0%| F|  |TAMS 0x0000000710400000, 0x0000000710400000| Untracked 
|  74|0x0000000710600000, 0x0000000710600000, 0x0000000710800000|  0%| F|  |TAMS 0x0000000710600000, 0x0000000710600000| Untracked 
|  75|0x0000000710800000, 0x0000000710800000, 0x0000000710a00000|  0%| F|  |TAMS 0x0000000710800000, 0x0000000710800000| Untracked 
|  76|0x0000000710a00000, 0x0000000710a00000, 0x0000000710c00000|  0%| F|  |TAMS 0x0000000710a00000, 0x0000000710a00000| Untracked 
|  77|0x0000000710c00000, 0x0000000710c00000, 0x0000000710e00000|  0%| F|  |TAMS 0x0000000710c00000, 0x0000000710c00000| Untracked 
|  78|0x0000000710e00000, 0x0000000710e00000, 0x0000000711000000|  0%| F|  |TAMS 0x0000000710e00000, 0x0000000710e00000| Untracked 
|  79|0x0000000711000000, 0x0000000711000000, 0x0000000711200000|  0%| F|  |TAMS 0x0000000711000000, 0x0000000711000000| Untracked 
|  80|0x0000000711200000, 0x0000000711200000, 0x0000000711400000|  0%| F|  |TAMS 0x0000000711200000, 0x0000000711200000| Untracked 
|  81|0x0000000711400000, 0x0000000711400000, 0x0000000711600000|  0%| F|  |TAMS 0x0000000711400000, 0x0000000711400000| Untracked 
|  82|0x0000000711600000, 0x0000000711600000, 0x0000000711800000|  0%| F|  |TAMS 0x0000000711600000, 0x0000000711600000| Untracked 
|  83|0x0000000711800000, 0x0000000711800000, 0x0000000711a00000|  0%| F|  |TAMS 0x0000000711800000, 0x0000000711800000| Untracked 
|  84|0x0000000711a00000, 0x0000000711a00000, 0x0000000711c00000|  0%| F|  |TAMS 0x0000000711a00000, 0x0000000711a00000| Untracked 
|  85|0x0000000711c00000, 0x0000000711c00000, 0x0000000711e00000|  0%| F|  |TAMS 0x0000000711c00000, 0x0000000711c00000| Untracked 
|  86|0x0000000711e00000, 0x0000000711e00000, 0x0000000712000000|  0%| F|  |TAMS 0x0000000711e00000, 0x0000000711e00000| Untracked 
|  87|0x0000000712000000, 0x0000000712000000, 0x0000000712200000|  0%| F|  |TAMS 0x0000000712000000, 0x0000000712000000| Untracked 
|  88|0x0000000712200000, 0x0000000712200000, 0x0000000712400000|  0%| F|  |TAMS 0x0000000712200000, 0x0000000712200000| Untracked 
|  89|0x0000000712400000, 0x0000000712400000, 0x0000000712600000|  0%| F|  |TAMS 0x0000000712400000, 0x0000000712400000| Untracked 
|  90|0x0000000712600000, 0x0000000712600000, 0x0000000712800000|  0%| F|  |TAMS 0x0000000712600000, 0x0000000712600000| Untracked 
|  91|0x0000000712800000, 0x0000000712800000, 0x0000000712a00000|  0%| F|  |TAMS 0x0000000712800000, 0x0000000712800000| Untracked 
|  92|0x0000000712a00000, 0x0000000712a00000, 0x0000000712c00000|  0%| F|  |TAMS 0x0000000712a00000, 0x0000000712a00000| Untracked 
|  93|0x0000000712c00000, 0x0000000712c00000, 0x0000000712e00000|  0%| F|  |TAMS 0x0000000712c00000, 0x0000000712c00000| Untracked 
|  94|0x0000000712e00000, 0x0000000712e00000, 0x0000000713000000|  0%| F|  |TAMS 0x0000000712e00000, 0x0000000712e00000| Untracked 
|  95|0x0000000713000000, 0x0000000713000000, 0x0000000713200000|  0%| F|  |TAMS 0x0000000713000000, 0x0000000713000000| Untracked 
|  96|0x0000000713200000, 0x0000000713200000, 0x0000000713400000|  0%| F|  |TAMS 0x0000000713200000, 0x0000000713200000| Untracked 
|  97|0x0000000713400000, 0x0000000713400000, 0x0000000713600000|  0%| F|  |TAMS 0x0000000713400000, 0x0000000713400000| Untracked 
|  98|0x0000000713600000, 0x0000000713600000, 0x0000000713800000|  0%| F|  |TAMS 0x0000000713600000, 0x0000000713600000| Untracked 
|  99|0x0000000713800000, 0x0000000713800000, 0x0000000713a00000|  0%| F|  |TAMS 0x0000000713800000, 0x0000000713800000| Untracked 
| 100|0x0000000713a00000, 0x0000000713a00000, 0x0000000713c00000|  0%| F|  |TAMS 0x0000000713a00000, 0x0000000713a00000| Untracked 
| 101|0x0000000713c00000, 0x0000000713c00000, 0x0000000713e00000|  0%| F|  |TAMS 0x0000000713c00000, 0x0000000713c00000| Untracked 
| 102|0x0000000713e00000, 0x0000000713e00000, 0x0000000714000000|  0%| F|  |TAMS 0x0000000713e00000, 0x0000000713e00000| Untracked 
| 103|0x0000000714000000, 0x0000000714000000, 0x0000000714200000|  0%| F|  |TAMS 0x0000000714000000, 0x0000000714000000| Untracked 
| 104|0x0000000714200000, 0x0000000714200000, 0x0000000714400000|  0%| F|  |TAMS 0x0000000714200000, 0x0000000714200000| Untracked 
| 105|0x0000000714400000, 0x0000000714400000, 0x0000000714600000|  0%| F|  |TAMS 0x0000000714400000, 0x0000000714400000| Untracked 
| 106|0x0000000714600000, 0x0000000714600000, 0x0000000714800000|  0%| F|  |TAMS 0x0000000714600000, 0x0000000714600000| Untracked 
| 107|0x0000000714800000, 0x0000000714800000, 0x0000000714a00000|  0%| F|  |TAMS 0x0000000714800000, 0x0000000714800000| Untracked 
| 108|0x0000000714a00000, 0x0000000714a00000, 0x0000000714c00000|  0%| F|  |TAMS 0x0000000714a00000, 0x0000000714a00000| Untracked 
| 109|0x0000000714c00000, 0x0000000714c00000, 0x0000000714e00000|  0%| F|  |TAMS 0x0000000714c00000, 0x0000000714c00000| Untracked 
| 110|0x0000000714e00000, 0x0000000714e00000, 0x0000000715000000|  0%| F|  |TAMS 0x0000000714e00000, 0x0000000714e00000| Untracked 
| 111|0x0000000715000000, 0x0000000715000000, 0x0000000715200000|  0%| F|  |TAMS 0x0000000715000000, 0x0000000715000000| Untracked 
| 112|0x0000000715200000, 0x0000000715200000, 0x0000000715400000|  0%| F|  |TAMS 0x0000000715200000, 0x0000000715200000| Untracked 
| 113|0x0000000715400000, 0x0000000715400000, 0x0000000715600000|  0%| F|  |TAMS 0x0000000715400000, 0x0000000715400000| Untracked 
| 114|0x0000000715600000, 0x0000000715600000, 0x0000000715800000|  0%| F|  |TAMS 0x0000000715600000, 0x0000000715600000| Untracked 
| 115|0x0000000715800000, 0x0000000715800000, 0x0000000715a00000|  0%| F|  |TAMS 0x0000000715800000, 0x0000000715800000| Untracked 
| 116|0x0000000715a00000, 0x0000000715a6b120, 0x0000000715c00000| 20%| E|  |TAMS 0x0000000715a00000, 0x0000000715a00000| Complete 
| 117|0x0000000715c00000, 0x0000000715e00000, 0x0000000715e00000|100%| E|CS|TAMS 0x0000000715c00000, 0x0000000715c00000| Complete 
| 118|0x0000000715e00000, 0x0000000716000000, 0x0000000716000000|100%| E|CS|TAMS 0x0000000715e00000, 0x0000000715e00000| Complete 
| 119|0x0000000716000000, 0x0000000716200000, 0x0000000716200000|100%| E|CS|TAMS 0x0000000716000000, 0x0000000716000000| Complete 
| 120|0x0000000716200000, 0x0000000716400000, 0x0000000716400000|100%| E|CS|TAMS 0x0000000716200000, 0x0000000716200000| Complete 
| 121|0x0000000716400000, 0x0000000716600000, 0x0000000716600000|100%| E|CS|TAMS 0x0000000716400000, 0x0000000716400000| Complete 
| 122|0x0000000716600000, 0x0000000716800000, 0x0000000716800000|100%| E|CS|TAMS 0x0000000716600000, 0x0000000716600000| Complete 
| 123|0x0000000716800000, 0x0000000716a00000, 0x0000000716a00000|100%| E|CS|TAMS 0x0000000716800000, 0x0000000716800000| Complete 
| 124|0x0000000716a00000, 0x0000000716c00000, 0x0000000716c00000|100%| E|CS|TAMS 0x0000000716a00000, 0x0000000716a00000| Complete 
|1989|0x00000007ffc00000, 0x00000007ffd52000, 0x00000007ffe00000| 66%|OA|  |TAMS 0x00000007ffc00000, 0x00000007ffc00000| Untracked 
|1990|0x00000007ffe00000, 0x00000007ffe7c000, 0x0000000800000000| 24%|CA|  |TAMS 0x00000007ffe00000, 0x00000007ffe00000| Untracked 

Card table byte_map: [0x00007f5217985000,0x00007f521814c000] _byte_map_base: 0x00007f521414c000

Marking Bits (Prev, Next): (CMBitMap*) 0x00007f5230079480, (CMBitMap*) 0x00007f52300794c0
 Prev Bits: [0x00007f5213386000, 0x00007f52171be000)
 Next Bits: [0x00007f520f54e000, 0x00007f5213386000)

Polling page: 0x00007f5235b45000

Metaspace:

Usage:
  Non-class:      8.41 MB capacity,     6.03 MB ( 72%) used,     2.37 MB ( 28%) free+waste,    10.69 KB ( <1%) overhead. 
      Class:    633.00 KB capacity,   361.51 KB ( 57%) used,   267.80 KB ( 42%) free+waste,     3.69 KB ( <1%) overhead. 
       Both:      9.03 MB capacity,     6.38 MB ( 71%) used,     2.63 MB ( 29%) free+waste,    14.38 KB ( <1%) overhead. 

Virtual space:
  Non-class space:       10.00 MB reserved,       8.75 MB ( 88%) committed 
      Class space:        1.00 GB reserved,     640.00 KB ( <1%) committed 
             Both:        1.01 GB reserved,       9.38 MB ( <1%) committed 

Chunk freelists:
   Non-Class:  136.00 KB
       Class:  0 bytes
        Both:  136.00 KB

MaxMetaspaceSize: 17179869184.00 GB
CompressedClassSpaceSize: 1.00 GB

CodeHeap 'non-profiled nmethods': size=120032Kb used=262Kb max_used=262Kb free=119769Kb
 bounds [0x00007f52207df000, 0x00007f5220a4f000, 0x00007f5227d17000]
CodeHeap 'profiled nmethods': size=120028Kb used=1333Kb max_used=1333Kb free=118695Kb
 bounds [0x00007f52192a8000, 0x00007f5219518000, 0x00007f52207df000]
CodeHeap 'non-nmethods': size=5700Kb used=1599Kb max_used=1622Kb free=4100Kb
 bounds [0x00007f5218d17000, 0x00007f5218f87000, 0x00007f52192a8000]
 total_blobs=1808 nmethods=817 adapters=905
 compilation: enabled
              stopped_count=0, restarted_count=0
 full_count=0

Compilation events (20 events):
Event: 0.335 Thread 0x00007f523017c280  808       3       java.nio.CharBuffer::charAt (16 bytes)
Event: 0.335 Thread 0x00007f523017c280 nmethod 808 0x00007f52193f1890 code [0x00007f52193f1a60, 0x00007f52193f1df0]
Event: 0.335 Thread 0x00007f523017c280  809       3       java.nio.Buffer::checkIndex (24 bytes)
Event: 0.335 Thread 0x00007f523017c280 nmethod 809 0x00007f52193f1f10 code [0x00007f52193f20c0, 0x00007f52193f2300]
Event: 0.335 Thread 0x00007f523017c280  810       3       java.nio.HeapCharBuffer::get (19 bytes)
Event: 0.335 Thread 0x00007f523017c280 nmethod 810 0x00007f52193f2410 code [0x00007f52193f25c0, 0x00007f52193f2860]
Event: 0.336 Thread 0x00007f523017c280  811       3       java.lang.Character::isHighSurrogate (18 bytes)
Event: 0.336 Thread 0x00007f523017c280 nmethod 811 0x00007f52193f2a10 code [0x00007f52193f2ba0, 0x00007f52193f2d10]
Event: 0.336 Thread 0x00007f51d4172510 nmethod 784 0x00007f522081e010 code [0x00007f522081e1a0, 0x00007f522081e6d8]
Event: 0.336 Thread 0x00007f523017c280  812       3       java.net.URLStreamHandler::toExternalForm (156 bytes)
Event: 0.336 Thread 0x00007f523017aa50  814 %     4       java.lang.StringCoding::encodeASCII @ 11 (158 bytes)
Event: 0.336 Thread 0x00007f51d4172510  815   !   4       java.util.zip.ZipFile$Source::getEntryPos (174 bytes)
Event: 0.337 Thread 0x00007f523017c280 nmethod 812 0x00007f52193f2d90 code [0x00007f52193f31a0, 0x00007f52193f4910]
Event: 0.337 Thread 0x00007f523017c280  813       3       java.util.zip.ZipFile$Source::getEntryPos (9 bytes)
Event: 0.337 Thread 0x00007f523017c280 nmethod 813 0x00007f52193f5090 code [0x00007f52193f5220, 0x00007f52193f5350]
Event: 0.339 Thread 0x00007f523017aa50 nmethod 814% 0x00007f522081ea10 code [0x00007f522081eba0, 0x00007f522081ee78]
Event: 0.339 Thread 0x00007f523017aa50  817       4       sun.misc.Unsafe::putByte (9 bytes)
Event: 0.339 Thread 0x00007f523017aa50 nmethod 817 0x00007f522081f010 code [0x00007f522081f180, 0x00007f522081f1f8]
Event: 0.339 Thread 0x00007f523017aa50  816       4       java.util.zip.ZipFile$Source::getEntryHash (7 bytes)
Event: 0.339 Thread 0x00007f523017aa50 nmethod 816 0x00007f522081f310 code [0x00007f522081f480, 0x00007f522081f518]

GC Heap History (0 events):
No events

Deoptimization events (20 events):
Event: 0.322 Thread 0x00007f5230028dc0 Uncommon trap: trap_request=0xffffff45 fr.pc=0x00007f52207e37d8 relative=0x0000000000000058
Event: 0.322 Thread 0x00007f5230028dc0 Uncommon trap: reason=unstable_if action=reinterpret pc=0x00007f52207e37d8 method=java.lang.String.isLatin1()Z @ 10 c2
Event: 0.322 Thread 0x00007f5230028dc0 DEOPT PACKING pc=0x00007f52207e37d8 sp=0x00007f523461e9f0
Event: 0.322 Thread 0x00007f5230028dc0 DEOPT UNPACKING pc=0x00007f5218d65125 sp=0x00007f523461e9a0 mode 2
Event: 0.331 Thread 0x00007f5230028dc0 Uncommon trap: trap_request=0xffffff45 fr.pc=0x00007f52207fd73c relative=0x000000000000049c
Event: 0.331 Thread 0x00007f5230028dc0 Uncommon trap: reason=unstable_if action=reinterpret pc=0x00007f52207fd73c method=java.lang.AbstractStringBuilder.putStringAt(ILjava/lang/String;)V @ 8 c2
Event: 0.331 Thread 0x00007f5230028dc0 DEOPT PACKING pc=0x00007f52207fd73c sp=0x00007f523461f440
Event: 0.331 Thread 0x00007f5230028dc0 DEOPT UNPACKING pc=0x00007f5218d65125 sp=0x00007f523461f358 mode 2
Event: 0.331 Thread 0x00007f5230028dc0 Uncommon trap: trap_request=0xffffff45 fr.pc=0x00007f52207fb92c relative=0x000000000000048c
Event: 0.331 Thread 0x00007f5230028dc0 Uncommon trap: reason=unstable_if action=reinterpret pc=0x00007f52207fb92c method=java.lang.AbstractStringBuilder.putStringAt(ILjava/lang/String;)V @ 8 c2
Event: 0.331 Thread 0x00007f5230028dc0 DEOPT PACKING pc=0x00007f52207fb92c sp=0x00007f523461f3f0
Event: 0.331 Thread 0x00007f5230028dc0 DEOPT UNPACKING pc=0x00007f5218d65125 sp=0x00007f523461f360 mode 2
Event: 0.331 Thread 0x00007f5230028dc0 Uncommon trap: trap_request=0xffffff45 fr.pc=0x00007f52207f8fe4 relative=0x00000000000000e4
Event: 0.331 Thread 0x00007f5230028dc0 Uncommon trap: reason=unstable_if action=reinterpret pc=0x00007f52207f8fe4 method=java.lang.String.getBytes([BIB)V @ 5 c2
Event: 0.331 Thread 0x00007f5230028dc0 DEOPT PACKING pc=0x00007f52207f8fe4 sp=0x00007f523461f310
Event: 0.331 Thread 0x00007f5230028dc0 DEOPT UNPACKING pc=0x00007f5218d65125 sp=0x00007f523461f2d8 mode 2
Event: 0.331 Thread 0x00007f5230028dc0 Uncommon trap: trap_request=0xffffff45 fr.pc=0x00007f522080fe1c relative=0x000000000000037c
Event: 0.331 Thread 0x00007f5230028dc0 Uncommon trap: reason=unstable_if action=reinterpret pc=0x00007f522080fe1c method=java.lang.AbstractStringBuilder.isLatin1()Z @ 10 c2
Event: 0.331 Thread 0x00007f5230028dc0 DEOPT PACKING pc=0x00007f522080fe1c sp=0x00007f523461f470
Event: 0.331 Thread 0x00007f5230028dc0 DEOPT UNPACKING pc=0x00007f5218d65125 sp=0x00007f523461f3f0 mode 2

Classes unloaded (0 events):
No events

Classes redefined (0 events):
No events

Internal exceptions (14 events):
Event: 0.067 Thread 0x00007f5230028dc0 Exception <a 'java/lang/NoSuchMethodError'{0x00000007168b29f0}: 'java.lang.Object java.lang.invoke.DirectMethodHandle$Holder.invokeStatic(java.lang.Object)'> (0x00000007168b29f0) 
thrown [open/src/hotspot/share/interpreter/linkResolver.cpp, line 781]
Event: 0.068 Thread 0x00007f5230028dc0 Exception <a 'java/lang/NoSuchMethodError'{0x00000007168b6140}: 'java.lang.Object java.lang.invoke.DirectMethodHandle$Holder.invokeStaticInit(java.lang.Object)'> (0x00000007168b6140) 
thrown [open/src/hotspot/share/interpreter/linkResolver.cpp, line 781]
Event: 0.075 Thread 0x00007f5230028dc0 Exception <a 'java/lang/NoSuchMethodError'{0x000000071690e770}: 'void java.lang.invoke.DirectMethodHandle$Holder.invokeStatic(java.lang.Object, java.lang.Object)'> (0x000000071690e770) 
thrown [open/src/hotspot/share/interpreter/linkResolver.cpp, line 781]
Event: 0.076 Thread 0x00007f5230028dc0 Exception <a 'java/lang/NoSuchMethodError'{0x0000000716913e38}: 'void java.lang.invoke.DirectMethodHandle$Holder.invokeSpecial(java.lang.Object, java.lang.Object, java.lang.Object)'> (0x0000000716913e38) 
thrown [open/src/hotspot/share/interpreter/linkResolver.cpp, line 781]
Event: 0.078 Thread 0x00007f5230028dc0 Exception <a 'java/lang/NoSuchMethodError'{0x0000000716928680}: 'java.lang.Object java.lang.invoke.DirectMethodHandle$Holder.invokeStatic(java.lang.Object, java.lang.Object, int)'> (0x0000000716928680) 
thrown [open/src/hotspot/share/interpreter/linkResolver.cpp, line 781]
Event: 0.079 Thread 0x00007f5230028dc0 Exception <a 'java/lang/NoSuchMethodError'{0x00000007169347c8}: 'void java.lang.invoke.DelegatingMethodHandle$Holder.delegate(java.lang.Object, java.lang.Object, int, java.lang.Object)'> (0x00000007169347c8) 
thrown [open/src/hotspot/share/interpreter/linkResolver.cpp, line 781]
Event: 0.080 Thread 0x00007f5230028dc0 Exception <a 'java/lang/NoSuchMethodError'{0x0000000716938d58}: 'int java.lang.invoke.DirectMethodHandle$Holder.invokeSpecial(java.lang.Object, java.lang.Object, java.lang.Object)'> (0x0000000716938d58) 
thrown [open/src/hotspot/share/interpreter/linkResolver.cpp, line 781]
Event: 0.095 Thread 0x00007f5230028dc0 Exception <a 'sun/nio/fs/UnixException'{0x00000007169d6f58}> (0x00000007169d6f58) 
thrown [open/src/hotspot/share/prims/jni.cpp, line 578]
Event: 0.112 Thread 0x00007f5230028dc0 Exception <a 'sun/nio/fs/UnixException'{0x00000007166bb7b0}> (0x00000007166bb7b0) 
thrown [open/src/hotspot/share/prims/jni.cpp, line 578]
Event: 0.177 Thread 0x00007f5230028dc0 Exception <a 'java/lang/NoSuchMethodError'{0x0000000716720bb8}: 'void java.lang.invoke.DirectMethodHandle$Holder.invokeStaticInit(java.lang.Object, long, double, double)'> (0x0000000716720bb8) 
thrown [open/src/hotspot/share/interpreter/linkResolver.cpp, line 781]
Event: 0.179 Thread 0x00007f5230028dc0 Exception <a 'java/lang/NoSuchMethodError'{0x0000000716731db8}: 'void java.lang.invoke.DirectMethodHandle$Holder.invokeStaticInit(java.lang.Object, long, int, int, int)'> (0x0000000716731db8) 
thrown [open/src/hotspot/share/interpreter/linkResolver.cpp, line 781]
Event: 0.182 Thread 0x00007f5230028dc0 Exception <a 'java/lang/NoSuchMethodError'{0x000000071674e430}: 'void java.lang.invoke.DirectMethodHandle$Holder.invokeStaticInit(java.lang.Object, long, int, int, int, int)'> (0x000000071674e430) 
thrown [open/src/hotspot/share/interpreter/linkResolver.cpp, line 781]
Event: 0.192 Thread 0x00007f5230028dc0 Exception <a 'sun/nio/fs/UnixException'{0x00000007167a5e80}> (0x00000007167a5e80) 
thrown [open/src/hotspot/share/prims/jni.cpp, line 578]
Event: 0.195 Thread 0x00007f5230028dc0 Exception <a 'sun/nio/fs/UnixException'{0x00000007167b3e68}> (0x00000007167b3e68) 
thrown [open/src/hotspot/share/prims/jni.cpp, line 578]

Events (20 events):
Event: 0.323 Thread 0x00007f51d4172510 Thread added: 0x00007f51d4172510
Event: 0.323 Protecting memory [0x00007f51f4043000,0x00007f51f4047000] with protection modes 0
Event: 0.323 loading class java/lang/NumberFormatException
Event: 0.323 loading class java/lang/NumberFormatException done
Event: 0.324 Executing VM operation: HandshakeAllThreads
Event: 0.324 Executing VM operation: HandshakeAllThreads done
Event: 0.324 loading class java/text/DigitList$1
Event: 0.324 loading class java/text/DigitList$1 done
Event: 0.328 loading class java/util/Scanner
Event: 0.328 loading class java/util/Scanner done
Event: 0.329 loading class sun/nio/cs/US_ASCII$Decoder
Event: 0.329 loading class sun/nio/cs/US_ASCII$Decoder done
Event: 0.329 loading class java/util/Scanner$PatternLRUCache
Event: 0.329 loading class java/util/Scanner$PatternLRUCache done
Event: 0.331 loading class java/nio/channels/spi/AbstractInterruptibleChannel$1
Event: 0.331 loading class sun/nio/ch/Interruptible
Event: 0.331 loading class sun/nio/ch/Interruptible done
Event: 0.331 loading class java/nio/channels/spi/AbstractInterruptibleChannel$1 done
Event: 0.332 loading class java/util/regex/Matcher$ImmutableMatchResult
Event: 0.332 loading class java/util/regex/Matcher$ImmutableMatchResult done


Dynamic libraries:
40e80000-40e82000 r-xs 00000000 00:01 5300                               /memfd:/.glXXXXXX (deleted)
415b3000-41662000 rw-p 00000000 00:00 0 
707200000-716c00000 rw-p 00000000 00:00 0 
716c00000-7ffc00000 ---p 00000000 00:00 0 
7ffc00000-7ffd00000 rw-p 00000000 00:00 0 
7ffd00000-7ffd52000 rw-p 00be4000 103:05 4101281                         /home/peershaul/.jdks/openjdk-15.0.2/lib/server/classes.jsa
7ffd52000-7ffe00000 rw-p 00000000 00:00 0 
7ffe00000-7ffe7c000 rw-p 00b68000 103:05 4101281                         /home/peershaul/.jdks/openjdk-15.0.2/lib/server/classes.jsa
7ffe7c000-800000000 rw-p 00000000 00:00 0 
800000000-800003000 rwxp 00001000 103:05 4101281                         /home/peershaul/.jdks/openjdk-15.0.2/lib/server/classes.jsa
800003000-8003e6000 rw-p 00004000 103:05 4101281                         /home/peershaul/.jdks/openjdk-15.0.2/lib/server/classes.jsa
8003e6000-800b33000 r--p 003e7000 103:05 4101281                         /home/peershaul/.jdks/openjdk-15.0.2/lib/server/classes.jsa
800b33000-800b34000 ---p 00000000 00:00 0 
800b34000-800bd4000 rw-p 00000000 00:00 0 
800bd4000-840b34000 ---p 00000000 00:00 0 
5633c5c81000-5633c5c82000 r-xp 00000000 103:05 3805711                   /home/peershaul/.jdks/openjdk-15.0.2/bin/java
5633c5c83000-5633c5c84000 r--p 00001000 103:05 3805711                   /home/peershaul/.jdks/openjdk-15.0.2/bin/java
5633c5c84000-5633c5c85000 rw-p 00002000 103:05 3805711                   /home/peershaul/.jdks/openjdk-15.0.2/bin/java
5633c6574000-5633c6595000 rw-p 00000000 00:00 0                          [heap]
7f51c0000000-7f51c006d000 rw-p 00000000 00:00 0 
7f51c006d000-7f51c4000000 ---p 00000000 00:00 0 
7f51c4000000-7f51c4021000 rw-p 00000000 00:00 0 
7f51c4021000-7f51c8000000 ---p 00000000 00:00 0 
7f51cbba4000-7f51cbc64000 rw-p 00000000 00:00 0 
7f51cbc64000-7f51cbda4000 ---p 00000000 00:00 0 
7f51cbda7000-7f51cbdff000 r-xp 00000000 00:21 81                         /tmp/lwjglpeershaul/3.2.3-build-13/liblwjgl_opengl.so
7f51cbdff000-7f51cbffe000 ---p 00058000 00:21 81                         /tmp/lwjglpeershaul/3.2.3-build-13/liblwjgl_opengl.so
7f51cbffe000-7f51cbfff000 r--p 00057000 00:21 81                         /tmp/lwjglpeershaul/3.2.3-build-13/liblwjgl_opengl.so
7f51cbfff000-7f51cc000000 rw-p 00058000 00:21 81                         /tmp/lwjglpeershaul/3.2.3-build-13/liblwjgl_opengl.so
7f51cc000000-7f51cc021000 rw-p 00000000 00:00 0 
7f51cc021000-7f51d0000000 ---p 00000000 00:00 0 
7f51d0000000-7f51d0021000 rw-p 00000000 00:00 0 
7f51d0021000-7f51d4000000 ---p 00000000 00:00 0 
7f51d4000000-7f51d429d000 rw-p 00000000 00:00 0 
7f51d429d000-7f51d8000000 ---p 00000000 00:00 0 
7f51d8000000-7f51d8021000 rw-p 00000000 00:00 0 
7f51d8021000-7f51dc000000 ---p 00000000 00:00 0 
7f51dc000000-7f51dc021000 rw-p 00000000 00:00 0 
7f51dc021000-7f51e0000000 ---p 00000000 00:00 0 
7f51e0000000-7f51e0401000 rw-p 00000000 00:00 0 
7f51e0401000-7f51e4000000 ---p 00000000 00:00 0 
7f51e4000000-7f51e4021000 rw-p 00000000 00:00 0 
7f51e4021000-7f51e8000000 ---p 00000000 00:00 0 
7f51e8000000-7f51e8021000 rw-p 00000000 00:00 0 
7f51e8021000-7f51ec000000 ---p 00000000 00:00 0 
7f51ec000000-7f51ec021000 rw-p 00000000 00:00 0 
7f51ec021000-7f51f0000000 ---p 00000000 00:00 0 
7f51f0000000-7f51f0021000 rw-p 00000000 00:00 0 
7f51f0021000-7f51f4000000 ---p 00000000 00:00 0 
7f51f4043000-7f51f4047000 ---p 00000000 00:00 0 
7f51f4047000-7f51f4144000 rw-p 00000000 00:00 0 
7f51f4144000-7f51f4147000 r--p 00000000 103:05 4087315                   /usr/lib/libxcb-sync.so.1.0.0
7f51f4147000-7f51f414a000 r-xp 00003000 103:05 4087315                   /usr/lib/libxcb-sync.so.1.0.0
7f51f414a000-7f51f414b000 r--p 00006000 103:05 4087315                   /usr/lib/libxcb-sync.so.1.0.0
7f51f414b000-7f51f414c000 ---p 00007000 103:05 4087315                   /usr/lib/libxcb-sync.so.1.0.0
7f51f414c000-7f51f414d000 r--p 00007000 103:05 4087315                   /usr/lib/libxcb-sync.so.1.0.0
7f51f414d000-7f51f414e000 rw-p 00008000 103:05 4087315                   /usr/lib/libxcb-sync.so.1.0.0
7f51f414e000-7f51f414f000 r--p 00000000 103:05 4087291                   /usr/lib/libxcb-present.so.0.0.0
7f51f414f000-7f51f4150000 r-xp 00001000 103:05 4087291                   /usr/lib/libxcb-present.so.0.0.0
7f51f4150000-7f51f4151000 r--p 00002000 103:05 4087291                   /usr/lib/libxcb-present.so.0.0.0
7f51f4151000-7f51f4152000 r--p 00002000 103:05 4087291                   /usr/lib/libxcb-present.so.0.0.0
7f51f4152000-7f51f4153000 rw-p 00003000 103:05 4087291                   /usr/lib/libxcb-present.so.0.0.0
7f51f415b000-7f51f4168000 r-xp 00000000 103:05 3937528                   /home/peershaul/.jdks/openjdk-15.0.2/lib/libverify.so
7f51f4168000-7f51f416a000 r--p 0000c000 103:05 3937528                   /home/peershaul/.jdks/openjdk-15.0.2/lib/libverify.so
7f51f416a000-7f51f416b000 rw-p 0000e000 103:05 3937528                   /home/peershaul/.jdks/openjdk-15.0.2/lib/libverify.so
7f51f416b000-7f51f416e000 rw-s 00000000 00:05 1723                       /dev/nvidiactl
7f51f416e000-7f51f41ee000 rw-s 00000000 00:05 1723                       /dev/nvidiactl
7f51f41ee000-7f51f42ee000 rw-s 00000000 00:05 1723                       /dev/nvidiactl
7f51f42ee000-7f51f432e000 rw-s 00000000 00:05 1723                       /dev/nvidiactl
7f51f432e000-7f51f434e000 rw-s 00000000 00:05 1723                       /dev/nvidiactl
7f51f434e000-7f51f438e000 rw-s 00000000 00:05 1723                       /dev/nvidiactl
7f51f438e000-7f51f43ae000 rw-s 00000000 00:05 1723                       /dev/nvidiactl
7f51f43ae000-7f51f442e000 rw-s 00000000 00:05 1724                       /dev/nvidia0
7f51f442e000-7f51f446e000 rw-s 00000000 00:05 1723                       /dev/nvidiactl
7f51f446e000-7f51f448e000 rw-s 00000000 00:05 1723                       /dev/nvidiactl
7f51f448e000-7f51f4633000 rw-s 00000000 00:01 1027                       /memfd:/.nvidia_drv.XXXXXX (deleted)
7f51f4633000-7f51f4638000 r--p 00000000 103:05 4091423                   /usr/lib/libdrm.so.2.4.0
7f51f4638000-7f51f4642000 r-xp 00005000 103:05 4091423                   /usr/lib/libdrm.so.2.4.0
7f51f4642000-7f51f4646000 r--p 0000f000 103:05 4091423                   /usr/lib/libdrm.so.2.4.0
7f51f4646000-7f51f4647000 r--p 00012000 103:05 4091423                   /usr/lib/libdrm.so.2.4.0
7f51f4647000-7f51f4648000 rw-p 00013000 103:05 4091423                   /usr/lib/libdrm.so.2.4.0
7f51f4649000-7f51f464a000 r-xp 00000000 00:00 0 
7f51f464a000-7f51f464c000 r--p 00000000 103:05 4087285                   /usr/lib/libxcb-dri3.so.0.0.0
7f51f464c000-7f51f464d000 r-xp 00002000 103:05 4087285                   /usr/lib/libxcb-dri3.so.0.0.0
7f51f464d000-7f51f464e000 r--p 00003000 103:05 4087285                   /usr/lib/libxcb-dri3.so.0.0.0
7f51f464e000-7f51f464f000 r--p 00003000 103:05 4087285                   /usr/lib/libxcb-dri3.so.0.0.0
7f51f464f000-7f51f4650000 rw-p 00004000 103:05 4087285                   /usr/lib/libxcb-dri3.so.0.0.0
7f51f4650000-7f51f4663000 rw-s 00000000 00:05 1723                       /dev/nvidiactl
7f51f4663000-7f51f466f000 r--p 00000000 103:05 4087288                   /usr/lib/libxcb-glx.so.0.0.0
7f51f466f000-7f51f4678000 r-xp 0000c000 103:05 4087288                   /usr/lib/libxcb-glx.so.0.0.0
7f51f4678000-7f51f467d000 r--p 00015000 103:05 4087288                   /usr/lib/libxcb-glx.so.0.0.0
7f51f467d000-7f51f467e000 ---p 0001a000 103:05 4087288                   /usr/lib/libxcb-glx.so.0.0.0
7f51f467e000-7f51f4680000 r--p 0001a000 103:05 4087288                   /usr/lib/libxcb-glx.so.0.0.0
7f51f4680000-7f51f4681000 rw-p 0001c000 103:05 4087288                   /usr/lib/libxcb-glx.so.0.0.0
7f51f4681000-7f51f5813000 r-xp 00000000 103:05 4093883                   /usr/lib/libnvidia-glcore.so.460.67
7f51f5813000-7f51f5834000 rwxp 01192000 103:05 4093883                   /usr/lib/libnvidia-glcore.so.460.67
7f51f5834000-7f51f5d44000 r-xp 011b3000 103:05 4093883                   /usr/lib/libnvidia-glcore.so.460.67
7f51f5d44000-7f51f5f43000 ---p 016c3000 103:05 4093883                   /usr/lib/libnvidia-glcore.so.460.67
7f51f5f43000-7f51f6480000 r--p 016c2000 103:05 4093883                   /usr/lib/libnvidia-glcore.so.460.67
7f51f6480000-7f51f656f000 rw-p 01bff000 103:05 4093883                   /usr/lib/libnvidia-glcore.so.460.67
7f51f656f000-7f51f658e000 rw-p 00000000 00:00 0 
7f51f658e000-7f51f6591000 r-xp 00000000 103:05 4093907                   /usr/lib/libnvidia-tls.so.460.67
7f51f6591000-7f51f6791000 ---p 00003000 103:05 4093907                   /usr/lib/libnvidia-tls.so.460.67
7f51f6791000-7f51f6792000 r--p 00003000 103:05 4093907                   /usr/lib/libnvidia-tls.so.460.67
7f51f6792000-7f51f6793000 rw-p 00004000 103:05 4093907                   /usr/lib/libnvidia-tls.so.460.67
7f51f6793000-7f51f6833000 r-xp 00000000 103:05 4093861                   /usr/lib/libGLX_nvidia.so.460.67
7f51f6833000-7f51f6868000 rwxp 000a0000 103:05 4093861                   /usr/lib/libGLX_nvidia.so.460.67
7f51f6868000-7f51f686f000 r-xp 000d5000 103:05 4093861                   /usr/lib/libGLX_nvidia.so.460.67
7f51f686f000-7f51f6a6e000 ---p 000dc000 103:05 4093861                   /usr/lib/libGLX_nvidia.so.460.67
7f51f6a6e000-7f51f6ab6000 r--p 000db000 103:05 4093861                   /usr/lib/libGLX_nvidia.so.460.67
7f51f6ab6000-7f51f6abb000 rw-p 00123000 103:05 4093861                   /usr/lib/libGLX_nvidia.so.460.67
7f51f6abb000-7f51f6abd000 rw-p 00000000 00:00 0 
7f51f6abd000-7f51f6ac0000 r--p 00000000 103:05 4091694                   /usr/lib/libGLX.so.0.0.0
7f51f6ac0000-7f51f6ada000 r-xp 00003000 103:05 4091694                   /usr/lib/libGLX.so.0.0.0
7f51f6ada000-7f51f6add000 r--p 0001d000 103:05 4091694                   /usr/lib/libGLX.so.0.0.0
7f51f6add000-7f51f6ade000 ---p 00020000 103:05 4091694                   /usr/lib/libGLX.so.0.0.0
7f51f6ade000-7f51f6adf000 r--p 00020000 103:05 4091694                   /usr/lib/libGLX.so.0.0.0
7f51f6adf000-7f51f6ae0000 rw-p 00021000 103:05 4091694                   /usr/lib/libGLX.so.0.0.0
7f51f6ae0000-7f51f6af0000 rw-p 00000000 00:00 0 
7f51f6af0000-7f51f6b30000 r--p 00000000 103:05 4091698                   /usr/lib/libGLdispatch.so.0.0.0
7f51f6b30000-7f51f6b32000 r-xp 00040000 103:05 4091698                   /usr/lib/libGLdispatch.so.0.0.0
7f51f6b32000-7f51f6b6d000 r-xp 00042000 103:05 4091698                   /usr/lib/libGLdispatch.so.0.0.0
7f51f6b6d000-7f51f6b6e000 r-xp 0007d000 103:05 4091698                   /usr/lib/libGLdispatch.so.0.0.0
7f51f6b6e000-7f51f6b81000 r--p 0007e000 103:05 4091698                   /usr/lib/libGLdispatch.so.0.0.0
7f51f6b81000-7f51f6b82000 ---p 00091000 103:05 4091698                   /usr/lib/libGLdispatch.so.0.0.0
7f51f6b82000-7f51f6b9e000 r--p 00091000 103:05 4091698                   /usr/lib/libGLdispatch.so.0.0.0
7f51f6b9e000-7f51f6b9f000 rw-p 000ad000 103:05 4091698                   /usr/lib/libGLdispatch.so.0.0.0
7f51f6b9f000-7f51f6ba7000 rw-p 00000000 00:00 0 
7f51f6ba7000-7f51f6be9000 r--p 00000000 103:05 4091687                   /usr/lib/libGL.so.1.7.0
7f51f6be9000-7f51f6bec000 r-xp 00042000 103:05 4091687                   /usr/lib/libGL.so.1.7.0
7f51f6bec000-7f51f6c07000 r-xp 00045000 103:05 4091687                   /usr/lib/libGL.so.1.7.0
7f51f6c07000-7f51f6c08000 r-xp 00060000 103:05 4091687                   /usr/lib/libGL.so.1.7.0
7f51f6c08000-7f51f6c1d000 r--p 00061000 103:05 4091687                   /usr/lib/libGL.so.1.7.0
7f51f6c1d000-7f51f6c2b000 r--p 00075000 103:05 4091687                   /usr/lib/libGL.so.1.7.0
7f51f6c2b000-7f51f6c2c000 rw-p 00083000 103:05 4091687                   /usr/lib/libGL.so.1.7.0
7f51f6c2c000-7f51f6c2d000 rw-p 00000000 00:00 0 
7f51f6c2d000-7f51f6c2e000 r--p 00000000 103:05 4089642                   /usr/lib/libX11-xcb.so.1.0.0
7f51f6c2e000-7f51f6c2f000 r-xp 00001000 103:05 4089642                   /usr/lib/libX11-xcb.so.1.0.0
7f51f6c2f000-7f51f6c30000 r--p 00002000 103:05 4089642                   /usr/lib/libX11-xcb.so.1.0.0
7f51f6c30000-7f51f6c31000 r--p 00002000 103:05 4089642                   /usr/lib/libX11-xcb.so.1.0.0
7f51f6c31000-7f51f6c32000 rw-p 00003000 103:05 4089642                   /usr/lib/libX11-xcb.so.1.0.0
7f51f6c32000-7f51f6c33000 r--p 00000000 103:05 4090614                   /usr/lib/libXinerama.so.1.0.0
7f51f6c33000-7f51f6c34000 r-xp 00001000 103:05 4090614                   /usr/lib/libXinerama.so.1.0.0
7f51f6c34000-7f51f6c35000 r--p 00002000 103:05 4090614                   /usr/lib/libXinerama.so.1.0.0
7f51f6c35000-7f51f6c36000 r--p 00002000 103:05 4090614                   /usr/lib/libXinerama.so.1.0.0
7f51f6c36000-7f51f6c37000 rw-p 00003000 103:05 4090614                   /usr/lib/libXinerama.so.1.0.0
7f51f6c37000-7f51f6c39000 r--p 00000000 103:05 4090573                   /usr/lib/libXfixes.so.3.1.0
7f51f6c39000-7f51f6c3c000 r-xp 00002000 103:05 4090573                   /usr/lib/libXfixes.so.3.1.0
7f51f6c3c000-7f51f6c3d000 r--p 00005000 103:05 4090573                   /usr/lib/libXfixes.so.3.1.0
7f51f6c3d000-7f51f6c3e000 ---p 00006000 103:05 4090573                   /usr/lib/libXfixes.so.3.1.0
7f51f6c3e000-7f51f6c3f000 r--p 00006000 103:05 4090573                   /usr/lib/libXfixes.so.3.1.0
7f51f6c3f000-7f51f6c40000 rw-p 00007000 103:05 4090573                   /usr/lib/libXfixes.so.3.1.0
7f51f6c40000-7f51f6c43000 r--p 00000000 103:05 4090578                   /usr/lib/libXcursor.so.1.0.2
7f51f6c43000-7f51f6c48000 r-xp 00003000 103:05 4090578                   /usr/lib/libXcursor.so.1.0.2
7f51f6c48000-7f51f6c4a000 r--p 00008000 103:05 4090578                   /usr/lib/libXcursor.so.1.0.2
7f51f6c4a000-7f51f6c4b000 r--p 00009000 103:05 4090578                   /usr/lib/libXcursor.so.1.0.2
7f51f6c4b000-7f51f6c4c000 rw-p 0000a000 103:05 4090578                   /usr/lib/libXcursor.so.1.0.2
7f51f6c4c000-7f51f6c4e000 r--p 00000000 103:05 4090535                   /usr/lib/libXrender.so.1.3.0
7f51f6c4e000-7f51f6c55000 r-xp 00002000 103:05 4090535                   /usr/lib/libXrender.so.1.3.0
7f51f6c55000-7f51f6c57000 r--p 00009000 103:05 4090535                   /usr/lib/libXrender.so.1.3.0
7f51f6c57000-7f51f6c58000 r--p 0000a000 103:05 4090535                   /usr/lib/libXrender.so.1.3.0
7f51f6c58000-7f51f6c59000 rw-p 0000b000 103:05 4090535                   /usr/lib/libXrender.so.1.3.0
7f51f6c59000-7f51f6c5b000 r--p 00000000 103:05 4090623                   /usr/lib/libXrandr.so.2.2.0
7f51f6c5b000-7f51f6c62000 r-xp 00002000 103:05 4090623                   /usr/lib/libXrandr.so.2.2.0
7f51f6c62000-7f51f6c64000 r--p 00009000 103:05 4090623                   /usr/lib/libXrandr.so.2.2.0
7f51f6c64000-7f51f6c65000 r--p 0000a000 103:05 4090623                   /usr/lib/libXrandr.so.2.2.0
7f51f6c65000-7f51f6c66000 rw-p 0000b000 103:05 4090623                   /usr/lib/libXrandr.so.2.2.0
7f51f6c66000-7f51f6c69000 r--p 00000000 103:05 4090642                   /usr/lib/libXi.so.6.1.0
7f51f6c69000-7f51f6c74000 r-xp 00003000 103:05 4090642                   /usr/lib/libXi.so.6.1.0
7f51f6c74000-7f51f6c77000 r--p 0000e000 103:05 4090642                   /usr/lib/libXi.so.6.1.0
7f51f6c77000-7f51f6c78000 r--p 00010000 103:05 4090642                   /usr/lib/libXi.so.6.1.0
7f51f6c78000-7f51f6c79000 rw-p 00011000 103:05 4090642                   /usr/lib/libXi.so.6.1.0
7f51f6c79000-7f51f6c7d000 r--p 00000000 103:05 4090470                   /usr/lib/libXext.so.6.4.0
7f51f6c7d000-7f51f6c88000 r-xp 00004000 103:05 4090470                   /usr/lib/libXext.so.6.4.0
7f51f6c88000-7f51f6c8c000 r--p 0000f000 103:05 4090470                   /usr/lib/libXext.so.6.4.0
7f51f6c8c000-7f51f6c8d000 r--p 00012000 103:05 4090470                   /usr/lib/libXext.so.6.4.0
7f51f6c8d000-7f51f6c8e000 rw-p 00013000 103:05 4090470                   /usr/lib/libXext.so.6.4.0
7f51f6c8e000-7f51f6c8f000 r--p 00000000 103:05 4091453                   /usr/lib/libXxf86vm.so.1.0.0
7f51f6c8f000-7f51f6c92000 r-xp 00001000 103:05 4091453                   /usr/lib/libXxf86vm.so.1.0.0
7f51f6c92000-7f51f6c93000 r--p 00004000 103:05 4091453                   /usr/lib/libXxf86vm.so.1.0.0
7f51f6c93000-7f51f6c94000 r--p 00004000 103:05 4091453                   /usr/lib/libXxf86vm.so.1.0.0
7f51f6c94000-7f51f6c95000 rw-p 00005000 103:05 4091453                   /usr/lib/libXxf86vm.so.1.0.0
7f51f6c95000-7f51f6c97000 r--p 00000000 103:05 4087256                   /usr/lib/libXdmcp.so.6.0.0
7f51f6c97000-7f51f6c99000 r-xp 00002000 103:05 4087256                   /usr/lib/libXdmcp.so.6.0.0
7f51f6c99000-7f51f6c9b000 r--p 00004000 103:05 4087256                   /usr/lib/libXdmcp.so.6.0.0
7f51f6c9b000-7f51f6c9c000 r--p 00005000 103:05 4087256                   /usr/lib/libXdmcp.so.6.0.0
7f51f6c9c000-7f51f6c9d000 rw-p 00006000 103:05 4087256                   /usr/lib/libXdmcp.so.6.0.0
7f51f6c9d000-7f51f6ca9000 r--p 00000000 103:05 4087342                   /usr/lib/libxcb.so.1.1.0
7f51f6ca9000-7f51f6cbc000 r-xp 0000c000 103:05 4087342                   /usr/lib/libxcb.so.1.1.0
7f51f6cbc000-7f51f6cc5000 r--p 0001f000 103:05 4087342                   /usr/lib/libxcb.so.1.1.0
7f51f6cc5000-7f51f6cc6000 r--p 00027000 103:05 4087342                   /usr/lib/libxcb.so.1.1.0
7f51f6cc6000-7f51f6cc7000 rw-p 00028000 103:05 4087342                   /usr/lib/libxcb.so.1.1.0
7f51f6cc7000-7f51f6ce3000 r--p 00000000 103:05 4089646                   /usr/lib/libX11.so.6.4.0
7f51f6ce3000-7f51f6d6d000 r-xp 0001c000 103:05 4089646                   /usr/lib/libX11.so.6.4.0
7f51f6d6d000-7f51f6e01000 r--p 000a6000 103:05 4089646                   /usr/lib/libX11.so.6.4.0
7f51f6e01000-7f51f6e04000 r--p 00139000 103:05 4089646                   /usr/lib/libX11.so.6.4.0
7f51f6e04000-7f51f6e08000 rw-p 0013c000 103:05 4089646                   /usr/lib/libX11.so.6.4.0
7f51f6e08000-7f51f6e09000 r-xp 00000000 00:00 0 
7f51f6e09000-7f51f6e0b000 rw-s 00000000 00:01 5300                       /memfd:/.glXXXXXX (deleted)
7f51f6e0b000-7f51f6e0f000 rw-s 00000000 00:05 1723                       /dev/nvidiactl
7f51f6e0f000-7f51f6e13000 rw-s 00000000 00:05 1723                       /dev/nvidiactl
7f51f6e13000-7f51f6e23000 rw-s 00000000 00:05 1724                       /dev/nvidia0
7f51f6e23000-7f51f6e66000 r-xp 00000000 00:21 80                         /tmp/lwjglpeershaul/3.2.3-build-13/libglfw.so
7f51f6e66000-7f51f7065000 ---p 00043000 00:21 80                         /tmp/lwjglpeershaul/3.2.3-build-13/libglfw.so
7f51f7065000-7f51f7066000 r--p 00042000 00:21 80                         /tmp/lwjglpeershaul/3.2.3-build-13/libglfw.so
7f51f7066000-7f51f7068000 rw-p 00043000 00:21 80                         /tmp/lwjglpeershaul/3.2.3-build-13/libglfw.so
7f51f7068000-7f51f7089000 rw-p 00000000 00:00 0 
7f51f7089000-7f51f70da000 r-xp 00000000 00:21 79                         /tmp/lwjglpeershaul/3.2.3-build-13/liblwjgl.so
7f51f70da000-7f51f72d9000 ---p 00051000 00:21 79                         /tmp/lwjglpeershaul/3.2.3-build-13/liblwjgl.so
7f51f72d9000-7f51f72da000 r--p 00050000 00:21 79                         /tmp/lwjglpeershaul/3.2.3-build-13/liblwjgl.so
7f51f72da000-7f51f72db000 rw-p 00051000 00:21 79                         /tmp/lwjglpeershaul/3.2.3-build-13/liblwjgl.so
7f51f72db000-7f51f730c000 rw-p 00000000 00:00 0 
7f51f730c000-7f51f7310000 ---p 00000000 00:00 0 
7f51f7310000-7f51f740d000 rw-p 00000000 00:00 0 
7f51f740d000-7f51f740e000 ---p 00000000 00:00 0 
7f51f740e000-7f51f750f000 rw-p 00000000 00:00 0 
7f51f750f000-7f51f7513000 ---p 00000000 00:00 0 
7f51f7513000-7f51f7610000 rw-p 00000000 00:00 0 
7f51f7610000-7f51f7614000 ---p 00000000 00:00 0 
7f51f7614000-7f51f7711000 rw-p 00000000 00:00 0 
7f51f7711000-7f51f7715000 ---p 00000000 00:00 0 
7f51f7715000-7f51f7812000 rw-p 00000000 00:00 0 
7f51f7812000-7f51f7816000 ---p 00000000 00:00 0 
7f51f7816000-7f51f7913000 rw-p 00000000 00:00 0 
7f51f7913000-7f51f7917000 ---p 00000000 00:00 0 
7f51f7917000-7f51f7a14000 rw-p 00000000 00:00 0 
7f51f7a14000-7f51f7a18000 ---p 00000000 00:00 0 
7f51f7a18000-7f51f7b15000 rw-p 00000000 00:00 0 
7f51f7b15000-7f51f7dfe000 r--p 00000000 103:05 4093562                   /usr/lib/locale/locale-archive
7f51f7dfe000-7f51f7e02000 ---p 00000000 00:00 0 
7f51f7e02000-7f51f7eff000 rw-p 00000000 00:00 0 
7f51f7eff000-7f51f7f03000 ---p 00000000 00:00 0 
7f51f7f03000-7f51f8000000 rw-p 00000000 00:00 0 
7f51f8000000-7f51f8021000 rw-p 00000000 00:00 0 
7f51f8021000-7f51fc000000 ---p 00000000 00:00 0 
7f51fc000000-7f51fc021000 rw-p 00000000 00:00 0 
7f51fc021000-7f5200000000 ---p 00000000 00:00 0 
7f5200000000-7f5200021000 rw-p 00000000 00:00 0 
7f5200021000-7f5204000000 ---p 00000000 00:00 0 
7f5204000000-7f5204021000 rw-p 00000000 00:00 0 
7f5204021000-7f5208000000 ---p 00000000 00:00 0 
7f5208000000-7f5208021000 rw-p 00000000 00:00 0 
7f5208021000-7f520c000000 ---p 00000000 00:00 0 
7f520c000000-7f520c001000 r-xp 00000000 00:00 0 
7f520c001000-7f520c002000 r--p 00000000 103:05 4087260                   /usr/lib/libXau.so.6.0.0
7f520c002000-7f520c003000 r-xp 00001000 103:05 4087260                   /usr/lib/libXau.so.6.0.0
7f520c003000-7f520c004000 r--p 00002000 103:05 4087260                   /usr/lib/libXau.so.6.0.0
7f520c004000-7f520c005000 r--p 00002000 103:05 4087260                   /usr/lib/libXau.so.6.0.0
7f520c005000-7f520c006000 rw-p 00003000 103:05 4087260                   /usr/lib/libXau.so.6.0.0
7f520c006000-7f520c01b000 r-xp 00000000 103:05 3937520                   /home/peershaul/.jdks/openjdk-15.0.2/lib/libnet.so
7f520c01b000-7f520c01c000 r--p 00014000 103:05 3937520                   /home/peershaul/.jdks/openjdk-15.0.2/lib/libnet.so
7f520c01c000-7f520c01d000 rw-p 00015000 103:05 3937520                   /home/peershaul/.jdks/openjdk-15.0.2/lib/libnet.so
7f520c01d000-7f520c01e000 ---p 00000000 00:00 0 
7f520c01e000-7f520ca3c000 rw-p 00000000 00:00 0 
7f520ca3c000-7f520ca3e000 rw-s 00000000 00:05 1723                       /dev/nvidiactl
7f520ca3e000-7f520ca3f000 ---p 00000000 00:00 0 
7f520ca3f000-7f520cb40000 rw-p 00000000 00:00 0 
7f520cb40000-7f520cb41000 ---p 00000000 00:00 0 
7f520cb41000-7f520f248000 rw-p 00000000 00:00 0 
7f520f248000-7f520f249000 ---p 00000000 00:00 0 
7f520f249000-7f520f34a000 rw-p 00000000 00:00 0 
7f520f34a000-7f520f34b000 ---p 00000000 00:00 0 
7f520f34b000-7f520f44c000 rw-p 00000000 00:00 0 
7f520f44c000-7f520f44d000 ---p 00000000 00:00 0 
7f520f44d000-7f520f936000 rw-p 00000000 00:00 0 
7f520f936000-7f5213376000 ---p 00000000 00:00 0 
7f5213376000-7f521376e000 rw-p 00000000 00:00 0 
7f521376e000-7f52171ae000 ---p 00000000 00:00 0 
7f52171ae000-7f521723b000 rw-p 00000000 00:00 0 
7f521723b000-7f5217983000 ---p 00000000 00:00 0 
7f5217983000-7f5217a02000 rw-p 00000000 00:00 0 
7f5217a02000-7f521814a000 ---p 00000000 00:00 0 
7f521814a000-7f52181c9000 rw-p 00000000 00:00 0 
7f52181c9000-7f5218911000 ---p 00000000 00:00 0 
7f5218911000-7f5218d17000 rw-p 00000000 00:00 0 
7f5218d17000-7f5218f87000 rwxp 00000000 00:00 0 
7f5218f87000-7f52192a8000 ---p 00000000 00:00 0 
7f52192a8000-7f5219518000 rwxp 00000000 00:00 0 
7f5219518000-7f52207df000 ---p 00000000 00:00 0 
7f52207df000-7f5220a4f000 rwxp 00000000 00:00 0 
7f5220a4f000-7f5227d17000 ---p 00000000 00:00 0 
7f5227d17000-7f5230000000 r--s 00000000 103:05 3937530                   /home/peershaul/.jdks/openjdk-15.0.2/lib/modules
7f5230000000-7f5230aa3000 rw-p 00000000 00:00 0 
7f5230aa3000-7f5234000000 ---p 00000000 00:00 0 
7f5234000000-7f5234001000 r-xp 00000000 00:00 0 
7f5234001000-7f5234008000 r-xp 00000000 103:05 3937529                   /home/peershaul/.jdks/openjdk-15.0.2/lib/libzip.so
7f5234008000-7f5234009000 ---p 00007000 103:05 3937529                   /home/peershaul/.jdks/openjdk-15.0.2/lib/libzip.so
7f5234009000-7f523400a000 r--p 00007000 103:05 3937529                   /home/peershaul/.jdks/openjdk-15.0.2/lib/libzip.so
7f523400a000-7f523400b000 rw-p 00008000 103:05 3937529                   /home/peershaul/.jdks/openjdk-15.0.2/lib/libzip.so
7f523400b000-7f523401d000 r-xp 00000000 103:05 3937521                   /home/peershaul/.jdks/openjdk-15.0.2/lib/libnio.so
7f523401d000-7f523401e000 r--p 00011000 103:05 3937521                   /home/peershaul/.jdks/openjdk-15.0.2/lib/libnio.so
7f523401e000-7f523401f000 rw-p 00012000 103:05 3937521                   /home/peershaul/.jdks/openjdk-15.0.2/lib/libnio.so
7f523401f000-7f52342e9000 rw-p 00000000 00:00 0 
7f52342e9000-7f52343cf000 ---p 00000000 00:00 0 
7f52343cf000-7f52343d4000 rw-p 00000000 00:00 0 
7f52343d4000-7f52344ba000 ---p 00000000 00:00 0 
7f52344ba000-7f52344bf000 rw-p 00000000 00:00 0 
7f52344bf000-7f52344c6000 ---p 00000000 00:00 0 
7f52344c6000-7f52344ea000 r-xp 00000000 103:05 3937507                   /home/peershaul/.jdks/openjdk-15.0.2/lib/libjava.so
7f52344ea000-7f52344eb000 ---p 00024000 103:05 3937507                   /home/peershaul/.jdks/openjdk-15.0.2/lib/libjava.so
7f52344eb000-7f52344ec000 r--p 00024000 103:05 3937507                   /home/peershaul/.jdks/openjdk-15.0.2/lib/libjava.so
7f52344ec000-7f52344ed000 rw-p 00025000 103:05 3937507                   /home/peershaul/.jdks/openjdk-15.0.2/lib/libjava.so
7f52344ed000-7f52344ee000 rw-p 00000000 00:00 0 
7f52344ee000-7f52344f6000 rw-s 00000000 00:21 261                        /tmp/hsperfdata_peershaul/60591
7f52344f6000-7f5234512000 r-xp 00000000 103:05 3937511                   /home/peershaul/.jdks/openjdk-15.0.2/lib/libjimage.so
7f5234512000-7f5234514000 r--p 0001b000 103:05 3937511                   /home/peershaul/.jdks/openjdk-15.0.2/lib/libjimage.so
7f5234514000-7f5234515000 rw-p 0001d000 103:05 3937511                   /home/peershaul/.jdks/openjdk-15.0.2/lib/libjimage.so
7f5234515000-7f5234518000 r--p 00000000 103:05 4066717                   /usr/lib/librt-2.33.so
7f5234518000-7f523451c000 r-xp 00003000 103:05 4066717                   /usr/lib/librt-2.33.so
7f523451c000-7f523451e000 r--p 00007000 103:05 4066717                   /usr/lib/librt-2.33.so
7f523451e000-7f523451f000 r--p 00008000 103:05 4066717                   /usr/lib/librt-2.33.so
7f523451f000-7f5234520000 rw-p 00009000 103:05 4066717                   /usr/lib/librt-2.33.so
7f5234520000-7f5234524000 ---p 00000000 00:00 0 
7f5234524000-7f5234621000 rw-p 00000000 00:00 0 
7f5234621000-7f5234630000 r--p 00000000 103:05 4066681                   /usr/lib/libm-2.33.so
7f5234630000-7f52346cb000 r-xp 0000f000 103:05 4066681                   /usr/lib/libm-2.33.so
7f52346cb000-7f5234763000 r--p 000aa000 103:05 4066681                   /usr/lib/libm-2.33.so
7f5234763000-7f5234764000 ---p 00142000 103:05 4066681                   /usr/lib/libm-2.33.so
7f5234764000-7f5234765000 r--p 00142000 103:05 4066681                   /usr/lib/libm-2.33.so
7f5234765000-7f5234766000 rw-p 00143000 103:05 4066681                   /usr/lib/libm-2.33.so
7f5234766000-7f52357ad000 r-xp 00000000 103:05 4101284                   /home/peershaul/.jdks/openjdk-15.0.2/lib/server/libjvm.so
7f52357ad000-7f52357ae000 ---p 01047000 103:05 4101284                   /home/peershaul/.jdks/openjdk-15.0.2/lib/server/libjvm.so
7f52357ae000-7f5235848000 r--p 01047000 103:05 4101284                   /home/peershaul/.jdks/openjdk-15.0.2/lib/server/libjvm.so
7f5235848000-7f523587f000 rw-p 010e1000 103:05 4101284                   /home/peershaul/.jdks/openjdk-15.0.2/lib/server/libjvm.so
7f523587f000-7f523590a000 rw-p 00000000 00:00 0 
7f523590a000-7f5235930000 r--p 00000000 103:05 4066668                   /usr/lib/libc-2.33.so
7f5235930000-7f5235a7c000 r-xp 00026000 103:05 4066668                   /usr/lib/libc-2.33.so
7f5235a7c000-7f5235ac8000 r--p 00172000 103:05 4066668                   /usr/lib/libc-2.33.so
7f5235ac8000-7f5235acb000 r--p 001bd000 103:05 4066668                   /usr/lib/libc-2.33.so
7f5235acb000-7f5235ace000 rw-p 001c0000 103:05 4066668                   /usr/lib/libc-2.33.so
7f5235ace000-7f5235ad7000 rw-p 00000000 00:00 0 
7f5235ad7000-7f5235ad9000 r--p 00000000 103:05 4066675                   /usr/lib/libdl-2.33.so
7f5235ad9000-7f5235adb000 r-xp 00002000 103:05 4066675                   /usr/lib/libdl-2.33.so
7f5235adb000-7f5235adc000 r--p 00004000 103:05 4066675                   /usr/lib/libdl-2.33.so
7f5235adc000-7f5235add000 r--p 00004000 103:05 4066675                   /usr/lib/libdl-2.33.so
7f5235add000-7f5235ade000 rw-p 00005000 103:05 4066675                   /usr/lib/libdl-2.33.so
7f5235ade000-7f5235ae5000 r--p 00000000 103:05 4066709                   /usr/lib/libpthread-2.33.so
7f5235ae5000-7f5235af4000 r-xp 00007000 103:05 4066709                   /usr/lib/libpthread-2.33.so
7f5235af4000-7f5235af9000 r--p 00016000 103:05 4066709                   /usr/lib/libpthread-2.33.so
7f5235af9000-7f5235afa000 r--p 0001a000 103:05 4066709                   /usr/lib/libpthread-2.33.so
7f5235afa000-7f5235afb000 rw-p 0001b000 103:05 4066709                   /usr/lib/libpthread-2.33.so
7f5235afb000-7f5235aff000 rw-p 00000000 00:00 0 
7f5235aff000-7f5235b0e000 r-xp 00000000 103:05 3937512                   /home/peershaul/.jdks/openjdk-15.0.2/lib/libjli.so
7f5235b0e000-7f5235b0f000 r--p 0000e000 103:05 3937512                   /home/peershaul/.jdks/openjdk-15.0.2/lib/libjli.so
7f5235b0f000-7f5235b10000 rw-p 0000f000 103:05 3937512                   /home/peershaul/.jdks/openjdk-15.0.2/lib/libjli.so
7f5235b10000-7f5235b13000 r--p 00000000 103:05 4076472                   /usr/lib/libz.so.1.2.11
7f5235b13000-7f5235b21000 r-xp 00003000 103:05 4076472                   /usr/lib/libz.so.1.2.11
7f5235b21000-7f5235b27000 r--p 00011000 103:05 4076472                   /usr/lib/libz.so.1.2.11
7f5235b27000-7f5235b28000 ---p 00017000 103:05 4076472                   /usr/lib/libz.so.1.2.11
7f5235b28000-7f5235b29000 r--p 00017000 103:05 4076472                   /usr/lib/libz.so.1.2.11
7f5235b29000-7f5235b2a000 rw-p 00018000 103:05 4076472                   /usr/lib/libz.so.1.2.11
7f5235b2a000-7f5235b2c000 rw-p 00000000 00:00 0 
7f5235b2c000-7f5235b2d000 rw-s 00000000 00:05 1724                       /dev/nvidia0
7f5235b2d000-7f5235b2e000 rw-s 00000000 00:05 1723                       /dev/nvidiactl
7f5235b2e000-7f5235b2f000 rw-s 00000000 00:05 1723                       /dev/nvidiactl
7f5235b2f000-7f5235b30000 rw-s 00000000 00:05 1723                       /dev/nvidiactl
7f5235b30000-7f5235b31000 r-xp 00000000 00:00 0 
7f5235b31000-7f5235b34000 r--p 00000000 103:05 4066702                   /usr/lib/libnss_files-2.33.so
7f5235b34000-7f5235b3b000 r-xp 00003000 103:05 4066702                   /usr/lib/libnss_files-2.33.so
7f5235b3b000-7f5235b3d000 r--p 0000a000 103:05 4066702                   /usr/lib/libnss_files-2.33.so
7f5235b3d000-7f5235b3e000 r--p 0000b000 103:05 4066702                   /usr/lib/libnss_files-2.33.so
7f5235b3e000-7f5235b3f000 rw-p 0000c000 103:05 4066702                   /usr/lib/libnss_files-2.33.so
7f5235b3f000-7f5235b45000 rw-p 00000000 00:00 0 
7f5235b45000-7f5235b46000 ---p 00000000 00:00 0 
7f5235b46000-7f5235b47000 r--p 00000000 00:00 0 
7f5235b47000-7f5235b48000 r--p 00000000 103:05 4066657                   /usr/lib/ld-2.33.so
7f5235b48000-7f5235b6c000 r-xp 00001000 103:05 4066657                   /usr/lib/ld-2.33.so
7f5235b6c000-7f5235b75000 r--p 00025000 103:05 4066657                   /usr/lib/ld-2.33.so
7f5235b75000-7f5235b76000 ---p 00000000 00:00 0 
7f5235b76000-7f5235b78000 r--p 0002e000 103:05 4066657                   /usr/lib/ld-2.33.so
7f5235b78000-7f5235b7a000 rw-p 00030000 103:05 4066657                   /usr/lib/ld-2.33.so
7ffc77609000-7ffc7762b000 rw-p 00000000 00:00 0                          [stack]
7ffc77630000-7ffc77634000 r--p 00000000 00:00 0                          [vvar]
7ffc77634000-7ffc77636000 r-xp 00000000 00:00 0                          [vdso]
ffffffffff600000-ffffffffff601000 --xp 00000000 00:00 0                  [vsyscall]


VM Arguments:
jvm_args: -Dfile.encoding=US-ASCII -Duser.country=US -Duser.language=en -Duser.variant 
java_command: Main
java_class_path (initial): /volume/dev/OpenGL/Java/EngineTest/build/classes/java/main:/volume/dev/OpenGL/Java/EngineTest/build/resources/main:/home/peershaul/.gradle/caches/modules-2/files-2.1/org.lwjgl/lwjgl-assimp/3.2.3/f62aa07a20afbdd3097efc296c4841e0d29700eb/lwjgl-assimp-3.2.3.jar:/home/peershaul/.gradle/caches/modules-2/files-2.1/org.lwjgl/lwjgl-assimp/3.2.3/9ecc218db17c49f2819a5a80dee7efea65a9ac4f/lwjgl-assimp-3.2.3-natives-linux.jar:/home/peershaul/.gradle/caches/modules-2/files-2.1/org.lwjgl/lwjgl-bgfx/3.2.3/433883c4040fa8df47244dffa1d42c96ce2143de/lwjgl-bgfx-3.2.3.jar:/home/peershaul/.gradle/caches/modules-2/files-2.1/org.lwjgl/lwjgl-bgfx/3.2.3/b30a656e8833ab98cc9434686c17390dbfa12531/lwjgl-bgfx-3.2.3-natives-linux.jar:/home/peershaul/.gradle/caches/modules-2/files-2.1/org.lwjgl/lwjgl-glfw/3.2.3/5e520d5c290c8b012545a8d34fa5db5ab051ea53/lwjgl-glfw-3.2.3.jar:/home/peershaul/.gradle/caches/modules-2/files-2.1/org.lwjgl/lwjgl-glfw/3.2.3/62b044d9b0a057444bef2ab70b9afc288ec09dba/lwjgl-glfw-3.2.3-natives-linux.jar:/home/peershaul/.gradle/caches/modules-2/files-2.1/org.lwjgl/lwjgl-nanovg/3.2.3/718be4a13691d1cd276fa852326e9e837d65204e/lwjgl-nanovg-3.2.3.jar:/home/peershaul/.gradle/caches/modules-2/files-2.1/org.lwjgl/lwjgl-nanovg/3.2.3/73a623c979331cac61050c36ebeabee5a5b8eae6/lwjgl-nanovg-3.2.3-natives-linux.jar:/home/peershaul/.gradle/caches/modules-2/files-2.1/org.lwjgl/lwjgl-nuklear/3.2.3/45bfab23e975201bf3cb81287be6034adec64a86/lwjgl-nuklear-3.2.3.jar:/home/peershaul/.gradle/caches/modules-2/files-2.1/org.lwjgl/lwjgl-nuklear/3.2.3/cbc2898b60a5f85368dc2f6999df7fc33926d83e/lwjgl-nuklear-3.2.3-natives-linux.jar:/home/peershaul/.gradle/caches/modules-2/files-2.1/org.lwjgl/lwjgl-openal/3.2.3/106742e805803ab9eab8e343f0fb31a3d263903c/lwjgl-openal-3.2.3.jar:/home/peershaul/.gradle/caches/modules-2/files-2.1/org.lwjgl/lwjgl-openal/3.2.3/869ddd9dbbf92a7d1be7f5942ca0adbde068d999/lwjgl-openal-3.2.3-natives-linux.jar:/home/peershaul/.gradle/caches/modules-2/files-2.1/org.l
Launcher Type: SUN_STANDARD

[Global flags]
     intx CICompilerCount                          = 3                                         {product} {ergonomic}
     uint ConcGCThreads                            = 2                                         {product} {ergonomic}
     uint G1ConcRefinementThreads                  = 6                                         {product} {ergonomic}
   size_t G1HeapRegionSize                         = 2097152                                   {product} {ergonomic}
    uintx GCDrainStackTargetSize                   = 64                                        {product} {ergonomic}
   size_t InitialHeapSize                          = 262144000                                 {product} {ergonomic}
   size_t MarkStackSize                            = 4194304                                   {product} {ergonomic}
   size_t MaxHeapSize                              = 4175429632                                {product} {ergonomic}
   size_t MaxNewSize                               = 2503999488                                {product} {ergonomic}
   size_t MinHeapDeltaBytes                        = 2097152                                   {product} {ergonomic}
   size_t MinHeapSize                              = 8388608                                   {product} {ergonomic}
    uintx NonNMethodCodeHeapSize                   = 5832780                                {pd product} {ergonomic}
    uintx NonProfiledCodeHeapSize                  = 122912730                              {pd product} {ergonomic}
    uintx ProfiledCodeHeapSize                     = 122912730                              {pd product} {ergonomic}
    uintx ReservedCodeCacheSize                    = 251658240                              {pd product} {ergonomic}
     bool SegmentedCodeCache                       = true                                      {product} {ergonomic}
   size_t SoftMaxHeapSize                          = 4175429632                             {manageable} {ergonomic}
     bool UseCompressedClassPointers               = true                                 {lp64_product} {ergonomic}
     bool UseCompressedOops                        = true                                 {lp64_product} {ergonomic}
     bool UseG1GC                                  = true                                      {product} {ergonomic}

Logging:
Log output configuration:
 #0: stdout all=warning uptime,level,tags
 #1: stderr all=off uptime,level,tags

Environment Variables:
PATH=/usr/sbin:/sbin:/usr/games:/usr/local/bin:/usr/bin:/bin:/usr/local/sbin:/usr/lib/jvm/default/bin:/usr/bin/site_perl:/usr/bin/vendor_perl:/usr/bin/core_perl:/var/lib/snapd/snap/bin
SHELL=/usr/bin/zsh
DISPLAY=:0
LANG=en_US

Signal Handlers:
SIGSEGV: [libjvm.so+0xd64200], sa_mask[0]=11111111011111111101111111111110, sa_flags=SA_RESTART|SA_SIGINFO
SIGBUS: [libjvm.so+0xd64200], sa_mask[0]=11111111011111111101111111111110, sa_flags=SA_RESTART|SA_SIGINFO
SIGFPE: [libjvm.so+0xd64200], sa_mask[0]=11111111011111111101111111111110, sa_flags=SA_RESTART|SA_SIGINFO
SIGPIPE: [libjvm.so+0xb419c0], sa_mask[0]=11111111011111111101111111111110, sa_flags=SA_RESTART|SA_SIGINFO
SIGXFSZ: [libjvm.so+0xb419c0], sa_mask[0]=11111111011111111101111111111110, sa_flags=SA_RESTART|SA_SIGINFO
SIGILL: [libjvm.so+0xd64200], sa_mask[0]=11111111011111111101111111111110, sa_flags=SA_RESTART|SA_SIGINFO
SIGUSR2: [libjvm.so+0xb41860], sa_mask[0]=00100000000000000000000000000000, sa_flags=SA_RESTART|SA_SIGINFO
SIGHUP: [libjvm.so+0xb420d0], sa_mask[0]=11111111011111111101111111111110, sa_flags=SA_RESTART|SA_SIGINFO
SIGINT: [libjvm.so+0xb420d0], sa_mask[0]=11111111011111111101111111111110, sa_flags=SA_RESTART|SA_SIGINFO
SIGTERM: [libjvm.so+0xb420d0], sa_mask[0]=11111111011111111101111111111110, sa_flags=SA_RESTART|SA_SIGINFO
SIGQUIT: [libjvm.so+0xb420d0], sa_mask[0]=11111111011111111101111111111110, sa_flags=SA_RESTART|SA_SIGINFO


---------------  S Y S T E M  ---------------

OS:
LSB_VERSION=1.4
DISTRIB_ID=Arch
DISTRIB_RELEASE=rolling
DISTRIB_DESCRIPTION="Arch Linux"
uname: Linux 5.11.11-arch1-1 #1 SMP PREEMPT Tue, 30 Mar 2021 14:10:17 +0000 x86_64
OS uptime: 0 days 3:33 hours
libc: glibc 2.33 NPTL 2.33 
rlimit (soft/hard): STACK 8192k/infinity , CORE infinity/infinity , NPROC 63622/63622 , NOFILE 524288/524288 , AS infinity/infinity , CPU infinity/infinity , DATA infinity/infinity , FSIZE infinity/infinity , MEMLOCK 64k/64k
load average: 0.88 0.81 0.79

/proc/meminfo:
MemTotal:       16302448 kB
MemFree:         9120456 kB
MemAvailable:   11539632 kB
Buffers:          146412 kB
Cached:          2993648 kB
SwapCached:            0 kB
Active:           969412 kB
Inactive:        5798064 kB
Active(anon):       9620 kB
Inactive(anon):  4148832 kB
Active(file):     959792 kB
Inactive(file):  1649232 kB
Unevictable:          32 kB
Mlocked:              32 kB
SwapTotal:             0 kB
SwapFree:              0 kB
Dirty:              4328 kB
Writeback:             0 kB
AnonPages:       3627580 kB
Mapped:           919252 kB
Shmem:            530964 kB
KReclaimable:     133372 kB
Slab:             217812 kB
SReclaimable:     133372 kB
SUnreclaim:        84440 kB
KernelStack:        9584 kB
PageTables:        32312 kB
NFS_Unstable:          0 kB
Bounce:                0 kB
WritebackTmp:          0 kB
CommitLimit:     8151224 kB
Committed_AS:    8066912 kB
VmallocTotal:   34359738367 kB
VmallocUsed:       69892 kB
VmallocChunk:          0 kB
Percpu:             4576 kB
HardwareCorrupted:     0 kB
AnonHugePages:         0 kB
ShmemHugePages:        0 kB
ShmemPmdMapped:        0 kB
FileHugePages:         0 kB
FilePmdMapped:         0 kB
CmaTotal:              0 kB
CmaFree:               0 kB
HugePages_Total:       0
HugePages_Free:        0
HugePages_Rsvd:        0
HugePages_Surp:        0
Hugepagesize:       2048 kB
Hugetlb:               0 kB
DirectMap4k:      356280 kB
DirectMap2M:     7944192 kB
DirectMap1G:     8388608 kB

/sys/kernel/mm/transparent_hugepage/enabled: always [madvise] never
/sys/kernel/mm/transparent_hugepage/defrag (defrag/compaction efforts parameter): always defer defer+madvise [madvise] never

/proc/sys/kernel/threads-max (system-wide limit on the number of threads): 127245
/proc/sys/vm/max_map_count (maximum number of memory map areas a process may have): 65530
/proc/sys/kernel/pid_max (system-wide limit on number of process identifiers): 4194304

container (cgroup) information:
container_type: cgroupv2
cpu_cpuset_cpus: not supported
cpu_memory_nodes: not supported
active_processor_count: 6
cpu_quota: not supported
cpu_period: not supported
cpu_shares: not supported
memory_limit_in_bytes: unlimited
memory_and_swap_limit_in_bytes: unlimited
memory_soft_limit_in_bytes: unlimited
memory_usage_in_bytes: 3472007168
memory_max_usage_in_bytes: not supported

Steal ticks since vm start: 0
Steal ticks percentage since vm start:  0.000

CPU: total 6 (initial active 6) (6 cores per cpu, 1 threads per core) family 6 model 158 stepping 10 microcode 0x84, cmov, cx8, fxsr, mmx, sse, sse2, sse3, ssse3, sse4.1, sse4.2, popcnt, vzeroupper, avx, avx2, aes, clmul, erms, 3dnowpref, lzcnt, tsc, tscinvbit, bmi1, bmi2, adx, fma, clflush, clflushopt
CPU Model and flags from /proc/cpuinfo:
model name	: Intel(R) Core(TM) i5-8400 CPU @ 2.80GHz
flags		: fpu vme de pse tsc msr pae mce cx8 apic sep mtrr pge mca cmov pat pse36 clflush dts acpi mmx fxsr sse sse2 ss ht tm pbe syscall nx pdpe1gb rdtscp lm constant_tsc art arch_perfmon pebs bts rep_good nopl xtopology nonstop_tsc cpuid aperfmperf pni pclmulqdq dtes64 monitor ds_cpl vmx est tm2 ssse3 sdbg fma cx16 xtpr pdcm pcid sse4_1 sse4_2 x2apic movbe popcnt tsc_deadline_timer aes xsave avx f16c rdrand lahf_lm abm 3dnowprefetch cpuid_fault epb invpcid_single pti ibrs ibpb stibp tpr_shadow vnmi flexpriority ept vpid ept_ad fsgsbase tsc_adjust bmi1 avx2 smep bmi2 erms invpcid mpx rdseed adx smap clflushopt intel_pt xsaveopt xsavec xgetbv1 xsaves dtherm ida arat pln pts hwp hwp_notify hwp_act_window hwp_epp

Online cpus: 0-5
Offline cpus: 
BIOS frequency limitation: <Not Available>
Frequency switch latency (ns): 0
Available cpu frequencies: <Not Available>
Current governor: powersave
Core performance/turbo boost: <Not Available>

Memory: 4k page, physical 16302448k(9120456k free), swap 0k(0k free)

vm_info: OpenJDK 64-Bit Server VM (15.0.2+7-27) for linux-amd64 JRE (15.0.2+7-27), built on Dec  7 2020 19:54:59 by "mach5one" with gcc 9.2.0

END.
